{"total": {"lines":{"total":10279,"covered":3438,"skipped":0,"pct":33.44},"statements":{"total":10779,"covered":3552,"skipped":0,"pct":32.95},"functions":{"total":2592,"covered":716,"skipped":0,"pct":27.62},"branches":{"total":7291,"covered":1801,"skipped":0,"pct":24.7},"branchesTrue":{"total":0,"covered":0,"skipped":0,"pct":100}}
,"/Users/jacob/Programming/VineMe/vineme2.0/src/app/_layout.tsx": {"lines":{"total":49,"covered":0,"skipped":0,"pct":0},"functions":{"total":9,"covered":0,"skipped":0,"pct":0},"statements":{"total":53,"covered":0,"skipped":0,"pct":0},"branches":{"total":39,"covered":0,"skipped":0,"pct":0}}
,"/Users/jacob/Programming/VineMe/vineme2.0/src/app/index.tsx": {"lines":{"total":8,"covered":0,"skipped":0,"pct":0},"functions":{"total":2,"covered":0,"skipped":0,"pct":0},"statements":{"total":8,"covered":0,"skipped":0,"pct":0},"branches":{"total":4,"covered":0,"skipped":0,"pct":0}}
,"/Users/jacob/Programming/VineMe/vineme2.0/src/app/referral-landing.tsx": {"lines":{"total":21,"covered":0,"skipped":0,"pct":0},"functions":{"total":6,"covered":0,"skipped":0,"pct":0},"statements":{"total":21,"covered":0,"skipped":0,"pct":0},"branches":{"total":8,"covered":0,"skipped":0,"pct":0}}
,"/Users/jacob/Programming/VineMe/vineme2.0/src/app/styling-system-demo.tsx": {"lines":{"total":61,"covered":24,"skipped":0,"pct":39.34},"functions":{"total":19,"covered":6,"skipped":0,"pct":31.57},"statements":{"total":61,"covered":24,"skipped":0,"pct":39.34},"branches":{"total":39,"covered":10,"skipped":0,"pct":25.64}}
,"/Users/jacob/Programming/VineMe/vineme2.0/src/app/styling-system-example-simple.tsx": {"lines":{"total":29,"covered":18,"skipped":0,"pct":62.06},"functions":{"total":15,"covered":5,"skipped":0,"pct":33.33},"statements":{"total":29,"covered":18,"skipped":0,"pct":62.06},"branches":{"total":6,"covered":5,"skipped":0,"pct":83.33}}
,"/Users/jacob/Programming/VineMe/vineme2.0/src/app/styling-system-example.tsx": {"lines":{"total":58,"covered":0,"skipped":0,"pct":0},"functions":{"total":42,"covered":0,"skipped":0,"pct":0},"statements":{"total":66,"covered":0,"skipped":0,"pct":0},"branches":{"total":8,"covered":0,"skipped":0,"pct":0}}
,"/Users/jacob/Programming/VineMe/vineme2.0/src/app/styling-system-performance-demo.tsx": {"lines":{"total":47,"covered":0,"skipped":0,"pct":0},"functions":{"total":23,"covered":0,"skipped":0,"pct":0},"statements":{"total":53,"covered":0,"skipped":0,"pct":0},"branches":{"total":0,"covered":0,"skipped":0,"pct":100}}
,"/Users/jacob/Programming/VineMe/vineme2.0/src/app/(auth)/_layout.tsx": {"lines":{"total":1,"covered":0,"skipped":0,"pct":0},"functions":{"total":1,"covered":0,"skipped":0,"pct":0},"statements":{"total":1,"covered":0,"skipped":0,"pct":0},"branches":{"total":0,"covered":0,"skipped":0,"pct":100}}
,"/Users/jacob/Programming/VineMe/vineme2.0/src/app/(auth)/email-login.tsx": {"lines":{"total":33,"covered":0,"skipped":0,"pct":0},"functions":{"total":6,"covered":0,"skipped":0,"pct":0},"statements":{"total":33,"covered":0,"skipped":0,"pct":0},"branches":{"total":24,"covered":0,"skipped":0,"pct":0}}
,"/Users/jacob/Programming/VineMe/vineme2.0/src/app/(auth)/onboarding.tsx": {"lines":{"total":1,"covered":0,"skipped":0,"pct":0},"functions":{"total":1,"covered":0,"skipped":0,"pct":0},"statements":{"total":1,"covered":0,"skipped":0,"pct":0},"branches":{"total":0,"covered":0,"skipped":0,"pct":100}}
,"/Users/jacob/Programming/VineMe/vineme2.0/src/app/(auth)/phone-login.tsx": {"lines":{"total":29,"covered":0,"skipped":0,"pct":0},"functions":{"total":6,"covered":0,"skipped":0,"pct":0},"statements":{"total":29,"covered":0,"skipped":0,"pct":0},"branches":{"total":20,"covered":0,"skipped":0,"pct":0}}
,"/Users/jacob/Programming/VineMe/vineme2.0/src/app/(auth)/phone-signup.tsx": {"lines":{"total":40,"covered":0,"skipped":0,"pct":0},"functions":{"total":8,"covered":0,"skipped":0,"pct":0},"statements":{"total":40,"covered":0,"skipped":0,"pct":0},"branches":{"total":34,"covered":0,"skipped":0,"pct":0}}
,"/Users/jacob/Programming/VineMe/vineme2.0/src/app/(auth)/verify-email.tsx": {"lines":{"total":39,"covered":12,"skipped":0,"pct":30.76},"functions":{"total":6,"covered":1,"skipped":0,"pct":16.66},"statements":{"total":39,"covered":12,"skipped":0,"pct":30.76},"branches":{"total":16,"covered":1,"skipped":0,"pct":6.25}}
,"/Users/jacob/Programming/VineMe/vineme2.0/src/app/(auth)/welcome.tsx": {"lines":{"total":6,"covered":0,"skipped":0,"pct":0},"functions":{"total":4,"covered":0,"skipped":0,"pct":0},"statements":{"total":6,"covered":0,"skipped":0,"pct":0},"branches":{"total":0,"covered":0,"skipped":0,"pct":100}}
,"/Users/jacob/Programming/VineMe/vineme2.0/src/app/(tabs)/_layout.tsx": {"lines":{"total":6,"covered":0,"skipped":0,"pct":0},"functions":{"total":6,"covered":0,"skipped":0,"pct":0},"statements":{"total":6,"covered":0,"skipped":0,"pct":0},"branches":{"total":8,"covered":0,"skipped":0,"pct":0}}
,"/Users/jacob/Programming/VineMe/vineme2.0/src/app/(tabs)/events.tsx": {"lines":{"total":2,"covered":0,"skipped":0,"pct":0},"functions":{"total":1,"covered":0,"skipped":0,"pct":0},"statements":{"total":2,"covered":0,"skipped":0,"pct":0},"branches":{"total":0,"covered":0,"skipped":0,"pct":100}}
,"/Users/jacob/Programming/VineMe/vineme2.0/src/app/(tabs)/groups.tsx": {"lines":{"total":91,"covered":0,"skipped":0,"pct":0},"functions":{"total":32,"covered":0,"skipped":0,"pct":0},"statements":{"total":100,"covered":0,"skipped":0,"pct":0},"branches":{"total":74,"covered":0,"skipped":0,"pct":0}}
,"/Users/jacob/Programming/VineMe/vineme2.0/src/app/(tabs)/index.tsx": {"lines":{"total":23,"covered":0,"skipped":0,"pct":0},"functions":{"total":10,"covered":0,"skipped":0,"pct":0},"statements":{"total":23,"covered":0,"skipped":0,"pct":0},"branches":{"total":30,"covered":0,"skipped":0,"pct":0}}
,"/Users/jacob/Programming/VineMe/vineme2.0/src/app/(tabs)/profile.tsx": {"lines":{"total":44,"covered":0,"skipped":0,"pct":0},"functions":{"total":20,"covered":0,"skipped":0,"pct":0},"statements":{"total":45,"covered":0,"skipped":0,"pct":0},"branches":{"total":49,"covered":0,"skipped":0,"pct":0}}
,"/Users/jacob/Programming/VineMe/vineme2.0/src/app/(tabs)/profile/security.tsx": {"lines":{"total":53,"covered":0,"skipped":0,"pct":0},"functions":{"total":11,"covered":0,"skipped":0,"pct":0},"statements":{"total":53,"covered":0,"skipped":0,"pct":0},"branches":{"total":38,"covered":0,"skipped":0,"pct":0}}
,"/Users/jacob/Programming/VineMe/vineme2.0/src/app/admin/_layout.tsx": {"lines":{"total":3,"covered":0,"skipped":0,"pct":0},"functions":{"total":2,"covered":0,"skipped":0,"pct":0},"statements":{"total":3,"covered":0,"skipped":0,"pct":0},"branches":{"total":0,"covered":0,"skipped":0,"pct":100}}
,"/Users/jacob/Programming/VineMe/vineme2.0/src/app/admin/index.tsx": {"lines":{"total":5,"covered":0,"skipped":0,"pct":0},"functions":{"total":4,"covered":0,"skipped":0,"pct":0},"statements":{"total":5,"covered":0,"skipped":0,"pct":0},"branches":{"total":0,"covered":0,"skipped":0,"pct":100}}
,"/Users/jacob/Programming/VineMe/vineme2.0/src/app/admin/manage-groups.tsx": {"lines":{"total":215,"covered":0,"skipped":0,"pct":0},"functions":{"total":77,"covered":0,"skipped":0,"pct":0},"statements":{"total":241,"covered":0,"skipped":0,"pct":0},"branches":{"total":208,"covered":0,"skipped":0,"pct":0}}
,"/Users/jacob/Programming/VineMe/vineme2.0/src/app/admin/manage-users.tsx": {"lines":{"total":56,"covered":0,"skipped":0,"pct":0},"functions":{"total":25,"covered":0,"skipped":0,"pct":0},"statements":{"total":59,"covered":0,"skipped":0,"pct":0},"branches":{"total":59,"covered":0,"skipped":0,"pct":0}}
,"/Users/jacob/Programming/VineMe/vineme2.0/src/app/event/[id].tsx": {"lines":{"total":72,"covered":0,"skipped":0,"pct":0},"functions":{"total":12,"covered":0,"skipped":0,"pct":0},"statements":{"total":81,"covered":0,"skipped":0,"pct":0},"branches":{"total":84,"covered":0,"skipped":0,"pct":0}}
,"/Users/jacob/Programming/VineMe/vineme2.0/src/app/group/[id].tsx": {"lines":{"total":24,"covered":0,"skipped":0,"pct":0},"functions":{"total":6,"covered":0,"skipped":0,"pct":0},"statements":{"total":24,"covered":0,"skipped":0,"pct":0},"branches":{"total":14,"covered":0,"skipped":0,"pct":0}}
,"/Users/jacob/Programming/VineMe/vineme2.0/src/app/group/create.tsx": {"lines":{"total":49,"covered":0,"skipped":0,"pct":0},"functions":{"total":13,"covered":0,"skipped":0,"pct":0},"statements":{"total":52,"covered":0,"skipped":0,"pct":0},"branches":{"total":39,"covered":0,"skipped":0,"pct":0}}
,"/Users/jacob/Programming/VineMe/vineme2.0/src/app/profile/security.tsx": {"lines":{"total":0,"covered":0,"skipped":0,"pct":0},"functions":{"total":0,"covered":0,"skipped":0,"pct":0},"statements":{"total":0,"covered":0,"skipped":0,"pct":0},"branches":{"total":0,"covered":0,"skipped":0,"pct":0}}
,"/Users/jacob/Programming/VineMe/vineme2.0/src/app/user/[id].tsx": {"lines":{"total":54,"covered":0,"skipped":0,"pct":0},"functions":{"total":19,"covered":0,"skipped":0,"pct":0},"statements":{"total":57,"covered":0,"skipped":0,"pct":0},"branches":{"total":54,"covered":0,"skipped":0,"pct":0}}
,"/Users/jacob/Programming/VineMe/vineme2.0/src/assets/examples/AssetExample.tsx": {"lines":{"total":6,"covered":0,"skipped":0,"pct":0},"functions":{"total":2,"covered":0,"skipped":0,"pct":0},"statements":{"total":6,"covered":0,"skipped":0,"pct":0},"branches":{"total":2,"covered":0,"skipped":0,"pct":0}}
,"/Users/jacob/Programming/VineMe/vineme2.0/src/components/ErrorBoundary.tsx": {"lines":{"total":21,"covered":0,"skipped":0,"pct":0},"functions":{"total":6,"covered":0,"skipped":0,"pct":0},"statements":{"total":21,"covered":0,"skipped":0,"pct":0},"branches":{"total":17,"covered":0,"skipped":0,"pct":0}}
,"/Users/jacob/Programming/VineMe/vineme2.0/src/components/admin/AdminDashboardSummary.tsx": {"lines":{"total":15,"covered":0,"skipped":0,"pct":0},"functions":{"total":5,"covered":0,"skipped":0,"pct":0},"statements":{"total":17,"covered":0,"skipped":0,"pct":0},"branches":{"total":28,"covered":0,"skipped":0,"pct":0}}
,"/Users/jacob/Programming/VineMe/vineme2.0/src/components/admin/AdminHeader.tsx": {"lines":{"total":20,"covered":0,"skipped":0,"pct":0},"functions":{"total":9,"covered":0,"skipped":0,"pct":0},"statements":{"total":20,"covered":0,"skipped":0,"pct":0},"branches":{"total":35,"covered":0,"skipped":0,"pct":0}}
,"/Users/jacob/Programming/VineMe/vineme2.0/src/components/admin/AdminIntegration.tsx": {"lines":{"total":68,"covered":0,"skipped":0,"pct":0},"functions":{"total":25,"covered":0,"skipped":0,"pct":0},"statements":{"total":82,"covered":0,"skipped":0,"pct":0},"branches":{"total":29,"covered":0,"skipped":0,"pct":0}}
,"/Users/jacob/Programming/VineMe/vineme2.0/src/components/admin/AdminOnboarding.tsx": {"lines":{"total":42,"covered":0,"skipped":0,"pct":0},"functions":{"total":18,"covered":0,"skipped":0,"pct":0},"statements":{"total":45,"covered":0,"skipped":0,"pct":0},"branches":{"total":23,"covered":0,"skipped":0,"pct":0}}
,"/Users/jacob/Programming/VineMe/vineme2.0/src/components/admin/UserManagementCard.tsx": {"lines":{"total":18,"covered":0,"skipped":0,"pct":0},"functions":{"total":8,"covered":0,"skipped":0,"pct":0},"statements":{"total":18,"covered":0,"skipped":0,"pct":0},"branches":{"total":34,"covered":0,"skipped":0,"pct":0}}
,"/Users/jacob/Programming/VineMe/vineme2.0/src/components/auth/OtpVerificationModal.tsx": {"lines":{"total":34,"covered":0,"skipped":0,"pct":0},"functions":{"total":8,"covered":0,"skipped":0,"pct":0},"statements":{"total":37,"covered":0,"skipped":0,"pct":0},"branches":{"total":33,"covered":0,"skipped":0,"pct":0}}
,"/Users/jacob/Programming/VineMe/vineme2.0/src/components/brand/Logo/Logo.tsx": {"lines":{"total":26,"covered":25,"skipped":0,"pct":96.15},"functions":{"total":3,"covered":3,"skipped":0,"pct":100},"statements":{"total":26,"covered":25,"skipped":0,"pct":96.15},"branches":{"total":28,"covered":21,"skipped":0,"pct":75}}
,"/Users/jacob/Programming/VineMe/vineme2.0/src/components/debug/PlatformDebugInfo.tsx": {"lines":{"total":8,"covered":0,"skipped":0,"pct":0},"functions":{"total":3,"covered":0,"skipped":0,"pct":0},"statements":{"total":8,"covered":0,"skipped":0,"pct":0},"branches":{"total":10,"covered":0,"skipped":0,"pct":0}}
,"/Users/jacob/Programming/VineMe/vineme2.0/src/components/debug/StylePerformanceMonitor.tsx": {"lines":{"total":42,"covered":0,"skipped":0,"pct":0},"functions":{"total":17,"covered":0,"skipped":0,"pct":0},"statements":{"total":44,"covered":0,"skipped":0,"pct":0},"branches":{"total":21,"covered":0,"skipped":0,"pct":0}}
,"/Users/jacob/Programming/VineMe/vineme2.0/src/components/devtools/DevToolsOverlay.tsx": {"lines":{"total":81,"covered":0,"skipped":0,"pct":0},"functions":{"total":34,"covered":0,"skipped":0,"pct":0},"statements":{"total":88,"covered":0,"skipped":0,"pct":0},"branches":{"total":48,"covered":0,"skipped":0,"pct":0}}
,"/Users/jacob/Programming/VineMe/vineme2.0/src/components/events/EventCard.tsx": {"lines":{"total":42,"covered":0,"skipped":0,"pct":0},"functions":{"total":7,"covered":0,"skipped":0,"pct":0},"statements":{"total":49,"covered":0,"skipped":0,"pct":0},"branches":{"total":54,"covered":0,"skipped":0,"pct":0}}
,"/Users/jacob/Programming/VineMe/vineme2.0/src/components/friends/FriendCard.tsx": {"lines":{"total":12,"covered":0,"skipped":0,"pct":0},"functions":{"total":4,"covered":0,"skipped":0,"pct":0},"statements":{"total":12,"covered":0,"skipped":0,"pct":0},"branches":{"total":11,"covered":0,"skipped":0,"pct":0}}
,"/Users/jacob/Programming/VineMe/vineme2.0/src/components/friends/FriendManagementModal.tsx": {"lines":{"total":7,"covered":0,"skipped":0,"pct":0},"functions":{"total":3,"covered":0,"skipped":0,"pct":0},"statements":{"total":7,"covered":0,"skipped":0,"pct":0},"branches":{"total":6,"covered":0,"skipped":0,"pct":0}}
,"/Users/jacob/Programming/VineMe/vineme2.0/src/components/friends/FriendRequestCard.tsx": {"lines":{"total":12,"covered":0,"skipped":0,"pct":0},"functions":{"total":5,"covered":0,"skipped":0,"pct":0},"statements":{"total":12,"covered":0,"skipped":0,"pct":0},"branches":{"total":11,"covered":0,"skipped":0,"pct":0}}
,"/Users/jacob/Programming/VineMe/vineme2.0/src/components/friends/FriendRequestNotifications.tsx": {"lines":{"total":10,"covered":0,"skipped":0,"pct":0},"functions":{"total":2,"covered":0,"skipped":0,"pct":0},"statements":{"total":11,"covered":0,"skipped":0,"pct":0},"branches":{"total":13,"covered":0,"skipped":0,"pct":0}}
,"/Users/jacob/Programming/VineMe/vineme2.0/src/components/friends/FriendSearch.tsx": {"lines":{"total":35,"covered":0,"skipped":0,"pct":0},"functions":{"total":12,"covered":0,"skipped":0,"pct":0},"statements":{"total":36,"covered":0,"skipped":0,"pct":0},"branches":{"total":31,"covered":0,"skipped":0,"pct":0}}
,"/Users/jacob/Programming/VineMe/vineme2.0/src/components/friends/FriendsList.tsx": {"lines":{"total":65,"covered":0,"skipped":0,"pct":0},"functions":{"total":18,"covered":0,"skipped":0,"pct":0},"statements":{"total":65,"covered":0,"skipped":0,"pct":0},"branches":{"total":57,"covered":0,"skipped":0,"pct":0}}
,"/Users/jacob/Programming/VineMe/vineme2.0/src/components/groups/CreateGroupModal.tsx": {"lines":{"total":149,"covered":0,"skipped":0,"pct":0},"functions":{"total":33,"covered":0,"skipped":0,"pct":0},"statements":{"total":149,"covered":0,"skipped":0,"pct":0},"branches":{"total":88,"covered":0,"skipped":0,"pct":0}}
,"/Users/jacob/Programming/VineMe/vineme2.0/src/components/groups/EditGroupModal.tsx": {"lines":{"total":50,"covered":0,"skipped":0,"pct":0},"functions":{"total":12,"covered":0,"skipped":0,"pct":0},"statements":{"total":51,"covered":0,"skipped":0,"pct":0},"branches":{"total":54,"covered":0,"skipped":0,"pct":0}}
,"/Users/jacob/Programming/VineMe/vineme2.0/src/components/groups/FilterButton.tsx": {"lines":{"total":5,"covered":0,"skipped":0,"pct":0},"functions":{"total":1,"covered":0,"skipped":0,"pct":0},"statements":{"total":5,"covered":0,"skipped":0,"pct":0},"branches":{"total":8,"covered":0,"skipped":0,"pct":0}}
,"/Users/jacob/Programming/VineMe/vineme2.0/src/components/groups/FilterPanel.tsx": {"lines":{"total":27,"covered":0,"skipped":0,"pct":0},"functions":{"total":12,"covered":0,"skipped":0,"pct":0},"statements":{"total":28,"covered":0,"skipped":0,"pct":0},"branches":{"total":11,"covered":0,"skipped":0,"pct":0}}
,"/Users/jacob/Programming/VineMe/vineme2.0/src/components/groups/GroupCard.tsx": {"lines":{"total":14,"covered":0,"skipped":0,"pct":0},"functions":{"total":3,"covered":0,"skipped":0,"pct":0},"statements":{"total":16,"covered":0,"skipped":0,"pct":0},"branches":{"total":38,"covered":0,"skipped":0,"pct":0}}
,"/Users/jacob/Programming/VineMe/vineme2.0/src/components/groups/GroupDetail.tsx": {"lines":{"total":101,"covered":0,"skipped":0,"pct":0},"functions":{"total":36,"covered":0,"skipped":0,"pct":0},"statements":{"total":107,"covered":0,"skipped":0,"pct":0},"branches":{"total":138,"covered":0,"skipped":0,"pct":0}}
,"/Users/jacob/Programming/VineMe/vineme2.0/src/components/groups/GroupLeaderPanel.tsx": {"lines":{"total":70,"covered":9,"skipped":0,"pct":12.85},"functions":{"total":25,"covered":1,"skipped":0,"pct":4},"statements":{"total":77,"covered":9,"skipped":0,"pct":11.68},"branches":{"total":63,"covered":0,"skipped":0,"pct":0}}
,"/Users/jacob/Programming/VineMe/vineme2.0/src/components/groups/GroupsMapView.tsx": {"lines":{"total":135,"covered":0,"skipped":0,"pct":0},"functions":{"total":31,"covered":0,"skipped":0,"pct":0},"statements":{"total":138,"covered":0,"skipped":0,"pct":0},"branches":{"total":78,"covered":0,"skipped":0,"pct":0}}
,"/Users/jacob/Programming/VineMe/vineme2.0/src/components/groups/JoinRequestCard.tsx": {"lines":{"total":37,"covered":2,"skipped":0,"pct":5.4},"functions":{"total":10,"covered":0,"skipped":0,"pct":0},"statements":{"total":37,"covered":2,"skipped":0,"pct":5.4},"branches":{"total":50,"covered":0,"skipped":0,"pct":0}}
,"/Users/jacob/Programming/VineMe/vineme2.0/src/components/groups/JoinRequestModal.tsx": {"lines":{"total":23,"covered":0,"skipped":0,"pct":0},"functions":{"total":4,"covered":0,"skipped":0,"pct":0},"statements":{"total":25,"covered":0,"skipped":0,"pct":0},"branches":{"total":8,"covered":0,"skipped":0,"pct":0}}
,"/Users/jacob/Programming/VineMe/vineme2.0/src/components/groups/JoinRequestNotifications.tsx": {"lines":{"total":26,"covered":0,"skipped":0,"pct":0},"functions":{"total":9,"covered":0,"skipped":0,"pct":0},"statements":{"total":28,"covered":0,"skipped":0,"pct":0},"branches":{"total":18,"covered":0,"skipped":0,"pct":0}}
,"/Users/jacob/Programming/VineMe/vineme2.0/src/components/groups/JoinRequestsPanel.tsx": {"lines":{"total":13,"covered":2,"skipped":0,"pct":15.38},"functions":{"total":4,"covered":0,"skipped":0,"pct":0},"statements":{"total":14,"covered":2,"skipped":0,"pct":14.28},"branches":{"total":10,"covered":0,"skipped":0,"pct":0}}
,"/Users/jacob/Programming/VineMe/vineme2.0/src/components/groups/LocationPicker.tsx": {"lines":{"total":44,"covered":0,"skipped":0,"pct":0},"functions":{"total":10,"covered":0,"skipped":0,"pct":0},"statements":{"total":49,"covered":0,"skipped":0,"pct":0},"branches":{"total":26,"covered":0,"skipped":0,"pct":0}}
,"/Users/jacob/Programming/VineMe/vineme2.0/src/components/groups/MemberManagementModal.tsx": {"lines":{"total":6,"covered":0,"skipped":0,"pct":0},"functions":{"total":1,"covered":0,"skipped":0,"pct":0},"statements":{"total":7,"covered":0,"skipped":0,"pct":0},"branches":{"total":26,"covered":0,"skipped":0,"pct":0}}
,"/Users/jacob/Programming/VineMe/vineme2.0/src/components/groups/SearchBar.tsx": {"lines":{"total":12,"covered":0,"skipped":0,"pct":0},"functions":{"total":4,"covered":0,"skipped":0,"pct":0},"statements":{"total":12,"covered":0,"skipped":0,"pct":0},"branches":{"total":3,"covered":0,"skipped":0,"pct":0}}
,"/Users/jacob/Programming/VineMe/vineme2.0/src/components/groups/ViewToggle.tsx": {"lines":{"total":5,"covered":0,"skipped":0,"pct":0},"functions":{"total":3,"covered":0,"skipped":0,"pct":0},"statements":{"total":5,"covered":0,"skipped":0,"pct":0},"branches":{"total":12,"covered":0,"skipped":0,"pct":0}}
,"/Users/jacob/Programming/VineMe/vineme2.0/src/components/onboarding/ChurchStep.tsx": {"lines":{"total":51,"covered":0,"skipped":0,"pct":0},"functions":{"total":14,"covered":0,"skipped":0,"pct":0},"statements":{"total":52,"covered":0,"skipped":0,"pct":0},"branches":{"total":50,"covered":0,"skipped":0,"pct":0}}
,"/Users/jacob/Programming/VineMe/vineme2.0/src/components/onboarding/EmailStep.tsx": {"lines":{"total":30,"covered":0,"skipped":0,"pct":0},"functions":{"total":5,"covered":0,"skipped":0,"pct":0},"statements":{"total":33,"covered":0,"skipped":0,"pct":0},"branches":{"total":32,"covered":0,"skipped":0,"pct":0}}
,"/Users/jacob/Programming/VineMe/vineme2.0/src/components/onboarding/GroupStatusStep.tsx": {"lines":{"total":9,"covered":9,"skipped":0,"pct":100},"functions":{"total":4,"covered":4,"skipped":0,"pct":100},"statements":{"total":9,"covered":9,"skipped":0,"pct":100},"branches":{"total":16,"covered":16,"skipped":0,"pct":100}}
,"/Users/jacob/Programming/VineMe/vineme2.0/src/components/onboarding/InterestsStep.tsx": {"lines":{"total":16,"covered":0,"skipped":0,"pct":0},"functions":{"total":8,"covered":0,"skipped":0,"pct":0},"statements":{"total":17,"covered":0,"skipped":0,"pct":0},"branches":{"total":22,"covered":0,"skipped":0,"pct":0}}
,"/Users/jacob/Programming/VineMe/vineme2.0/src/components/onboarding/MeetingNightStep.tsx": {"lines":{"total":14,"covered":0,"skipped":0,"pct":0},"functions":{"total":7,"covered":0,"skipped":0,"pct":0},"statements":{"total":14,"covered":0,"skipped":0,"pct":0},"branches":{"total":18,"covered":0,"skipped":0,"pct":0}}
,"/Users/jacob/Programming/VineMe/vineme2.0/src/components/onboarding/NameStep.tsx": {"lines":{"total":25,"covered":0,"skipped":0,"pct":0},"functions":{"total":5,"covered":0,"skipped":0,"pct":0},"statements":{"total":25,"covered":0,"skipped":0,"pct":0},"branches":{"total":25,"covered":0,"skipped":0,"pct":0}}
,"/Users/jacob/Programming/VineMe/vineme2.0/src/components/onboarding/OnboardingFlow.tsx": {"lines":{"total":62,"covered":0,"skipped":0,"pct":0},"functions":{"total":10,"covered":0,"skipped":0,"pct":0},"statements":{"total":65,"covered":0,"skipped":0,"pct":0},"branches":{"total":20,"covered":0,"skipped":0,"pct":0}}
,"/Users/jacob/Programming/VineMe/vineme2.0/src/components/profile/EditProfileModal.tsx": {"lines":{"total":93,"covered":0,"skipped":0,"pct":0},"functions":{"total":17,"covered":0,"skipped":0,"pct":0},"statements":{"total":95,"covered":0,"skipped":0,"pct":0},"branches":{"total":78,"covered":0,"skipped":0,"pct":0}}
,"/Users/jacob/Programming/VineMe/vineme2.0/src/components/profile/PrivacySettingsModal.tsx": {"lines":{"total":49,"covered":0,"skipped":0,"pct":0},"functions":{"total":11,"covered":0,"skipped":0,"pct":0},"statements":{"total":49,"covered":0,"skipped":0,"pct":0},"branches":{"total":38,"covered":0,"skipped":0,"pct":0}}
,"/Users/jacob/Programming/VineMe/vineme2.0/src/components/referrals/ConnectSomeoneSection.tsx": {"lines":{"total":2,"covered":0,"skipped":0,"pct":0},"functions":{"total":1,"covered":0,"skipped":0,"pct":0},"statements":{"total":2,"covered":0,"skipped":0,"pct":0},"branches":{"total":0,"covered":0,"skipped":0,"pct":100}}
,"/Users/jacob/Programming/VineMe/vineme2.0/src/components/referrals/ReferralFormModal.tsx": {"lines":{"total":52,"covered":0,"skipped":0,"pct":0},"functions":{"total":15,"covered":0,"skipped":0,"pct":0},"statements":{"total":54,"covered":0,"skipped":0,"pct":0},"branches":{"total":42,"covered":0,"skipped":0,"pct":0}}
,"/Users/jacob/Programming/VineMe/vineme2.0/src/components/referrals/__examples__/ReferralFormModalExample.tsx": {"lines":{"total":15,"covered":0,"skipped":0,"pct":0},"functions":{"total":9,"covered":0,"skipped":0,"pct":0},"statements":{"total":17,"covered":0,"skipped":0,"pct":0},"branches":{"total":0,"covered":0,"skipped":0,"pct":100}}
,"/Users/jacob/Programming/VineMe/vineme2.0/src/components/ui/AccessibleStatusIndicator.tsx": {"lines":{"total":13,"covered":0,"skipped":0,"pct":0},"functions":{"total":2,"covered":0,"skipped":0,"pct":0},"statements":{"total":13,"covered":0,"skipped":0,"pct":0},"branches":{"total":16,"covered":0,"skipped":0,"pct":0}}
,"/Users/jacob/Programming/VineMe/vineme2.0/src/components/ui/AdminErrorBoundary.tsx": {"lines":{"total":63,"covered":0,"skipped":0,"pct":0},"functions":{"total":22,"covered":0,"skipped":0,"pct":0},"statements":{"total":68,"covered":0,"skipped":0,"pct":0},"branches":{"total":54,"covered":0,"skipped":0,"pct":0}}
,"/Users/jacob/Programming/VineMe/vineme2.0/src/components/ui/AdminLoadingStates.tsx": {"lines":{"total":15,"covered":15,"skipped":0,"pct":100},"functions":{"total":7,"covered":7,"skipped":0,"pct":100},"statements":{"total":15,"covered":15,"skipped":0,"pct":100},"branches":{"total":28,"covered":28,"skipped":0,"pct":100}}
,"/Users/jacob/Programming/VineMe/vineme2.0/src/components/ui/AnimatedCard.tsx": {"lines":{"total":18,"covered":0,"skipped":0,"pct":0},"functions":{"total":4,"covered":0,"skipped":0,"pct":0},"statements":{"total":18,"covered":0,"skipped":0,"pct":0},"branches":{"total":8,"covered":0,"skipped":0,"pct":0}}
,"/Users/jacob/Programming/VineMe/vineme2.0/src/components/ui/Avatar.tsx": {"lines":{"total":10,"covered":2,"skipped":0,"pct":20},"functions":{"total":2,"covered":0,"skipped":0,"pct":0},"statements":{"total":10,"covered":2,"skipped":0,"pct":20},"branches":{"total":11,"covered":0,"skipped":0,"pct":0}}
,"/Users/jacob/Programming/VineMe/vineme2.0/src/components/ui/Backdrop.tsx": {"lines":{"total":23,"covered":0,"skipped":0,"pct":0},"functions":{"total":4,"covered":0,"skipped":0,"pct":0},"statements":{"total":24,"covered":0,"skipped":0,"pct":0},"branches":{"total":38,"covered":0,"skipped":0,"pct":0}}
,"/Users/jacob/Programming/VineMe/vineme2.0/src/components/ui/Badge.tsx": {"lines":{"total":12,"covered":2,"skipped":0,"pct":16.66},"functions":{"total":2,"covered":0,"skipped":0,"pct":0},"statements":{"total":12,"covered":2,"skipped":0,"pct":16.66},"branches":{"total":11,"covered":0,"skipped":0,"pct":0}}
,"/Users/jacob/Programming/VineMe/vineme2.0/src/components/ui/Button.tsx": {"lines":{"total":46,"covered":46,"skipped":0,"pct":100},"functions":{"total":10,"covered":10,"skipped":0,"pct":100},"statements":{"total":46,"covered":46,"skipped":0,"pct":100},"branches":{"total":42,"covered":36,"skipped":0,"pct":85.71}}
,"/Users/jacob/Programming/VineMe/vineme2.0/src/components/ui/Card.tsx": {"lines":{"total":32,"covered":31,"skipped":0,"pct":96.87},"functions":{"total":5,"covered":5,"skipped":0,"pct":100},"statements":{"total":32,"covered":31,"skipped":0,"pct":96.87},"branches":{"total":46,"covered":44,"skipped":0,"pct":95.65}}
,"/Users/jacob/Programming/VineMe/vineme2.0/src/components/ui/Checkbox.tsx": {"lines":{"total":3,"covered":0,"skipped":0,"pct":0},"functions":{"total":1,"covered":0,"skipped":0,"pct":0},"statements":{"total":3,"covered":0,"skipped":0,"pct":0},"branches":{"total":12,"covered":0,"skipped":0,"pct":0}}
,"/Users/jacob/Programming/VineMe/vineme2.0/src/components/ui/ComingSoonBanner.tsx": {"lines":{"total":6,"covered":6,"skipped":0,"pct":100},"functions":{"total":2,"covered":2,"skipped":0,"pct":100},"statements":{"total":6,"covered":6,"skipped":0,"pct":100},"branches":{"total":4,"covered":4,"skipped":0,"pct":100}}
,"/Users/jacob/Programming/VineMe/vineme2.0/src/components/ui/ConfirmationDialog.tsx": {"lines":{"total":23,"covered":0,"skipped":0,"pct":0},"functions":{"total":11,"covered":0,"skipped":0,"pct":0},"statements":{"total":24,"covered":0,"skipped":0,"pct":0},"branches":{"total":52,"covered":0,"skipped":0,"pct":0}}
,"/Users/jacob/Programming/VineMe/vineme2.0/src/components/ui/CountryCodePicker.tsx": {"lines":{"total":19,"covered":0,"skipped":0,"pct":0},"functions":{"total":10,"covered":0,"skipped":0,"pct":0},"statements":{"total":20,"covered":0,"skipped":0,"pct":0},"branches":{"total":9,"covered":0,"skipped":0,"pct":0}}
,"/Users/jacob/Programming/VineMe/vineme2.0/src/components/ui/Divider.tsx": {"lines":{"total":7,"covered":0,"skipped":0,"pct":0},"functions":{"total":1,"covered":0,"skipped":0,"pct":0},"statements":{"total":7,"covered":0,"skipped":0,"pct":0},"branches":{"total":22,"covered":0,"skipped":0,"pct":0}}
,"/Users/jacob/Programming/VineMe/vineme2.0/src/components/ui/EmptyState.tsx": {"lines":{"total":2,"covered":1,"skipped":0,"pct":50},"functions":{"total":1,"covered":0,"skipped":0,"pct":0},"statements":{"total":2,"covered":1,"skipped":0,"pct":50},"branches":{"total":4,"covered":0,"skipped":0,"pct":0}}
,"/Users/jacob/Programming/VineMe/vineme2.0/src/components/ui/ErrorMessage.tsx": {"lines":{"total":14,"covered":0,"skipped":0,"pct":0},"functions":{"total":3,"covered":0,"skipped":0,"pct":0},"statements":{"total":14,"covered":0,"skipped":0,"pct":0},"branches":{"total":15,"covered":0,"skipped":0,"pct":0}}
,"/Users/jacob/Programming/VineMe/vineme2.0/src/components/ui/Form.tsx": {"lines":{"total":83,"covered":0,"skipped":0,"pct":0},"functions":{"total":22,"covered":0,"skipped":0,"pct":0},"statements":{"total":90,"covered":0,"skipped":0,"pct":0},"branches":{"total":50,"covered":0,"skipped":0,"pct":0}}
,"/Users/jacob/Programming/VineMe/vineme2.0/src/components/ui/Input.tsx": {"lines":{"total":69,"covered":67,"skipped":0,"pct":97.1},"functions":{"total":12,"covered":12,"skipped":0,"pct":100},"statements":{"total":71,"covered":69,"skipped":0,"pct":97.18},"branches":{"total":62,"covered":59,"skipped":0,"pct":95.16}}
,"/Users/jacob/Programming/VineMe/vineme2.0/src/components/ui/LoadingButton.tsx": {"lines":{"total":5,"covered":0,"skipped":0,"pct":0},"functions":{"total":1,"covered":0,"skipped":0,"pct":0},"statements":{"total":5,"covered":0,"skipped":0,"pct":0},"branches":{"total":13,"covered":0,"skipped":0,"pct":0}}
,"/Users/jacob/Programming/VineMe/vineme2.0/src/components/ui/LoadingSpinner.tsx": {"lines":{"total":11,"covered":1,"skipped":0,"pct":9.09},"functions":{"total":2,"covered":0,"skipped":0,"pct":0},"statements":{"total":11,"covered":1,"skipped":0,"pct":9.09},"branches":{"total":16,"covered":0,"skipped":0,"pct":0}}
,"/Users/jacob/Programming/VineMe/vineme2.0/src/components/ui/Modal.tsx": {"lines":{"total":34,"covered":0,"skipped":0,"pct":0},"functions":{"total":11,"covered":0,"skipped":0,"pct":0},"statements":{"total":36,"covered":0,"skipped":0,"pct":0},"branches":{"total":49,"covered":0,"skipped":0,"pct":0}}
,"/Users/jacob/Programming/VineMe/vineme2.0/src/components/ui/NotificationBadge.tsx": {"lines":{"total":7,"covered":0,"skipped":0,"pct":0},"functions":{"total":1,"covered":0,"skipped":0,"pct":0},"statements":{"total":8,"covered":0,"skipped":0,"pct":0},"branches":{"total":11,"covered":0,"skipped":0,"pct":0}}
,"/Users/jacob/Programming/VineMe/vineme2.0/src/components/ui/OfflineBanner.tsx": {"lines":{"total":34,"covered":0,"skipped":0,"pct":0},"functions":{"total":7,"covered":0,"skipped":0,"pct":0},"statements":{"total":34,"covered":0,"skipped":0,"pct":0},"branches":{"total":20,"covered":0,"skipped":0,"pct":0}}
,"/Users/jacob/Programming/VineMe/vineme2.0/src/components/ui/OptimizedImage.tsx": {"lines":{"total":83,"covered":0,"skipped":0,"pct":0},"functions":{"total":18,"covered":0,"skipped":0,"pct":0},"statements":{"total":84,"covered":0,"skipped":0,"pct":0},"branches":{"total":58,"covered":0,"skipped":0,"pct":0}}
,"/Users/jacob/Programming/VineMe/vineme2.0/src/components/ui/OtpInput.tsx": {"lines":{"total":11,"covered":0,"skipped":0,"pct":0},"functions":{"total":5,"covered":0,"skipped":0,"pct":0},"statements":{"total":13,"covered":0,"skipped":0,"pct":0},"branches":{"total":12,"covered":0,"skipped":0,"pct":0}}
,"/Users/jacob/Programming/VineMe/vineme2.0/src/components/ui/Overlay.tsx": {"lines":{"total":8,"covered":8,"skipped":0,"pct":100},"functions":{"total":2,"covered":2,"skipped":0,"pct":100},"statements":{"total":9,"covered":9,"skipped":0,"pct":100},"branches":{"total":7,"covered":7,"skipped":0,"pct":100}}
,"/Users/jacob/Programming/VineMe/vineme2.0/src/components/ui/Portal.tsx": {"lines":{"total":36,"covered":35,"skipped":0,"pct":97.22},"functions":{"total":12,"covered":12,"skipped":0,"pct":100},"statements":{"total":36,"covered":35,"skipped":0,"pct":97.22},"branches":{"total":10,"covered":7,"skipped":0,"pct":70}}
,"/Users/jacob/Programming/VineMe/vineme2.0/src/components/ui/RoleBasedRender.tsx": {"lines":{"total":95,"covered":7,"skipped":0,"pct":7.36},"functions":{"total":20,"covered":0,"skipped":0,"pct":0},"statements":{"total":95,"covered":7,"skipped":0,"pct":7.36},"branches":{"total":38,"covered":0,"skipped":0,"pct":0}}
,"/Users/jacob/Programming/VineMe/vineme2.0/src/components/ui/Select.tsx": {"lines":{"total":23,"covered":0,"skipped":0,"pct":0},"functions":{"total":11,"covered":0,"skipped":0,"pct":0},"statements":{"total":24,"covered":0,"skipped":0,"pct":0},"branches":{"total":45,"covered":0,"skipped":0,"pct":0}}
,"/Users/jacob/Programming/VineMe/vineme2.0/src/components/ui/Text.tsx": {"lines":{"total":52,"covered":39,"skipped":0,"pct":75},"functions":{"total":16,"covered":9,"skipped":0,"pct":56.25},"statements":{"total":52,"covered":39,"skipped":0,"pct":75},"branches":{"total":26,"covered":19,"skipped":0,"pct":73.07}}
,"/Users/jacob/Programming/VineMe/vineme2.0/src/components/ui/Loading/Animations.tsx": {"lines":{"total":67,"covered":65,"skipped":0,"pct":97.01},"functions":{"total":18,"covered":18,"skipped":0,"pct":100},"statements":{"total":67,"covered":65,"skipped":0,"pct":97.01},"branches":{"total":53,"covered":49,"skipped":0,"pct":92.45}}
,"/Users/jacob/Programming/VineMe/vineme2.0/src/components/ui/Loading/ProgressBar.tsx": {"lines":{"total":54,"covered":53,"skipped":0,"pct":98.14},"functions":{"total":9,"covered":9,"skipped":0,"pct":100},"statements":{"total":56,"covered":55,"skipped":0,"pct":98.21},"branches":{"total":63,"covered":58,"skipped":0,"pct":92.06}}
,"/Users/jacob/Programming/VineMe/vineme2.0/src/components/ui/Loading/Skeleton.tsx": {"lines":{"total":38,"covered":36,"skipped":0,"pct":94.73},"functions":{"total":8,"covered":8,"skipped":0,"pct":100},"statements":{"total":38,"covered":36,"skipped":0,"pct":94.73},"branches":{"total":44,"covered":38,"skipped":0,"pct":86.36}}
,"/Users/jacob/Programming/VineMe/vineme2.0/src/components/ui/Loading/Spinner.tsx": {"lines":{"total":39,"covered":37,"skipped":0,"pct":94.87},"functions":{"total":8,"covered":8,"skipped":0,"pct":100},"statements":{"total":39,"covered":37,"skipped":0,"pct":94.87},"branches":{"total":36,"covered":34,"skipped":0,"pct":94.44}}
,"/Users/jacob/Programming/VineMe/vineme2.0/src/components/ui/__examples__/Button.example.tsx": {"lines":{"total":12,"covered":0,"skipped":0,"pct":0},"functions":{"total":7,"covered":0,"skipped":0,"pct":0},"statements":{"total":16,"covered":0,"skipped":0,"pct":0},"branches":{"total":0,"covered":0,"skipped":0,"pct":100}}
,"/Users/jacob/Programming/VineMe/vineme2.0/src/components/ui/__examples__/Card.example.tsx": {"lines":{"total":16,"covered":0,"skipped":0,"pct":0},"functions":{"total":9,"covered":0,"skipped":0,"pct":0},"statements":{"total":17,"covered":0,"skipped":0,"pct":0},"branches":{"total":6,"covered":0,"skipped":0,"pct":0}}
,"/Users/jacob/Programming/VineMe/vineme2.0/src/components/ui/__examples__/ComponentShowcase.tsx": {"lines":{"total":18,"covered":0,"skipped":0,"pct":0},"functions":{"total":21,"covered":0,"skipped":0,"pct":0},"statements":{"total":18,"covered":0,"skipped":0,"pct":0},"branches":{"total":0,"covered":0,"skipped":0,"pct":100}}
,"/Users/jacob/Programming/VineMe/vineme2.0/src/components/ui/__examples__/Input.example.tsx": {"lines":{"total":55,"covered":0,"skipped":0,"pct":0},"functions":{"total":28,"covered":0,"skipped":0,"pct":0},"statements":{"total":67,"covered":0,"skipped":0,"pct":0},"branches":{"total":45,"covered":0,"skipped":0,"pct":0}}
,"/Users/jacob/Programming/VineMe/vineme2.0/src/components/ui/__examples__/Modal.example.tsx": {"lines":{"total":63,"covered":0,"skipped":0,"pct":0},"functions":{"total":36,"covered":0,"skipped":0,"pct":0},"statements":{"total":64,"covered":0,"skipped":0,"pct":0},"branches":{"total":2,"covered":0,"skipped":0,"pct":0}}
,"/Users/jacob/Programming/VineMe/vineme2.0/src/components/ui/__examples__/Text.example.tsx": {"lines":{"total":3,"covered":0,"skipped":0,"pct":0},"functions":{"total":1,"covered":0,"skipped":0,"pct":0},"statements":{"total":3,"covered":0,"skipped":0,"pct":0},"branches":{"total":0,"covered":0,"skipped":0,"pct":100}}
,"/Users/jacob/Programming/VineMe/vineme2.0/src/config/performance.ts": {"lines":{"total":5,"covered":0,"skipped":0,"pct":0},"functions":{"total":2,"covered":0,"skipped":0,"pct":0},"statements":{"total":5,"covered":0,"skipped":0,"pct":0},"branches":{"total":6,"covered":0,"skipped":0,"pct":0}}
,"/Users/jacob/Programming/VineMe/vineme2.0/src/hooks/useAdminAsyncOperation.ts": {"lines":{"total":80,"covered":0,"skipped":0,"pct":0},"functions":{"total":18,"covered":0,"skipped":0,"pct":0},"statements":{"total":87,"covered":0,"skipped":0,"pct":0},"branches":{"total":56,"covered":0,"skipped":0,"pct":0}}
,"/Users/jacob/Programming/VineMe/vineme2.0/src/hooks/useAsyncOperation.ts": {"lines":{"total":21,"covered":21,"skipped":0,"pct":100},"functions":{"total":5,"covered":5,"skipped":0,"pct":100},"statements":{"total":22,"covered":22,"skipped":0,"pct":100},"branches":{"total":4,"covered":3,"skipped":0,"pct":75}}
,"/Users/jacob/Programming/VineMe/vineme2.0/src/hooks/useAuth.ts": {"lines":{"total":9,"covered":9,"skipped":0,"pct":100},"functions":{"total":2,"covered":2,"skipped":0,"pct":100},"statements":{"total":9,"covered":9,"skipped":0,"pct":100},"branches":{"total":4,"covered":2,"skipped":0,"pct":50}}
,"/Users/jacob/Programming/VineMe/vineme2.0/src/hooks/useContactAudit.ts": {"lines":{"total":36,"covered":0,"skipped":0,"pct":0},"functions":{"total":14,"covered":0,"skipped":0,"pct":0},"statements":{"total":36,"covered":0,"skipped":0,"pct":0},"branches":{"total":24,"covered":0,"skipped":0,"pct":0}}
,"/Users/jacob/Programming/VineMe/vineme2.0/src/hooks/useErrorHandler.ts": {"lines":{"total":33,"covered":0,"skipped":0,"pct":0},"functions":{"total":7,"covered":0,"skipped":0,"pct":0},"statements":{"total":34,"covered":0,"skipped":0,"pct":0},"branches":{"total":23,"covered":0,"skipped":0,"pct":0}}
,"/Users/jacob/Programming/VineMe/vineme2.0/src/hooks/useEvents.ts": {"lines":{"total":66,"covered":0,"skipped":0,"pct":0},"functions":{"total":29,"covered":0,"skipped":0,"pct":0},"statements":{"total":66,"covered":0,"skipped":0,"pct":0},"branches":{"total":28,"covered":0,"skipped":0,"pct":0}}
,"/Users/jacob/Programming/VineMe/vineme2.0/src/hooks/useFriendships.ts": {"lines":{"total":131,"covered":0,"skipped":0,"pct":0},"functions":{"total":37,"covered":0,"skipped":0,"pct":0},"statements":{"total":155,"covered":0,"skipped":0,"pct":0},"branches":{"total":112,"covered":0,"skipped":0,"pct":0}}
,"/Users/jacob/Programming/VineMe/vineme2.0/src/hooks/useGroupLeaderActions.ts": {"lines":{"total":42,"covered":42,"skipped":0,"pct":100},"functions":{"total":17,"covered":17,"skipped":0,"pct":100},"statements":{"total":46,"covered":46,"skipped":0,"pct":100},"branches":{"total":8,"covered":8,"skipped":0,"pct":100}}
,"/Users/jacob/Programming/VineMe/vineme2.0/src/hooks/useGroups.ts": {"lines":{"total":117,"covered":14,"skipped":0,"pct":11.96},"functions":{"total":39,"covered":2,"skipped":0,"pct":5.12},"statements":{"total":133,"covered":14,"skipped":0,"pct":10.52},"branches":{"total":81,"covered":0,"skipped":0,"pct":0}}
,"/Users/jacob/Programming/VineMe/vineme2.0/src/hooks/useJoinRequests.ts": {"lines":{"total":71,"covered":46,"skipped":0,"pct":64.78},"functions":{"total":29,"covered":17,"skipped":0,"pct":58.62},"statements":{"total":80,"covered":48,"skipped":0,"pct":60},"branches":{"total":36,"covered":17,"skipped":0,"pct":47.22}}
,"/Users/jacob/Programming/VineMe/vineme2.0/src/hooks/useLoadingState.ts": {"lines":{"total":34,"covered":29,"skipped":0,"pct":85.29},"functions":{"total":12,"covered":11,"skipped":0,"pct":91.66},"statements":{"total":38,"covered":33,"skipped":0,"pct":86.84},"branches":{"total":13,"covered":11,"skipped":0,"pct":84.61}}
,"/Users/jacob/Programming/VineMe/vineme2.0/src/hooks/useNetworkStatus.ts": {"lines":{"total":8,"covered":8,"skipped":0,"pct":100},"functions":{"total":4,"covered":4,"skipped":0,"pct":100},"statements":{"total":8,"covered":8,"skipped":0,"pct":100},"branches":{"total":8,"covered":6,"skipped":0,"pct":75}}
,"/Users/jacob/Programming/VineMe/vineme2.0/src/hooks/useNotifications.ts": {"lines":{"total":69,"covered":0,"skipped":0,"pct":0},"functions":{"total":30,"covered":0,"skipped":0,"pct":0},"statements":{"total":69,"covered":0,"skipped":0,"pct":0},"branches":{"total":25,"covered":0,"skipped":0,"pct":0}}
,"/Users/jacob/Programming/VineMe/vineme2.0/src/hooks/usePermissions.ts": {"lines":{"total":128,"covered":3,"skipped":0,"pct":2.34},"functions":{"total":18,"covered":0,"skipped":0,"pct":0},"statements":{"total":128,"covered":3,"skipped":0,"pct":2.34},"branches":{"total":6,"covered":0,"skipped":0,"pct":0}}
,"/Users/jacob/Programming/VineMe/vineme2.0/src/hooks/useReferrals.ts": {"lines":{"total":241,"covered":200,"skipped":0,"pct":82.98},"functions":{"total":52,"covered":46,"skipped":0,"pct":88.46},"statements":{"total":262,"covered":208,"skipped":0,"pct":79.38},"branches":{"total":151,"covered":88,"skipped":0,"pct":58.27}}
,"/Users/jacob/Programming/VineMe/vineme2.0/src/hooks/useStylePerformance.ts": {"lines":{"total":79,"covered":0,"skipped":0,"pct":0},"functions":{"total":34,"covered":0,"skipped":0,"pct":0},"statements":{"total":81,"covered":0,"skipped":0,"pct":0},"branches":{"total":21,"covered":0,"skipped":0,"pct":0}}
,"/Users/jacob/Programming/VineMe/vineme2.0/src/hooks/useUsers.ts": {"lines":{"total":74,"covered":0,"skipped":0,"pct":0},"functions":{"total":30,"covered":0,"skipped":0,"pct":0},"statements":{"total":90,"covered":0,"skipped":0,"pct":0},"branches":{"total":47,"covered":0,"skipped":0,"pct":0}}
,"/Users/jacob/Programming/VineMe/vineme2.0/src/providers/AuthProvider.tsx": {"lines":{"total":14,"covered":0,"skipped":0,"pct":0},"functions":{"total":3,"covered":0,"skipped":0,"pct":0},"statements":{"total":14,"covered":0,"skipped":0,"pct":0},"branches":{"total":7,"covered":0,"skipped":0,"pct":0}}
,"/Users/jacob/Programming/VineMe/vineme2.0/src/providers/QueryProvider.tsx": {"lines":{"total":28,"covered":0,"skipped":0,"pct":0},"functions":{"total":12,"covered":0,"skipped":0,"pct":0},"statements":{"total":30,"covered":0,"skipped":0,"pct":0},"branches":{"total":16,"covered":0,"skipped":0,"pct":0}}
,"/Users/jacob/Programming/VineMe/vineme2.0/src/services/admin.ts": {"lines":{"total":183,"covered":146,"skipped":0,"pct":79.78},"functions":{"total":21,"covered":21,"skipped":0,"pct":100},"statements":{"total":186,"covered":149,"skipped":0,"pct":80.1},"branches":{"total":193,"covered":109,"skipped":0,"pct":56.47}}
,"/Users/jacob/Programming/VineMe/vineme2.0/src/services/adminBackgroundSync.ts": {"lines":{"total":135,"covered":0,"skipped":0,"pct":0},"functions":{"total":30,"covered":0,"skipped":0,"pct":0},"statements":{"total":140,"covered":0,"skipped":0,"pct":0},"branches":{"total":75,"covered":0,"skipped":0,"pct":0}}
,"/Users/jacob/Programming/VineMe/vineme2.0/src/services/adminServiceWrapper.ts": {"lines":{"total":63,"covered":43,"skipped":0,"pct":68.25},"functions":{"total":25,"covered":12,"skipped":0,"pct":48},"statements":{"total":66,"covered":46,"skipped":0,"pct":69.69},"branches":{"total":33,"covered":21,"skipped":0,"pct":63.63}}
,"/Users/jacob/Programming/VineMe/vineme2.0/src/services/auth.ts": {"lines":{"total":225,"covered":119,"skipped":0,"pct":52.88},"functions":{"total":23,"covered":15,"skipped":0,"pct":65.21},"statements":{"total":232,"covered":122,"skipped":0,"pct":52.58},"branches":{"total":185,"covered":76,"skipped":0,"pct":41.08}}
,"/Users/jacob/Programming/VineMe/vineme2.0/src/services/churches.ts": {"lines":{"total":19,"covered":0,"skipped":0,"pct":0},"functions":{"total":3,"covered":0,"skipped":0,"pct":0},"statements":{"total":19,"covered":0,"skipped":0,"pct":0},"branches":{"total":12,"covered":0,"skipped":0,"pct":0}}
,"/Users/jacob/Programming/VineMe/vineme2.0/src/services/contactAudit.ts": {"lines":{"total":69,"covered":42,"skipped":0,"pct":60.86},"functions":{"total":6,"covered":5,"skipped":0,"pct":83.33},"statements":{"total":69,"covered":42,"skipped":0,"pct":60.86},"branches":{"total":62,"covered":30,"skipped":0,"pct":48.38}}
,"/Users/jacob/Programming/VineMe/vineme2.0/src/services/emailVerification.ts": {"lines":{"total":49,"covered":41,"skipped":0,"pct":83.67},"functions":{"total":9,"covered":7,"skipped":0,"pct":77.77},"statements":{"total":49,"covered":41,"skipped":0,"pct":83.67},"branches":{"total":33,"covered":23,"skipped":0,"pct":69.69}}
,"/Users/jacob/Programming/VineMe/vineme2.0/src/services/events.ts": {"lines":{"total":84,"covered":42,"skipped":0,"pct":50},"functions":{"total":10,"covered":9,"skipped":0,"pct":90},"statements":{"total":85,"covered":43,"skipped":0,"pct":50.58},"branches":{"total":77,"covered":23,"skipped":0,"pct":29.87}}
,"/Users/jacob/Programming/VineMe/vineme2.0/src/services/friendships.ts": {"lines":{"total":84,"covered":40,"skipped":0,"pct":47.61},"functions":{"total":12,"covered":8,"skipped":0,"pct":66.66},"statements":{"total":84,"covered":40,"skipped":0,"pct":47.61},"branches":{"total":68,"covered":21,"skipped":0,"pct":30.88}}
,"/Users/jacob/Programming/VineMe/vineme2.0/src/services/groupCreation.ts": {"lines":{"total":128,"covered":38,"skipped":0,"pct":29.68},"functions":{"total":6,"covered":6,"skipped":0,"pct":100},"statements":{"total":128,"covered":38,"skipped":0,"pct":29.68},"branches":{"total":136,"covered":29,"skipped":0,"pct":21.32}}
,"/Users/jacob/Programming/VineMe/vineme2.0/src/services/groups.ts": {"lines":{"total":103,"covered":45,"skipped":0,"pct":43.68},"functions":{"total":19,"covered":10,"skipped":0,"pct":52.63},"statements":{"total":108,"covered":46,"skipped":0,"pct":42.59},"branches":{"total":100,"covered":29,"skipped":0,"pct":29}}
,"/Users/jacob/Programming/VineMe/vineme2.0/src/services/joinRequests.ts": {"lines":{"total":104,"covered":19,"skipped":0,"pct":18.26},"functions":{"total":8,"covered":4,"skipped":0,"pct":50},"statements":{"total":104,"covered":19,"skipped":0,"pct":18.26},"branches":{"total":96,"covered":11,"skipped":0,"pct":11.45}}
,"/Users/jacob/Programming/VineMe/vineme2.0/src/services/location.ts": {"lines":{"total":115,"covered":90,"skipped":0,"pct":78.26},"functions":{"total":11,"covered":11,"skipped":0,"pct":100},"statements":{"total":123,"covered":94,"skipped":0,"pct":76.42},"branches":{"total":94,"covered":59,"skipped":0,"pct":62.76}}
,"/Users/jacob/Programming/VineMe/vineme2.0/src/services/notifications.ts": {"lines":{"total":211,"covered":22,"skipped":0,"pct":10.42},"functions":{"total":25,"covered":0,"skipped":0,"pct":0},"statements":{"total":218,"covered":22,"skipped":0,"pct":10.09},"branches":{"total":101,"covered":0,"skipped":0,"pct":0}}
,"/Users/jacob/Programming/VineMe/vineme2.0/src/services/permissions.ts": {"lines":{"total":158,"covered":78,"skipped":0,"pct":49.36},"functions":{"total":13,"covered":10,"skipped":0,"pct":76.92},"statements":{"total":164,"covered":80,"skipped":0,"pct":48.78},"branches":{"total":189,"covered":70,"skipped":0,"pct":37.03}}
,"/Users/jacob/Programming/VineMe/vineme2.0/src/services/referralDatabase.ts": {"lines":{"total":36,"covered":33,"skipped":0,"pct":91.66},"functions":{"total":3,"covered":3,"skipped":0,"pct":100},"statements":{"total":36,"covered":33,"skipped":0,"pct":91.66},"branches":{"total":14,"covered":7,"skipped":0,"pct":50}}
,"/Users/jacob/Programming/VineMe/vineme2.0/src/services/referrals.ts": {"lines":{"total":247,"covered":85,"skipped":0,"pct":34.41},"functions":{"total":26,"covered":11,"skipped":0,"pct":42.3},"statements":{"total":249,"covered":86,"skipped":0,"pct":34.53},"branches":{"total":256,"covered":35,"skipped":0,"pct":13.67}}
,"/Users/jacob/Programming/VineMe/vineme2.0/src/services/supabase.ts": {"lines":{"total":6,"covered":5,"skipped":0,"pct":83.33},"functions":{"total":0,"covered":0,"skipped":0,"pct":100},"statements":{"total":6,"covered":5,"skipped":0,"pct":83.33},"branches":{"total":6,"covered":4,"skipped":0,"pct":66.66}}
,"/Users/jacob/Programming/VineMe/vineme2.0/src/services/users.ts": {"lines":{"total":62,"covered":39,"skipped":0,"pct":62.9},"functions":{"total":8,"covered":7,"skipped":0,"pct":87.5},"statements":{"total":62,"covered":39,"skipped":0,"pct":62.9},"branches":{"total":49,"covered":16,"skipped":0,"pct":32.65}}
,"/Users/jacob/Programming/VineMe/vineme2.0/src/stores/auth.ts": {"lines":{"total":126,"covered":1,"skipped":0,"pct":0.79},"functions":{"total":14,"covered":1,"skipped":0,"pct":7.14},"statements":{"total":129,"covered":2,"skipped":0,"pct":1.55},"branches":{"total":75,"covered":0,"skipped":0,"pct":0}}
,"/Users/jacob/Programming/VineMe/vineme2.0/src/stores/groupFilters.ts": {"lines":{"total":10,"covered":0,"skipped":0,"pct":0},"functions":{"total":14,"covered":0,"skipped":0,"pct":0},"statements":{"total":16,"covered":0,"skipped":0,"pct":0},"branches":{"total":0,"covered":0,"skipped":0,"pct":100}}
,"/Users/jacob/Programming/VineMe/vineme2.0/src/theme/examples/ThemeExample.tsx": {"lines":{"total":8,"covered":1,"skipped":0,"pct":12.5},"functions":{"total":5,"covered":0,"skipped":0,"pct":0},"statements":{"total":8,"covered":1,"skipped":0,"pct":12.5},"branches":{"total":2,"covered":0,"skipped":0,"pct":0}}
,"/Users/jacob/Programming/VineMe/vineme2.0/src/theme/provider/ThemeContext.tsx": {"lines":{"total":2,"covered":2,"skipped":0,"pct":100},"functions":{"total":0,"covered":0,"skipped":0,"pct":100},"statements":{"total":2,"covered":2,"skipped":0,"pct":100},"branches":{"total":0,"covered":0,"skipped":0,"pct":100}}
,"/Users/jacob/Programming/VineMe/vineme2.0/src/theme/provider/ThemeProvider.tsx": {"lines":{"total":56,"covered":44,"skipped":0,"pct":78.57},"functions":{"total":15,"covered":13,"skipped":0,"pct":86.66},"statements":{"total":59,"covered":47,"skipped":0,"pct":79.66},"branches":{"total":32,"covered":18,"skipped":0,"pct":56.25}}
,"/Users/jacob/Programming/VineMe/vineme2.0/src/theme/provider/useTheme.ts": {"lines":{"total":7,"covered":7,"skipped":0,"pct":100},"functions":{"total":2,"covered":2,"skipped":0,"pct":100},"statements":{"total":7,"covered":7,"skipped":0,"pct":100},"branches":{"total":2,"covered":2,"skipped":0,"pct":100}}
,"/Users/jacob/Programming/VineMe/vineme2.0/src/theme/themes/dark.ts": {"lines":{"total":1,"covered":1,"skipped":0,"pct":100},"functions":{"total":0,"covered":0,"skipped":0,"pct":100},"statements":{"total":1,"covered":1,"skipped":0,"pct":100},"branches":{"total":0,"covered":0,"skipped":0,"pct":100}}
,"/Users/jacob/Programming/VineMe/vineme2.0/src/theme/themes/light.ts": {"lines":{"total":1,"covered":1,"skipped":0,"pct":100},"functions":{"total":0,"covered":0,"skipped":0,"pct":100},"statements":{"total":1,"covered":1,"skipped":0,"pct":100},"branches":{"total":0,"covered":0,"skipped":0,"pct":100}}
,"/Users/jacob/Programming/VineMe/vineme2.0/src/theme/themes/types.ts": {"lines":{"total":0,"covered":0,"skipped":0,"pct":0},"functions":{"total":0,"covered":0,"skipped":0,"pct":0},"statements":{"total":0,"covered":0,"skipped":0,"pct":0},"branches":{"total":0,"covered":0,"skipped":0,"pct":0}}
,"/Users/jacob/Programming/VineMe/vineme2.0/src/theme/tokens/animations.ts": {"lines":{"total":1,"covered":1,"skipped":0,"pct":100},"functions":{"total":0,"covered":0,"skipped":0,"pct":100},"statements":{"total":1,"covered":1,"skipped":0,"pct":100},"branches":{"total":0,"covered":0,"skipped":0,"pct":100}}
,"/Users/jacob/Programming/VineMe/vineme2.0/src/theme/tokens/borderRadius.ts": {"lines":{"total":13,"covered":5,"skipped":0,"pct":38.46},"functions":{"total":7,"covered":2,"skipped":0,"pct":28.57},"statements":{"total":13,"covered":5,"skipped":0,"pct":38.46},"branches":{"total":5,"covered":0,"skipped":0,"pct":0}}
,"/Users/jacob/Programming/VineMe/vineme2.0/src/theme/tokens/colors.ts": {"lines":{"total":7,"covered":7,"skipped":0,"pct":100},"functions":{"total":0,"covered":0,"skipped":0,"pct":100},"statements":{"total":7,"covered":7,"skipped":0,"pct":100},"branches":{"total":0,"covered":0,"skipped":0,"pct":100}}
,"/Users/jacob/Programming/VineMe/vineme2.0/src/theme/tokens/shadows.ts": {"lines":{"total":17,"covered":8,"skipped":0,"pct":47.05},"functions":{"total":6,"covered":2,"skipped":0,"pct":33.33},"statements":{"total":17,"covered":8,"skipped":0,"pct":47.05},"branches":{"total":9,"covered":0,"skipped":0,"pct":0}}
,"/Users/jacob/Programming/VineMe/vineme2.0/src/theme/tokens/spacing.ts": {"lines":{"total":8,"covered":7,"skipped":0,"pct":87.5},"functions":{"total":5,"covered":4,"skipped":0,"pct":80},"statements":{"total":9,"covered":8,"skipped":0,"pct":88.88},"branches":{"total":0,"covered":0,"skipped":0,"pct":100}}
,"/Users/jacob/Programming/VineMe/vineme2.0/src/theme/tokens/typography.ts": {"lines":{"total":7,"covered":7,"skipped":0,"pct":100},"functions":{"total":0,"covered":0,"skipped":0,"pct":100},"statements":{"total":7,"covered":7,"skipped":0,"pct":100},"branches":{"total":0,"covered":0,"skipped":0,"pct":100}}
,"/Users/jacob/Programming/VineMe/vineme2.0/src/types/app.ts": {"lines":{"total":0,"covered":0,"skipped":0,"pct":0},"functions":{"total":0,"covered":0,"skipped":0,"pct":0},"statements":{"total":0,"covered":0,"skipped":0,"pct":0},"branches":{"total":0,"covered":0,"skipped":0,"pct":0}}
,"/Users/jacob/Programming/VineMe/vineme2.0/src/types/contactAudit.ts": {"lines":{"total":0,"covered":0,"skipped":0,"pct":0},"functions":{"total":0,"covered":0,"skipped":0,"pct":0},"statements":{"total":0,"covered":0,"skipped":0,"pct":0},"branches":{"total":0,"covered":0,"skipped":0,"pct":0}}
,"/Users/jacob/Programming/VineMe/vineme2.0/src/types/database.ts": {"lines":{"total":0,"covered":0,"skipped":0,"pct":0},"functions":{"total":0,"covered":0,"skipped":0,"pct":0},"statements":{"total":0,"covered":0,"skipped":0,"pct":0},"branches":{"total":0,"covered":0,"skipped":0,"pct":0}}
,"/Users/jacob/Programming/VineMe/vineme2.0/src/utils/accessibility.ts": {"lines":{"total":58,"covered":2,"skipped":0,"pct":3.44},"functions":{"total":25,"covered":1,"skipped":0,"pct":4},"statements":{"total":60,"covered":2,"skipped":0,"pct":3.33},"branches":{"total":47,"covered":2,"skipped":0,"pct":4.25}}
,"/Users/jacob/Programming/VineMe/vineme2.0/src/utils/adminCache.ts": {"lines":{"total":57,"covered":0,"skipped":0,"pct":0},"functions":{"total":36,"covered":0,"skipped":0,"pct":0},"statements":{"total":62,"covered":0,"skipped":0,"pct":0},"branches":{"total":20,"covered":0,"skipped":0,"pct":0}}
,"/Users/jacob/Programming/VineMe/vineme2.0/src/utils/adminNavigation.ts": {"lines":{"total":69,"covered":0,"skipped":0,"pct":0},"functions":{"total":14,"covered":0,"skipped":0,"pct":0},"statements":{"total":69,"covered":0,"skipped":0,"pct":0},"branches":{"total":41,"covered":0,"skipped":0,"pct":0}}
,"/Users/jacob/Programming/VineMe/vineme2.0/src/utils/adminPagination.ts": {"lines":{"total":31,"covered":15,"skipped":0,"pct":48.38},"functions":{"total":14,"covered":5,"skipped":0,"pct":35.71},"statements":{"total":33,"covered":15,"skipped":0,"pct":45.45},"branches":{"total":9,"covered":4,"skipped":0,"pct":44.44}}
,"/Users/jacob/Programming/VineMe/vineme2.0/src/utils/animations.ts": {"lines":{"total":21,"covered":10,"skipped":0,"pct":47.61},"functions":{"total":10,"covered":0,"skipped":0,"pct":0},"statements":{"total":21,"covered":10,"skipped":0,"pct":47.61},"branches":{"total":16,"covered":0,"skipped":0,"pct":0}}
,"/Users/jacob/Programming/VineMe/vineme2.0/src/utils/bundleOptimization.ts": {"lines":{"total":60,"covered":0,"skipped":0,"pct":0},"functions":{"total":23,"covered":0,"skipped":0,"pct":0},"statements":{"total":60,"covered":0,"skipped":0,"pct":0},"branches":{"total":22,"covered":0,"skipped":0,"pct":0}}
,"/Users/jacob/Programming/VineMe/vineme2.0/src/utils/colors.ts": {"lines":{"total":174,"covered":174,"skipped":0,"pct":100},"functions":{"total":34,"covered":34,"skipped":0,"pct":100},"statements":{"total":192,"covered":185,"skipped":0,"pct":96.35},"branches":{"total":72,"covered":62,"skipped":0,"pct":86.11}}
,"/Users/jacob/Programming/VineMe/vineme2.0/src/utils/constants.ts": {"lines":{"total":13,"covered":13,"skipped":0,"pct":100},"functions":{"total":0,"covered":0,"skipped":0,"pct":100},"statements":{"total":13,"covered":13,"skipped":0,"pct":100},"branches":{"total":0,"covered":0,"skipped":0,"pct":100}}
,"/Users/jacob/Programming/VineMe/vineme2.0/src/utils/crossPlatformTesting.ts": {"lines":{"total":131,"covered":0,"skipped":0,"pct":0},"functions":{"total":19,"covered":0,"skipped":0,"pct":0},"statements":{"total":142,"covered":0,"skipped":0,"pct":0},"branches":{"total":101,"covered":0,"skipped":0,"pct":0}}
,"/Users/jacob/Programming/VineMe/vineme2.0/src/utils/deepLinking.ts": {"lines":{"total":82,"covered":57,"skipped":0,"pct":69.51},"functions":{"total":8,"covered":5,"skipped":0,"pct":62.5},"statements":{"total":84,"covered":58,"skipped":0,"pct":69.04},"branches":{"total":44,"covered":30,"skipped":0,"pct":68.18}}
,"/Users/jacob/Programming/VineMe/vineme2.0/src/utils/devLogger.ts": {"lines":{"total":25,"covered":0,"skipped":0,"pct":0},"functions":{"total":9,"covered":0,"skipped":0,"pct":0},"statements":{"total":29,"covered":0,"skipped":0,"pct":0},"branches":{"total":13,"covered":0,"skipped":0,"pct":0}}
,"/Users/jacob/Programming/VineMe/vineme2.0/src/utils/errorHandling.ts": {"lines":{"total":47,"covered":39,"skipped":0,"pct":82.97},"functions":{"total":8,"covered":8,"skipped":0,"pct":100},"statements":{"total":49,"covered":41,"skipped":0,"pct":83.67},"branches":{"total":36,"covered":26,"skipped":0,"pct":72.22}}
,"/Users/jacob/Programming/VineMe/vineme2.0/src/utils/globalErrorHandler.ts": {"lines":{"total":26,"covered":17,"skipped":0,"pct":65.38},"functions":{"total":7,"covered":4,"skipped":0,"pct":57.14},"statements":{"total":26,"covered":17,"skipped":0,"pct":65.38},"branches":{"total":24,"covered":12,"skipped":0,"pct":50}}
,"/Users/jacob/Programming/VineMe/vineme2.0/src/utils/groupFilters.ts": {"lines":{"total":51,"covered":43,"skipped":0,"pct":84.31},"functions":{"total":5,"covered":5,"skipped":0,"pct":100},"statements":{"total":55,"covered":46,"skipped":0,"pct":83.63},"branches":{"total":61,"covered":39,"skipped":0,"pct":63.93}}
,"/Users/jacob/Programming/VineMe/vineme2.0/src/utils/helpers.ts": {"lines":{"total":57,"covered":0,"skipped":0,"pct":0},"functions":{"total":20,"covered":0,"skipped":0,"pct":0},"statements":{"total":61,"covered":0,"skipped":0,"pct":0},"branches":{"total":20,"covered":0,"skipped":0,"pct":0}}
,"/Users/jacob/Programming/VineMe/vineme2.0/src/utils/mapClustering.ts": {"lines":{"total":103,"covered":96,"skipped":0,"pct":93.2},"functions":{"total":33,"covered":32,"skipped":0,"pct":96.96},"statements":{"total":108,"covered":101,"skipped":0,"pct":93.51},"branches":{"total":57,"covered":42,"skipped":0,"pct":73.68}}
,"/Users/jacob/Programming/VineMe/vineme2.0/src/utils/performance.ts": {"lines":{"total":65,"covered":53,"skipped":0,"pct":81.53},"functions":{"total":28,"covered":21,"skipped":0,"pct":75},"statements":{"total":73,"covered":58,"skipped":0,"pct":79.45},"branches":{"total":28,"covered":18,"skipped":0,"pct":64.28}}
,"/Users/jacob/Programming/VineMe/vineme2.0/src/utils/performanceStyleUtils.ts": {"lines":{"total":243,"covered":220,"skipped":0,"pct":90.53},"functions":{"total":71,"covered":66,"skipped":0,"pct":92.95},"statements":{"total":254,"covered":230,"skipped":0,"pct":90.55},"branches":{"total":87,"covered":62,"skipped":0,"pct":71.26}}
,"/Users/jacob/Programming/VineMe/vineme2.0/src/utils/platformTesting.ts": {"lines":{"total":61,"covered":0,"skipped":0,"pct":0},"functions":{"total":12,"covered":0,"skipped":0,"pct":0},"statements":{"total":64,"covered":0,"skipped":0,"pct":0},"branches":{"total":48,"covered":0,"skipped":0,"pct":0}}
,"/Users/jacob/Programming/VineMe/vineme2.0/src/utils/referralValidation.ts": {"lines":{"total":127,"covered":116,"skipped":0,"pct":91.33},"functions":{"total":22,"covered":19,"skipped":0,"pct":86.36},"statements":{"total":133,"covered":119,"skipped":0,"pct":89.47},"branches":{"total":100,"covered":92,"skipped":0,"pct":92}}
,"/Users/jacob/Programming/VineMe/vineme2.0/src/utils/responsiveHelpers.ts": {"lines":{"total":98,"covered":92,"skipped":0,"pct":93.87},"functions":{"total":38,"covered":32,"skipped":0,"pct":84.21},"statements":{"total":105,"covered":98,"skipped":0,"pct":93.33},"branches":{"total":52,"covered":48,"skipped":0,"pct":92.3}}
,"/Users/jacob/Programming/VineMe/vineme2.0/src/utils/secureStorage.ts": {"lines":{"total":58,"covered":7,"skipped":0,"pct":12.06},"functions":{"total":16,"covered":2,"skipped":0,"pct":12.5},"statements":{"total":60,"covered":7,"skipped":0,"pct":11.66},"branches":{"total":36,"covered":1,"skipped":0,"pct":2.77}}
,"/Users/jacob/Programming/VineMe/vineme2.0/src/utils/styleUtils.ts": {"lines":{"total":148,"covered":144,"skipped":0,"pct":97.29},"functions":{"total":32,"covered":32,"skipped":0,"pct":100},"statements":{"total":167,"covered":159,"skipped":0,"pct":95.2},"branches":{"total":118,"covered":97,"skipped":0,"pct":82.2}}
,"/Users/jacob/Programming/VineMe/vineme2.0/src/utils/theme.ts": {"lines":{"total":7,"covered":7,"skipped":0,"pct":100},"functions":{"total":0,"covered":0,"skipped":0,"pct":100},"statements":{"total":7,"covered":7,"skipped":0,"pct":100},"branches":{"total":0,"covered":0,"skipped":0,"pct":100}}
,"/Users/jacob/Programming/VineMe/vineme2.0/src/utils/migration/ComponentMigrator.ts": {"lines":{"total":127,"covered":112,"skipped":0,"pct":88.18},"functions":{"total":26,"covered":20,"skipped":0,"pct":76.92},"statements":{"total":129,"covered":112,"skipped":0,"pct":86.82},"branches":{"total":64,"covered":37,"skipped":0,"pct":57.81}}
,"/Users/jacob/Programming/VineMe/vineme2.0/src/utils/migration/StyleMigrator.ts": {"lines":{"total":133,"covered":64,"skipped":0,"pct":48.12},"functions":{"total":20,"covered":10,"skipped":0,"pct":50},"statements":{"total":135,"covered":65,"skipped":0,"pct":48.14},"branches":{"total":71,"covered":16,"skipped":0,"pct":22.53}}
,"/Users/jacob/Programming/VineMe/vineme2.0/src/utils/migration/ThemeCompatibilityLayer.ts": {"lines":{"total":77,"covered":46,"skipped":0,"pct":59.74},"functions":{"total":20,"covered":12,"skipped":0,"pct":60},"statements":{"total":78,"covered":47,"skipped":0,"pct":60.25},"branches":{"total":50,"covered":29,"skipped":0,"pct":58}}
,"/Users/jacob/Programming/VineMe/vineme2.0/src/utils/migration/migrationHelpers.ts": {"lines":{"total":159,"covered":159,"skipped":0,"pct":100},"functions":{"total":14,"covered":14,"skipped":0,"pct":100},"statements":{"total":163,"covered":163,"skipped":0,"pct":100},"branches":{"total":30,"covered":30,"skipped":0,"pct":100}}
,"/Users/jacob/Programming/VineMe/vineme2.0/src/utils/migration/migrationScripts.ts": {"lines":{"total":119,"covered":9,"skipped":0,"pct":7.56},"functions":{"total":31,"covered":5,"skipped":0,"pct":16.12},"statements":{"total":122,"covered":9,"skipped":0,"pct":7.37},"branches":{"total":33,"covered":0,"skipped":0,"pct":0}}
,"/Users/jacob/Programming/VineMe/vineme2.0/src/utils/migration/types.ts": {"lines":{"total":0,"covered":0,"skipped":0,"pct":0},"functions":{"total":0,"covered":0,"skipped":0,"pct":0},"statements":{"total":0,"covered":0,"skipped":0,"pct":0},"branches":{"total":0,"covered":0,"skipped":0,"pct":0}}
,"/Users/jacob/Programming/VineMe/vineme2.0/src/utils/migration/__examples__/BasicMigration.example.tsx": {"lines":{"total":36,"covered":0,"skipped":0,"pct":0},"functions":{"total":10,"covered":0,"skipped":0,"pct":0},"statements":{"total":38,"covered":0,"skipped":0,"pct":0},"branches":{"total":8,"covered":0,"skipped":0,"pct":0}}
,"/Users/jacob/Programming/VineMe/vineme2.0/src/utils/migration/__examples__/BatchMigration.example.ts": {"lines":{"total":145,"covered":0,"skipped":0,"pct":0},"functions":{"total":16,"covered":0,"skipped":0,"pct":0},"statements":{"total":147,"covered":0,"skipped":0,"pct":0},"branches":{"total":47,"covered":0,"skipped":0,"pct":0}}
}
