TN:
SF:src/app/_layout.tsx
FN:17,RootLayoutNav
FN:27,(anonymous_1)
FN:38,(anonymous_2)
FN:42,(anonymous_3)
FN:51,(anonymous_4)
FN:55,(anonymous_5)
FN:60,(anonymous_6)
FN:72,(anonymous_7)
FN:137,RootLayout
FNF:9
FNH:0
FNDA:0,RootLayoutNav
FNDA:0,(anonymous_1)
FNDA:0,(anonymous_2)
FNDA:0,(anonymous_3)
FNDA:0,(anonymous_4)
FNDA:0,(anonymous_5)
FNDA:0,(anonymous_6)
FNDA:0,(anonymous_7)
FNDA:0,RootLayout
DA:18,0
DA:19,0
DA:20,0
DA:25,0
DA:27,0
DA:29,0
DA:30,0
DA:33,0
DA:34,0
DA:38,0
DA:39,0
DA:40,0
DA:42,0
DA:43,0
DA:48,0
DA:51,0
DA:52,0
DA:55,0
DA:56,0
DA:60,0
DA:61,0
DA:62,0
DA:65,0
DA:67,0
DA:68,0
DA:72,0
DA:73,0
DA:75,0
DA:76,0
DA:77,0
DA:80,0
DA:89,0
DA:90,0
DA:94,0
DA:95,0
DA:101,0
DA:102,0
DA:105,0
DA:107,0
DA:108,0
DA:110,0
DA:111,0
DA:112,0
DA:114,0
DA:116,0
DA:117,0
DA:119,0
DA:123,0
DA:138,0
LF:49
LH:0
BRDA:33,0,0,0
BRDA:33,0,1,0
BRDA:40,1,0,0
BRDA:40,1,1,0
BRDA:73,2,0,0
BRDA:73,2,1,0
BRDA:73,3,0,0
BRDA:73,3,1,0
BRDA:80,4,0,0
BRDA:80,4,1,0
BRDA:80,4,2,0
BRDA:80,4,3,0
BRDA:80,4,4,0
BRDA:90,5,0,0
BRDA:90,5,1,0
BRDA:94,6,0,0
BRDA:94,6,1,0
BRDA:105,7,0,0
BRDA:105,7,1,0
BRDA:107,8,0,0
BRDA:107,8,1,0
BRDA:107,9,0,0
BRDA:107,9,1,0
BRDA:108,10,0,0
BRDA:108,10,1,0
BRDA:111,11,0,0
BRDA:111,11,1,0
BRDA:111,12,0,0
BRDA:111,12,1,0
BRDA:111,13,0,0
BRDA:111,13,1,0
BRDA:112,14,0,0
BRDA:112,14,1,0
BRDA:116,15,0,0
BRDA:116,15,1,0
BRDA:117,16,0,0
BRDA:117,16,1,0
BRDA:132,17,0,0
BRDA:132,17,1,0
BRF:39
BRH:0
end_of_record
TN:
SF:src/app/index.tsx
FN:7,IndexScreen
FN:10,(anonymous_1)
FNF:2
FNH:0
FNDA:0,IndexScreen
FNDA:0,(anonymous_1)
DA:8,0
DA:10,0
DA:11,0
DA:12,0
DA:13,0
DA:15,0
DA:20,0
DA:29,0
LF:8
LH:0
BRDA:11,0,0,0
BRDA:11,0,1,0
BRDA:12,1,0,0
BRDA:12,1,1,0
BRF:4
BRH:0
end_of_record
TN:
SF:src/app/referral-landing.tsx
FN:18,ReferralLandingPage
FN:22,(anonymous_1)
FN:34,(anonymous_2)
FN:40,(anonymous_3)
FN:68,(anonymous_4)
FN:77,(anonymous_5)
FNF:6
FNH:0
FNDA:0,ReferralLandingPage
FNDA:0,(anonymous_1)
FNDA:0,(anonymous_2)
FNDA:0,(anonymous_3)
FNDA:0,(anonymous_4)
FNDA:0,(anonymous_5)
DA:19,0
DA:20,0
DA:22,0
DA:23,0
DA:24,0
DA:29,0
DA:31,0
DA:34,0
DA:36,0
DA:39,0
DA:41,0
DA:42,0
DA:45,0
DA:54,0
DA:55,0
DA:59,0
DA:68,0
DA:69,0
DA:72,0
DA:77,0
DA:202,0
LF:21
LH:0
BRDA:23,0,0,0
BRDA:23,0,1,0
BRDA:41,1,0,0
BRDA:41,1,1,0
BRDA:54,2,0,0
BRDA:54,2,1,0
BRDA:55,3,0,0
BRDA:55,3,1,0
BRF:8
BRH:0
end_of_record
TN:
SF:src/app/styling-system-demo.tsx
FN:21,(anonymous_0)
FN:24,(anonymous_1)
FN:58,(anonymous_2)
FN:61,(anonymous_3)
FN:110,(anonymous_4)
FN:130,(anonymous_5)
FN:133,(anonymous_6)
FN:169,(anonymous_7)
FN:172,(anonymous_8)
FN:235,StylingSystemDemo
FN:299,(anonymous_10)
FN:304,(anonymous_11)
FN:309,(anonymous_12)
FN:314,(anonymous_13)
FN:319,(anonymous_14)
FN:325,(anonymous_15)
FN:386,(anonymous_16)
FN:433,(anonymous_17)
FN:442,(anonymous_18)
FNF:19
FNH:6
FNDA:208,(anonymous_0)
FNDA:208,(anonymous_1)
FNDA:0,(anonymous_2)
FNDA:0,(anonymous_3)
FNDA:0,(anonymous_4)
FNDA:52,(anonymous_5)
FNDA:52,(anonymous_6)
FNDA:0,(anonymous_7)
FNDA:0,(anonymous_8)
FNDA:53,StylingSystemDemo
FNDA:0,(anonymous_10)
FNDA:0,(anonymous_11)
FNDA:0,(anonymous_12)
FNDA:0,(anonymous_13)
FNDA:0,(anonymous_14)
FNDA:0,(anonymous_15)
FNDA:0,(anonymous_16)
FNDA:0,(anonymous_17)
FNDA:52,(anonymous_18)
DA:21,1
DA:22,208
DA:24,208
DA:25,208
DA:27,52
DA:33,52
DA:39,0
DA:44,104
DA:51,208
DA:58,1
DA:59,0
DA:61,0
DA:62,0
DA:71,0
DA:72,0
DA:79,0
DA:81,0
DA:86,0
DA:93,0
DA:98,0
DA:103,0
DA:110,0
DA:111,0
DA:112,0
DA:114,0
DA:117,0
DA:130,1
DA:131,52
DA:133,52
DA:134,52
DA:140,52
DA:142,0
DA:149,52
DA:155,0
DA:162,52
DA:169,1
DA:170,0
DA:172,0
DA:173,0
DA:184,0
DA:185,0
DA:193,0
DA:194,0
DA:200,0
DA:201,0
DA:207,0
DA:213,0
DA:236,53
DA:237,52
DA:238,52
DA:240,52
DA:242,52
DA:299,0
DA:304,0
DA:309,0
DA:314,0
DA:319,0
DA:386,0
DA:433,0
DA:442,1
DA:443,52
LF:61
LH:24
BRDA:21,0,0,104
BRDA:25,1,0,52
BRDA:25,1,1,52
BRDA:25,1,2,0
BRDA:25,1,3,104
BRDA:58,2,0,0
BRDA:71,3,0,0
BRDA:71,3,1,0
BRDA:79,4,0,0
BRDA:79,4,1,0
BRDA:79,4,2,0
BRDA:79,4,3,0
BRDA:79,4,4,0
BRDA:111,5,0,0
BRDA:111,5,1,0
BRDA:111,6,0,0
BRDA:111,6,1,0
BRDA:120,7,0,0
BRDA:120,7,1,0
BRDA:130,8,0,0
BRDA:140,9,0,0
BRDA:140,9,1,52
BRDA:140,9,2,0
BRDA:184,10,0,0
BRDA:184,10,1,0
BRDA:193,11,0,0
BRDA:193,11,1,0
BRDA:200,12,0,0
BRDA:200,12,1,0
BRDA:215,13,0,0
BRDA:215,13,1,0
BRDA:226,14,0,0
BRDA:226,14,1,0
BRDA:264,15,0,2
BRDA:264,15,1,50
BRDA:272,16,0,2
BRDA:272,16,1,50
BRDA:368,17,0,0
BRDA:368,17,1,52
BRF:39
BRH:10
end_of_record
TN:
SF:src/app/styling-system-example-simple.tsx
FN:22,(anonymous_0)
FN:31,(anonymous_1)
FN:50,(anonymous_2)
FN:69,(anonymous_3)
FN:87,(anonymous_4)
FN:105,StylingSystemExampleSimple
FN:165,(anonymous_6)
FN:170,(anonymous_7)
FN:175,(anonymous_8)
FN:180,(anonymous_9)
FN:185,(anonymous_10)
FN:191,(anonymous_11)
FN:255,(anonymous_12)
FN:271,(anonymous_13)
FN:314,(anonymous_14)
FNF:15
FNH:5
FNDA:0,(anonymous_0)
FNDA:46,(anonymous_1)
FNDA:46,(anonymous_2)
FNDA:92,(anonymous_3)
FNDA:0,(anonymous_4)
FNDA:47,StylingSystemExampleSimple
FNDA:0,(anonymous_6)
FNDA:0,(anonymous_7)
FNDA:0,(anonymous_8)
FNDA:0,(anonymous_9)
FNDA:0,(anonymous_10)
FNDA:0,(anonymous_11)
FNDA:0,(anonymous_12)
FNDA:0,(anonymous_13)
FNDA:46,(anonymous_14)
DA:22,1
DA:23,0
DA:24,0
DA:31,1
DA:32,46
DA:33,46
DA:50,1
DA:51,46
DA:52,46
DA:69,1
DA:70,92
DA:71,92
DA:87,1
DA:88,0
DA:89,0
DA:106,47
DA:107,46
DA:108,46
DA:110,46
DA:112,46
DA:165,0
DA:170,0
DA:175,0
DA:180,0
DA:185,0
DA:255,0
DA:271,0
DA:314,1
DA:315,46
LF:29
LH:18
BRDA:132,0,0,2
BRDA:132,0,1,44
BRDA:140,1,0,2
BRDA:140,1,1,44
BRDA:234,2,0,0
BRDA:234,2,1,46
BRF:6
BRH:5
end_of_record
TN:
SF:src/app/styling-system-example.tsx
FN:39,(anonymous_0)
FN:48,(anonymous_1)
FN:67,(anonymous_2)
FN:86,(anonymous_3)
FN:104,(anonymous_4)
FN:122,StylingSystemExample
FN:145,(anonymous_6)
FN:146,(anonymous_7)
FN:147,(anonymous_8)
FN:152,(anonymous_9)
FN:155,(anonymous_10)
FN:156,(anonymous_11)
FN:157,(anonymous_12)
FN:158,(anonymous_13)
FN:234,(anonymous_14)
FN:239,(anonymous_15)
FN:244,(anonymous_16)
FN:249,(anonymous_17)
FN:254,(anonymous_18)
FN:260,(anonymous_19)
FN:293,(anonymous_20)
FN:299,(anonymous_21)
FN:319,(anonymous_22)
FN:319,(anonymous_23)
FN:328,(anonymous_24)
FN:328,(anonymous_25)
FN:336,(anonymous_26)
FN:336,(anonymous_27)
FN:344,(anonymous_28)
FN:350,(anonymous_29)
FN:350,(anonymous_30)
FN:376,(anonymous_31)
FN:383,(anonymous_32)
FN:399,(anonymous_33)
FN:418,(anonymous_34)
FN:426,(anonymous_35)
FN:438,(anonymous_36)
FN:443,(anonymous_37)
FN:455,(anonymous_38)
FN:467,(anonymous_39)
FN:472,(anonymous_40)
FN:484,(anonymous_41)
FNF:42
FNH:0
FNDA:0,(anonymous_0)
FNDA:0,(anonymous_1)
FNDA:0,(anonymous_2)
FNDA:0,(anonymous_3)
FNDA:0,(anonymous_4)
FNDA:0,StylingSystemExample
FNDA:0,(anonymous_6)
FNDA:0,(anonymous_7)
FNDA:0,(anonymous_8)
FNDA:0,(anonymous_9)
FNDA:0,(anonymous_10)
FNDA:0,(anonymous_11)
FNDA:0,(anonymous_12)
FNDA:0,(anonymous_13)
FNDA:0,(anonymous_14)
FNDA:0,(anonymous_15)
FNDA:0,(anonymous_16)
FNDA:0,(anonymous_17)
FNDA:0,(anonymous_18)
FNDA:0,(anonymous_19)
FNDA:0,(anonymous_20)
FNDA:0,(anonymous_21)
FNDA:0,(anonymous_22)
FNDA:0,(anonymous_23)
FNDA:0,(anonymous_24)
FNDA:0,(anonymous_25)
FNDA:0,(anonymous_26)
FNDA:0,(anonymous_27)
FNDA:0,(anonymous_28)
FNDA:0,(anonymous_29)
FNDA:0,(anonymous_30)
FNDA:0,(anonymous_31)
FNDA:0,(anonymous_32)
FNDA:0,(anonymous_33)
FNDA:0,(anonymous_34)
FNDA:0,(anonymous_35)
FNDA:0,(anonymous_36)
FNDA:0,(anonymous_37)
FNDA:0,(anonymous_38)
FNDA:0,(anonymous_39)
FNDA:0,(anonymous_40)
FNDA:0,(anonymous_41)
DA:39,0
DA:40,0
DA:41,0
DA:48,0
DA:49,0
DA:50,0
DA:67,0
DA:68,0
DA:69,0
DA:86,0
DA:87,0
DA:88,0
DA:104,0
DA:105,0
DA:106,0
DA:123,0
DA:124,0
DA:125,0
DA:126,0
DA:131,0
DA:137,0
DA:145,0
DA:146,0
DA:147,0
DA:152,0
DA:155,0
DA:156,0
DA:157,0
DA:158,0
DA:159,0
DA:164,0
DA:171,0
DA:173,0
DA:234,0
DA:239,0
DA:244,0
DA:249,0
DA:254,0
DA:293,0
DA:299,0
DA:319,0
DA:328,0
DA:336,0
DA:350,0
DA:376,0
DA:383,0
DA:399,0
DA:418,0
DA:426,0
DA:438,0
DA:444,0
DA:445,0
DA:455,0
DA:467,0
DA:473,0
DA:474,0
DA:484,0
DA:485,0
LF:58
LH:0
BRDA:149,0,0,0
BRDA:149,0,1,0
BRDA:195,1,0,0
BRDA:195,1,1,0
BRDA:203,2,0,0
BRDA:203,2,1,0
BRDA:355,3,0,0
BRDA:355,3,1,0
BRF:8
BRH:0
end_of_record
TN:
SF:src/app/styling-system-performance-demo.tsx
FN:24,(anonymous_0)
FN:26,(anonymous_1)
FN:68,(anonymous_2)
FN:73,(anonymous_3)
FN:74,(anonymous_4)
FN:74,(anonymous_5)
FN:80,(anonymous_6)
FN:83,(anonymous_7)
FN:84,(anonymous_8)
FN:84,(anonymous_9)
FN:140,(anonymous_10)
FN:144,(anonymous_11)
FN:156,StylingSystemPerformanceDemo
FN:166,(anonymous_13)
FN:232,(anonymous_14)
FN:234,(anonymous_15)
FN:237,(anonymous_16)
FN:239,(anonymous_17)
FN:242,(anonymous_18)
FN:247,(anonymous_19)
FN:286,(anonymous_20)
FN:321,(anonymous_21)
FN:352,(anonymous_22)
FNF:23
FNH:0
FNDA:0,(anonymous_0)
FNDA:0,(anonymous_1)
FNDA:0,(anonymous_2)
FNDA:0,(anonymous_3)
FNDA:0,(anonymous_4)
FNDA:0,(anonymous_5)
FNDA:0,(anonymous_6)
FNDA:0,(anonymous_7)
FNDA:0,(anonymous_8)
FNDA:0,(anonymous_9)
FNDA:0,(anonymous_10)
FNDA:0,(anonymous_11)
FNDA:0,StylingSystemPerformanceDemo
FNDA:0,(anonymous_13)
FNDA:0,(anonymous_14)
FNDA:0,(anonymous_15)
FNDA:0,(anonymous_16)
FNDA:0,(anonymous_17)
FNDA:0,(anonymous_18)
FNDA:0,(anonymous_19)
FNDA:0,(anonymous_20)
FNDA:0,(anonymous_21)
FNDA:0,(anonymous_22)
DA:24,0
DA:25,0
DA:26,0
DA:57,0
DA:59,0
DA:68,0
DA:69,0
DA:70,0
DA:71,0
DA:73,0
DA:74,0
DA:79,0
DA:80,0
DA:83,0
DA:84,0
DA:86,0
DA:89,0
DA:92,0
DA:120,0
DA:140,0
DA:145,0
DA:157,0
DA:158,0
DA:159,0
DA:161,0
DA:162,0
DA:163,0
DA:165,0
DA:166,0
DA:232,0
DA:233,0
DA:234,0
DA:237,0
DA:238,0
DA:239,0
DA:242,0
DA:243,0
DA:244,0
DA:247,0
DA:248,0
DA:249,0
DA:251,0
DA:258,0
DA:261,0
DA:286,0
DA:322,0
DA:352,0
LF:47
LH:0
BRF:0
BRH:0
end_of_record
TN:
SF:src/app/(auth)/_layout.tsx
FN:3,AuthLayout
FNF:1
FNH:0
FNDA:0,AuthLayout
DA:4,0
LF:1
LH:0
BRF:0
BRH:0
end_of_record
TN:
SF:src/app/(auth)/email-login.tsx
FN:19,EmailLoginScreen
FN:27,(anonymous_1)
FN:49,(anonymous_2)
FN:59,(anonymous_3)
FN:144,(anonymous_4)
FN:163,(anonymous_5)
FNF:6
FNH:0
FNDA:0,EmailLoginScreen
FNDA:0,(anonymous_1)
FNDA:0,(anonymous_2)
FNDA:0,(anonymous_3)
FNDA:0,(anonymous_4)
FNDA:0,(anonymous_5)
DA:20,0
DA:21,0
DA:23,0
DA:24,0
DA:25,0
DA:27,0
DA:28,0
DA:29,0
DA:30,0
DA:33,0
DA:34,0
DA:35,0
DA:38,0
DA:40,0
DA:41,0
DA:42,0
DA:43,0
DA:45,0
DA:49,0
DA:50,0
DA:52,0
DA:53,0
DA:55,0
DA:59,0
DA:60,0
DA:61,0
DA:62,0
DA:64,0
DA:68,0
DA:144,0
DA:164,0
DA:165,0
DA:196,0
LF:33
LH:0
BRDA:28,0,0,0
BRDA:28,0,1,0
BRDA:33,1,0,0
BRDA:33,1,1,0
BRDA:40,2,0,0
BRDA:40,2,1,0
BRDA:42,3,0,0
BRDA:42,3,1,0
BRDA:45,4,0,0
BRDA:45,4,1,0
BRDA:52,5,0,0
BRDA:52,5,1,0
BRDA:55,6,0,0
BRDA:55,6,1,0
BRDA:61,7,0,0
BRDA:61,7,1,0
BRDA:64,8,0,0
BRDA:64,8,1,0
BRDA:71,9,0,0
BRDA:71,9,1,0
BRDA:77,10,0,0
BRDA:77,10,1,0
BRDA:85,11,0,0
BRDA:85,11,1,0
BRF:24
BRH:0
end_of_record
TN:
SF:src/app/(auth)/onboarding.tsx
FN:4,OnboardingScreen
FNF:1
FNH:0
FNDA:0,OnboardingScreen
DA:5,0
LF:1
LH:0
BRF:0
BRH:0
end_of_record
TN:
SF:src/app/(auth)/phone-login.tsx
FN:19,PhoneLoginScreen
FN:29,(anonymous_1)
FN:44,(anonymous_2)
FN:54,(anonymous_3)
FN:88,(anonymous_4)
FN:108,(anonymous_5)
FNF:6
FNH:0
FNDA:0,PhoneLoginScreen
FNDA:0,(anonymous_1)
FNDA:0,(anonymous_2)
FNDA:0,(anonymous_3)
FNDA:0,(anonymous_4)
FNDA:0,(anonymous_5)
DA:20,0
DA:21,0
DA:23,0
DA:24,0
DA:25,0
DA:26,0
DA:27,0
DA:29,0
DA:30,0
DA:31,0
DA:33,0
DA:35,0
DA:36,0
DA:37,0
DA:38,0
DA:40,0
DA:44,0
DA:45,0
DA:47,0
DA:48,0
DA:50,0
DA:54,0
DA:55,0
DA:56,0
DA:57,0
DA:61,0
DA:88,0
DA:108,0
DA:148,0
LF:29
LH:0
BRDA:35,0,0,0
BRDA:35,0,1,0
BRDA:37,1,0,0
BRDA:37,1,1,0
BRDA:40,2,0,0
BRDA:40,2,1,0
BRDA:47,3,0,0
BRDA:47,3,1,0
BRDA:50,4,0,0
BRDA:50,4,1,0
BRDA:56,5,0,0
BRDA:56,5,1,0
BRDA:57,6,0,0
BRDA:57,6,1,0
BRDA:64,7,0,0
BRDA:64,7,1,0
BRDA:70,8,0,0
BRDA:70,8,1,0
BRDA:78,9,0,0
BRDA:78,9,1,0
BRF:20
BRH:0
end_of_record
TN:
SF:src/app/(auth)/phone-signup.tsx
FN:19,PhoneSignUpScreen
FN:30,(anonymous_1)
FN:43,(anonymous_2)
FN:54,(anonymous_3)
FN:74,(anonymous_4)
FN:83,(anonymous_5)
FN:116,(anonymous_6)
FN:138,(anonymous_7)
FNF:8
FNH:0
FNDA:0,PhoneSignUpScreen
FNDA:0,(anonymous_1)
FNDA:0,(anonymous_2)
FNDA:0,(anonymous_3)
FNDA:0,(anonymous_4)
FNDA:0,(anonymous_5)
FNDA:0,(anonymous_6)
FNDA:0,(anonymous_7)
DA:20,0
DA:21,0
DA:23,0
DA:24,0
DA:25,0
DA:26,0
DA:27,0
DA:28,0
DA:30,0
DA:31,0
DA:32,0
DA:34,0
DA:36,0
DA:37,0
DA:39,0
DA:43,0
DA:44,0
DA:46,0
DA:48,0
DA:50,0
DA:54,0
DA:55,0
DA:56,0
DA:57,0
DA:60,0
DA:61,0
DA:62,0
DA:65,0
DA:67,0
DA:68,0
DA:74,0
DA:79,0
DA:83,0
DA:84,0
DA:85,0
DA:86,0
DA:90,0
DA:116,0
DA:138,0
DA:194,0
LF:40
LH:0
BRDA:36,0,0,0
BRDA:36,0,1,0
BRDA:39,1,0,0
BRDA:39,1,1,0
BRDA:46,2,0,0
BRDA:46,2,1,0
BRDA:50,3,0,0
BRDA:50,3,1,0
BRDA:55,4,0,0
BRDA:55,4,1,0
BRDA:60,5,0,0
BRDA:60,5,1,0
BRDA:67,6,0,0
BRDA:67,6,1,0
BRDA:79,7,0,0
BRDA:79,7,1,0
BRDA:85,8,0,0
BRDA:85,8,1,0
BRDA:86,9,0,0
BRDA:86,9,1,0
BRDA:93,10,0,0
BRDA:93,10,1,0
BRDA:99,11,0,0
BRDA:99,11,1,0
BRDA:100,12,0,0
BRDA:100,12,1,0
BRDA:101,13,0,0
BRDA:101,13,1,0
BRDA:106,14,0,0
BRDA:106,14,1,0
BRDA:132,15,0,0
BRDA:132,15,1,0
BRDA:155,16,0,0
BRDA:155,16,1,0
BRF:34
BRH:0
end_of_record
TN:
SF:src/app/(auth)/verify-email.tsx
FN:16,VerifyEmailScreen
FN:27,(anonymous_1)
FN:31,(anonymous_2)
FN:59,(anonymous_3)
FN:74,(anonymous_4)
FN:100,(anonymous_5)
FNF:6
FNH:1
FNDA:15,VerifyEmailScreen
FNDA:0,(anonymous_1)
FNDA:0,(anonymous_2)
FNDA:0,(anonymous_3)
FNDA:0,(anonymous_4)
FNDA:0,(anonymous_5)
DA:17,15
DA:18,15
DA:19,15
DA:21,15
DA:22,14
DA:27,14
DA:28,0
DA:31,14
DA:32,0
DA:34,0
DA:35,0
DA:37,0
DA:38,0
DA:42,0
DA:43,0
DA:47,0
DA:52,0
DA:54,0
DA:56,0
DA:59,0
DA:60,0
DA:64,0
DA:65,0
DA:70,0
DA:74,14
DA:75,0
DA:76,0
DA:78,0
DA:79,0
DA:85,0
DA:92,0
DA:100,14
DA:101,0
DA:104,14
DA:105,14
DA:120,0
DA:121,0
DA:139,0
DA:170,1
LF:39
LH:12
BRDA:37,0,0,0
BRDA:37,0,1,0
BRDA:37,1,0,0
BRDA:37,1,1,0
BRDA:54,2,0,0
BRDA:54,2,1,0
BRDA:78,3,0,0
BRDA:78,3,1,0
BRDA:87,4,0,0
BRDA:87,4,1,0
BRDA:104,5,0,14
BRDA:104,5,1,0
BRDA:120,6,0,0
BRDA:120,6,1,0
BRDA:148,7,0,0
BRDA:148,7,1,0
BRF:16
BRH:1
end_of_record
TN:
SF:src/app/(auth)/welcome.tsx
FN:13,WelcomeScreen
FN:29,(anonymous_1)
FN:41,(anonymous_2)
FN:48,(anonymous_3)
FNF:4
FNH:0
FNDA:0,WelcomeScreen
FNDA:0,(anonymous_1)
FNDA:0,(anonymous_2)
FNDA:0,(anonymous_3)
DA:14,0
DA:16,0
DA:29,0
DA:41,0
DA:48,0
DA:64,0
LF:6
LH:0
BRF:0
BRH:0
end_of_record
TN:
SF:src/app/(tabs)/_layout.tsx
FN:6,TabLayout
FN:21,(anonymous_1)
FN:47,(anonymous_2)
FN:58,(anonymous_3)
FN:69,(anonymous_4)
FN:83,(anonymous_5)
FNF:6
FNH:0
FNDA:0,TabLayout
FNDA:0,(anonymous_1)
FNDA:0,(anonymous_2)
FNDA:0,(anonymous_3)
FNDA:0,(anonymous_4)
FNDA:0,(anonymous_5)
DA:7,0
DA:22,0
DA:48,0
DA:59,0
DA:70,0
DA:84,0
LF:6
LH:0
BRDA:14,0,0,0
BRDA:14,0,1,0
BRDA:17,1,0,0
BRDA:17,1,1,0
BRDA:18,2,0,0
BRDA:18,2,1,0
BRDA:22,3,0,0
BRDA:22,3,1,0
BRF:8
BRH:0
end_of_record
TN:
SF:src/app/(tabs)/events.tsx
FN:6,EventsScreen
FNF:1
FNH:0
FNDA:0,EventsScreen
DA:7,0
DA:75,0
LF:2
LH:0
BRF:0
BRH:0
end_of_record
TN:
SF:src/app/(tabs)/groups.tsx
FN:38,GroupsScreen
FN:63,(anonymous_1)
FN:69,(anonymous_2)
FN:70,(anonymous_3)
FN:72,(anonymous_4)
FN:74,(anonymous_5)
FN:82,(anonymous_6)
FN:85,(anonymous_7)
FN:98,(anonymous_8)
FN:109,(anonymous_9)
FN:110,(anonymous_10)
FN:126,(anonymous_11)
FN:130,(anonymous_12)
FN:134,(anonymous_13)
FN:138,(anonymous_14)
FN:146,(anonymous_15)
FN:152,(anonymous_16)
FN:174,(anonymous_17)
FN:178,(anonymous_18)
FN:191,(anonymous_19)
FN:199,(anonymous_20)
FN:245,(anonymous_21)
FN:245,(anonymous_22)
FN:251,(anonymous_23)
FN:271,(anonymous_24)
FN:307,(anonymous_25)
FN:318,(anonymous_26)
FN:329,(anonymous_27)
FN:332,(anonymous_28)
FN:333,(anonymous_29)
FN:335,(anonymous_30)
FN:350,(anonymous_31)
FNF:32
FNH:0
FNDA:0,GroupsScreen
FNDA:0,(anonymous_1)
FNDA:0,(anonymous_2)
FNDA:0,(anonymous_3)
FNDA:0,(anonymous_4)
FNDA:0,(anonymous_5)
FNDA:0,(anonymous_6)
FNDA:0,(anonymous_7)
FNDA:0,(anonymous_8)
FNDA:0,(anonymous_9)
FNDA:0,(anonymous_10)
FNDA:0,(anonymous_11)
FNDA:0,(anonymous_12)
FNDA:0,(anonymous_13)
FNDA:0,(anonymous_14)
FNDA:0,(anonymous_15)
FNDA:0,(anonymous_16)
FNDA:0,(anonymous_17)
FNDA:0,(anonymous_18)
FNDA:0,(anonymous_19)
FNDA:0,(anonymous_20)
FNDA:0,(anonymous_21)
FNDA:0,(anonymous_22)
FNDA:0,(anonymous_23)
FNDA:0,(anonymous_24)
FNDA:0,(anonymous_25)
FNDA:0,(anonymous_26)
FNDA:0,(anonymous_27)
FNDA:0,(anonymous_28)
FNDA:0,(anonymous_29)
FNDA:0,(anonymous_30)
FNDA:0,(anonymous_31)
DA:39,0
DA:40,0
DA:41,0
DA:42,0
DA:43,0
DA:44,0
DA:45,0
DA:49,0
DA:50,0
DA:52,0
DA:53,0
DA:60,0
DA:63,0
DA:64,0
DA:65,0
DA:66,0
DA:67,0
DA:69,0
DA:70,0
DA:72,0
DA:73,0
DA:74,0
DA:78,0
DA:82,0
DA:83,0
DA:84,0
DA:87,0
DA:88,0
DA:89,0
DA:90,0
DA:96,0
DA:99,0
DA:100,0
DA:101,0
DA:102,0
DA:103,0
DA:104,0
DA:105,0
DA:109,0
DA:110,0
DA:111,0
DA:112,0
DA:114,0
DA:121,0
DA:126,0
DA:127,0
DA:130,0
DA:131,0
DA:134,0
DA:135,0
DA:138,0
DA:143,0
DA:146,0
DA:152,0
DA:154,0
DA:159,0
DA:174,0
DA:175,0
DA:178,0
DA:191,0
DA:192,0
DA:199,0
DA:200,0
DA:207,0
DA:208,0
DA:224,0
DA:225,0
DA:238,0
DA:245,0
DA:251,0
DA:272,0
DA:273,0
DA:274,0
DA:275,0
DA:276,0
DA:307,0
DA:318,0
DA:319,0
DA:320,0
DA:324,0
DA:325,0
DA:327,0
DA:329,0
DA:330,0
DA:332,0
DA:333,0
DA:335,0
DA:339,0
DA:352,0
DA:353,0
DA:359,0
LF:91
LH:0
BRDA:64,0,0,0
BRDA:64,0,1,0
BRDA:66,1,0,0
BRDA:66,1,1,0
BRDA:68,2,0,0
BRDA:68,2,1,0
BRDA:73,3,0,0
BRDA:73,3,1,0
BRDA:74,4,0,0
BRDA:74,4,1,0
BRDA:83,5,0,0
BRDA:83,5,1,0
BRDA:87,6,0,0
BRDA:87,6,1,0
BRDA:87,7,0,0
BRDA:87,7,1,0
BRDA:89,8,0,0
BRDA:89,8,1,0
BRDA:99,9,0,0
BRDA:99,9,1,0
BRDA:99,10,0,0
BRDA:99,10,1,0
BRDA:102,11,0,0
BRDA:102,11,1,0
BRDA:102,12,0,0
BRDA:102,12,1,0
BRDA:103,13,0,0
BRDA:103,13,1,0
BRDA:104,14,0,0
BRDA:104,14,1,0
BRDA:154,15,0,0
BRDA:154,15,1,0
BRDA:154,15,2,0
BRDA:154,15,3,0
BRDA:162,16,0,0
BRDA:162,16,1,0
BRDA:164,17,0,0
BRDA:164,17,1,0
BRDA:166,18,0,0
BRDA:166,18,1,0
BRDA:207,19,0,0
BRDA:207,19,1,0
BRDA:207,20,0,0
BRDA:207,20,1,0
BRDA:224,21,0,0
BRDA:224,21,1,0
BRDA:224,22,0,0
BRDA:224,22,1,0
BRDA:254,23,0,0
BRDA:254,23,1,0
BRDA:265,24,0,0
BRDA:265,24,1,0
BRDA:274,25,0,0
BRDA:274,25,1,0
BRDA:274,26,0,0
BRDA:274,26,1,0
BRDA:276,27,0,0
BRDA:276,27,1,0
BRDA:283,28,0,0
BRDA:283,28,1,0
BRDA:295,29,0,0
BRDA:295,29,1,0
BRDA:302,30,0,0
BRDA:302,30,1,0
BRDA:327,31,0,0
BRDA:327,31,1,0
BRDA:331,32,0,0
BRDA:331,32,1,0
BRDA:335,33,0,0
BRDA:335,33,1,0
BRDA:335,34,0,0
BRDA:335,34,1,0
BRDA:345,35,0,0
BRDA:345,35,1,0
BRF:74
BRH:0
end_of_record
TN:
SF:src/app/(tabs)/index.tsx
FN:29,HomeScreen
FN:69,(anonymous_1)
FN:113,(anonymous_2)
FN:149,(anonymous_3)
FN:188,(anonymous_4)
FN:199,(anonymous_5)
FN:204,(anonymous_6)
FN:218,(anonymous_7)
FN:228,(anonymous_8)
FN:232,(anonymous_9)
FNF:10
FNH:0
FNDA:0,HomeScreen
FNDA:0,(anonymous_1)
FNDA:0,(anonymous_2)
FNDA:0,(anonymous_3)
FNDA:0,(anonymous_4)
FNDA:0,(anonymous_5)
FNDA:0,(anonymous_6)
FNDA:0,(anonymous_7)
FNDA:0,(anonymous_8)
FNDA:0,(anonymous_9)
DA:30,0
DA:33,0
DA:34,0
DA:48,0
DA:54,0
DA:60,0
DA:63,0
DA:64,0
DA:66,0
DA:69,0
DA:70,0
DA:78,0
DA:79,0
DA:86,0
DA:113,0
DA:149,0
DA:188,0
DA:200,0
DA:204,0
DA:218,0
DA:228,0
DA:232,0
DA:260,0
LF:23
LH:0
BRDA:63,0,0,0
BRDA:63,0,1,0
BRDA:64,1,0,0
BRDA:64,1,1,0
BRDA:66,2,0,0
BRDA:66,2,1,0
BRDA:66,2,2,0
BRDA:78,3,0,0
BRDA:78,3,1,0
BRDA:78,4,0,0
BRDA:78,4,1,0
BRDA:98,5,0,0
BRDA:98,5,1,0
BRDA:98,5,2,0
BRDA:103,6,0,0
BRDA:103,6,1,0
BRDA:110,7,0,0
BRDA:110,7,1,0
BRDA:123,8,0,0
BRDA:123,8,1,0
BRDA:131,9,0,0
BRDA:131,9,1,0
BRDA:152,10,0,0
BRDA:152,10,1,0
BRDA:160,11,0,0
BRDA:160,11,1,0
BRDA:193,12,0,0
BRDA:193,12,1,0
BRDA:193,13,0,0
BRDA:193,13,1,0
BRF:30
BRH:0
end_of_record
TN:
SF:src/app/(tabs)/profile.tsx
FN:28,ProfileScreen
FN:58,(anonymous_1)
FN:67,(anonymous_2)
FN:73,(anonymous_3)
FN:81,(anonymous_4)
FN:91,(anonymous_5)
FN:155,(anonymous_6)
FN:165,(anonymous_7)
FN:214,(anonymous_8)
FN:242,(anonymous_9)
FN:250,(anonymous_10)
FN:254,(anonymous_11)
FN:277,(anonymous_12)
FN:292,(anonymous_13)
FN:309,(anonymous_14)
FN:318,(anonymous_15)
FN:324,(anonymous_16)
FN:345,(anonymous_17)
FN:352,(anonymous_18)
FN:359,(anonymous_19)
FNF:20
FNH:0
FNDA:0,ProfileScreen
FNDA:0,(anonymous_1)
FNDA:0,(anonymous_2)
FNDA:0,(anonymous_3)
FNDA:0,(anonymous_4)
FNDA:0,(anonymous_5)
FNDA:0,(anonymous_6)
FNDA:0,(anonymous_7)
FNDA:0,(anonymous_8)
FNDA:0,(anonymous_9)
FNDA:0,(anonymous_10)
FNDA:0,(anonymous_11)
FNDA:0,(anonymous_12)
FNDA:0,(anonymous_13)
FNDA:0,(anonymous_14)
FNDA:0,(anonymous_15)
FNDA:0,(anonymous_16)
FNDA:0,(anonymous_17)
FNDA:0,(anonymous_18)
FNDA:0,(anonymous_19)
DA:29,0
DA:30,0
DA:31,0
DA:32,0
DA:33,0
DA:40,0
DA:46,0
DA:49,0
DA:50,0
DA:53,0
DA:58,0
DA:59,0
DA:67,0
DA:68,0
DA:74,0
DA:75,0
DA:81,0
DA:82,0
DA:83,0
DA:92,0
DA:93,0
DA:94,0
DA:95,0
DA:97,0
DA:108,0
DA:109,0
DA:119,0
DA:120,0
DA:130,0
DA:155,0
DA:165,0
DA:215,0
DA:242,0
DA:251,0
DA:255,0
DA:277,0
DA:292,0
DA:309,0
DA:318,0
DA:324,0
DA:345,0
DA:352,0
DA:359,0
DA:367,0
LF:44
LH:0
BRDA:53,0,0,0
BRDA:53,0,1,0
BRDA:53,0,2,0
BRDA:53,0,3,0
BRDA:82,1,0,0
BRDA:82,1,1,0
BRDA:108,2,0,0
BRDA:108,2,1,0
BRDA:119,3,0,0
BRDA:119,3,1,0
BRDA:119,4,0,0
BRDA:119,4,1,0
BRDA:139,5,0,0
BRDA:139,5,1,0
BRDA:149,6,0,0
BRDA:149,6,1,0
BRDA:164,7,0,0
BRDA:164,7,1,0
BRDA:171,8,0,0
BRDA:171,8,1,0
BRDA:178,9,0,0
BRDA:178,9,1,0
BRDA:187,10,0,0
BRDA:187,10,1,0
BRDA:199,11,0,0
BRDA:199,11,1,0
BRDA:211,12,0,0
BRDA:211,12,1,0
BRDA:211,12,2,0
BRDA:218,13,0,0
BRDA:218,13,1,0
BRDA:238,14,0,0
BRDA:238,14,1,0
BRDA:248,15,0,0
BRDA:248,15,1,0
BRDA:248,16,0,0
BRDA:248,16,1,0
BRDA:255,17,0,0
BRDA:255,17,1,0
BRDA:259,18,0,0
BRDA:259,18,1,0
BRDA:268,19,0,0
BRDA:268,19,1,0
BRDA:276,20,0,0
BRDA:276,20,1,0
BRDA:342,21,0,0
BRDA:342,21,1,0
BRDA:356,22,0,0
BRDA:356,22,1,0
BRF:49
BRH:0
end_of_record
TN:
SF:src/app/(tabs)/profile/security.tsx
FN:19,ProfileSecurityScreen
FN:33,(anonymous_1)
FN:55,(anonymous_2)
FN:69,(anonymous_3)
FN:108,(anonymous_4)
FN:130,(anonymous_5)
FN:165,(anonymous_6)
FN:181,(anonymous_7)
FN:191,(anonymous_8)
FN:214,(anonymous_9)
FN:220,(anonymous_10)
FNF:11
FNH:0
FNDA:0,ProfileSecurityScreen
FNDA:0,(anonymous_1)
FNDA:0,(anonymous_2)
FNDA:0,(anonymous_3)
FNDA:0,(anonymous_4)
FNDA:0,(anonymous_5)
FNDA:0,(anonymous_6)
FNDA:0,(anonymous_7)
FNDA:0,(anonymous_8)
FNDA:0,(anonymous_9)
FNDA:0,(anonymous_10)
DA:20,0
DA:21,0
DA:23,0
DA:24,0
DA:26,0
DA:28,0
DA:29,0
DA:30,0
DA:31,0
DA:33,0
DA:34,0
DA:35,0
DA:36,0
DA:39,0
DA:40,0
DA:41,0
DA:44,0
DA:46,0
DA:47,0
DA:48,0
DA:49,0
DA:51,0
DA:55,0
DA:56,0
DA:57,0
DA:59,0
DA:61,0
DA:62,0
DA:63,0
DA:65,0
DA:69,0
DA:70,0
DA:72,0
DA:73,0
DA:74,0
DA:75,0
DA:76,0
DA:78,0
DA:82,0
DA:83,0
DA:85,0
DA:108,0
DA:131,0
DA:132,0
DA:165,0
DA:181,0
DA:192,0
DA:193,0
DA:214,0
DA:221,0
DA:222,0
DA:223,0
DA:243,0
LF:53
LH:0
BRDA:34,0,0,0
BRDA:34,0,1,0
BRDA:39,1,0,0
BRDA:39,1,1,0
BRDA:46,2,0,0
BRDA:46,2,1,0
BRDA:51,3,0,0
BRDA:51,3,1,0
BRDA:61,4,0,0
BRDA:61,4,1,0
BRDA:65,5,0,0
BRDA:65,5,1,0
BRDA:72,6,0,0
BRDA:72,6,1,0
BRDA:78,7,0,0
BRDA:78,7,1,0
BRDA:82,8,0,0
BRDA:82,8,1,0
BRDA:83,9,0,0
BRDA:83,9,1,0
BRDA:96,10,0,0
BRDA:96,10,1,0
BRDA:105,11,0,0
BRDA:105,11,1,0
BRDA:107,12,0,0
BRDA:107,12,1,0
BRDA:114,13,0,0
BRDA:114,13,1,0
BRDA:153,14,0,0
BRDA:153,14,1,0
BRDA:162,15,0,0
BRDA:162,15,1,0
BRDA:164,16,0,0
BRDA:164,16,1,0
BRDA:171,17,0,0
BRDA:171,17,1,0
BRDA:208,18,0,0
BRDA:208,18,1,0
BRF:38
BRH:0
end_of_record
TN:
SF:src/app/admin/_layout.tsx
FN:8,AdminLayout
FN:17,(anonymous_1)
FNF:2
FNH:0
FNDA:0,AdminLayout
FNDA:0,(anonymous_1)
DA:9,0
DA:17,0
DA:38,0
LF:3
LH:0
BRF:0
BRH:0
end_of_record
TN:
SF:src/app/admin/index.tsx
FN:8,AdminDashboardScreen
FN:9,(anonymous_1)
FN:30,(anonymous_2)
FN:40,(anonymous_3)
FNF:4
FNH:0
FNDA:0,AdminDashboardScreen
FNDA:0,(anonymous_1)
FNDA:0,(anonymous_2)
FNDA:0,(anonymous_3)
DA:9,0
DA:14,0
DA:30,0
DA:40,0
DA:53,0
LF:5
LH:0
BRF:0
BRH:0
end_of_record
TN:
SF:src/app/admin/manage-groups.tsx
FN:74,GroupManagementCard
FN:82,(anonymous_1)
FN:97,(anonymous_2)
FN:112,(anonymous_3)
FN:158,(anonymous_4)
FN:222,(anonymous_5)
FN:236,(anonymous_6)
FN:253,(anonymous_7)
FN:277,GroupMembersModal
FN:297,(anonymous_9)
FN:298,(anonymous_10)
FN:335,ManageGroupsScreen
FN:373,(anonymous_12)
FN:378,(anonymous_13)
FN:387,(anonymous_14)
FN:395,(anonymous_15)
FN:398,(anonymous_16)
FN:406,(anonymous_17)
FN:414,(anonymous_18)
FN:417,(anonymous_19)
FN:425,(anonymous_20)
FN:433,(anonymous_21)
FN:436,(anonymous_22)
FN:451,(anonymous_23)
FN:463,(anonymous_24)
FN:469,(anonymous_25)
FN:486,(anonymous_26)
FN:505,(anonymous_27)
FN:522,(anonymous_28)
FN:532,(anonymous_29)
FN:540,(anonymous_30)
FN:543,(anonymous_31)
FN:547,(anonymous_32)
FN:553,(anonymous_33)
FN:564,(anonymous_34)
FN:567,(anonymous_35)
FN:571,(anonymous_36)
FN:593,(anonymous_37)
FN:608,(anonymous_38)
FN:613,(anonymous_39)
FN:619,(anonymous_40)
FN:630,(anonymous_41)
FN:633,(anonymous_42)
FN:637,(anonymous_43)
FN:653,(anonymous_44)
FN:666,(anonymous_45)
FN:671,(anonymous_46)
FN:677,(anonymous_47)
FN:688,(anonymous_48)
FN:691,(anonymous_49)
FN:695,(anonymous_50)
FN:711,(anonymous_51)
FN:724,(anonymous_52)
FN:729,(anonymous_53)
FN:740,(anonymous_54)
FN:748,(anonymous_55)
FN:768,(anonymous_56)
FN:778,(anonymous_57)
FN:791,(anonymous_58)
FN:805,(anonymous_59)
FN:824,(anonymous_60)
FN:845,(anonymous_61)
FN:856,(anonymous_62)
FN:857,(anonymous_63)
FN:870,(anonymous_64)
FN:881,(anonymous_65)
FN:903,(anonymous_66)
FN:923,(anonymous_67)
FN:943,(anonymous_68)
FN:951,(anonymous_69)
FN:1006,(anonymous_70)
FN:1014,(anonymous_71)
FN:1028,(anonymous_72)
FN:1035,(anonymous_73)
FN:1051,(anonymous_74)
FN:1077,(anonymous_75)
FN:1086,(anonymous_76)
FNF:77
FNH:0
FNDA:0,GroupManagementCard
FNDA:0,(anonymous_1)
FNDA:0,(anonymous_2)
FNDA:0,(anonymous_3)
FNDA:0,(anonymous_4)
FNDA:0,(anonymous_5)
FNDA:0,(anonymous_6)
FNDA:0,(anonymous_7)
FNDA:0,GroupMembersModal
FNDA:0,(anonymous_9)
FNDA:0,(anonymous_10)
FNDA:0,ManageGroupsScreen
FNDA:0,(anonymous_12)
FNDA:0,(anonymous_13)
FNDA:0,(anonymous_14)
FNDA:0,(anonymous_15)
FNDA:0,(anonymous_16)
FNDA:0,(anonymous_17)
FNDA:0,(anonymous_18)
FNDA:0,(anonymous_19)
FNDA:0,(anonymous_20)
FNDA:0,(anonymous_21)
FNDA:0,(anonymous_22)
FNDA:0,(anonymous_23)
FNDA:0,(anonymous_24)
FNDA:0,(anonymous_25)
FNDA:0,(anonymous_26)
FNDA:0,(anonymous_27)
FNDA:0,(anonymous_28)
FNDA:0,(anonymous_29)
FNDA:0,(anonymous_30)
FNDA:0,(anonymous_31)
FNDA:0,(anonymous_32)
FNDA:0,(anonymous_33)
FNDA:0,(anonymous_34)
FNDA:0,(anonymous_35)
FNDA:0,(anonymous_36)
FNDA:0,(anonymous_37)
FNDA:0,(anonymous_38)
FNDA:0,(anonymous_39)
FNDA:0,(anonymous_40)
FNDA:0,(anonymous_41)
FNDA:0,(anonymous_42)
FNDA:0,(anonymous_43)
FNDA:0,(anonymous_44)
FNDA:0,(anonymous_45)
FNDA:0,(anonymous_46)
FNDA:0,(anonymous_47)
FNDA:0,(anonymous_48)
FNDA:0,(anonymous_49)
FNDA:0,(anonymous_50)
FNDA:0,(anonymous_51)
FNDA:0,(anonymous_52)
FNDA:0,(anonymous_53)
FNDA:0,(anonymous_54)
FNDA:0,(anonymous_55)
FNDA:0,(anonymous_56)
FNDA:0,(anonymous_57)
FNDA:0,(anonymous_58)
FNDA:0,(anonymous_59)
FNDA:0,(anonymous_60)
FNDA:0,(anonymous_61)
FNDA:0,(anonymous_62)
FNDA:0,(anonymous_63)
FNDA:0,(anonymous_64)
FNDA:0,(anonymous_65)
FNDA:0,(anonymous_66)
FNDA:0,(anonymous_67)
FNDA:0,(anonymous_68)
FNDA:0,(anonymous_69)
FNDA:0,(anonymous_70)
FNDA:0,(anonymous_71)
FNDA:0,(anonymous_72)
FNDA:0,(anonymous_73)
FNDA:0,(anonymous_74)
FNDA:0,(anonymous_75)
FNDA:0,(anonymous_76)
DA:82,0
DA:85,0
DA:87,0
DA:89,0
DA:91,0
DA:94,0
DA:97,0
DA:98,0
DA:100,0
DA:102,0
DA:104,0
DA:106,0
DA:108,0
DA:112,0
DA:113,0
DA:115,0
DA:117,0
DA:119,0
DA:121,0
DA:123,0
DA:127,0
DA:158,0
DA:222,0
DA:236,0
DA:253,0
DA:282,0
DA:284,0
DA:297,0
DA:299,0
DA:336,0
DA:337,0
DA:339,0
DA:340,0
DA:341,0
DA:342,0
DA:343,0
DA:344,0
DA:345,0
DA:358,0
DA:363,0
DA:366,0
DA:373,0
DA:374,0
DA:375,0
DA:378,0
DA:379,0
DA:380,0
DA:386,0
DA:388,0
DA:391,0
DA:392,0
DA:393,0
DA:396,0
DA:399,0
DA:405,0
DA:407,0
DA:410,0
DA:411,0
DA:412,0
DA:415,0
DA:418,0
DA:424,0
DA:426,0
DA:429,0
DA:430,0
DA:431,0
DA:434,0
DA:437,0
DA:449,0
DA:452,0
DA:453,0
DA:458,0
DA:459,0
DA:464,0
DA:465,0
DA:467,0
DA:469,0
DA:481,0
DA:487,0
DA:489,0
DA:494,0
DA:501,0
DA:502,0
DA:506,0
DA:510,0
DA:511,0
DA:515,0
DA:521,0
DA:523,0
DA:527,0
DA:528,0
DA:529,0
DA:532,0
DA:533,0
DA:534,0
DA:535,0
DA:540,0
DA:541,0
DA:542,0
DA:543,0
DA:547,0
DA:548,0
DA:549,0
DA:550,0
DA:553,0
DA:554,0
DA:556,0
DA:564,0
DA:565,0
DA:567,0
DA:569,0
DA:570,0
DA:572,0
DA:583,0
DA:586,0
DA:590,0
DA:594,0
DA:601,0
DA:608,0
DA:609,0
DA:613,0
DA:614,0
DA:615,0
DA:616,0
DA:619,0
DA:620,0
DA:622,0
DA:630,0
DA:631,0
DA:633,0
DA:635,0
DA:636,0
DA:638,0
DA:649,0
DA:650,0
DA:654,0
DA:659,0
DA:666,0
DA:667,0
DA:671,0
DA:672,0
DA:673,0
DA:674,0
DA:677,0
DA:678,0
DA:680,0
DA:688,0
DA:689,0
DA:691,0
DA:693,0
DA:694,0
DA:696,0
DA:707,0
DA:708,0
DA:712,0
DA:717,0
DA:724,0
DA:725,0
DA:729,0
DA:730,0
DA:731,0
DA:735,0
DA:740,0
DA:741,0
DA:742,0
DA:747,0
DA:749,0
DA:768,0
DA:769,0
DA:771,0
DA:773,0
DA:775,0
DA:779,0
DA:788,0
DA:792,0
DA:801,0
DA:806,0
DA:815,0
DA:819,0
DA:820,0
DA:824,0
DA:834,0
DA:845,0
DA:856,0
DA:858,0
DA:859,0
DA:860,0
DA:872,0
DA:874,0
DA:876,0
DA:879,0
DA:882,0
DA:883,0
DA:884,0
DA:885,0
DA:886,0
DA:904,0
DA:905,0
DA:906,0
DA:923,0
DA:943,0
DA:952,0
DA:953,0
DA:954,0
DA:1006,0
DA:1015,0
DA:1016,0
DA:1017,0
DA:1029,0
DA:1035,0
DA:1052,0
DA:1078,0
DA:1079,0
DA:1086,0
DA:1098,0
LF:215
LH:0
BRDA:80,0,0,0
BRDA:85,1,0,0
BRDA:85,1,1,0
BRDA:85,1,2,0
BRDA:85,1,3,0
BRDA:85,1,4,0
BRDA:98,2,0,0
BRDA:98,2,1,0
BRDA:98,2,2,0
BRDA:98,2,3,0
BRDA:98,2,4,0
BRDA:113,3,0,0
BRDA:113,3,1,0
BRDA:113,3,2,0
BRDA:113,3,3,0
BRDA:113,3,4,0
BRDA:160,4,0,0
BRDA:160,4,1,0
BRDA:165,5,0,0
BRDA:165,5,1,0
BRDA:182,6,0,0
BRDA:182,6,1,0
BRDA:183,7,0,0
BRDA:183,7,1,0
BRDA:190,8,0,0
BRDA:190,8,1,0
BRDA:193,9,0,0
BRDA:193,9,1,0
BRDA:200,10,0,0
BRDA:200,10,1,0
BRDA:218,11,0,0
BRDA:218,11,1,0
BRDA:250,12,0,0
BRDA:250,12,1,0
BRDA:282,13,0,0
BRDA:282,13,1,0
BRDA:282,14,0,0
BRDA:282,14,1,0
BRDA:295,15,0,0
BRDA:295,15,1,0
BRDA:295,16,0,0
BRDA:295,16,1,0
BRDA:307,17,0,0
BRDA:307,17,1,0
BRDA:374,18,0,0
BRDA:374,18,1,0
BRDA:374,19,0,0
BRDA:374,19,1,0
BRDA:379,20,0,0
BRDA:379,20,1,0
BRDA:389,21,0,0
BRDA:389,21,1,0
BRDA:408,22,0,0
BRDA:408,22,1,0
BRDA:427,23,0,0
BRDA:427,23,1,0
BRDA:450,24,0,0
BRDA:450,24,1,0
BRDA:452,25,0,0
BRDA:452,25,1,0
BRDA:458,26,0,0
BRDA:458,26,1,0
BRDA:459,27,0,0
BRDA:459,27,1,0
BRDA:461,28,0,0
BRDA:461,28,1,0
BRDA:464,29,0,0
BRDA:464,29,1,0
BRDA:483,30,0,0
BRDA:483,30,1,0
BRDA:486,31,0,0
BRDA:487,32,0,0
BRDA:487,32,1,0
BRDA:501,33,0,0
BRDA:501,33,1,0
BRDA:504,34,0,0
BRDA:504,34,1,0
BRDA:506,35,0,0
BRDA:506,35,1,0
BRDA:507,36,0,0
BRDA:507,36,1,0
BRDA:507,36,2,0
BRDA:511,37,0,0
BRDA:511,37,1,0
BRDA:521,38,0,0
BRDA:521,38,1,0
BRDA:522,39,0,0
BRDA:522,39,1,0
BRDA:523,40,0,0
BRDA:523,40,1,0
BRDA:523,41,0,0
BRDA:523,41,1,0
BRDA:525,42,0,0
BRDA:525,42,1,0
BRDA:527,43,0,0
BRDA:527,43,1,0
BRDA:528,44,0,0
BRDA:528,44,1,0
BRDA:529,45,0,0
BRDA:529,45,1,0
BRDA:533,46,0,0
BRDA:533,46,1,0
BRDA:534,47,0,0
BRDA:534,47,1,0
BRDA:534,48,0,0
BRDA:534,48,1,0
BRDA:541,49,0,0
BRDA:541,49,1,0
BRDA:542,50,0,0
BRDA:542,50,1,0
BRDA:548,51,0,0
BRDA:548,51,1,0
BRDA:554,52,0,0
BRDA:554,52,1,0
BRDA:565,53,0,0
BRDA:565,53,1,0
BRDA:565,54,0,0
BRDA:565,54,1,0
BRDA:583,55,0,0
BRDA:583,55,1,0
BRDA:593,56,0,0
BRDA:593,56,1,0
BRDA:594,57,0,0
BRDA:594,57,1,0
BRDA:614,58,0,0
BRDA:614,58,1,0
BRDA:620,59,0,0
BRDA:620,59,1,0
BRDA:631,60,0,0
BRDA:631,60,1,0
BRDA:631,61,0,0
BRDA:631,61,1,0
BRDA:649,62,0,0
BRDA:649,62,1,0
BRDA:653,63,0,0
BRDA:653,63,1,0
BRDA:654,64,0,0
BRDA:654,64,1,0
BRDA:672,65,0,0
BRDA:672,65,1,0
BRDA:678,66,0,0
BRDA:678,66,1,0
BRDA:689,67,0,0
BRDA:689,67,1,0
BRDA:689,68,0,0
BRDA:689,68,1,0
BRDA:707,69,0,0
BRDA:707,69,1,0
BRDA:711,70,0,0
BRDA:711,70,1,0
BRDA:712,71,0,0
BRDA:712,71,1,0
BRDA:735,72,0,0
BRDA:735,72,1,0
BRDA:735,72,2,0
BRDA:741,73,0,0
BRDA:741,73,1,0
BRDA:741,74,0,0
BRDA:741,74,1,0
BRDA:741,74,2,0
BRDA:769,75,0,0
BRDA:769,75,1,0
BRDA:769,76,0,0
BRDA:769,76,1,0
BRDA:773,77,0,0
BRDA:773,77,1,0
BRDA:773,77,2,0
BRDA:773,77,3,0
BRDA:803,78,0,0
BRDA:803,78,1,0
BRDA:819,79,0,0
BRDA:819,79,1,0
BRDA:827,80,0,0
BRDA:827,80,1,0
BRDA:865,81,0,0
BRDA:865,81,1,0
BRDA:872,82,0,0
BRDA:872,82,1,0
BRDA:874,83,0,0
BRDA:874,83,1,0
BRDA:876,84,0,0
BRDA:876,84,1,0
BRDA:895,85,0,0
BRDA:895,85,1,0
BRDA:897,86,0,0
BRDA:897,86,1,0
BRDA:899,87,0,0
BRDA:899,87,1,0
BRDA:910,88,0,0
BRDA:910,88,1,0
BRDA:918,89,0,0
BRDA:918,89,1,0
BRDA:927,90,0,0
BRDA:927,90,1,0
BRDA:935,91,0,0
BRDA:935,91,1,0
BRDA:963,92,0,0
BRDA:963,92,1,0
BRDA:989,93,0,0
BRDA:989,93,1,0
BRDA:997,94,0,0
BRDA:997,94,1,0
BRDA:997,95,0,0
BRDA:997,95,1,0
BRDA:1033,96,0,0
BRDA:1033,96,1,0
BRDA:1040,97,0,0
BRDA:1040,97,1,0
BRF:208
BRH:0
end_of_record
TN:
SF:src/app/admin/manage-users.tsx
FN:36,ManageUsersScreen
FN:50,(anonymous_1)
FN:65,(anonymous_2)
FN:72,(anonymous_3)
FN:82,(anonymous_4)
FN:97,(anonymous_5)
FN:104,(anonymous_6)
FN:107,(anonymous_7)
FN:112,(anonymous_8)
FN:114,(anonymous_9)
FN:120,(anonymous_10)
FN:125,(anonymous_11)
FN:136,(anonymous_12)
FN:159,(anonymous_13)
FN:168,(anonymous_14)
FN:179,(anonymous_15)
FN:245,(anonymous_16)
FN:274,(anonymous_17)
FN:284,(anonymous_18)
FN:297,(anonymous_19)
FN:305,(anonymous_20)
FN:315,(anonymous_21)
FN:328,(anonymous_22)
FN:376,(anonymous_23)
FN:380,(anonymous_24)
FNF:25
FNH:0
FNDA:0,ManageUsersScreen
FNDA:0,(anonymous_1)
FNDA:0,(anonymous_2)
FNDA:0,(anonymous_3)
FNDA:0,(anonymous_4)
FNDA:0,(anonymous_5)
FNDA:0,(anonymous_6)
FNDA:0,(anonymous_7)
FNDA:0,(anonymous_8)
FNDA:0,(anonymous_9)
FNDA:0,(anonymous_10)
FNDA:0,(anonymous_11)
FNDA:0,(anonymous_12)
FNDA:0,(anonymous_13)
FNDA:0,(anonymous_14)
FNDA:0,(anonymous_15)
FNDA:0,(anonymous_16)
FNDA:0,(anonymous_17)
FNDA:0,(anonymous_18)
FNDA:0,(anonymous_19)
FNDA:0,(anonymous_20)
FNDA:0,(anonymous_21)
FNDA:0,(anonymous_22)
FNDA:0,(anonymous_23)
FNDA:0,(anonymous_24)
DA:37,0
DA:38,0
DA:41,0
DA:48,0
DA:51,0
DA:52,0
DA:54,0
DA:58,0
DA:59,0
DA:61,0
DA:67,0
DA:68,0
DA:70,0
DA:72,0
DA:80,0
DA:83,0
DA:84,0
DA:86,0
DA:90,0
DA:91,0
DA:93,0
DA:99,0
DA:100,0
DA:102,0
DA:104,0
DA:107,0
DA:108,0
DA:110,0
DA:112,0
DA:114,0
DA:116,0
DA:120,0
DA:121,0
DA:122,0
DA:125,0
DA:127,0
DA:130,0
DA:131,0
DA:136,0
DA:152,0
DA:159,0
DA:168,0
DA:179,0
DA:246,0
DA:247,0
DA:275,0
DA:276,0
DA:284,0
DA:297,0
DA:306,0
DA:307,0
DA:315,0
DA:328,0
DA:377,0
DA:380,0
DA:393,0
LF:56
LH:0
BRDA:51,0,0,0
BRDA:51,0,1,0
BRDA:58,1,0,0
BRDA:58,1,1,0
BRDA:61,2,0,0
BRDA:61,2,1,0
BRDA:67,3,0,0
BRDA:67,3,1,0
BRDA:83,4,0,0
BRDA:83,4,1,0
BRDA:90,5,0,0
BRDA:90,5,1,0
BRDA:99,6,0,0
BRDA:99,6,1,0
BRDA:108,7,0,0
BRDA:108,7,1,0
BRDA:110,8,0,0
BRDA:110,8,1,0
BRDA:110,8,2,0
BRDA:130,9,0,0
BRDA:130,9,1,0
BRDA:144,10,0,0
BRDA:144,10,1,0
BRDA:187,11,0,0
BRDA:187,11,1,0
BRDA:195,12,0,0
BRDA:195,12,1,0
BRDA:204,13,0,0
BRDA:204,13,1,0
BRDA:243,14,0,0
BRDA:243,14,1,0
BRDA:263,15,0,0
BRDA:263,15,1,0
BRDA:266,16,0,0
BRDA:266,16,1,0
BRDA:272,17,0,0
BRDA:272,17,1,0
BRDA:294,18,0,0
BRDA:294,18,1,0
BRDA:297,19,0,0
BRDA:297,19,1,0
BRDA:303,20,0,0
BRDA:303,20,1,0
BRDA:325,21,0,0
BRDA:325,21,1,0
BRDA:328,22,0,0
BRDA:328,22,1,0
BRDA:334,23,0,0
BRDA:334,23,1,0
BRDA:351,24,0,0
BRDA:351,24,1,0
BRDA:359,25,0,0
BRDA:359,25,1,0
BRDA:362,26,0,0
BRDA:362,26,1,0
BRDA:364,27,0,0
BRDA:364,27,1,0
BRDA:369,28,0,0
BRDA:369,28,1,0
BRF:59
BRH:0
end_of_record
TN:
SF:src/app/event/[id].tsx
FN:26,EventDetailScreen
FN:35,(anonymous_1)
FN:68,(anonymous_2)
FN:93,(anonymous_3)
FN:105,(anonymous_4)
FN:121,(anonymous_5)
FN:123,(anonymous_6)
FN:130,(anonymous_7)
FN:144,(anonymous_8)
FN:155,(anonymous_9)
FN:174,(anonymous_10)
FN:202,(anonymous_11)
FNF:12
FNH:0
FNDA:0,EventDetailScreen
FNDA:0,(anonymous_1)
FNDA:0,(anonymous_2)
FNDA:0,(anonymous_3)
FNDA:0,(anonymous_4)
FNDA:0,(anonymous_5)
FNDA:0,(anonymous_6)
FNDA:0,(anonymous_7)
FNDA:0,(anonymous_8)
FNDA:0,(anonymous_9)
FNDA:0,(anonymous_10)
FNDA:0,(anonymous_11)
DA:27,0
DA:28,0
DA:30,0
DA:31,0
DA:32,0
DA:33,0
DA:35,0
DA:36,0
DA:37,0
DA:38,0
DA:39,0
DA:41,0
DA:42,0
DA:49,0
DA:50,0
DA:57,0
DA:68,0
DA:69,0
DA:71,0
DA:72,0
DA:75,0
DA:76,0
DA:81,0
DA:86,0
DA:90,0
DA:93,0
DA:94,0
DA:95,0
DA:97,0
DA:98,0
DA:99,0
DA:100,0
DA:102,0
DA:105,0
DA:106,0
DA:108,0
DA:109,0
DA:111,0
DA:112,0
DA:114,0
DA:115,0
DA:118,0
DA:121,0
DA:122,0
DA:123,0
DA:124,0
DA:125,0
DA:130,0
DA:131,0
DA:133,0
DA:134,0
DA:138,0
DA:140,0
DA:144,0
DA:145,0
DA:147,0
DA:156,0
DA:157,0
DA:161,0
DA:163,0
DA:174,0
DA:175,0
DA:176,0
DA:180,0
DA:181,0
DA:191,0
DA:192,0
DA:202,0
DA:210,0
DA:212,0
DA:214,0
DA:359,0
LF:72
LH:0
BRDA:31,0,0,0
BRDA:31,0,1,0
BRDA:41,1,0,0
BRDA:41,1,1,0
BRDA:49,2,0,0
BRDA:49,2,1,0
BRDA:69,3,0,0
BRDA:69,3,1,0
BRDA:75,4,0,0
BRDA:75,4,1,0
BRDA:94,5,0,0
BRDA:94,5,1,0
BRDA:95,6,0,0
BRDA:95,6,1,0
BRDA:98,7,0,0
BRDA:98,7,1,0
BRDA:99,8,0,0
BRDA:99,8,1,0
BRDA:100,9,0,0
BRDA:100,9,1,0
BRDA:102,10,0,0
BRDA:102,10,1,0
BRDA:106,11,0,0
BRDA:106,11,1,0
BRDA:108,12,0,0
BRDA:108,12,1,0
BRDA:109,13,0,0
BRDA:109,13,1,0
BRDA:111,14,0,0
BRDA:111,14,1,0
BRDA:114,15,0,0
BRDA:114,15,1,0
BRDA:122,16,0,0
BRDA:122,16,1,0
BRDA:131,17,0,0
BRDA:131,17,1,0
BRDA:131,18,0,0
BRDA:131,18,1,0
BRDA:145,19,0,0
BRDA:145,19,1,0
BRDA:145,20,0,0
BRDA:145,20,1,0
BRDA:175,21,0,0
BRDA:175,21,1,0
BRDA:180,22,0,0
BRDA:180,22,1,0
BRDA:191,23,0,0
BRDA:191,23,1,0
BRDA:191,24,0,0
BRDA:191,24,1,0
BRDA:197,25,0,0
BRDA:197,25,1,0
BRDA:210,26,0,0
BRDA:210,26,1,0
BRDA:212,27,0,0
BRDA:212,27,1,0
BRDA:216,28,0,0
BRDA:216,28,1,0
BRDA:224,29,0,0
BRDA:224,29,1,0
BRDA:228,30,0,0
BRDA:228,30,1,0
BRDA:252,31,0,0
BRDA:252,31,1,0
BRDA:266,32,0,0
BRDA:266,32,1,0
BRDA:270,33,0,0
BRDA:270,33,1,0
BRDA:276,34,0,0
BRDA:276,34,1,0
BRDA:283,35,0,0
BRDA:283,35,1,0
BRDA:290,36,0,0
BRDA:290,36,1,0
BRDA:299,37,0,0
BRDA:299,37,1,0
BRDA:299,37,2,0
BRDA:310,38,0,0
BRDA:310,38,1,0
BRDA:326,39,0,0
BRDA:326,39,1,0
BRDA:326,39,2,0
BRDA:328,40,0,0
BRDA:328,40,1,0
BRF:84
BRH:0
end_of_record
TN:
SF:src/app/group/[id].tsx
FN:17,GroupDetailScreen
FN:33,(anonymous_1)
FN:37,(anonymous_2)
FN:43,(anonymous_3)
FN:59,(anonymous_4)
FN:60,(anonymous_5)
FNF:6
FNH:0
FNDA:0,GroupDetailScreen
FNDA:0,(anonymous_1)
FNDA:0,(anonymous_2)
FNDA:0,(anonymous_3)
FNDA:0,(anonymous_4)
FNDA:0,(anonymous_5)
DA:18,0
DA:19,0
DA:20,0
DA:21,0
DA:28,0
DA:31,0
DA:33,0
DA:34,0
DA:37,0
DA:39,0
DA:40,0
DA:43,0
DA:44,0
DA:45,0
DA:49,0
DA:50,0
DA:57,0
DA:58,0
DA:59,0
DA:60,0
DA:62,0
DA:65,0
DA:67,0
DA:85,0
LF:24
LH:0
BRDA:19,0,0,0
BRDA:19,0,1,0
BRDA:44,1,0,0
BRDA:44,1,1,0
BRDA:49,2,0,0
BRDA:49,2,1,0
BRDA:49,3,0,0
BRDA:49,3,1,0
BRDA:57,4,0,0
BRDA:57,4,1,0
BRDA:57,5,0,0
BRDA:57,5,1,0
BRDA:65,6,0,0
BRDA:65,6,1,0
BRF:14
BRH:0
end_of_record
TN:
SF:src/app/group/create.tsx
FN:38,CreateGroupPage
FN:69,(anonymous_1)
FN:77,(anonymous_2)
FN:127,(anonymous_3)
FN:160,(anonymous_4)
FN:173,(anonymous_5)
FN:193,(anonymous_6)
FN:198,(anonymous_7)
FN:205,(anonymous_8)
FN:213,(anonymous_9)
FN:231,(anonymous_10)
FN:268,(anonymous_11)
FN:270,(anonymous_12)
FNF:13
FNH:0
FNDA:0,CreateGroupPage
FNDA:0,(anonymous_1)
FNDA:0,(anonymous_2)
FNDA:0,(anonymous_3)
FNDA:0,(anonymous_4)
FNDA:0,(anonymous_5)
FNDA:0,(anonymous_6)
FNDA:0,(anonymous_7)
FNDA:0,(anonymous_8)
FNDA:0,(anonymous_9)
FNDA:0,(anonymous_10)
FNDA:0,(anonymous_11)
FNDA:0,(anonymous_12)
DA:28,0
DA:39,0
DA:40,0
DA:41,0
DA:42,0
DA:43,0
DA:44,0
DA:45,0
DA:50,0
DA:69,0
DA:70,0
DA:77,0
DA:78,0
DA:83,0
DA:87,0
DA:90,0
DA:91,0
DA:95,0
DA:98,0
DA:99,0
DA:100,0
DA:115,0
DA:119,0
DA:121,0
DA:127,0
DA:132,0
DA:134,0
DA:135,0
DA:140,0
DA:145,0
DA:149,0
DA:161,0
DA:174,0
DA:194,0
DA:198,0
DA:206,0
DA:213,0
DA:232,0
DA:233,0
DA:234,0
DA:235,0
DA:268,0
DA:269,0
DA:270,0
DA:271,0
DA:272,0
DA:273,0
DA:275,0
DA:284,0
LF:49
LH:0
BRDA:78,0,0,0
BRDA:78,0,1,0
BRDA:79,1,0,0
BRDA:79,1,1,0
BRDA:79,1,2,0
BRDA:90,2,0,0
BRDA:90,2,1,0
BRDA:90,3,0,0
BRDA:90,3,1,0
BRDA:106,4,0,0
BRDA:106,4,1,0
BRDA:107,5,0,0
BRDA:107,5,1,0
BRDA:119,6,0,0
BRDA:119,6,1,0
BRDA:134,7,0,0
BRDA:134,7,1,0
BRDA:134,8,0,0
BRDA:134,8,1,0
BRDA:211,9,0,0
BRDA:211,9,1,0
BRDA:218,10,0,0
BRDA:218,10,1,0
BRDA:221,11,0,0
BRDA:221,11,1,0
BRDA:224,12,0,0
BRDA:224,12,1,0
BRDA:225,13,0,0
BRDA:225,13,1,0
BRDA:232,14,0,0
BRDA:232,14,1,0
BRDA:233,15,0,0
BRDA:233,15,1,0
BRDA:250,16,0,0
BRDA:250,16,1,0
BRDA:272,17,0,0
BRDA:272,17,1,0
BRDA:277,18,0,0
BRDA:277,18,1,0
BRF:39
BRH:0
end_of_record
TN:
SF:src/app/profile/security.tsx
FNF:0
FNH:0
LF:0
LH:0
BRF:0
BRH:0
end_of_record
TN:
SF:src/app/user/[id].tsx
FN:23,OtherUserProfileScreen
FN:26,(anonymous_1)
FN:47,(anonymous_2)
FN:53,(anonymous_3)
FN:55,(anonymous_4)
FN:56,(anonymous_5)
FN:62,(anonymous_6)
FN:72,(anonymous_7)
FN:74,(anonymous_8)
FN:75,(anonymous_9)
FN:82,(anonymous_10)
FN:113,(anonymous_11)
FN:119,(anonymous_12)
FN:121,(anonymous_13)
FN:122,(anonymous_14)
FN:154,(anonymous_15)
FN:202,(anonymous_16)
FN:206,(anonymous_17)
FN:236,InfoRow
FNF:19
FNH:0
FNDA:0,OtherUserProfileScreen
FNDA:0,(anonymous_1)
FNDA:0,(anonymous_2)
FNDA:0,(anonymous_3)
FNDA:0,(anonymous_4)
FNDA:0,(anonymous_5)
FNDA:0,(anonymous_6)
FNDA:0,(anonymous_7)
FNDA:0,(anonymous_8)
FNDA:0,(anonymous_9)
FNDA:0,(anonymous_10)
FNDA:0,(anonymous_11)
FNDA:0,(anonymous_12)
FNDA:0,(anonymous_13)
FNDA:0,(anonymous_14)
FNDA:0,(anonymous_15)
FNDA:0,(anonymous_16)
FNDA:0,(anonymous_17)
FNDA:0,InfoRow
DA:24,0
DA:25,0
DA:26,0
DA:29,0
DA:36,0
DA:37,0
DA:39,0
DA:40,0
DA:41,0
DA:42,0
DA:43,0
DA:45,0
DA:47,0
DA:48,0
DA:49,0
DA:54,0
DA:55,0
DA:56,0
DA:62,0
DA:63,0
DA:64,0
DA:73,0
DA:74,0
DA:75,0
DA:82,0
DA:83,0
DA:85,0
DA:86,0
DA:88,0
DA:94,0
DA:95,0
DA:98,0
DA:100,0
DA:112,0
DA:113,0
DA:115,0
DA:116,0
DA:120,0
DA:121,0
DA:122,0
DA:128,0
DA:131,0
DA:133,0
DA:135,0
DA:139,0
DA:140,0
DA:149,0
DA:150,0
DA:154,0
DA:160,0
DA:203,0
DA:207,0
DA:237,0
DA:245,0
LF:54
LH:0
BRDA:26,0,0,0
BRDA:26,0,1,0
BRDA:39,1,0,0
BRDA:39,1,1,0
BRDA:45,2,0,0
BRDA:45,2,1,0
BRDA:48,3,0,0
BRDA:48,3,1,0
BRDA:48,4,0,0
BRDA:48,4,1,0
BRDA:63,5,0,0
BRDA:63,5,1,0
BRDA:83,6,0,0
BRDA:83,6,1,0
BRDA:86,7,0,0
BRDA:86,7,1,0
BRDA:88,8,0,0
BRDA:88,8,1,0
BRDA:88,8,2,0
BRDA:88,8,3,0
BRDA:88,8,4,0
BRDA:94,9,0,0
BRDA:94,9,1,0
BRDA:98,10,0,0
BRDA:98,10,1,0
BRDA:98,10,2,0
BRDA:98,10,3,0
BRDA:98,10,4,0
BRDA:115,11,0,0
BRDA:115,11,1,0
BRDA:139,12,0,0
BRDA:139,12,1,0
BRDA:149,13,0,0
BRDA:149,13,1,0
BRDA:163,14,0,0
BRDA:163,14,1,0
BRDA:172,15,0,0
BRDA:172,15,1,0
BRDA:181,16,0,0
BRDA:181,16,1,0
BRDA:187,17,0,0
BRDA:187,17,1,0
BRDA:190,18,0,0
BRDA:190,18,1,0
BRDA:199,19,0,0
BRDA:199,19,1,0
BRDA:199,19,2,0
BRDA:207,20,0,0
BRDA:207,20,1,0
BRDA:212,21,0,0
BRDA:212,21,1,0
BRDA:226,22,0,0
BRDA:226,22,1,0
BRDA:226,22,2,0
BRF:54
BRH:0
end_of_record
TN:
SF:src/assets/examples/AssetExample.tsx
FN:11,(anonymous_0)
FN:14,(anonymous_1)
FNF:2
FNH:0
FNDA:0,(anonymous_0)
FNDA:0,(anonymous_1)
DA:11,0
DA:12,0
DA:14,0
DA:16,0
DA:26,0
DA:112,0
LF:6
LH:0
BRDA:57,0,0,0
BRDA:57,0,1,0
BRF:2
BRH:0
end_of_record
TN:
SF:src/components/ErrorBoundary.tsx
FN:29,(anonymous_0)
FN:37,(anonymous_1)
FN:41,(anonymous_2)
FN:57,(anonymous_3)
FN:68,(anonymous_4)
FN:79,(anonymous_5)
FNF:6
FNH:0
FNDA:0,(anonymous_0)
FNDA:0,(anonymous_1)
FNDA:0,(anonymous_2)
FNDA:0,(anonymous_3)
FNDA:0,(anonymous_4)
FNDA:0,(anonymous_5)
DA:27,0
DA:30,0
DA:31,0
DA:38,0
DA:42,0
DA:45,0
DA:52,0
DA:54,0
DA:57,0
DA:58,0
DA:59,0
DA:68,0
DA:71,0
DA:80,0
DA:81,0
DA:82,0
DA:85,0
DA:86,0
DA:88,0
DA:146,0
DA:150,0
LF:21
LH:0
BRDA:58,0,0,0
BRDA:58,0,1,0
BRDA:80,1,0,0
BRDA:80,1,1,0
BRDA:81,2,0,0
BRDA:81,2,1,0
BRDA:86,3,0,0
BRDA:86,3,1,0
BRDA:98,4,0,0
BRDA:98,4,1,0
BRDA:101,5,0,0
BRDA:101,5,1,0
BRDA:108,6,0,0
BRDA:108,6,1,0
BRDA:108,6,2,0
BRDA:120,7,0,0
BRDA:120,7,1,0
BRF:17
BRH:0
end_of_record
TN:
SF:src/components/admin/AdminDashboardSummary.tsx
FN:16,AdminDashboardSummary
FN:28,(anonymous_1)
FN:87,(anonymous_2)
FN:107,(anonymous_3)
FN:129,(anonymous_4)
FNF:5
FNH:0
FNDA:0,AdminDashboardSummary
FNDA:0,(anonymous_1)
FNDA:0,(anonymous_2)
FNDA:0,(anonymous_3)
FNDA:0,(anonymous_4)
DA:19,0
DA:23,0
DA:26,0
DA:29,0
DA:30,0
DA:33,0
DA:34,0
DA:40,0
DA:42,0
DA:43,0
DA:53,0
DA:87,0
DA:107,0
DA:131,0
DA:162,0
LF:15
LH:0
BRDA:29,0,0,0
BRDA:29,0,1,0
BRDA:33,1,0,0
BRDA:33,1,1,0
BRDA:40,2,0,0
BRDA:40,2,1,0
BRDA:42,3,0,0
BRDA:42,3,1,0
BRDA:61,4,0,0
BRDA:61,4,1,0
BRDA:68,5,0,0
BRDA:68,5,1,0
BRDA:75,6,0,0
BRDA:75,6,1,0
BRDA:96,7,0,0
BRDA:96,7,1,0
BRDA:113,8,0,0
BRDA:113,8,1,0
BRDA:117,9,0,0
BRDA:117,9,1,0
BRDA:117,10,0,0
BRDA:117,10,1,0
BRDA:119,11,0,0
BRDA:119,11,1,0
BRDA:141,12,0,0
BRDA:141,12,1,0
BRDA:153,13,0,0
BRDA:153,13,1,0
BRF:28
BRH:0
end_of_record
TN:
SF:src/components/admin/AdminHeader.tsx
FN:31,(anonymous_0)
FN:42,(anonymous_1)
FN:46,(anonymous_2)
FN:52,(anonymous_3)
FN:138,(anonymous_4)
FN:139,(anonymous_5)
FN:147,(anonymous_6)
FN:158,(anonymous_7)
FN:194,(anonymous_8)
FNF:9
FNH:0
FNDA:0,(anonymous_0)
FNDA:0,(anonymous_1)
FNDA:0,(anonymous_2)
FNDA:0,(anonymous_3)
FNDA:0,(anonymous_4)
FNDA:0,(anonymous_5)
FNDA:0,(anonymous_6)
FNDA:0,(anonymous_7)
FNDA:0,(anonymous_8)
DA:31,0
DA:42,0
DA:43,0
DA:46,0
DA:47,0
DA:48,0
DA:52,0
DA:53,0
DA:54,0
DA:58,0
DA:138,0
DA:139,0
DA:140,0
DA:141,0
DA:145,0
DA:148,0
DA:158,0
DA:194,0
DA:207,0
DA:230,0
LF:20
LH:0
BRDA:34,0,0,0
BRDA:35,1,0,0
BRDA:39,2,0,0
BRDA:47,3,0,0
BRDA:47,3,1,0
BRDA:53,4,0,0
BRDA:53,4,1,0
BRDA:62,5,0,0
BRDA:62,5,1,0
BRDA:80,6,0,0
BRDA:80,6,1,0
BRDA:80,7,0,0
BRDA:80,7,1,0
BRDA:88,8,0,0
BRDA:88,8,1,0
BRDA:96,9,0,0
BRDA:96,9,1,0
BRDA:107,10,0,0
BRDA:107,10,1,0
BRDA:108,11,0,0
BRDA:108,11,1,0
BRDA:113,12,0,0
BRDA:113,12,1,0
BRDA:140,13,0,0
BRDA:140,13,1,0
BRDA:149,14,0,0
BRDA:149,14,1,0
BRDA:165,15,0,0
BRDA:165,15,1,0
BRDA:197,16,0,0
BRDA:198,17,0,0
BRDA:202,18,0,0
BRDA:221,19,0,0
BRDA:221,19,1,0
BRDA:221,19,2,0
BRF:35
BRH:0
end_of_record
TN:
SF:src/components/admin/AdminIntegration.tsx
FN:38,(anonymous_0)
FN:61,(anonymous_1)
FN:62,(anonymous_2)
FN:68,(anonymous_3)
FN:79,(anonymous_4)
FN:82,(anonymous_5)
FN:91,(anonymous_6)
FN:95,(anonymous_7)
FN:98,(anonymous_8)
FN:101,(anonymous_9)
FN:105,(anonymous_10)
FN:106,(anonymous_11)
FN:113,(anonymous_12)
FN:114,(anonymous_13)
FN:118,(anonymous_14)
FN:124,(anonymous_15)
FN:131,(anonymous_16)
FN:137,(anonymous_17)
FN:138,(anonymous_18)
FN:151,(anonymous_19)
FN:155,(anonymous_20)
FN:175,(anonymous_21)
FN:185,(anonymous_22)
FN:297,(anonymous_23)
FN:307,(anonymous_24)
FNF:25
FNH:0
FNDA:0,(anonymous_0)
FNDA:0,(anonymous_1)
FNDA:0,(anonymous_2)
FNDA:0,(anonymous_3)
FNDA:0,(anonymous_4)
FNDA:0,(anonymous_5)
FNDA:0,(anonymous_6)
FNDA:0,(anonymous_7)
FNDA:0,(anonymous_8)
FNDA:0,(anonymous_9)
FNDA:0,(anonymous_10)
FNDA:0,(anonymous_11)
FNDA:0,(anonymous_12)
FNDA:0,(anonymous_13)
FNDA:0,(anonymous_14)
FNDA:0,(anonymous_15)
FNDA:0,(anonymous_16)
FNDA:0,(anonymous_17)
FNDA:0,(anonymous_18)
FNDA:0,(anonymous_19)
FNDA:0,(anonymous_20)
FNDA:0,(anonymous_21)
FNDA:0,(anonymous_22)
FNDA:0,(anonymous_23)
FNDA:0,(anonymous_24)
DA:36,0
DA:38,0
DA:41,0
DA:42,0
DA:44,0
DA:58,0
DA:61,0
DA:62,0
DA:63,0
DA:65,0
DA:66,0
DA:67,0
DA:68,0
DA:71,0
DA:75,0
DA:79,0
DA:80,0
DA:81,0
DA:82,0
DA:84,0
DA:90,0
DA:91,0
DA:95,0
DA:96,0
DA:97,0
DA:98,0
DA:100,0
DA:101,0
DA:105,0
DA:106,0
DA:113,0
DA:114,0
DA:118,0
DA:124,0
DA:131,0
DA:137,0
DA:138,0
DA:151,0
DA:152,0
DA:153,0
DA:155,0
DA:163,0
DA:164,0
DA:165,0
DA:166,0
DA:168,0
DA:169,0
DA:175,0
DA:185,0
DA:186,0
DA:188,0
DA:190,0
DA:192,0
DA:200,0
DA:208,0
DA:217,0
DA:226,0
DA:237,0
DA:244,0
DA:249,0
DA:265,0
DA:297,0
DA:298,0
DA:299,0
DA:301,0
DA:314,0
DA:329,0
DA:343,0
LF:68
LH:0
BRDA:58,0,0,0
BRDA:58,0,1,0
BRDA:63,1,0,0
BRDA:63,1,1,0
BRDA:67,2,0,0
BRDA:67,2,1,0
BRDA:105,3,0,0
BRDA:131,4,0,0
BRDA:131,4,1,0
BRDA:153,5,0,0
BRDA:153,5,1,0
BRDA:188,6,0,0
BRDA:188,6,1,0
BRDA:188,7,0,0
BRDA:188,7,1,0
BRDA:188,7,2,0
BRDA:190,8,0,0
BRDA:190,8,1,0
BRDA:190,8,2,0
BRDA:190,8,3,0
BRDA:190,8,4,0
BRDA:190,8,5,0
BRDA:190,8,6,0
BRDA:210,9,0,0
BRDA:210,9,1,0
BRDA:273,10,0,0
BRDA:273,10,1,0
BRDA:299,11,0,0
BRDA:299,11,1,0
BRF:29
BRH:0
end_of_record
TN:
SF:src/components/admin/AdminOnboarding.tsx
FN:107,(anonymous_0)
FN:119,(anonymous_1)
FN:120,(anonymous_2)
FN:125,(anonymous_3)
FN:129,(anonymous_4)
FN:131,(anonymous_5)
FN:135,(anonymous_6)
FN:139,(anonymous_7)
FN:148,(anonymous_8)
FN:150,(anonymous_9)
FN:158,(anonymous_10)
FN:166,(anonymous_11)
FN:177,(anonymous_12)
FN:196,(anonymous_13)
FN:261,(anonymous_14)
FN:266,(anonymous_15)
FN:386,(anonymous_16)
FN:389,(anonymous_17)
FNF:18
FNH:0
FNDA:0,(anonymous_0)
FNDA:0,(anonymous_1)
FNDA:0,(anonymous_2)
FNDA:0,(anonymous_3)
FNDA:0,(anonymous_4)
FNDA:0,(anonymous_5)
FNDA:0,(anonymous_6)
FNDA:0,(anonymous_7)
FNDA:0,(anonymous_8)
FNDA:0,(anonymous_9)
FNDA:0,(anonymous_10)
FNDA:0,(anonymous_11)
FNDA:0,(anonymous_12)
FNDA:0,(anonymous_13)
FNDA:0,(anonymous_14)
FNDA:0,(anonymous_15)
FNDA:0,(anonymous_16)
FNDA:0,(anonymous_17)
DA:31,0
DA:107,0
DA:112,0
DA:113,0
DA:115,0
DA:116,0
DA:117,0
DA:119,0
DA:120,0
DA:122,0
DA:123,0
DA:125,0
DA:129,0
DA:130,0
DA:131,0
DA:135,0
DA:136,0
DA:139,0
DA:140,0
DA:141,0
DA:144,0
DA:148,0
DA:149,0
DA:151,0
DA:158,0
DA:166,0
DA:167,0
DA:178,0
DA:196,0
DA:197,0
DA:233,0
DA:261,0
DA:266,0
DA:267,0
DA:269,0
DA:303,0
DA:337,0
DA:372,0
DA:374,0
DA:387,0
DA:390,0
DA:409,0
LF:42
LH:0
BRDA:122,0,0,0
BRDA:122,0,1,0
BRDA:130,1,0,0
BRDA:130,1,1,0
BRDA:140,2,0,0
BRDA:140,2,1,0
BRDA:142,3,0,0
BRDA:142,3,1,0
BRDA:155,4,0,0
BRDA:155,4,1,0
BRDA:156,5,0,0
BRDA:156,5,1,0
BRDA:185,6,0,0
BRDA:185,6,1,0
BRDA:185,6,2,0
BRDA:199,7,0,0
BRDA:199,7,1,0
BRDA:224,8,0,0
BRDA:224,8,1,0
BRDA:264,9,0,0
BRDA:267,10,0,0
BRDA:267,10,1,0
BRDA:267,10,2,0
BRF:23
BRH:0
end_of_record
TN:
SF:src/components/admin/UserManagementCard.tsx
FN:21,UserManagementCard
FN:30,(anonymous_1)
FN:40,(anonymous_2)
FN:44,(anonymous_3)
FN:50,(anonymous_4)
FN:59,(anonymous_5)
FN:186,(anonymous_6)
FN:203,(anonymous_7)
FNF:8
FNH:0
FNDA:0,UserManagementCard
FNDA:0,(anonymous_1)
FNDA:0,(anonymous_2)
FNDA:0,(anonymous_3)
FNDA:0,(anonymous_4)
FNDA:0,(anonymous_5)
FNDA:0,(anonymous_6)
FNDA:0,(anonymous_7)
DA:22,0
DA:28,0
DA:31,0
DA:32,0
DA:33,0
DA:35,0
DA:40,0
DA:41,0
DA:44,0
DA:45,0
DA:46,0
DA:52,0
DA:59,0
DA:60,0
DA:63,0
DA:186,0
DA:204,0
DA:255,0
LF:18
LH:0
BRDA:32,0,0,0
BRDA:32,0,1,0
BRDA:35,1,0,0
BRDA:35,1,1,0
BRDA:45,2,0,0
BRDA:45,2,1,0
BRDA:60,3,0,0
BRDA:60,3,1,0
BRDA:109,4,0,0
BRDA:109,4,1,0
BRDA:117,5,0,0
BRDA:117,5,1,0
BRDA:119,6,0,0
BRDA:119,6,1,0
BRDA:126,7,0,0
BRDA:126,7,1,0
BRDA:133,8,0,0
BRDA:133,8,1,0
BRDA:147,9,0,0
BRDA:147,9,1,0
BRDA:190,10,0,0
BRDA:190,10,1,0
BRDA:195,11,0,0
BRDA:195,11,1,0
BRDA:201,12,0,0
BRDA:201,12,1,0
BRDA:201,13,0,0
BRDA:201,13,1,0
BRDA:207,14,0,0
BRDA:207,14,1,0
BRDA:211,15,0,0
BRDA:211,15,1,0
BRDA:228,16,0,0
BRDA:228,16,1,0
BRF:34
BRH:0
end_of_record
TN:
SF:src/components/auth/OtpVerificationModal.tsx
FN:25,OtpVerificationModal
FN:44,(anonymous_1)
FN:47,(anonymous_2)
FN:49,(anonymous_3)
FN:52,(anonymous_4)
FN:68,(anonymous_5)
FN:82,(anonymous_6)
FN:97,(anonymous_7)
FNF:8
FNH:0
FNDA:0,OtpVerificationModal
FNDA:0,(anonymous_1)
FNDA:0,(anonymous_2)
FNDA:0,(anonymous_3)
FNDA:0,(anonymous_4)
FNDA:0,(anonymous_5)
FNDA:0,(anonymous_6)
FNDA:0,(anonymous_7)
DA:35,0
DA:36,0
DA:37,0
DA:39,0
DA:40,0
DA:41,0
DA:44,0
DA:46,0
DA:47,0
DA:49,0
DA:52,0
DA:53,0
DA:54,0
DA:55,0
DA:58,0
DA:60,0
DA:61,0
DA:62,0
DA:64,0
DA:68,0
DA:69,0
DA:71,0
DA:72,0
DA:73,0
DA:74,0
DA:75,0
DA:77,0
DA:82,0
DA:83,0
DA:84,0
DA:85,0
DA:88,0
DA:97,0
DA:137,0
LF:34
LH:0
BRDA:39,0,0,0
BRDA:39,0,1,0
BRDA:40,1,0,0
BRDA:40,1,1,0
BRDA:41,2,0,0
BRDA:41,2,1,0
BRDA:46,3,0,0
BRDA:46,3,1,0
BRDA:53,4,0,0
BRDA:53,4,1,0
BRDA:60,5,0,0
BRDA:60,5,1,0
BRDA:60,6,0,0
BRDA:60,6,1,0
BRDA:64,7,0,0
BRDA:64,7,1,0
BRDA:69,8,0,0
BRDA:69,8,1,0
BRDA:71,9,0,0
BRDA:71,9,1,0
BRDA:73,10,0,0
BRDA:73,10,1,0
BRDA:77,11,0,0
BRDA:77,11,1,0
BRDA:109,12,0,0
BRDA:109,12,1,0
BRDA:113,13,0,0
BRDA:113,13,1,0
BRDA:118,14,0,0
BRDA:118,14,1,0
BRDA:118,14,2,0
BRDA:120,15,0,0
BRDA:120,15,1,0
BRF:33
BRH:0
end_of_record
TN:
SF:src/components/brand/Logo/Logo.tsx
FN:52,(anonymous_0)
FN:65,(anonymous_1)
FN:86,(anonymous_2)
FNF:3
FNH:3
FNDA:29,(anonymous_0)
FNDA:29,(anonymous_1)
FNDA:29,(anonymous_2)
DA:46,2
DA:52,2
DA:62,29
DA:65,29
DA:66,29
DA:68,27
DA:69,25
DA:71,2
DA:74,2
DA:75,1
DA:78,1
DA:79,1
DA:82,0
DA:86,29
DA:87,29
DA:88,1
DA:90,28
DA:93,29
DA:94,29
DA:97,29
DA:98,29
DA:100,2
DA:102,2
DA:105,29
DA:114,29
DA:128,2
LF:26
LH:25
BRDA:53,0,0,18
BRDA:54,1,0,23
BRDA:55,2,0,27
BRDA:58,3,0,27
BRDA:59,4,0,22
BRDA:60,5,0,28
BRDA:66,6,0,27
BRDA:66,6,1,2
BRDA:68,7,0,25
BRDA:68,7,1,2
BRDA:68,8,0,27
BRDA:68,8,1,5
BRDA:69,9,0,3
BRDA:69,9,1,22
BRDA:74,10,0,1
BRDA:74,10,1,1
BRDA:75,11,0,1
BRDA:75,11,1,0
BRDA:75,12,0,0
BRDA:75,12,1,0
BRDA:78,13,0,1
BRDA:78,13,1,0
BRDA:79,14,0,1
BRDA:79,14,1,0
BRDA:79,15,0,0
BRDA:79,15,1,0
BRDA:87,16,0,1
BRDA:87,16,1,28
BRF:28
BRH:21
end_of_record
TN:
SF:src/components/debug/PlatformDebugInfo.tsx
FN:11,(anonymous_0)
FN:15,(anonymous_1)
FN:60,(anonymous_2)
FNF:3
FNH:0
FNDA:0,(anonymous_0)
FNDA:0,(anonymous_1)
FNDA:0,(anonymous_2)
DA:11,0
DA:12,0
DA:13,0
DA:15,0
DA:16,0
DA:19,0
DA:61,0
DA:84,0
LF:8
LH:0
BRDA:42,0,0,0
BRDA:42,0,1,0
BRDA:50,1,0,0
BRDA:50,1,1,0
BRDA:53,2,0,0
BRDA:53,2,1,0
BRDA:64,3,0,0
BRDA:64,3,1,0
BRDA:66,4,0,0
BRDA:66,4,1,0
BRF:10
BRH:0
end_of_record
TN:
SF:src/components/debug/StylePerformanceMonitor.tsx
FN:22,(anonymous_0)
FN:31,(anonymous_1)
FN:37,(anonymous_2)
FN:43,(anonymous_3)
FN:54,(anonymous_4)
FN:63,(anonymous_5)
FN:72,(anonymous_6)
FN:263,(anonymous_7)
FN:289,(anonymous_8)
FN:308,(anonymous_9)
FN:322,(anonymous_10)
FN:360,useStylePerformanceMonitor
FN:363,(anonymous_12)
FN:367,(anonymous_13)
FN:371,(anonymous_14)
FN:372,(anonymous_15)
FN:380,(anonymous_16)
FNF:17
FNH:0
FNDA:0,(anonymous_0)
FNDA:0,(anonymous_1)
FNDA:0,(anonymous_2)
FNDA:0,(anonymous_3)
FNDA:0,(anonymous_4)
FNDA:0,(anonymous_5)
FNDA:0,(anonymous_6)
FNDA:0,(anonymous_7)
FNDA:0,(anonymous_8)
FNDA:0,(anonymous_9)
FNDA:0,(anonymous_10)
FNDA:0,useStylePerformanceMonitor
FNDA:0,(anonymous_12)
FNDA:0,(anonymous_13)
FNDA:0,(anonymous_14)
FNDA:0,(anonymous_15)
FNDA:0,(anonymous_16)
DA:22,0
DA:26,0
DA:27,0
DA:28,0
DA:31,0
DA:32,0
DA:33,0
DA:37,0
DA:38,0
DA:39,0
DA:40,0
DA:41,0
DA:43,0
DA:44,0
DA:47,0
DA:48,0
DA:49,0
DA:54,0
DA:55,0
DA:64,0
DA:65,0
DA:72,0
DA:73,0
DA:74,0
DA:77,0
DA:175,0
DA:176,0
DA:179,0
DA:181,0
DA:264,0
DA:290,0
DA:309,0
DA:323,0
DA:361,0
DA:363,0
DA:364,0
DA:367,0
DA:368,0
DA:371,0
DA:372,0
DA:375,0
DA:381,0
LF:42
LH:0
BRDA:23,0,0,0
BRDA:38,1,0,0
BRDA:38,1,1,0
BRDA:44,2,0,0
BRDA:44,2,1,0
BRDA:47,3,0,0
BRDA:47,3,1,0
BRDA:175,4,0,0
BRDA:175,4,1,0
BRDA:175,5,0,0
BRDA:175,5,1,0
BRDA:246,6,0,0
BRDA:246,6,1,0
BRDA:259,7,0,0
BRDA:259,7,1,0
BRDA:285,8,0,0
BRDA:285,8,1,0
BRDA:304,9,0,0
BRDA:304,9,1,0
BRDA:318,10,0,0
BRDA:318,10,1,0
BRF:21
BRH:0
end_of_record
TN:
SF:src/components/devtools/DevToolsOverlay.tsx
FN:29,DevToolsOverlay
FN:38,(anonymous_1)
FN:40,(anonymous_2)
FN:40,(anonymous_3)
FN:41,(anonymous_4)
FN:44,(anonymous_5)
FN:46,(anonymous_6)
FN:49,(anonymous_7)
FN:51,(anonymous_8)
FN:57,(anonymous_9)
FN:73,(anonymous_10)
FN:80,(anonymous_11)
FN:86,(anonymous_12)
FN:89,(anonymous_13)
FN:104,(anonymous_14)
FN:116,(anonymous_15)
FN:126,(anonymous_16)
FN:141,(anonymous_17)
FN:156,AppStatePanel
FN:173,getQuerySummary
FN:175,(anonymous_20)
FN:181,levelStyle
FN:267,NotificationsPanel
FN:282,(anonymous_23)
FN:283,(anonymous_24)
FN:289,(anonymous_25)
FN:294,(anonymous_26)
FN:308,(anonymous_27)
FN:319,(anonymous_28)
FN:390,(anonymous_29)
FN:392,(anonymous_30)
FN:395,(anonymous_31)
FN:402,(anonymous_32)
FN:402,(anonymous_33)
FNF:34
FNH:0
FNDA:0,DevToolsOverlay
FNDA:0,(anonymous_1)
FNDA:0,(anonymous_2)
FNDA:0,(anonymous_3)
FNDA:0,(anonymous_4)
FNDA:0,(anonymous_5)
FNDA:0,(anonymous_6)
FNDA:0,(anonymous_7)
FNDA:0,(anonymous_8)
FNDA:0,(anonymous_9)
FNDA:0,(anonymous_10)
FNDA:0,(anonymous_11)
FNDA:0,(anonymous_12)
FNDA:0,(anonymous_13)
FNDA:0,(anonymous_14)
FNDA:0,(anonymous_15)
FNDA:0,(anonymous_16)
FNDA:0,(anonymous_17)
FNDA:0,AppStatePanel
FNDA:0,getQuerySummary
FNDA:0,(anonymous_20)
FNDA:0,levelStyle
FNDA:0,NotificationsPanel
FNDA:0,(anonymous_23)
FNDA:0,(anonymous_24)
FNDA:0,(anonymous_25)
FNDA:0,(anonymous_26)
FNDA:0,(anonymous_27)
FNDA:0,(anonymous_28)
FNDA:0,(anonymous_29)
FNDA:0,(anonymous_30)
FNDA:0,(anonymous_31)
FNDA:0,(anonymous_32)
FNDA:0,(anonymous_33)
DA:30,0
DA:31,0
DA:34,0
DA:35,0
DA:36,0
DA:38,0
DA:39,0
DA:40,0
DA:41,0
DA:44,0
DA:45,0
DA:46,0
DA:49,0
DA:51,0
DA:52,0
DA:58,0
DA:59,0
DA:60,0
DA:62,0
DA:69,0
DA:71,0
DA:73,0
DA:80,0
DA:87,0
DA:89,0
DA:104,0
DA:117,0
DA:127,0
DA:142,0
DA:157,0
DA:158,0
DA:165,0
DA:174,0
DA:175,0
DA:182,0
DA:184,0
DA:186,0
DA:188,0
DA:190,0
DA:194,0
DA:268,0
DA:271,0
DA:272,0
DA:274,0
DA:276,0
DA:280,0
DA:282,0
DA:283,0
DA:284,0
DA:286,0
DA:289,0
DA:290,0
DA:291,0
DA:294,0
DA:295,0
DA:296,0
DA:297,0
DA:298,0
DA:300,0
DA:301,0
DA:302,0
DA:304,0
DA:308,0
DA:309,0
DA:310,0
DA:315,0
DA:319,0
DA:320,0
DA:321,0
DA:322,0
DA:323,0
DA:324,0
DA:326,0
DA:335,0
DA:336,0
DA:338,0
DA:342,0
DA:391,0
DA:393,0
DA:395,0
DA:402,0
LF:81
LH:0
BRDA:69,0,0,0
BRDA:69,0,1,0
BRDA:90,1,0,0
BRDA:90,1,1,0
BRDA:98,2,0,0
BRDA:98,2,1,0
BRDA:113,3,0,0
BRDA:113,3,1,0
BRDA:114,4,0,0
BRDA:114,4,1,0
BRDA:124,5,0,0
BRDA:124,5,1,0
BRDA:130,6,0,0
BRDA:130,6,1,0
BRDA:139,7,0,0
BRDA:139,7,1,0
BRDA:149,8,0,0
BRDA:149,8,1,0
BRDA:159,9,0,0
BRDA:159,9,1,0
BRDA:160,10,0,0
BRDA:160,10,1,0
BRDA:177,11,0,0
BRDA:177,11,1,0
BRDA:182,12,0,0
BRDA:182,12,1,0
BRDA:182,12,2,0
BRDA:182,12,3,0
BRDA:274,13,0,0
BRDA:274,13,1,0
BRDA:277,14,0,0
BRDA:277,14,1,0
BRDA:296,15,0,0
BRDA:296,15,1,0
BRDA:321,16,0,0
BRDA:321,16,1,0
BRDA:322,17,0,0
BRDA:322,17,1,0
BRDA:349,18,0,0
BRDA:349,18,1,0
BRDA:352,19,0,0
BRDA:352,19,1,0
BRDA:355,20,0,0
BRDA:355,20,1,0
BRDA:358,21,0,0
BRDA:358,21,1,0
BRDA:361,22,0,0
BRDA:361,22,1,0
BRF:48
BRH:0
end_of_record
TN:
SF:src/components/events/EventCard.tsx
FN:21,(anonymous_0)
FN:27,(anonymous_1)
FN:59,(anonymous_2)
FN:84,(anonymous_3)
FN:93,(anonymous_4)
FN:109,(anonymous_5)
FN:111,(anonymous_6)
FNF:7
FNH:0
FNDA:0,(anonymous_0)
FNDA:0,(anonymous_1)
FNDA:0,(anonymous_2)
FNDA:0,(anonymous_3)
FNDA:0,(anonymous_4)
FNDA:0,(anonymous_5)
FNDA:0,(anonymous_6)
DA:21,0
DA:27,0
DA:28,0
DA:29,0
DA:30,0
DA:31,0
DA:33,0
DA:34,0
DA:41,0
DA:42,0
DA:49,0
DA:59,0
DA:60,0
DA:62,0
DA:63,0
DA:66,0
DA:67,0
DA:72,0
DA:77,0
DA:81,0
DA:84,0
DA:85,0
DA:86,0
DA:87,0
DA:88,0
DA:89,0
DA:90,0
DA:93,0
DA:94,0
DA:96,0
DA:97,0
DA:99,0
DA:100,0
DA:102,0
DA:103,0
DA:106,0
DA:109,0
DA:110,0
DA:111,0
DA:112,0
DA:117,0
DA:251,0
LF:42
LH:0
BRDA:24,0,0,0
BRDA:25,1,0,0
BRDA:33,2,0,0
BRDA:33,2,1,0
BRDA:41,3,0,0
BRDA:41,3,1,0
BRDA:60,4,0,0
BRDA:60,4,1,0
BRDA:66,5,0,0
BRDA:66,5,1,0
BRDA:85,6,0,0
BRDA:85,6,1,0
BRDA:86,7,0,0
BRDA:86,7,1,0
BRDA:87,8,0,0
BRDA:87,8,1,0
BRDA:88,9,0,0
BRDA:88,9,1,0
BRDA:89,10,0,0
BRDA:89,10,1,0
BRDA:94,11,0,0
BRDA:94,11,1,0
BRDA:96,12,0,0
BRDA:96,12,1,0
BRDA:97,13,0,0
BRDA:97,13,1,0
BRDA:99,14,0,0
BRDA:99,14,1,0
BRDA:102,15,0,0
BRDA:102,15,1,0
BRDA:110,16,0,0
BRDA:110,16,1,0
BRDA:120,17,0,0
BRDA:120,17,1,0
BRDA:138,18,0,0
BRDA:138,18,1,0
BRDA:142,19,0,0
BRDA:142,19,1,0
BRDA:150,20,0,0
BRDA:150,20,1,0
BRDA:150,20,2,0
BRDA:183,21,0,0
BRDA:183,21,1,0
BRDA:197,22,0,0
BRDA:197,22,1,0
BRDA:206,23,0,0
BRDA:206,23,1,0
BRDA:213,24,0,0
BRDA:213,24,1,0
BRDA:224,25,0,0
BRDA:224,25,1,0
BRDA:236,26,0,0
BRDA:236,26,1,0
BRDA:236,26,2,0
BRF:54
BRH:0
end_of_record
TN:
SF:src/components/friends/FriendCard.tsx
FN:15,FriendCard
FN:27,(anonymous_1)
FN:33,(anonymous_2)
FN:43,(anonymous_3)
FNF:4
FNH:0
FNDA:0,FriendCard
FNDA:0,(anonymous_1)
FNDA:0,(anonymous_2)
FNDA:0,(anonymous_3)
DA:21,0
DA:23,0
DA:24,0
DA:27,0
DA:28,0
DA:29,0
DA:33,0
DA:34,0
DA:35,0
DA:39,0
DA:43,0
DA:74,0
LF:12
LH:0
BRDA:19,0,0,0
BRDA:23,1,0,0
BRDA:23,1,1,0
BRDA:28,2,0,0
BRDA:28,2,1,0
BRDA:34,3,0,0
BRDA:34,3,1,0
BRDA:43,4,0,0
BRDA:43,4,1,0
BRDA:54,5,0,0
BRDA:54,5,1,0
BRF:11
BRH:0
end_of_record
TN:
SF:src/components/friends/FriendManagementModal.tsx
FN:21,FriendManagementModal
FN:28,(anonymous_1)
FN:34,(anonymous_2)
FNF:3
FNH:0
FNDA:0,FriendManagementModal
FNDA:0,(anonymous_1)
FNDA:0,(anonymous_2)
DA:26,0
DA:28,0
DA:29,0
DA:31,0
DA:34,0
DA:45,0
DA:77,0
LF:7
LH:0
BRDA:33,0,0,0
BRDA:33,0,1,0
BRDA:37,1,0,0
BRDA:37,1,1,0
BRDA:66,2,0,0
BRDA:66,2,1,0
BRF:6
BRH:0
end_of_record
TN:
SF:src/components/friends/FriendRequestCard.tsx
FN:16,FriendRequestCard
FN:32,(anonymous_1)
FN:36,(anonymous_2)
FN:40,(anonymous_3)
FN:48,(anonymous_4)
FNF:5
FNH:0
FNDA:0,FriendRequestCard
FNDA:0,(anonymous_1)
FNDA:0,(anonymous_2)
FNDA:0,(anonymous_3)
FNDA:0,(anonymous_4)
DA:26,0
DA:28,0
DA:29,0
DA:32,0
DA:33,0
DA:36,0
DA:37,0
DA:40,0
DA:41,0
DA:44,0
DA:49,0
DA:100,0
LF:12
LH:0
BRDA:22,0,0,0
BRDA:26,1,0,0
BRDA:26,1,1,0
BRDA:28,2,0,0
BRDA:28,2,1,0
BRDA:49,3,0,0
BRDA:49,3,1,0
BRDA:63,4,0,0
BRDA:63,4,1,0
BRDA:69,5,0,0
BRDA:69,5,1,0
BRF:11
BRH:0
end_of_record
TN:
SF:src/components/friends/FriendRequestNotifications.tsx
FN:12,FriendRequestNotifications
FN:39,(anonymous_1)
FNF:2
FNH:0
FNDA:0,FriendRequestNotifications
FNDA:0,(anonymous_1)
DA:17,0
DA:18,0
DA:19,0
DA:21,0
DA:22,0
DA:25,0
DA:40,0
DA:41,0
DA:43,0
DA:66,0
LF:10
LH:0
BRDA:15,0,0,0
BRDA:17,1,0,0
BRDA:17,1,1,0
BRDA:21,2,0,0
BRDA:21,2,1,0
BRDA:40,3,0,0
BRDA:40,3,1,0
BRDA:41,4,0,0
BRDA:41,4,1,0
BRDA:54,5,0,0
BRDA:54,5,1,0
BRDA:56,6,0,0
BRDA:56,6,1,0
BRF:13
BRH:0
end_of_record
TN:
SF:src/components/friends/FriendSearch.tsx
FN:27,FriendSearch
FN:34,(anonymous_1)
FN:42,(anonymous_2)
FN:44,(anonymous_3)
FN:47,(anonymous_4)
FN:57,(anonymous_5)
FN:73,(anonymous_6)
FN:114,(anonymous_7)
FN:129,UserSearchItem
FN:140,(anonymous_9)
FN:146,(anonymous_10)
FN:197,(anonymous_11)
FNF:12
FNH:0
FNDA:0,FriendSearch
FNDA:0,(anonymous_1)
FNDA:0,(anonymous_2)
FNDA:0,(anonymous_3)
FNDA:0,(anonymous_4)
FNDA:0,(anonymous_5)
FNDA:0,(anonymous_6)
FNDA:0,(anonymous_7)
FNDA:0,UserSearchItem
FNDA:0,(anonymous_9)
FNDA:0,(anonymous_10)
FNDA:0,(anonymous_11)
DA:28,0
DA:29,0
DA:31,0
DA:32,0
DA:34,0
DA:35,0
DA:43,0
DA:45,0
DA:48,0
DA:57,0
DA:59,0
DA:60,0
DA:63,0
DA:73,0
DA:75,0
DA:114,0
DA:134,0
DA:135,0
DA:140,0
DA:141,0
DA:142,0
DA:146,0
DA:147,0
DA:149,0
DA:150,0
DA:157,0
DA:159,0
DA:165,0
DA:171,0
DA:177,0
DA:183,0
DA:191,0
DA:193,0
DA:197,0
DA:219,0
LF:35
LH:0
BRDA:59,0,0,0
BRDA:59,0,1,0
BRDA:73,1,0,0
BRDA:73,1,1,0
BRDA:79,2,0,0
BRDA:79,2,1,0
BRDA:95,3,0,0
BRDA:95,3,1,0
BRDA:101,4,0,0
BRDA:101,4,1,0
BRDA:105,5,0,0
BRDA:105,5,1,0
BRDA:114,6,0,0
BRDA:114,6,1,0
BRDA:136,7,0,0
BRDA:136,7,1,0
BRDA:141,8,0,0
BRDA:141,8,1,0
BRDA:141,9,0,0
BRDA:141,9,1,0
BRDA:149,10,0,0
BRDA:149,10,1,0
BRDA:157,11,0,0
BRDA:157,11,1,0
BRDA:157,11,2,0
BRDA:157,11,3,0
BRDA:157,11,4,0
BRDA:197,12,0,0
BRDA:197,12,1,0
BRDA:211,13,0,0
BRDA:211,13,1,0
BRF:31
BRH:0
end_of_record
TN:
SF:src/components/friends/FriendsList.tsx
FN:29,FriendsList
FN:43,(anonymous_1)
FN:52,(anonymous_2)
FN:60,(anonymous_3)
FN:69,(anonymous_4)
FN:77,(anonymous_5)
FN:81,(anonymous_6)
FN:85,(anonymous_7)
FN:93,(anonymous_8)
FN:102,(anonymous_9)
FN:115,(anonymous_10)
FN:128,(anonymous_11)
FN:141,(anonymous_12)
FN:154,(anonymous_13)
FN:161,(anonymous_14)
FN:184,(anonymous_15)
FN:237,(anonymous_16)
FN:241,(anonymous_17)
FNF:18
FNH:0
FNDA:0,FriendsList
FNDA:0,(anonymous_1)
FNDA:0,(anonymous_2)
FNDA:0,(anonymous_3)
FNDA:0,(anonymous_4)
FNDA:0,(anonymous_5)
FNDA:0,(anonymous_6)
FNDA:0,(anonymous_7)
FNDA:0,(anonymous_8)
FNDA:0,(anonymous_9)
FNDA:0,(anonymous_10)
FNDA:0,(anonymous_11)
FNDA:0,(anonymous_12)
FNDA:0,(anonymous_13)
FNDA:0,(anonymous_14)
FNDA:0,(anonymous_15)
FNDA:0,(anonymous_16)
FNDA:0,(anonymous_17)
DA:30,0
DA:33,0
DA:34,0
DA:35,0
DA:38,0
DA:39,0
DA:40,0
DA:41,0
DA:43,0
DA:44,0
DA:53,0
DA:60,0
DA:61,0
DA:70,0
DA:77,0
DA:78,0
DA:81,0
DA:82,0
DA:85,0
DA:86,0
DA:95,0
DA:102,0
DA:103,0
DA:105,0
DA:107,0
DA:109,0
DA:111,0
DA:115,0
DA:116,0
DA:118,0
DA:120,0
DA:122,0
DA:124,0
DA:128,0
DA:129,0
DA:131,0
DA:133,0
DA:135,0
DA:137,0
DA:141,0
DA:142,0
DA:144,0
DA:146,0
DA:148,0
DA:150,0
DA:154,0
DA:155,0
DA:156,0
DA:158,0
DA:161,0
DA:184,0
DA:185,0
DA:186,0
DA:194,0
DA:211,0
DA:212,0
DA:213,0
DA:215,0
DA:216,0
DA:224,0
DA:237,0
DA:242,0
DA:243,0
DA:244,0
DA:267,0
LF:65
LH:0
BRDA:103,0,0,0
BRDA:103,0,1,0
BRDA:103,0,2,0
BRDA:103,0,3,0
BRDA:105,1,0,0
BRDA:105,1,1,0
BRDA:107,2,0,0
BRDA:107,2,1,0
BRDA:109,3,0,0
BRDA:109,3,1,0
BRDA:116,4,0,0
BRDA:116,4,1,0
BRDA:116,4,2,0
BRDA:116,4,3,0
BRDA:129,5,0,0
BRDA:129,5,1,0
BRDA:129,5,2,0
BRDA:129,5,3,0
BRDA:142,6,0,0
BRDA:142,6,1,0
BRDA:142,6,2,0
BRDA:142,6,3,0
BRDA:144,7,0,0
BRDA:144,7,1,0
BRDA:146,8,0,0
BRDA:146,8,1,0
BRDA:148,9,0,0
BRDA:148,9,1,0
BRDA:160,10,0,0
BRDA:160,10,1,0
BRDA:166,11,0,0
BRDA:166,11,1,0
BRDA:171,12,0,0
BRDA:171,12,1,0
BRDA:172,13,0,0
BRDA:172,13,1,0
BRDA:174,14,0,0
BRDA:174,14,1,0
BRDA:185,15,0,0
BRDA:185,15,1,0
BRDA:202,16,0,0
BRDA:202,16,1,0
BRDA:202,16,2,0
BRDA:215,17,0,0
BRDA:215,17,1,0
BRDA:249,18,0,0
BRDA:249,18,1,0
BRDA:250,19,0,0
BRDA:250,19,1,0
BRDA:251,20,0,0
BRDA:251,20,1,0
BRDA:254,21,0,0
BRDA:254,21,1,0
BRDA:256,22,0,0
BRDA:256,22,1,0
BRDA:258,23,0,0
BRDA:258,23,1,0
BRF:57
BRH:0
end_of_record
TN:
SF:src/components/groups/CreateGroupModal.tsx
FN:56,(anonymous_0)
FN:111,(anonymous_1)
FN:121,(anonymous_2)
FN:122,(anonymous_3)
FN:141,(anonymous_4)
FN:148,(anonymous_5)
FN:156,(anonymous_6)
FN:170,(anonymous_7)
FN:213,(anonymous_8)
FN:230,(anonymous_9)
FN:238,(anonymous_10)
FN:249,(anonymous_11)
FN:255,(anonymous_12)
FN:261,(anonymous_13)
FN:292,(anonymous_14)
FN:299,(anonymous_15)
FN:314,(anonymous_16)
FN:333,(anonymous_17)
FN:338,(anonymous_18)
FN:343,(anonymous_19)
FN:352,(anonymous_20)
FN:360,(anonymous_21)
FN:379,(anonymous_22)
FN:393,(anonymous_23)
FN:398,(anonymous_24)
FN:403,(anonymous_25)
FN:429,(anonymous_26)
FN:455,(anonymous_27)
FN:491,(anonymous_28)
FN:714,(anonymous_29)
FN:717,(anonymous_30)
FN:777,(anonymous_31)
FN:782,(anonymous_32)
FNF:33
FNH:0
FNDA:0,(anonymous_0)
FNDA:0,(anonymous_1)
FNDA:0,(anonymous_2)
FNDA:0,(anonymous_3)
FNDA:0,(anonymous_4)
FNDA:0,(anonymous_5)
FNDA:0,(anonymous_6)
FNDA:0,(anonymous_7)
FNDA:0,(anonymous_8)
FNDA:0,(anonymous_9)
FNDA:0,(anonymous_10)
FNDA:0,(anonymous_11)
FNDA:0,(anonymous_12)
FNDA:0,(anonymous_13)
FNDA:0,(anonymous_14)
FNDA:0,(anonymous_15)
FNDA:0,(anonymous_16)
FNDA:0,(anonymous_17)
FNDA:0,(anonymous_18)
FNDA:0,(anonymous_19)
FNDA:0,(anonymous_20)
FNDA:0,(anonymous_21)
FNDA:0,(anonymous_22)
FNDA:0,(anonymous_23)
FNDA:0,(anonymous_24)
FNDA:0,(anonymous_25)
FNDA:0,(anonymous_26)
FNDA:0,(anonymous_27)
FNDA:0,(anonymous_28)
FNDA:0,(anonymous_29)
FNDA:0,(anonymous_30)
FNDA:0,(anonymous_31)
FNDA:0,(anonymous_32)
DA:39,0
DA:49,0
DA:56,0
DA:61,0
DA:62,0
DA:63,0
DA:64,0
DA:65,0
DA:66,0
DA:67,0
DA:69,0
DA:71,0
DA:111,0
DA:112,0
DA:113,0
DA:114,0
DA:115,0
DA:120,0
DA:122,0
DA:123,0
DA:124,0
DA:125,0
DA:127,0
DA:128,0
DA:129,0
DA:130,0
DA:132,0
DA:133,0
DA:135,0
DA:141,0
DA:142,0
DA:143,0
DA:144,0
DA:148,0
DA:149,0
DA:156,0
DA:157,0
DA:158,0
DA:162,0
DA:165,0
DA:167,0
DA:169,0
DA:170,0
DA:172,0
DA:173,0
DA:174,0
DA:176,0
DA:177,0
DA:182,0
DA:198,0
DA:203,0
DA:204,0
DA:207,0
DA:214,0
DA:215,0
DA:221,0
DA:226,0
DA:230,0
DA:231,0
DA:232,0
DA:233,0
DA:234,0
DA:238,0
DA:239,0
DA:240,0
DA:241,0
DA:242,0
DA:246,0
DA:247,0
DA:249,0
DA:250,0
DA:251,0
DA:255,0
DA:256,0
DA:257,0
DA:259,0
DA:262,0
DA:292,0
DA:293,0
DA:300,0
DA:315,0
DA:333,0
DA:334,0
DA:339,0
DA:343,0
DA:353,0
DA:360,0
DA:380,0
DA:381,0
DA:382,0
DA:393,0
DA:394,0
DA:399,0
DA:404,0
DA:405,0
DA:429,0
DA:432,0
DA:433,0
DA:455,0
DA:491,0
DA:492,0
DA:494,0
DA:496,0
DA:498,0
DA:500,0
DA:502,0
DA:506,0
DA:563,0
DA:714,0
DA:715,0
DA:717,0
DA:719,0
DA:721,0
DA:723,0
DA:724,0
DA:725,0
DA:726,0
DA:727,0
DA:728,0
DA:730,0
DA:731,0
DA:732,0
DA:733,0
DA:735,0
DA:737,0
DA:738,0
DA:739,0
DA:740,0
DA:741,0
DA:742,0
DA:744,0
DA:745,0
DA:746,0
DA:747,0
DA:749,0
DA:751,0
DA:752,0
DA:753,0
DA:754,0
DA:755,0
DA:757,0
DA:760,0
DA:761,0
DA:765,0
DA:777,0
DA:780,0
DA:782,0
DA:783,0
DA:786,0
LF:149
LH:0
BRDA:112,0,0,0
BRDA:112,0,1,0
BRDA:123,1,0,0
BRDA:123,1,1,0
BRDA:143,2,0,0
BRDA:143,2,1,0
BRDA:157,3,0,0
BRDA:157,3,1,0
BRDA:157,4,0,0
BRDA:157,4,1,0
BRDA:173,5,0,0
BRDA:173,5,1,0
BRDA:173,6,0,0
BRDA:173,6,1,0
BRDA:176,7,0,0
BRDA:176,7,1,0
BRDA:189,8,0,0
BRDA:189,8,1,0
BRDA:203,9,0,0
BRDA:203,9,1,0
BRDA:233,10,0,0
BRDA:233,10,1,0
BRDA:241,11,0,0
BRDA:241,11,1,0
BRDA:250,12,0,0
BRDA:250,12,1,0
BRDA:266,13,0,0
BRDA:266,13,1,0
BRDA:272,14,0,0
BRDA:272,14,1,0
BRDA:278,15,0,0
BRDA:278,15,1,0
BRDA:282,16,0,0
BRDA:282,16,1,0
BRDA:358,17,0,0
BRDA:358,17,1,0
BRDA:366,18,0,0
BRDA:366,18,1,0
BRDA:369,19,0,0
BRDA:369,19,1,0
BRDA:372,20,0,0
BRDA:372,20,1,0
BRDA:373,21,0,0
BRDA:373,21,1,0
BRDA:381,22,0,0
BRDA:381,22,1,0
BRDA:413,23,0,0
BRDA:413,23,1,0
BRDA:416,24,0,0
BRDA:416,24,1,0
BRDA:442,25,0,0
BRDA:442,25,1,0
BRDA:448,26,0,0
BRDA:448,26,1,0
BRDA:455,27,0,0
BRDA:455,27,1,0
BRDA:463,28,0,0
BRDA:463,28,1,0
BRDA:470,29,0,0
BRDA:470,29,1,0
BRDA:472,30,0,0
BRDA:472,30,1,0
BRDA:492,31,0,0
BRDA:492,31,1,0
BRDA:492,31,2,0
BRDA:492,31,3,0
BRDA:492,31,4,0
BRDA:526,32,0,0
BRDA:526,32,1,0
BRDA:536,33,0,0
BRDA:536,33,1,0
BRDA:546,34,0,0
BRDA:546,34,1,0
BRDA:721,35,0,0
BRDA:721,35,1,0
BRDA:721,35,2,0
BRDA:725,36,0,0
BRDA:725,36,1,0
BRDA:730,37,0,0
BRDA:730,37,1,0
BRDA:739,38,0,0
BRDA:739,38,1,0
BRDA:744,39,0,0
BRDA:744,39,1,0
BRDA:752,40,0,0
BRDA:752,40,1,0
BRDA:760,41,0,0
BRDA:760,41,1,0
BRF:88
BRH:0
end_of_record
TN:
SF:src/components/groups/EditGroupModal.tsx
FN:55,(anonymous_0)
FN:76,(anonymous_1)
FN:93,(anonymous_2)
FN:128,(anonymous_3)
FN:133,(anonymous_4)
FN:162,(anonymous_5)
FN:188,(anonymous_6)
FN:197,(anonymous_7)
FN:210,(anonymous_8)
FN:222,(anonymous_9)
FN:234,(anonymous_10)
FN:245,(anonymous_11)
FNF:12
FNH:0
FNDA:0,(anonymous_0)
FNDA:0,(anonymous_1)
FNDA:0,(anonymous_2)
FNDA:0,(anonymous_3)
FNDA:0,(anonymous_4)
FNDA:0,(anonymous_5)
FNDA:0,(anonymous_6)
FNDA:0,(anonymous_7)
FNDA:0,(anonymous_8)
FNDA:0,(anonymous_9)
FNDA:0,(anonymous_10)
FNDA:0,(anonymous_11)
DA:26,0
DA:36,0
DA:55,0
DA:61,0
DA:62,0
DA:64,0
DA:73,0
DA:76,0
DA:77,0
DA:78,0
DA:89,0
DA:93,0
DA:94,0
DA:96,0
DA:97,0
DA:100,0
DA:101,0
DA:104,0
DA:105,0
DA:108,0
DA:109,0
DA:112,0
DA:113,0
DA:117,0
DA:121,0
DA:124,0
DA:125,0
DA:128,0
DA:129,0
DA:130,0
DA:133,0
DA:134,0
DA:136,0
DA:137,0
DA:150,0
DA:151,0
DA:153,0
DA:162,0
DA:164,0
DA:165,0
DA:177,0
DA:178,0
DA:181,0
DA:188,0
DA:198,0
DA:211,0
DA:223,0
DA:235,0
DA:246,0
DA:286,0
LF:50
LH:0
BRDA:77,0,0,0
BRDA:77,0,1,0
BRDA:79,1,0,0
BRDA:79,1,1,0
BRDA:80,2,0,0
BRDA:80,2,1,0
BRDA:81,3,0,0
BRDA:81,3,1,0
BRDA:82,4,0,0
BRDA:82,4,1,0
BRDA:84,5,0,0
BRDA:84,5,1,0
BRDA:86,6,0,0
BRDA:86,6,1,0
BRDA:87,7,0,0
BRDA:87,7,1,0
BRDA:96,8,0,0
BRDA:96,8,1,0
BRDA:100,9,0,0
BRDA:100,9,1,0
BRDA:104,10,0,0
BRDA:104,10,1,0
BRDA:108,11,0,0
BRDA:108,11,1,0
BRDA:112,12,0,0
BRDA:112,12,1,0
BRDA:117,13,0,0
BRDA:117,13,1,0
BRDA:118,14,0,0
BRDA:118,14,1,0
BRDA:134,15,0,0
BRDA:134,15,1,0
BRDA:134,16,0,0
BRDA:134,16,1,0
BRDA:145,17,0,0
BRDA:145,17,1,0
BRDA:155,18,0,0
BRDA:155,18,1,0
BRDA:164,19,0,0
BRDA:164,19,1,0
BRDA:166,20,0,0
BRDA:166,20,1,0
BRDA:167,21,0,0
BRDA:167,21,1,0
BRDA:168,22,0,0
BRDA:168,22,1,0
BRDA:169,23,0,0
BRDA:169,23,1,0
BRDA:171,24,0,0
BRDA:171,24,1,0
BRDA:173,25,0,0
BRDA:173,25,1,0
BRDA:174,26,0,0
BRDA:174,26,1,0
BRF:54
BRH:0
end_of_record
TN:
SF:src/components/groups/FilterButton.tsx
FN:11,(anonymous_0)
FNF:1
FNH:0
FNDA:0,(anonymous_0)
DA:11,0
DA:12,0
DA:13,0
DA:15,0
DA:39,0
LF:5
LH:0
BRDA:17,0,0,0
BRDA:17,0,1,0
BRDA:24,1,0,0
BRDA:24,1,1,0
BRDA:27,2,0,0
BRDA:27,2,1,0
BRDA:30,3,0,0
BRDA:30,3,1,0
BRF:8
BRH:0
end_of_record
TN:
SF:src/components/groups/FilterPanel.tsx
FN:40,(anonymous_0)
FN:57,(anonymous_1)
FN:59,(anonymous_2)
FN:64,(anonymous_3)
FN:66,(anonymous_4)
FN:71,(anonymous_5)
FN:75,(anonymous_6)
FN:121,(anonymous_7)
FN:125,(anonymous_8)
FN:140,(anonymous_9)
FN:151,(anonymous_10)
FN:155,(anonymous_11)
FNF:12
FNH:0
FNDA:0,(anonymous_0)
FNDA:0,(anonymous_1)
FNDA:0,(anonymous_2)
FNDA:0,(anonymous_3)
FNDA:0,(anonymous_4)
FNDA:0,(anonymous_5)
FNDA:0,(anonymous_6)
FNDA:0,(anonymous_7)
FNDA:0,(anonymous_8)
FNDA:0,(anonymous_9)
FNDA:0,(anonymous_10)
FNDA:0,(anonymous_11)
DA:19,0
DA:29,0
DA:40,0
DA:51,0
DA:53,0
DA:55,0
DA:57,0
DA:58,0
DA:59,0
DA:61,0
DA:64,0
DA:65,0
DA:66,0
DA:68,0
DA:71,0
DA:72,0
DA:75,0
DA:76,0
DA:77,0
DA:81,0
DA:85,0
DA:122,0
DA:125,0
DA:140,0
DA:152,0
DA:155,0
DA:185,0
LF:27
LH:0
BRDA:55,0,0,0
BRDA:55,0,1,0
BRDA:58,1,0,0
BRDA:58,1,1,0
BRDA:65,2,0,0
BRDA:65,2,1,0
BRDA:81,3,0,0
BRDA:81,3,1,0
BRDA:81,3,2,0
BRDA:165,4,0,0
BRDA:165,4,1,0
BRF:11
BRH:0
end_of_record
TN:
SF:src/components/groups/GroupCard.tsx
FN:24,(anonymous_0)
FN:34,(anonymous_1)
FN:38,(anonymous_2)
FNF:3
FNH:0
FNDA:0,(anonymous_0)
FNDA:0,(anonymous_1)
FNDA:0,(anonymous_2)
DA:24,0
DA:33,0
DA:34,0
DA:35,0
DA:38,0
DA:39,0
DA:40,0
DA:41,0
DA:42,0
DA:43,0
DA:44,0
DA:45,0
DA:48,0
DA:163,0
LF:14
LH:0
BRDA:33,0,0,0
BRDA:33,0,1,0
BRDA:40,1,0,0
BRDA:40,1,1,0
BRDA:40,2,0,0
BRDA:40,2,1,0
BRDA:42,3,0,0
BRDA:42,3,1,0
BRDA:42,4,0,0
BRDA:42,4,1,0
BRDA:44,5,0,0
BRDA:44,5,1,0
BRDA:55,6,0,0
BRDA:55,6,1,0
BRDA:72,7,0,0
BRDA:72,7,1,0
BRDA:79,8,0,0
BRDA:79,8,1,0
BRDA:81,9,0,0
BRDA:81,9,1,0
BRDA:98,10,0,0
BRDA:98,10,1,0
BRDA:106,11,0,0
BRDA:106,11,1,0
BRDA:106,11,2,0
BRDA:120,12,0,0
BRDA:120,12,1,0
BRDA:125,13,0,0
BRDA:125,13,1,0
BRDA:129,14,0,0
BRDA:129,14,1,0
BRDA:129,14,2,0
BRDA:132,15,0,0
BRDA:132,15,1,0
BRDA:145,16,0,0
BRDA:145,16,1,0
BRDA:152,17,0,0
BRDA:152,17,1,0
BRF:38
BRH:0
end_of_record
TN:
SF:src/components/groups/GroupDetail.tsx
FN:44,(anonymous_0)
FN:64,(anonymous_1)
FN:66,(anonymous_2)
FN:76,(anonymous_3)
FN:85,(anonymous_4)
FN:91,(anonymous_5)
FN:112,(anonymous_6)
FN:116,(anonymous_7)
FN:123,(anonymous_8)
FN:137,(anonymous_9)
FN:156,(anonymous_10)
FN:165,(anonymous_11)
FN:170,(anonymous_12)
FN:176,(anonymous_13)
FN:177,(anonymous_14)
FN:183,(anonymous_15)
FN:184,(anonymous_16)
FN:191,(anonymous_17)
FN:193,(anonymous_18)
FN:194,(anonymous_19)
FN:207,(anonymous_20)
FN:210,(anonymous_21)
FN:214,(anonymous_22)
FN:317,(anonymous_23)
FN:347,(anonymous_24)
FN:351,(anonymous_25)
FN:386,(anonymous_26)
FN:400,(anonymous_27)
FN:404,(anonymous_28)
FN:451,(anonymous_29)
FN:486,(anonymous_30)
FN:497,(anonymous_31)
FN:506,(anonymous_32)
FN:519,(anonymous_33)
FN:523,(anonymous_34)
FN:564,(anonymous_35)
FNF:36
FNH:0
FNDA:0,(anonymous_0)
FNDA:0,(anonymous_1)
FNDA:0,(anonymous_2)
FNDA:0,(anonymous_3)
FNDA:0,(anonymous_4)
FNDA:0,(anonymous_5)
FNDA:0,(anonymous_6)
FNDA:0,(anonymous_7)
FNDA:0,(anonymous_8)
FNDA:0,(anonymous_9)
FNDA:0,(anonymous_10)
FNDA:0,(anonymous_11)
FNDA:0,(anonymous_12)
FNDA:0,(anonymous_13)
FNDA:0,(anonymous_14)
FNDA:0,(anonymous_15)
FNDA:0,(anonymous_16)
FNDA:0,(anonymous_17)
FNDA:0,(anonymous_18)
FNDA:0,(anonymous_19)
FNDA:0,(anonymous_20)
FNDA:0,(anonymous_21)
FNDA:0,(anonymous_22)
FNDA:0,(anonymous_23)
FNDA:0,(anonymous_24)
FNDA:0,(anonymous_25)
FNDA:0,(anonymous_26)
FNDA:0,(anonymous_27)
FNDA:0,(anonymous_28)
FNDA:0,(anonymous_29)
FNDA:0,(anonymous_30)
FNDA:0,(anonymous_31)
FNDA:0,(anonymous_32)
FNDA:0,(anonymous_33)
FNDA:0,(anonymous_34)
FNDA:0,(anonymous_35)
DA:44,0
DA:51,0
DA:52,0
DA:53,0
DA:54,0
DA:55,0
DA:56,0
DA:58,0
DA:59,0
DA:60,0
DA:61,0
DA:62,0
DA:64,0
DA:66,0
DA:67,0
DA:68,0
DA:69,0
DA:70,0
DA:71,0
DA:72,0
DA:73,0
DA:76,0
DA:77,0
DA:78,0
DA:79,0
DA:82,0
DA:85,0
DA:86,0
DA:92,0
DA:94,0
DA:95,0
DA:99,0
DA:100,0
DA:102,0
DA:112,0
DA:113,0
DA:115,0
DA:117,0
DA:118,0
DA:120,0
DA:124,0
DA:129,0
DA:137,0
DA:138,0
DA:142,0
DA:143,0
DA:147,0
DA:152,0
DA:154,0
DA:155,0
DA:156,0
DA:158,0
DA:162,0
DA:165,0
DA:166,0
DA:170,0
DA:171,0
DA:174,0
DA:176,0
DA:177,0
DA:181,0
DA:182,0
DA:183,0
DA:184,0
DA:188,0
DA:189,0
DA:191,0
DA:193,0
DA:194,0
DA:197,0
DA:206,0
DA:207,0
DA:210,0
DA:211,0
DA:214,0
DA:215,0
DA:216,0
DA:217,0
DA:220,0
DA:221,0
DA:227,0
DA:228,0
DA:234,0
DA:241,0
DA:242,0
DA:250,0
DA:317,0
DA:348,0
DA:352,0
DA:386,0
DA:401,0
DA:405,0
DA:451,0
DA:486,0
DA:497,0
DA:506,0
DA:520,0
DA:524,0
DA:525,0
DA:564,0
DA:574,0
LF:101
LH:0
BRDA:49,0,0,0
BRDA:68,1,0,0
BRDA:68,1,1,0
BRDA:68,2,0,0
BRDA:68,2,1,0
BRDA:70,3,0,0
BRDA:70,3,1,0
BRDA:70,4,0,0
BRDA:70,4,1,0
BRDA:72,5,0,0
BRDA:72,5,1,0
BRDA:77,6,0,0
BRDA:77,6,1,0
BRDA:92,7,0,0
BRDA:92,7,1,0
BRDA:104,8,0,0
BRDA:104,8,1,0
BRDA:113,9,0,0
BRDA:113,9,1,0
BRDA:117,10,0,0
BRDA:117,10,1,0
BRDA:130,11,0,0
BRDA:130,11,1,0
BRDA:130,11,2,0
BRDA:130,11,3,0
BRDA:138,12,0,0
BRDA:138,12,1,0
BRDA:144,13,0,0
BRDA:144,13,1,0
BRDA:154,14,0,0
BRDA:154,14,1,0
BRDA:155,15,0,0
BRDA:155,15,1,0
BRDA:158,16,0,0
BRDA:158,16,1,0
BRDA:162,17,0,0
BRDA:162,17,1,0
BRDA:171,18,0,0
BRDA:171,18,1,0
BRDA:171,19,0,0
BRDA:171,19,1,0
BRDA:175,20,0,0
BRDA:175,20,1,0
BRDA:181,21,0,0
BRDA:181,21,1,0
BRDA:181,22,0,0
BRDA:181,22,1,0
BRDA:182,23,0,0
BRDA:182,23,1,0
BRDA:184,24,0,0
BRDA:184,24,1,0
BRDA:188,25,0,0
BRDA:188,25,1,0
BRDA:188,26,0,0
BRDA:188,26,1,0
BRDA:189,27,0,0
BRDA:189,27,1,0
BRDA:191,28,0,0
BRDA:191,28,1,0
BRDA:191,28,2,0
BRDA:207,29,0,0
BRDA:207,29,1,0
BRDA:215,30,0,0
BRDA:215,30,1,0
BRDA:227,31,0,0
BRDA:227,31,1,0
BRDA:236,32,0,0
BRDA:236,32,1,0
BRDA:252,33,0,0
BRDA:252,33,1,0
BRDA:261,34,0,0
BRDA:261,34,1,0
BRDA:268,35,0,0
BRDA:268,35,1,0
BRDA:270,36,0,0
BRDA:270,36,1,0
BRDA:276,37,0,0
BRDA:276,37,1,0
BRDA:276,37,2,0
BRDA:283,38,0,0
BRDA:283,38,1,0
BRDA:306,39,0,0
BRDA:306,39,1,0
BRDA:310,40,0,0
BRDA:310,40,1,0
BRDA:314,41,0,0
BRDA:314,41,1,0
BRDA:329,42,0,0
BRDA:329,42,1,0
BRDA:341,43,0,0
BRDA:341,43,1,0
BRDA:341,43,2,0
BRDA:344,44,0,0
BRDA:344,44,1,0
BRDA:352,45,0,0
BRDA:352,45,1,0
BRDA:355,46,0,0
BRDA:355,46,1,0
BRDA:360,47,0,0
BRDA:360,47,1,0
BRDA:364,48,0,0
BRDA:364,48,1,0
BRDA:367,49,0,0
BRDA:367,49,1,0
BRDA:377,50,0,0
BRDA:377,50,1,0
BRDA:377,50,2,0
BRDA:377,50,3,0
BRDA:384,51,0,0
BRDA:384,51,1,0
BRDA:390,52,0,0
BRDA:390,52,1,0
BRDA:396,53,0,0
BRDA:396,53,1,0
BRDA:405,54,0,0
BRDA:405,54,1,0
BRDA:409,55,0,0
BRDA:409,55,1,0
BRDA:414,56,0,0
BRDA:414,56,1,0
BRDA:418,57,0,0
BRDA:418,57,1,0
BRDA:433,58,0,0
BRDA:433,58,1,0
BRDA:439,59,0,0
BRDA:439,59,1,0
BRDA:441,60,0,0
BRDA:441,60,1,0
BRDA:462,61,0,0
BRDA:462,61,1,0
BRDA:494,62,0,0
BRDA:494,62,1,0
BRDA:512,63,0,0
BRDA:512,63,1,0
BRDA:516,64,0,0
BRDA:516,64,1,0
BRDA:535,65,0,0
BRDA:535,65,1,0
BRF:138
BRH:0
end_of_record
TN:
SF:src/components/groups/GroupLeaderPanel.tsx
FN:32,(anonymous_0)
FN:57,(anonymous_1)
FN:64,(anonymous_2)
FN:65,(anonymous_3)
FN:67,(anonymous_4)
FN:69,(anonymous_5)
FN:74,(anonymous_6)
FN:84,(anonymous_7)
FN:111,(anonymous_8)
FN:131,(anonymous_9)
FN:158,(anonymous_10)
FN:178,(anonymous_11)
FN:218,(anonymous_12)
FN:230,(anonymous_13)
FN:243,(anonymous_14)
FN:272,(anonymous_15)
FN:276,(anonymous_16)
FN:308,(anonymous_17)
FN:312,(anonymous_18)
FN:350,(anonymous_19)
FN:351,(anonymous_20)
FN:362,(anonymous_21)
FN:366,(anonymous_22)
FN:369,(anonymous_23)
FN:372,(anonymous_24)
FNF:25
FNH:1
FNDA:18,(anonymous_0)
FNDA:0,(anonymous_1)
FNDA:0,(anonymous_2)
FNDA:0,(anonymous_3)
FNDA:0,(anonymous_4)
FNDA:0,(anonymous_5)
FNDA:0,(anonymous_6)
FNDA:0,(anonymous_7)
FNDA:0,(anonymous_8)
FNDA:0,(anonymous_9)
FNDA:0,(anonymous_10)
FNDA:0,(anonymous_11)
FNDA:0,(anonymous_12)
FNDA:0,(anonymous_13)
FNDA:0,(anonymous_14)
FNDA:0,(anonymous_15)
FNDA:0,(anonymous_16)
FNDA:0,(anonymous_17)
FNDA:0,(anonymous_18)
FNDA:0,(anonymous_19)
FNDA:0,(anonymous_20)
FNDA:0,(anonymous_21)
FNDA:0,(anonymous_22)
FNDA:0,(anonymous_23)
FNDA:0,(anonymous_24)
DA:32,1
DA:36,18
DA:37,18
DA:38,18
DA:40,18
DA:41,18
DA:43,18
DA:46,18
DA:54,0
DA:57,0
DA:58,0
DA:60,0
DA:61,0
DA:64,0
DA:65,0
DA:67,0
DA:69,0
DA:70,0
DA:71,0
DA:74,0
DA:75,0
DA:77,0
DA:85,0
DA:86,0
DA:91,0
DA:95,0
DA:96,0
DA:98,0
DA:111,0
DA:112,0
DA:115,0
DA:116,0
DA:120,0
DA:123,0
DA:132,0
DA:133,0
DA:138,0
DA:142,0
DA:143,0
DA:145,0
DA:158,0
DA:159,0
DA:162,0
DA:163,0
DA:167,0
DA:170,0
DA:179,0
DA:180,0
DA:185,0
DA:189,0
DA:190,0
DA:192,0
DA:206,0
DA:210,0
DA:218,0
DA:230,0
DA:243,0
DA:273,0
DA:276,0
DA:309,0
DA:312,0
DA:350,0
DA:352,0
DA:353,0
DA:363,0
DA:364,0
DA:367,0
DA:370,0
DA:373,0
DA:381,1
LF:70
LH:9
BRDA:60,0,0,0
BRDA:60,0,1,0
BRDA:64,1,0,0
BRDA:64,1,1,0
BRDA:65,2,0,0
BRDA:65,2,1,0
BRDA:67,3,0,0
BRDA:67,3,1,0
BRDA:75,4,0,0
BRDA:75,4,1,0
BRDA:100,5,0,0
BRDA:100,5,1,0
BRDA:112,6,0,0
BRDA:112,6,1,0
BRDA:115,7,0,0
BRDA:115,7,1,0
BRDA:147,8,0,0
BRDA:147,8,1,0
BRDA:159,9,0,0
BRDA:159,9,1,0
BRDA:162,10,0,0
BRDA:162,10,1,0
BRDA:162,11,0,0
BRDA:162,11,1,0
BRDA:194,12,0,0
BRDA:194,12,1,0
BRDA:206,13,0,0
BRDA:206,13,1,0
BRDA:206,13,2,0
BRDA:229,14,0,0
BRDA:229,14,1,0
BRDA:235,15,0,0
BRDA:235,15,1,0
BRDA:242,16,0,0
BRDA:242,16,1,0
BRDA:248,17,0,0
BRDA:248,17,1,0
BRDA:253,18,0,0
BRDA:253,18,1,0
BRDA:264,19,0,0
BRDA:264,19,1,0
BRDA:268,20,0,0
BRDA:268,20,1,0
BRDA:281,21,0,0
BRDA:281,21,1,0
BRDA:285,22,0,0
BRDA:285,22,1,0
BRDA:300,23,0,0
BRDA:300,23,1,0
BRDA:317,24,0,0
BRDA:317,24,1,0
BRDA:321,25,0,0
BRDA:321,25,1,0
BRDA:340,26,0,0
BRDA:340,26,1,0
BRDA:361,27,0,0
BRDA:361,27,1,0
BRDA:367,28,0,0
BRDA:367,28,1,0
BRDA:370,29,0,0
BRDA:370,29,1,0
BRDA:373,30,0,0
BRDA:373,30,1,0
BRF:63
BRH:0
end_of_record
TN:
SF:src/components/groups/GroupsMapView.tsx
FN:63,(anonymous_0)
FN:88,(anonymous_1)
FN:98,(anonymous_2)
FN:104,(anonymous_3)
FN:110,(anonymous_4)
FN:114,(anonymous_5)
FN:117,(anonymous_6)
FN:127,(anonymous_7)
FN:133,(anonymous_8)
FN:134,(anonymous_9)
FN:196,(anonymous_10)
FN:213,(anonymous_11)
FN:215,(anonymous_12)
FN:216,(anonymous_13)
FN:264,(anonymous_14)
FN:266,(anonymous_15)
[...]
BRDA:239,20,1,0
BRDA:258,21,0,2
BRDA:258,21,1,0
BRDA:262,22,0,1
BRDA:262,22,1,1
BRDA:266,23,0,0
BRDA:266,23,1,2
BRDA:270,24,0,2
BRDA:270,24,1,0
BRDA:274,25,0,0
BRDA:274,25,1,2
BRDA:278,26,0,0
BRDA:278,26,1,2
BRDA:290,27,0,4
BRDA:290,27,1,1
BRDA:312,28,0,8
BRDA:312,28,1,2
BRDA:314,29,0,1
BRDA:314,29,1,7
BRDA:318,30,0,1
BRDA:318,30,1,6
BRDA:333,31,0,0
BRDA:333,31,1,7
BRDA:334,32,0,6
BRDA:334,32,1,1
BRDA:336,33,0,3
BRDA:336,33,1,4
BRDA:350,34,0,1
BRDA:350,34,1,6
BRDA:382,35,0,20
BRDA:382,35,1,2
BRDA:382,36,0,22
BRDA:382,36,1,20
BRDA:403,37,0,2
BRDA:403,37,1,1
BRDA:403,38,0,3
BRDA:403,38,1,2
BRDA:444,39,0,5
BRDA:444,39,1,1
BRDA:445,40,0,5
BRDA:445,40,1,2
BRDA:446,41,0,5
BRDA:446,41,1,3
BRDA:447,42,0,5
BRDA:447,42,1,4
BRDA:448,43,0,5
BRDA:448,43,1,1
BRDA:465,44,0,2
BRDA:465,44,1,0
BRDA:466,45,0,1
BRDA:466,45,1,1
BRDA:467,46,0,1
BRDA:467,46,1,1
BRDA:468,47,0,0
BRDA:468,47,1,2
BRDA:469,48,0,0
BRDA:469,48,1,2
BRDA:470,49,0,1
BRDA:470,49,1,1
BRDA:489,50,0,1
BRDA:489,50,1,0
BRDA:490,51,0,1
BRDA:490,51,1,0
BRDA:491,52,0,1
BRDA:491,52,1,0
BRDA:492,53,0,0
BRDA:492,53,1,1
BRDA:493,54,0,0
BRDA:493,54,1,1
BRDA:494,55,0,1
BRDA:494,55,1,0
BRDA:495,56,0,1
BRDA:495,56,1,0
BRDA:518,57,0,1
BRDA:518,57,1,1
BRF:118
BRH:97
end_of_record
TN:
SF:src/utils/theme.ts
FNF:0
FNH:0
DA:3,2
DA:73,2
DA:117,2
DA:132,2
DA:144,2
DA:189,2
DA:228,2
LF:7
LH:7
BRF:0
BRH:0
end_of_record
TN:
SF:src/utils/migration/ComponentMigrator.ts
FN:16,(anonymous_0)
FN:23,(anonymous_1)
FN:53,(anonymous_2)
FN:96,(anonymous_3)
FN:120,(anonymous_4)
FN:138,(anonymous_5)
FN:177,(anonymous_6)
FN:208,(anonymous_7)
FN:224,(anonymous_8)
FN:250,(anonymous_9)
FN:282,(anonymous_10)
FN:305,(anonymous_11)
FN:323,(anonymous_12)
FN:354,(anonymous_13)
FN:370,(anonymous_14)
FN:379,(anonymous_15)
FN:398,(anonymous_16)
FN:406,(anonymous_17)
FN:411,(anonymous_18)
FN:421,(anonymous_19)
FN:426,(anonymous_20)
FN:427,(anonymous_21)
FN:428,(anonymous_22)
FN:435,(anonymous_23)
FN:437,(anonymous_24)
FN:438,(anonymous_25)
FNF:26
FNH:20
FNDA:5,(anonymous_0)
FNDA:1,(anonymous_1)
FNDA:1,(anonymous_2)
FNDA:2,(anonymous_3)
FNDA:1,(anonymous_4)
FNDA:1,(anonymous_5)
FNDA:1,(anonymous_6)
FNDA:9,(anonymous_7)
FNDA:1,(anonymous_8)
FNDA:9,(anonymous_9)
FNDA:3,(anonymous_10)
FNDA:1,(anonymous_11)
FNDA:2,(anonymous_12)
FNDA:1,(anonymous_13)
FNDA:1,(anonymous_14)
FNDA:1,(anonymous_15)
FNDA:1,(anonymous_16)
FNDA:9,(anonymous_17)
FNDA:6,(anonymous_18)
FNDA:5,(anonymous_19)
FNDA:0,(anonymous_20)
FNDA:0,(anonymous_21)
FNDA:0,(anonymous_22)
FNDA:0,(anonymous_23)
FNDA:0,(anonymous_24)
FNDA:0,(anonymous_25)
DA:17,5
DA:27,1
DA:28,1
DA:29,1
DA:31,1
DA:40,0
DA:57,1
DA:58,1
DA:59,1
DA:61,1
DA:63,1
DA:66,1
DA:69,1
DA:70,1
DA:71,1
DA:74,1
DA:77,1
DA:78,1
DA:82,1
DA:83,1
DA:87,0
DA:90,1
DA:97,2
DA:103,2
DA:104,2
DA:106,2
DA:107,2
DA:108,2
DA:110,2
DA:114,0
DA:122,1
DA:123,1
DA:125,1
DA:126,1
DA:127,1
DA:129,1
DA:132,0
DA:142,1
DA:145,1
DA:147,1
DA:148,1
DA:150,1
DA:151,1
DA:153,1
DA:155,1
DA:158,1
DA:161,1
DA:165,1
DA:167,0
DA:171,1
DA:180,1
DA:183,1
DA:184,1
DA:186,1
DA:187,2
DA:188,2
DA:191,2
DA:192,2
DA:194,2
DA:195,9
DA:196,9
DA:199,2
DA:202,1
DA:210,9
DA:213,9
DA:214,5
DA:218,4
DA:225,1
DA:227,1
DA:229,1
DA:230,2
DA:232,2
DA:233,9
DA:234,9
DA:237,2
DA:240,1
DA:241,1
DA:242,1
DA:244,1
DA:252,9
DA:253,3
DA:254,3
DA:258,6
DA:259,1
DA:260,1
DA:264,5
DA:265,2
DA:266,2
DA:270,3
DA:271,1
DA:272,1
DA:276,2
DA:283,3
DA:299,3
DA:306,1
DA:317,1
DA:324,2
DA:325,1
DA:333,1
DA:336,1
DA:337,1
DA:345,1
DA:348,0
DA:355,1
DA:364,1
DA:373,1
DA:380,1
DA:383,1
DA:384,1
DA:387,1
DA:392,1
DA:400,1
DA:407,9
DA:408,9
DA:412,6
DA:418,6
DA:422,5
DA:423,5
DA:427,0
DA:428,0
DA:429,0
DA:430,0
DA:436,0
DA:437,0
DA:438,0
DA:439,0
DA:440,0
LF:127
LH:112
BRDA:37,0,0,1
BRDA:37,0,1,0
BRDA:44,1,0,0
BRDA:44,1,1,0
BRDA:77,2,0,1
BRDA:77,2,1,0
BRDA:82,3,0,1
BRDA:82,3,1,0
BRDA:87,4,0,0
BRDA:87,4,1,0
BRDA:106,5,0,2
BRDA:106,5,1,0
BRDA:125,6,0,1
BRDA:125,6,1,0
BRDA:167,7,0,0
BRDA:167,7,1,0
BRDA:213,8,0,5
BRDA:213,8,1,4
BRDA:252,9,0,3
BRDA:252,9,1,6
BRDA:252,10,0,9
BRDA:252,10,1,3
BRDA:254,11,0,3
BRDA:254,11,1,0
BRDA:258,12,0,1
BRDA:258,12,1,5
BRDA:258,13,0,6
BRDA:258,13,1,1
BRDA:260,14,0,1
BRDA:260,14,1,0
BRDA:264,15,0,2
BRDA:264,15,1,3
BRDA:266,16,0,2
BRDA:266,16,1,0
BRDA:266,17,0,0
BRDA:266,17,1,0
BRDA:270,18,0,1
BRDA:270,18,1,2
BRDA:270,19,0,3
BRDA:270,19,1,1
BRDA:272,20,0,1
BRDA:272,20,1,0
BRDA:276,21,0,1
BRDA:276,21,1,1
BRDA:299,22,0,3
BRDA:299,22,1,0
BRDA:317,23,0,1
BRDA:317,23,1,0
BRDA:324,24,0,1
BRDA:324,24,1,1
BRDA:324,25,0,2
BRDA:324,25,1,1
BRDA:333,26,0,1
BRDA:333,26,1,0
BRDA:336,27,0,1
BRDA:336,27,1,0
BRDA:345,28,0,1
BRDA:345,28,1,0
BRDA:364,29,0,1
BRDA:364,29,1,0
BRDA:429,30,0,0
BRDA:429,30,1,0
BRDA:439,31,0,0
BRDA:439,31,1,0
BRF:64
BRH:37
end_of_record
TN:
SF:src/utils/migration/StyleMigrator.ts
FN:18,(anonymous_0)
FN:25,(anonymous_1)
FN:63,(anonymous_2)
FN:71,(anonymous_3)
FN:93,(anonymous_4)
FN:168,(anonymous_5)
FN:183,(anonymous_6)
FN:209,(anonymous_7)
FN:223,(anonymous_8)
FN:257,(anonymous_9)
FN:287,(anonymous_10)
FN:322,(anonymous_11)
FN:351,(anonymous_12)
FN:363,(anonymous_13)
FN:368,(anonymous_14)
FN:391,(anonymous_15)
FN:419,(anonymous_16)
FN:420,(anonymous_17)
FN:426,(anonymous_18)
FN:435,(anonymous_19)
FNF:20
FNH:10
FNDA:16,(anonymous_0)
FNDA:16,(anonymous_1)
FNDA:9,(anonymous_2)
FNDA:3,(anonymous_3)
FNDA:7,(anonymous_4)
FNDA:7,(anonymous_5)
FNDA:7,(anonymous_6)
FNDA:7,(anonymous_7)
FNDA:0,(anonymous_8)
FNDA:0,(anonymous_9)
FNDA:0,(anonymous_10)
FNDA:0,(anonymous_11)
FNDA:0,(anonymous_12)
FNDA:0,(anonymous_13)
FNDA:0,(anonymous_14)
FNDA:0,(anonymous_15)
FNDA:0,(anonymous_16)
FNDA:0,(anonymous_17)
FNDA:2,(anonymous_18)
FNDA:6,(anonymous_19)
DA:14,16
DA:15,16
DA:16,16
DA:19,16
DA:27,16
DA:28,16
DA:29,16
DA:30,16
DA:31,16
DA:32,16
DA:33,16
DA:34,16
DA:35,16
DA:36,16
DA:37,16
DA:38,16
DA:39,16
DA:42,16
DA:43,16
DA:44,16
DA:45,16
DA:46,16
DA:47,16
DA:48,16
DA:49,16
DA:52,16
DA:53,16
DA:54,16
DA:55,16
DA:56,16
DA:57,16
DA:67,9
DA:68,9
DA:70,9
DA:71,9
DA:72,3
DA:74,3
DA:75,7
DA:76,7
DA:78,7
DA:79,0
DA:83,3
DA:87,9
DA:99,7
DA:103,7
DA:104,0
DA:105,0
DA:106,0
DA:107,0
DA:118,7
DA:119,0
DA:120,0
DA:121,0
DA:122,0
DA:133,7
DA:134,0
DA:135,0
DA:136,0
DA:137,0
DA:148,7
DA:149,0
DA:150,0
DA:151,0
DA:152,0
DA:162,7
DA:169,7
DA:177,7
DA:184,7
DA:203,7
DA:210,7
DA:217,7
DA:228,0
DA:231,0
DA:232,0
DA:233,0
DA:234,0
DA:242,0
DA:243,0
DA:244,0
DA:251,0
DA:261,0
DA:262,0
DA:263,0
DA:264,0
DA:272,0
DA:273,0
DA:274,0
DA:281,0
DA:292,0
DA:293,0
DA:294,0
DA:295,0
DA:296,0
DA:304,0
DA:305,0
DA:306,0
DA:307,0
DA:308,0
DA:316,0
DA:326,0
DA:335,0
DA:336,0
DA:337,0
DA:338,0
DA:345,0
DA:357,0
DA:367,0
DA:368,0
DA:369,0
DA:372,0
DA:373,0
DA:374,0
DA:375,0
DA:376,0
DA:377,0
DA:385,0
DA:394,0
DA:408,0
DA:409,0
DA:410,0
DA:413,0
DA:420,0
DA:431,2
DA:432,2
DA:434,2
DA:435,6
DA:437,4
DA:438,2
DA:439,0
DA:441,2
DA:444,2
DA:448,2
DA:449,2
LF:133
LH:64
BRDA:65,0,0,8
BRDA:78,1,0,0
BRDA:78,1,1,7
BRDA:103,2,0,0
BRDA:103,2,1,7
BRDA:103,3,0,7
BRDA:103,3,1,1
BRDA:105,4,0,0
BRDA:105,4,1,0
BRDA:118,5,0,0
BRDA:118,5,1,7
BRDA:118,6,0,7
BRDA:118,6,1,1
BRDA:120,7,0,0
BRDA:120,7,1,0
BRDA:133,8,0,0
BRDA:133,8,1,7
BRDA:135,9,0,0
BRDA:135,9,1,0
BRDA:148,10,0,0
BRDA:148,10,1,7
BRDA:148,11,0,7
BRDA:148,11,1,0
BRDA:150,12,0,0
BRDA:150,12,1,0
BRDA:232,13,0,0
BRDA:232,13,1,0
BRDA:235,14,0,0
BRDA:235,14,1,0
BRDA:243,15,0,0
BRDA:243,15,1,0
BRDA:262,16,0,0
BRDA:262,16,1,0
BRDA:265,17,0,0
BRDA:265,17,1,0
BRDA:273,18,0,0
BRDA:273,18,1,0
BRDA:292,19,0,0
BRDA:292,19,1,0
BRDA:292,20,0,0
BRDA:292,20,1,0
BRDA:294,21,0,0
BRDA:294,21,1,0
BRDA:297,22,0,0
BRDA:297,22,1,0
BRDA:304,23,0,0
BRDA:304,23,1,0
BRDA:306,24,0,0
BRDA:306,24,1,0
BRDA:309,25,0,0
BRDA:309,25,1,0
BRDA:336,26,0,0
BRDA:336,26,1,0
BRDA:339,27,0,0
BRDA:339,27,1,0
BRDA:369,28,0,0
BRDA:369,28,1,0
BRDA:373,29,0,0
BRDA:373,29,1,0
BRDA:375,30,0,0
BRDA:375,30,1,0
BRDA:378,31,0,0
BRDA:378,31,1,0
BRDA:409,32,0,0
BRDA:409,32,1,0
BRDA:437,33,0,2
BRDA:437,33,1,2
BRDA:437,34,0,4
BRDA:437,34,1,3
BRDA:438,35,0,0
BRDA:438,35,1,2
BRF:71
BRH:16
end_of_record
TN:
SF:src/utils/migration/ThemeCompatibilityLayer.ts
FN:14,(anonymous_0)
FN:24,(anonymous_1)
FN:31,(anonymous_2)
FN:57,(anonymous_3)
FN:61,(anonymous_4)
FN:66,(anonymous_5)
FN:88,(anonymous_6)
FN:104,(anonymous_7)
FN:132,(anonymous_8)
FN:158,(anonymous_9)
FN:175,(anonymous_10)
FN:193,(anonymous_11)
FN:210,(anonymous_12)
FN:227,(anonymous_13)
FN:244,withThemeCompatibility
FN:247,(anonymous_15)
FN:267,useLegacyStyles
FN:273,(anonymous_17)
FN:286,createMigrationStyles
FN:290,(anonymous_19)
FNF:20
FNH:12
FNDA:3,(anonymous_0)
FNDA:0,(anonymous_1)
FNDA:3,(anonymous_2)
FNDA:3,(anonymous_3)
FNDA:3,(anonymous_4)
FNDA:3,(anonymous_5)
FNDA:2,(anonymous_6)
FNDA:6,(anonymous_7)
FNDA:84,(anonymous_8)
FNDA:5,(anonymous_9)
FNDA:2,(anonymous_10)
FNDA:3,(anonymous_11)
FNDA:2,(anonymous_12)
FNDA:0,(anonymous_13)
FNDA:0,withThemeCompatibility
FNDA:0,(anonymous_15)
FNDA:0,useLegacyStyles
FNDA:0,(anonymous_17)
FNDA:0,createMigrationStyles
FNDA:0,(anonymous_19)
DA:11,1
DA:15,3
DA:16,3
DA:25,0
DA:36,3
DA:37,0
DA:40,3
DA:43,3
DA:45,3
DA:46,3
DA:51,3
DA:61,3
DA:62,3
DA:63,3
DA:65,3
DA:66,3
DA:69,0
DA:72,0
DA:73,0
DA:74,0
DA:78,0
DA:81,0
DA:92,2
DA:94,2
DA:95,6
DA:98,2
DA:105,6
DA:106,0
DA:109,6
DA:112,6
DA:113,2
DA:116,6
DA:117,3
DA:120,6
DA:121,0
DA:125,6
DA:132,6
DA:133,84
DA:134,2
DA:139,6
DA:140,3
DA:143,6
DA:144,2
DA:148,6
DA:149,0
DA:152,6
DA:159,5
DA:169,5
DA:176,2
DA:186,2
DA:187,2
DA:194,3
DA:203,3
DA:204,3
DA:211,2
DA:220,2
DA:221,2
DA:228,0
DA:236,0
DA:237,0
DA:247,0
DA:248,0
DA:251,0
DA:256,0
DA:259,0
DA:261,0
DA:271,0
DA:273,0
DA:274,0
DA:279,0
DA:290,0
DA:291,0
DA:293,0
DA:294,0
DA:296,0
DA:299,0
DA:303,0
LF:77
LH:46
BRDA:15,0,0,3
BRDA:15,0,1,0
BRDA:36,1,0,0
BRDA:36,1,1,3
BRDA:45,2,0,3
BRDA:45,2,1,0
BRDA:45,3,0,3
BRDA:45,3,1,3
BRDA:62,4,0,3
BRDA:62,4,1,0
BRDA:65,5,0,3
BRDA:65,5,1,0
BRDA:65,6,0,3
BRDA:65,6,1,3
BRDA:72,7,0,0
BRDA:72,7,1,0
BRDA:73,8,0,0
BRDA:73,8,1,0
BRDA:105,9,0,0
BRDA:105,9,1,6
BRDA:105,10,0,6
BRDA:105,10,1,6
BRDA:112,11,0,2
BRDA:112,11,1,4
BRDA:116,12,0,3
BRDA:116,12,1,3
BRDA:120,13,0,0
BRDA:120,13,1,6
BRDA:133,14,0,2
BRDA:133,14,1,82
BRDA:139,15,0,3
BRDA:139,15,1,3
BRDA:143,16,0,2
BRDA:143,16,1,4
BRDA:148,17,0,0
BRDA:148,17,1,6
BRDA:169,18,0,5
BRDA:169,18,1,3
BRDA:187,19,0,2
BRDA:187,19,1,0
BRDA:204,20,0,3
BRDA:204,20,1,0
BRDA:221,21,0,2
BRDA:221,21,1,0
BRDA:237,22,0,0
BRDA:237,22,1,0
BRDA:259,23,0,0
BRDA:259,23,1,0
BRDA:294,24,0,0
BRDA:294,24,1,0
BRF:50
BRH:29
end_of_record
TN:
SF:src/utils/migration/migrationHelpers.ts
FN:11,(anonymous_0)
FN:30,(anonymous_1)
FN:67,(anonymous_2)
FN:71,(anonymous_3)
FN:83,(anonymous_4)
FN:107,(anonymous_5)
FN:156,(anonymous_6)
FN:174,(anonymous_7)
FN:175,(anonymous_8)
FN:195,(anonymous_9)
FN:205,(anonymous_10)
FN:222,(anonymous_11)
FN:237,(anonymous_12)
FN:254,(anonymous_13)
FNF:14
FNH:14
FNDA:4,(anonymous_0)
FNDA:6,(anonymous_1)
FNDA:6,(anonymous_2)
FNDA:2,(anonymous_3)
FNDA:2,(anonymous_4)
FNDA:3,(anonymous_5)
FNDA:7,(anonymous_6)
FNDA:6,(anonymous_7)
FNDA:4,(anonymous_8)
FNDA:4,(anonymous_9)
FNDA:6,(anonymous_10)
FNDA:3,(anonymous_11)
FNDA:3,(anonymous_12)
FNDA:2,(anonymous_13)
DA:7,2
DA:16,4
DA:18,4
DA:19,4
DA:20,4
DA:21,4
DA:22,4
DA:24,4
DA:25,3
DA:26,3
DA:27,3
DA:28,3
DA:30,3
DA:31,6
DA:36,3
DA:39,4
DA:40,4
DA:41,4
DA:42,4
DA:43,4
DA:44,4
DA:45,4
DA:46,4
DA:47,4
DA:48,4
DA:49,4
DA:50,4
DA:51,4
DA:52,4
DA:53,4
DA:54,4
DA:55,4
DA:56,4
DA:57,4
DA:59,4
DA:60,3
DA:61,3
DA:62,3
DA:63,3
DA:64,3
DA:67,6
DA:68,4
DA:69,2
DA:70,2
DA:71,2
DA:72,2
DA:74,2
DA:77,4
DA:84,2
DA:86,2
DA:87,2
DA:88,2
DA:89,2
DA:90,2
DA:91,2
DA:92,2
DA:93,2
DA:94,2
DA:95,2
DA:96,2
DA:97,2
DA:98,2
DA:99,2
DA:101,2
DA:108,3
DA:110,3
DA:111,3
DA:112,3
DA:113,3
DA:114,3
DA:115,3
DA:116,3
DA:117,3
DA:118,3
DA:119,3
DA:120,3
DA:121,3
DA:122,3
DA:123,3
DA:124,3
DA:125,3
DA:126,3
DA:127,3
DA:128,3
DA:129,3
DA:130,3
DA:132,3
DA:133,2
DA:134,2
DA:135,2
DA:136,2
DA:137,2
DA:138,2
DA:139,2
DA:140,2
DA:141,2
DA:144,3
DA:145,3
DA:146,3
DA:147,3
DA:148,3
DA:150,3
DA:161,7
DA:164,7
DA:165,3
DA:169,7
DA:170,3
DA:174,7
DA:175,7
DA:176,4
DA:177,2
DA:182,7
DA:183,1
DA:186,7
DA:196,4
DA:198,4
DA:199,4
DA:200,4
DA:202,4
DA:203,3
DA:205,6
DA:206,3
DA:207,1
DA:211,4
DA:212,4
DA:213,4
DA:214,4
DA:216,4
DA:229,3
DA:230,3
DA:233,3
DA:236,3
DA:237,3
DA:240,3
DA:241,3
DA:243,3
DA:255,2
DA:257,2
DA:258,2
DA:259,2
DA:260,2
DA:262,2
DA:263,1
DA:264,1
DA:265,1
DA:266,1
DA:267,1
DA:270,2
DA:271,2
DA:272,2
DA:273,2
DA:274,2
DA:275,2
DA:276,2
DA:277,2
DA:278,2
DA:279,2
DA:280,2
DA:282,2
LF:159
LH:159
BRDA:24,0,0,3
BRDA:24,0,1,1
BRDA:32,1,0,2
BRDA:32,1,1,4
BRDA:59,2,0,3
BRDA:59,2,1,1
BRDA:68,3,0,2
BRDA:68,3,1,2
BRDA:132,4,0,2
BRDA:132,4,1,1
BRDA:164,5,0,3
BRDA:164,5,1,4
BRDA:169,6,0,3
BRDA:169,6,1,4
BRDA:169,7,0,7
BRDA:169,7,1,3
BRDA:176,8,0,2
BRDA:176,8,1,2
BRDA:182,9,0,1
BRDA:182,9,1,6
BRDA:202,10,0,3
BRDA:202,10,1,1
BRDA:206,11,0,1
BRDA:206,11,1,2
BRDA:230,12,0,3
BRDA:230,12,1,1
BRDA:241,13,0,3
BRDA:241,13,1,1
BRDA:262,14,0,1
BRDA:262,14,1,1
BRF:30
BRH:30
end_of_record
TN:
SF:src/utils/migration/migrationScripts.ts
FN:19,(anonymous_0)
FN:26,(anonymous_1)
FN:101,(anonymous_2)
FN:110,(anonymous_3)
FN:116,(anonymous_4)
FN:125,(anonymous_5)
FN:169,(anonymous_6)
FN:191,(anonymous_7)
FN:194,(anonymous_8)
FN:207,(anonymous_9)
FN:210,(anonymous_10)
FN:225,(anonymous_11)
FN:240,(anonymous_12)
FN:243,(anonymous_13)
FN:244,(anonymous_14)
FN:251,(anonymous_15)
FN:252,(anonymous_16)
FN:253,(anonymous_17)
FN:264,createMigrationScript
FN:288,(anonymous_19)
FN:295,(anonymous_20)
FN:302,(anonymous_21)
FN:310,(anonymous_22)
FN:318,(anonymous_23)
FN:326,(anonymous_24)
FN:334,(anonymous_25)
FN:348,(anonymous_26)
FN:357,(anonymous_27)
FN:366,(anonymous_28)
FN:375,(anonymous_29)
FN:388,(anonymous_30)
FNF:31
FNH:5
FNDA:4,(anonymous_0)
FNDA:0,(anonymous_1)
FNDA:0,(anonymous_2)
FNDA:0,(anonymous_3)
FNDA:0,(anonymous_4)
FNDA:0,(anonymous_5)
FNDA:0,(anonymous_6)
FNDA:0,(anonymous_7)
FNDA:0,(anonymous_8)
FNDA:0,(anonymous_9)
FNDA:0,(anonymous_10)
FNDA:0,(anonymous_11)
FNDA:0,(anonymous_12)
FNDA:0,(anonymous_13)
FNDA:0,(anonymous_14)
FNDA:0,(anonymous_15)
FNDA:0,(anonymous_16)
FNDA:0,(anonymous_17)
FNDA:4,createMigrationScript
FNDA:0,(anonymous_19)
FNDA:0,(anonymous_20)
FNDA:0,(anonymous_21)
FNDA:0,(anonymous_22)
FNDA:0,(anonymous_23)
FNDA:0,(anonymous_24)
FNDA:0,(anonymous_25)
FNDA:1,(anonymous_26)
FNDA:1,(anonymous_27)
FNDA:0,(anonymous_28)
FNDA:1,(anonymous_29)
FNDA:0,(anonymous_30)
DA:20,4
DA:27,0
DA:37,0
DA:39,0
DA:40,0
DA:42,0
DA:45,0
DA:46,0
DA:48,0
DA:49,0
DA:50,0
DA:52,0
DA:53,0
DA:55,0
DA:56,0
DA:57,0
DA:60,0
DA:61,0
DA:64,0
DA:65,0
DA:66,0
DA:70,0
DA:71,0
DA:73,0
DA:84,0
DA:87,0
DA:88,0
DA:91,0
DA:94,0
DA:102,0
DA:104,0
DA:105,0
DA:110,0
DA:114,0
DA:116,0
DA:117,0
DA:118,0
DA:130,0
DA:131,0
DA:134,0
DA:140,0
DA:141,0
DA:144,0
DA:145,0
DA:146,0
DA:147,0
DA:150,0
DA:151,0
DA:152,0
DA:153,0
DA:156,0
DA:157,0
DA:161,0
DA:162,0
DA:170,0
DA:172,0
DA:173,0
DA:174,0
DA:175,0
DA:176,0
DA:177,0
DA:178,0
DA:180,0
DA:184,0
DA:185,0
DA:187,0
DA:188,0
DA:189,0
DA:191,0
DA:192,0
DA:193,0
DA:194,0
DA:195,0
DA:200,0
DA:203,0
DA:204,0
DA:205,0
DA:207,0
DA:208,0
DA:209,0
DA:210,0
DA:211,0
DA:216,0
DA:219,0
DA:229,0
DA:230,0
DA:233,0
DA:234,0
DA:241,0
DA:243,0
DA:244,0
DA:245,0
DA:246,0
DA:252,0
DA:253,0
DA:254,0
DA:255,0
DA:265,4
DA:279,4
DA:281,4
DA:284,4
DA:289,0
DA:296,0
DA:303,0
DA:304,0
DA:311,0
DA:312,0
DA:319,0
DA:320,0
DA:327,0
DA:328,0
DA:335,0
DA:336,0
DA:344,1
DA:348,1
DA:357,1
DA:366,0
DA:375,1
DA:388,0
LF:119
LH:9
BRDA:52,0,0,0
BRDA:52,0,1,0
BRDA:55,1,0,0
BRDA:55,1,1,0
BRDA:64,2,0,0
BRDA:64,2,1,0
BRDA:77,3,0,0
BRDA:77,3,1,0
BRDA:87,4,0,0
BRDA:87,4,1,0
BRDA:94,5,0,0
BRDA:94,5,1,0
BRDA:156,6,0,0
BRDA:156,6,1,0
BRDA:180,7,0,0
BRDA:180,7,1,0
BRDA:187,8,0,0
BRDA:187,8,1,0
BRDA:192,9,0,0
BRDA:192,9,1,0
BRDA:203,10,0,0
BRDA:203,10,1,0
BRDA:208,11,0,0
BRDA:208,11,1,0
BRDA:229,12,0,0
BRDA:229,12,1,0
BRDA:233,13,0,0
BRDA:233,13,1,0
BRDA:245,14,0,0
BRDA:245,14,1,0
BRDA:254,15,0,0
BRDA:254,15,1,0
BRDA:264,16,0,0
BRF:33
BRH:0
end_of_record
TN:
SF:src/utils/migration/types.ts
FNF:0
FNH:0
LF:0
LH:0
BRF:0
BRH:0
end_of_record
TN:
SF:src/utils/migration/__examples__/BasicMigration.example.tsx
FN:25,LegacyButton
FN:73,ThemeAwareButton
FN:90,(anonymous_2)
FN:124,CompatibleButton
FN:143,(anonymous_4)
FN:173,runBasicMigrationExample
FN:253,GradualMigrationCard
FN:284,(anonymous_7)
FN:317,BasicMigrationExample
FN:318,(anonymous_9)
FNF:10
FNH:0
FNDA:0,LegacyButton
FNDA:0,ThemeAwareButton
FNDA:0,(anonymous_2)
FNDA:0,CompatibleButton
FNDA:0,(anonymous_4)
FNDA:0,runBasicMigrationExample
FNDA:0,GradualMigrationCard
FNDA:0,(anonymous_7)
FNDA:0,BasicMigrationExample
FNDA:0,(anonymous_9)
DA:26,0
DA:39,0
DA:74,0
DA:75,0
DA:77,0
DA:90,0
DA:126,0
DA:143,0
DA:160,0
DA:162,0
DA:174,0
DA:177,0
DA:216,0
DA:218,0
DA:219,0
DA:221,0
DA:227,0
DA:228,0
DA:229,0
DA:230,0
DA:231,0
DA:232,0
DA:235,0
DA:237,0
DA:239,0
DA:240,0
DA:254,0
DA:257,0
DA:272,0
DA:282,0
DA:284,0
DA:300,0
DA:305,0
DA:318,0
DA:319,0
DA:322,0
LF:36
LH:0
BRDA:28,0,0,0
BRDA:28,0,1,0
BRDA:32,1,0,0
BRDA:32,1,1,0
BRDA:79,2,0,0
BRDA:79,2,1,0
BRDA:83,3,0,0
BRDA:83,3,1,0
BRF:8
BRH:0
end_of_record
TN:
SF:src/utils/migration/__examples__/BatchMigration.example.ts
FN:15,runBasicBatchMigration
FN:50,runCustomBatchMigration
FN:102,runIncrementalMigration
FN:139,runSafeMigrationWithRollback
FN:163,(anonymous_4)
FN:182,runAggressiveMigration
FN:211,runMigrationWithValidation
FN:231,(anonymous_7)
FN:266,runMigrationExamples
FN:310,createMigrationPlan
FN:323,(anonymous_10)
FN:340,generateMigrationReport
FN:355,(anonymous_12)
FN:358,(anonymous_13)
FN:366,(anonymous_14)
FN:369,(anonymous_15)
FNF:16
FNH:0
FNDA:0,runBasicBatchMigration
FNDA:0,runCustomBatchMigration
FNDA:0,runIncrementalMigration
FNDA:0,runSafeMigrationWithRollback
FNDA:0,(anonymous_4)
FNDA:0,runAggressiveMigration
FNDA:0,runMigrationWithValidation
FNDA:0,(anonymous_7)
FNDA:0,runMigrationExamples
FNDA:0,createMigrationPlan
FNDA:0,(anonymous_10)
FNDA:0,generateMigrationReport
FNDA:0,(anonymous_12)
FNDA:0,(anonymous_13)
FNDA:0,(anonymous_14)
FNDA:0,(anonymous_15)
DA:16,0
DA:19,0
DA:22,0
DA:23,0
DA:25,0
DA:26,0
DA:27,0
DA:28,0
DA:29,0
DA:32,0
DA:33,0
DA:34,0
DA:36,0
DA:37,0
DA:39,0
DA:41,0
DA:42,0
DA:51,0
DA:53,0
DA:90,0
DA:92,0
DA:93,0
DA:95,0
DA:103,0
DA:106,0
DA:107,0
DA:108,0
DA:111,0
DA:112,0
DA:113,0
DA:114,0
DA:117,0
DA:118,0
DA:119,0
DA:120,0
DA:123,0
DA:124,0
DA:129,0
DA:130,0
DA:132,0
DA:140,0
DA:143,0
DA:154,0
DA:156,0
DA:158,0
DA:159,0
DA:160,0
DA:163,0
DA:164,0
DA:165,0
DA:170,0
DA:172,0
DA:173,0
DA:174,0
DA:183,0
DA:184,0
DA:186,0
DA:189,0
DA:191,0
DA:192,0
DA:193,0
DA:194,0
DA:198,0
DA:199,0
DA:201,0
DA:202,0
DA:204,0
DA:212,0
DA:214,0
DA:224,0
DA:227,0
DA:229,0
DA:231,0
DA:232,0
DA:234,0
DA:235,0
DA:236,0
DA:239,0
DA:241,0
DA:242,0
DA:246,0
DA:247,0
DA:248,0
DA:253,0
DA:254,0
DA:256,0
DA:259,0
DA:267,0
DA:268,0
DA:269,0
DA:271,0
DA:273,0
DA:274,0
DA:275,0
DA:278,0
DA:279,0
DA:280,0
DA:283,0
DA:284,0
DA:285,0
DA:288,0
DA:289,0
DA:290,0
DA:293,0
DA:294,0
DA:295,0
DA:297,0
DA:298,0
DA:299,0
DA:302,0
DA:316,0
DA:323,0
DA:324,0
DA:326,0
DA:327,0
DA:328,0
DA:329,0
DA:330,0
DA:331,0
DA:333,0
DA:337,0
DA:341,0
DA:343,0
DA:344,0
DA:345,0
DA:346,0
DA:347,0
DA:348,0
DA:349,0
DA:350,0
DA:351,0
DA:353,0
DA:354,0
DA:355,0
DA:356,0
DA:357,0
DA:358,0
DA:361,0
DA:364,0
DA:365,0
DA:366,0
DA:367,0
DA:368,0
DA:369,0
DA:374,0
LF:145
LH:0
BRDA:32,0,0,0
BRDA:32,0,1,0
BRDA:158,1,0,0
BRDA:158,1,1,0
BRDA:164,2,0,0
BRDA:164,2,1,0
BRDA:164,3,0,0
BRDA:164,3,1,0
BRDA:191,4,0,0
BRDA:191,4,1,0
BRDA:232,5,0,0
BRDA:232,5,1,0
BRDA:234,6,0,0
BRDA:234,6,1,0
BRDA:239,7,0,0
BRDA:239,7,1,0
BRDA:239,8,0,0
BRDA:239,8,1,0
BRDA:246,9,0,0
BRDA:246,9,1,0
BRDA:247,10,0,0
BRDA:247,10,1,0
BRDA:253,11,0,0
BRDA:253,11,1,0
BRDA:326,12,0,0
BRDA:326,12,1,0
BRDA:326,13,0,0
BRDA:326,13,1,0
BRDA:326,13,2,0
BRDA:328,14,0,0
BRDA:328,14,1,0
BRDA:328,15,0,0
BRDA:328,15,1,0
BRDA:328,15,2,0
BRDA:330,16,0,0
BRDA:330,16,1,0
BRDA:330,17,0,0
BRDA:330,17,1,0
BRDA:330,17,2,0
BRDA:353,18,0,0
BRDA:353,18,1,0
BRDA:356,19,0,0
BRDA:356,19,1,0
BRDA:364,20,0,0
BRDA:364,20,1,0
BRDA:367,21,0,0
BRDA:367,21,1,0
BRF:47
BRH:0
end_of_record
