TN:
SF:src/index.ts
FNF:0
FNH:0
LF:0
LH:0
BRF:0
BRH:0
end_of_record
TN:
SF:src/app/_layout.tsx
FN:10,RootLayoutNav
FN:17,(anonymous_1)
FN:23,(anonymous_2)
FN:35,(anonymous_3)
FN:69,RootLayout
FNF:5
FNH:0
FNDA:0,RootLayoutNav
FNDA:0,(anonymous_1)
FNDA:0,(anonymous_2)
FNDA:0,(anonymous_3)
FNDA:0,RootLayout
DA:11,0
DA:12,0
DA:13,0
DA:17,0
DA:19,0
DA:20,0
DA:23,0
DA:24,0
DA:25,0
DA:28,0
DA:30,0
DA:31,0
DA:35,0
DA:36,0
DA:38,0
DA:39,0
DA:40,0
DA:42,0
DA:44,0
DA:46,0
DA:47,0
DA:49,0
DA:51,0
DA:53,0
DA:57,0
DA:70,0
LF:26
LH:0
BRDA:36,0,0,0
BRDA:36,0,1,0
BRDA:36,1,0,0
BRDA:36,1,1,0
BRDA:42,2,0,0
BRDA:42,2,1,0
BRDA:44,3,0,0
BRDA:44,3,1,0
BRDA:44,4,0,0
BRDA:44,4,1,0
BRDA:47,5,0,0
BRDA:47,5,1,0
BRDA:47,6,0,0
BRDA:47,6,1,0
BRDA:51,7,0,0
BRDA:51,7,1,0
BRF:16
BRH:0
end_of_record
TN:
SF:src/app/index.tsx
FN:6,IndexScreen
FN:9,(anonymous_1)
FNF:2
FNH:0
FNDA:0,IndexScreen
FNDA:0,(anonymous_1)
DA:7,0
DA:9,0
DA:10,0
DA:11,0
DA:12,0
DA:14,0
DA:19,0
DA:28,0
LF:8
LH:0
BRDA:10,0,0,0
BRDA:10,0,1,0
BRDA:11,1,0,0
BRDA:11,1,1,0
BRF:4
BRH:0
end_of_record
TN:
SF:src/app/(auth)/_layout.tsx
FN:3,AuthLayout
FNF:1
FNH:0
FNDA:0,AuthLayout
DA:4,0
LF:1
LH:0
BRF:0
BRH:0
end_of_record
TN:
SF:src/app/(auth)/onboarding.tsx
FN:4,OnboardingScreen
FNF:1
FNH:0
FNDA:0,OnboardingScreen
DA:5,0
LF:1
LH:0
BRF:0
BRH:0
end_of_record
TN:
SF:src/app/(auth)/sign-in.tsx
FN:16,SignInScreen
FN:25,(anonymous_1)
FN:44,(anonymous_2)
FN:77,(anonymous_3)
FN:80,(anonymous_4)
FN:102,(anonymous_5)
FN:105,(anonymous_6)
FNF:7
FNH:0
FNDA:0,SignInScreen
FNDA:0,(anonymous_1)
FNDA:0,(anonymous_2)
FNDA:0,(anonymous_3)
FNDA:0,(anonymous_4)
FNDA:0,(anonymous_5)
FNDA:0,(anonymous_6)
DA:17,0
DA:18,0
DA:19,0
DA:23,0
DA:25,0
DA:26,0
DA:28,0
DA:29,0
DA:30,0
DA:31,0
DA:34,0
DA:35,0
DA:36,0
DA:37,0
DA:40,0
DA:41,0
DA:44,0
DA:45,0
DA:47,0
DA:48,0
DA:51,0
DA:53,0
DA:54,0
DA:55,0
DA:56,0
DA:60,0
DA:78,0
DA:79,0
DA:80,0
DA:103,0
DA:104,0
DA:105,0
DA:143,0
LF:33
LH:0
BRDA:28,0,0,0
BRDA:28,0,1,0
BRDA:30,1,0,0
BRDA:30,1,1,0
BRDA:34,2,0,0
BRDA:34,2,1,0
BRDA:36,3,0,0
BRDA:36,3,1,0
BRDA:47,4,0,0
BRDA:47,4,1,0
BRDA:53,5,0,0
BRDA:53,5,1,0
BRDA:55,6,0,0
BRDA:55,6,1,0
BRDA:63,7,0,0
BRDA:63,7,1,0
BRDA:75,8,0,0
BRDA:75,8,1,0
BRDA:79,9,0,0
BRDA:79,9,1,0
BRDA:89,10,0,0
BRDA:89,10,1,0
BRDA:99,11,0,0
BRDA:99,11,1,0
BRDA:104,12,0,0
BRDA:104,12,1,0
BRDA:114,13,0,0
BRDA:114,13,1,0
BRDA:120,14,0,0
BRDA:120,14,1,0
BRDA:125,15,0,0
BRDA:125,15,1,0
BRF:32
BRH:0
end_of_record
TN:
SF:src/app/(auth)/sign-up.tsx
FN:16,SignUpScreen
FN:30,(anonymous_1)
FN:66,(anonymous_2)
FN:83,(anonymous_3)
FN:112,(anonymous_4)
FN:115,(anonymous_5)
FN:134,(anonymous_6)
FN:137,(anonymous_7)
FN:159,(anonymous_8)
FN:162,(anonymous_9)
FN:184,(anonymous_10)
FN:187,(anonymous_11)
FNF:12
FNH:0
FNDA:0,SignUpScreen
FNDA:0,(anonymous_1)
FNDA:0,(anonymous_2)
FNDA:0,(anonymous_3)
FNDA:0,(anonymous_4)
FNDA:0,(anonymous_5)
FNDA:0,(anonymous_6)
FNDA:0,(anonymous_7)
FNDA:0,(anonymous_8)
FNDA:0,(anonymous_9)
FNDA:0,(anonymous_10)
FNDA:0,(anonymous_11)
DA:17,0
DA:18,0
DA:19,0
DA:20,0
DA:21,0
DA:28,0
DA:30,0
DA:36,0
DA:38,0
DA:39,0
DA:40,0
DA:41,0
DA:44,0
DA:45,0
DA:46,0
DA:47,0
DA:50,0
DA:51,0
DA:52,0
DA:53,0
DA:56,0
DA:57,0
DA:58,0
DA:59,0
DA:62,0
DA:63,0
DA:66,0
DA:67,0
DA:69,0
DA:70,0
DA:73,0
DA:75,0
DA:77,0
DA:83,0
DA:87,0
DA:88,0
DA:92,0
DA:113,0
DA:114,0
DA:115,0
DA:135,0
DA:136,0
DA:137,0
DA:160,0
DA:161,0
DA:162,0
DA:185,0
DA:186,0
DA:187,0
DA:228,0
LF:50
LH:0
BRDA:38,0,0,0
BRDA:38,0,1,0
BRDA:40,1,0,0
BRDA:40,1,1,0
BRDA:44,2,0,0
BRDA:44,2,1,0
BRDA:46,3,0,0
BRDA:46,3,1,0
BRDA:50,4,0,0
BRDA:50,4,1,0
BRDA:52,5,0,0
BRDA:52,5,1,0
BRDA:56,6,0,0
BRDA:56,6,1,0
BRDA:58,7,0,0
BRDA:58,7,1,0
BRDA:69,8,0,0
BRDA:69,8,1,0
BRDA:75,9,0,0
BRDA:75,9,1,0
BRDA:87,10,0,0
BRDA:87,10,1,0
BRDA:95,11,0,0
BRDA:95,11,1,0
BRDA:109,12,0,0
BRDA:109,12,1,0
BRDA:114,13,0,0
BRDA:114,13,1,0
BRDA:123,14,0,0
BRDA:123,14,1,0
BRDA:131,15,0,0
BRDA:131,15,1,0
BRDA:136,16,0,0
BRDA:136,16,1,0
BRDA:146,17,0,0
BRDA:146,17,1,0
BRDA:156,18,0,0
BRDA:156,18,1,0
BRDA:161,19,0,0
BRDA:161,19,1,0
BRDA:171,20,0,0
BRDA:171,20,1,0
BRDA:181,21,0,0
BRDA:181,21,1,0
BRDA:186,22,0,0
BRDA:186,22,1,0
BRDA:199,23,0,0
BRDA:199,23,1,0
BRDA:205,24,0,0
BRDA:205,24,1,0
BRDA:210,25,0,0
BRDA:210,25,1,0
BRF:52
BRH:0
end_of_record
TN:
SF:src/app/(tabs)/_layout.tsx
FN:5,TabLayout
FN:40,(anonymous_1)
FN:51,(anonymous_2)
FN:62,(anonymous_3)
FN:73,(anonymous_4)
FNF:5
FNH:0
FNDA:0,TabLayout
FNDA:0,(anonymous_1)
FNDA:0,(anonymous_2)
FNDA:0,(anonymous_3)
FNDA:0,(anonymous_4)
DA:6,0
DA:41,0
DA:52,0
DA:63,0
DA:74,0
LF:5
LH:0
BRDA:15,0,0,0
BRDA:15,0,1,0
BRDA:16,1,0,0
BRDA:16,1,1,0
BRF:4
BRH:0
end_of_record
TN:
SF:src/app/(tabs)/events.tsx
FN:20,EventListItem
FN:23,(anonymous_1)
FN:37,EventsScreen
FN:99,(anonymous_3)
FN:100,(anonymous_4)
FNF:5
FNH:0
FNDA:0,EventListItem
FNDA:0,(anonymous_1)
FNDA:0,EventsScreen
FNDA:0,(anonymous_3)
FNDA:0,(anonymous_4)
DA:21,0
DA:23,0
DA:24,0
DA:27,0
DA:38,0
DA:43,0
DA:45,0
DA:46,0
DA:56,0
DA:57,0
DA:67,0
DA:68,0
DA:80,0
DA:99,0
DA:101,0
DA:111,0
LF:16
LH:0
BRDA:21,0,0,0
BRDA:21,0,1,0
BRDA:32,1,0,0
BRDA:32,1,1,0
BRDA:43,2,0,0
BRDA:43,2,1,0
BRDA:45,3,0,0
BRDA:45,3,1,0
BRDA:56,4,0,0
BRDA:56,4,1,0
BRDA:67,5,0,0
BRDA:67,5,1,0
BRDA:89,6,0,0
BRDA:89,6,1,0
BRDA:89,7,0,0
BRDA:89,7,1,0
BRF:16
BRH:0
end_of_record
TN:
SF:src/app/(tabs)/groups.tsx
FN:18,GroupsScreen
FN:31,(anonymous_1)
FN:32,(anonymous_2)
FN:45,(anonymous_3)
FN:49,(anonymous_4)
FN:53,(anonymous_5)
FN:58,(anonymous_6)
FN:68,(anonymous_7)
FN:72,(anonymous_8)
FN:116,(anonymous_9)
FN:143,(anonymous_10)
FNF:11
FNH:0
FNDA:0,GroupsScreen
FNDA:0,(anonymous_1)
FNDA:0,(anonymous_2)
FNDA:0,(anonymous_3)
FNDA:0,(anonymous_4)
FNDA:0,(anonymous_5)
FNDA:0,(anonymous_6)
FNDA:0,(anonymous_7)
FNDA:0,(anonymous_8)
FNDA:0,(anonymous_9)
FNDA:0,(anonymous_10)
DA:19,0
DA:20,0
DA:21,0
DA:22,0
DA:29,0
DA:31,0
DA:32,0
DA:33,0
DA:34,0
DA:36,0
DA:40,0
DA:45,0
DA:46,0
DA:49,0
DA:50,0
DA:53,0
DA:58,0
DA:59,0
DA:68,0
DA:72,0
DA:73,0
DA:80,0
DA:81,0
DA:97,0
DA:98,0
DA:111,0
DA:116,0
DA:143,0
DA:144,0
DA:145,0
DA:150,0
DA:152,0
DA:161,0
LF:33
LH:0
BRDA:63,0,0,0
BRDA:63,0,1,0
BRDA:67,1,0,0
BRDA:67,1,1,0
BRDA:68,2,0,0
BRDA:68,2,1,0
BRDA:80,3,0,0
BRDA:80,3,1,0
BRDA:80,4,0,0
BRDA:80,4,1,0
BRDA:97,5,0,0
BRDA:97,5,1,0
BRDA:97,6,0,0
BRDA:97,6,1,0
BRDA:114,7,0,0
BRDA:114,7,1,0
BRDA:128,8,0,0
BRDA:128,8,1,0
BRDA:150,9,0,0
BRDA:150,9,1,0
BRF:20
BRH:0
end_of_record
TN:
SF:src/app/(tabs)/index.tsx
FN:23,HomeScreen
FN:61,(anonymous_1)
FN:109,(anonymous_2)
FN:134,(anonymous_3)
FN:141,(anonymous_4)
FN:145,(anonymous_5)
FN:163,(anonymous_6)
FN:170,(anonymous_7)
FN:175,(anonymous_8)
FN:188,(anonymous_9)
FN:203,(anonymous_10)
FN:211,(anonymous_11)
FN:219,(anonymous_12)
FN:228,(anonymous_13)
FNF:14
FNH:0
FNDA:0,HomeScreen
FNDA:0,(anonymous_1)
FNDA:0,(anonymous_2)
FNDA:0,(anonymous_3)
FNDA:0,(anonymous_4)
FNDA:0,(anonymous_5)
FNDA:0,(anonymous_6)
FNDA:0,(anonymous_7)
FNDA:0,(anonymous_8)
FNDA:0,(anonymous_9)
FNDA:0,(anonymous_10)
FNDA:0,(anonymous_11)
FNDA:0,(anonymous_12)
FNDA:0,(anonymous_13)
DA:24,0
DA:27,0
DA:28,0
DA:35,0
DA:41,0
DA:47,0
DA:53,0
DA:56,0
DA:57,0
DA:60,0
DA:61,0
DA:62,0
DA:63,0
DA:69,0
DA:72,0
DA:74,0
DA:75,0
DA:82,0
DA:109,0
DA:134,0
DA:142,0
DA:145,0
DA:163,0
DA:171,0
DA:175,0
DA:188,0
DA:203,0
DA:211,0
DA:219,0
DA:228,0
DA:245,0
LF:31
LH:0
BRDA:35,0,0,0
BRDA:35,0,1,0
BRDA:56,1,0,0
BRDA:56,1,1,0
BRDA:57,2,0,0
BRDA:57,2,1,0
BRDA:72,3,0,0
BRDA:72,3,1,0
BRDA:72,3,2,0
BRDA:72,3,3,0
BRDA:74,4,0,0
BRDA:74,4,1,0
BRDA:74,5,0,0
BRDA:74,5,1,0
BRDA:94,6,0,0
BRDA:94,6,1,0
BRDA:94,6,2,0
BRDA:99,7,0,0
BRDA:99,7,1,0
BRDA:106,8,0,0
BRDA:106,8,1,0
BRDA:117,9,0,0
BRDA:117,9,1,0
BRDA:121,10,0,0
BRDA:121,10,1,0
BRDA:139,11,0,0
BRDA:139,11,1,0
BRDA:139,12,0,0
BRDA:139,12,1,0
BRDA:168,13,0,0
BRDA:168,13,1,0
BRDA:168,14,0,0
BRDA:168,14,1,0
BRDA:225,15,0,0
BRDA:225,15,1,0
BRF:35
BRH:0
end_of_record
TN:
SF:src/app/(tabs)/profile.tsx
FN:26,ProfileScreen
FN:53,(anonymous_1)
FN:63,(anonymous_2)
FN:69,(anonymous_3)
FN:122,(anonymous_4)
FN:132,(anonymous_5)
FN:179,(anonymous_6)
FN:207,(anonymous_7)
FN:215,(anonymous_8)
FN:233,(anonymous_9)
FN:248,(anonymous_10)
FN:267,(anonymous_11)
FN:279,(anonymous_12)
FN:291,(anonymous_13)
FN:316,(anonymous_14)
FN:323,(anonymous_15)
FNF:16
FNH:0
FNDA:0,ProfileScreen
FNDA:0,(anonymous_1)
FNDA:0,(anonymous_2)
FNDA:0,(anonymous_3)
FNDA:0,(anonymous_4)
FNDA:0,(anonymous_5)
FNDA:0,(anonymous_6)
FNDA:0,(anonymous_7)
FNDA:0,(anonymous_8)
FNDA:0,(anonymous_9)
FNDA:0,(anonymous_10)
FNDA:0,(anonymous_11)
FNDA:0,(anonymous_12)
FNDA:0,(anonymous_13)
FNDA:0,(anonymous_14)
FNDA:0,(anonymous_15)
DA:27,0
DA:28,0
DA:29,0
DA:36,0
DA:42,0
DA:45,0
DA:48,0
DA:49,0
DA:51,0
DA:53,0
DA:54,0
DA:63,0
DA:64,0
DA:70,0
DA:71,0
DA:77,0
DA:78,0
DA:88,0
DA:89,0
DA:99,0
DA:122,0
DA:132,0
DA:180,0
DA:207,0
DA:216,0
DA:233,0
DA:248,0
DA:268,0
DA:280,0
DA:292,0
DA:316,0
DA:323,0
DA:330,0
LF:33
LH:0
BRDA:51,0,0,0
BRDA:51,0,1,0
BRDA:51,0,2,0
BRDA:77,1,0,0
BRDA:77,1,1,0
BRDA:88,2,0,0
BRDA:88,2,1,0
BRDA:88,3,0,0
BRDA:88,3,1,0
BRDA:108,4,0,0
BRDA:108,4,1,0
BRDA:143,5,0,0
BRDA:143,5,1,0
BRDA:152,6,0,0
BRDA:152,6,1,0
BRDA:164,7,0,0
BRDA:164,7,1,0
BRDA:176,8,0,0
BRDA:176,8,1,0
BRDA:176,8,2,0
BRDA:183,9,0,0
BRDA:183,9,1,0
BRDA:203,10,0,0
BRDA:203,10,1,0
BRDA:213,11,0,0
BRDA:213,11,1,0
BRDA:213,12,0,0
BRDA:213,12,1,0
BRDA:224,13,0,0
BRDA:224,13,1,0
BRDA:232,14,0,0
BRDA:232,14,1,0
BRDA:313,15,0,0
BRDA:313,15,1,0
BRF:34
BRH:0
end_of_record
TN:
SF:src/app/event/[id].tsx
FN:24,EventDetailScreen
FN:33,(anonymous_1)
FN:66,(anonymous_2)
FN:91,(anonymous_3)
FN:103,(anonymous_4)
FN:119,(anonymous_5)
FN:121,(anonymous_6)
FN:128,(anonymous_7)
FN:142,(anonymous_8)
FN:153,(anonymous_9)
FN:194,(anonymous_10)
FNF:11
FNH:0
FNDA:0,EventDetailScreen
FNDA:0,(anonymous_1)
FNDA:0,(anonymous_2)
FNDA:0,(anonymous_3)
FNDA:0,(anonymous_4)
FNDA:0,(anonymous_5)
FNDA:0,(anonymous_6)
FNDA:0,(anonymous_7)
FNDA:0,(anonymous_8)
FNDA:0,(anonymous_9)
FNDA:0,(anonymous_10)
DA:25,0
DA:26,0
DA:28,0
DA:29,0
DA:30,0
DA:31,0
DA:33,0
DA:34,0
DA:35,0
DA:36,0
DA:37,0
DA:39,0
DA:40,0
DA:47,0
DA:48,0
DA:55,0
DA:66,0
DA:67,0
DA:69,0
DA:70,0
DA:73,0
DA:74,0
DA:79,0
DA:84,0
DA:88,0
DA:91,0
DA:92,0
DA:93,0
DA:95,0
DA:96,0
DA:97,0
DA:98,0
DA:100,0
DA:103,0
DA:104,0
DA:106,0
DA:107,0
DA:109,0
DA:110,0
DA:112,0
DA:113,0
DA:116,0
DA:119,0
DA:120,0
DA:121,0
DA:122,0
DA:123,0
DA:128,0
DA:129,0
DA:131,0
DA:132,0
DA:136,0
DA:138,0
DA:142,0
DA:143,0
DA:145,0
DA:154,0
DA:155,0
DA:159,0
DA:161,0
DA:172,0
DA:173,0
DA:183,0
DA:184,0
DA:194,0
DA:202,0
DA:204,0
DA:206,0
DA:341,0
LF:69
LH:0
BRDA:29,0,0,0
BRDA:29,0,1,0
BRDA:39,1,0,0
BRDA:39,1,1,0
BRDA:47,2,0,0
BRDA:47,2,1,0
BRDA:67,3,0,0
BRDA:67,3,1,0
BRDA:73,4,0,0
BRDA:73,4,1,0
BRDA:92,5,0,0
BRDA:92,5,1,0
BRDA:93,6,0,0
BRDA:93,6,1,0
BRDA:96,7,0,0
BRDA:96,7,1,0
BRDA:97,8,0,0
BRDA:97,8,1,0
BRDA:98,9,0,0
BRDA:98,9,1,0
BRDA:100,10,0,0
BRDA:100,10,1,0
BRDA:104,11,0,0
BRDA:104,11,1,0
BRDA:106,12,0,0
BRDA:106,12,1,0
BRDA:107,13,0,0
BRDA:107,13,1,0
BRDA:109,14,0,0
BRDA:109,14,1,0
BRDA:112,15,0,0
BRDA:112,15,1,0
BRDA:120,16,0,0
BRDA:120,16,1,0
BRDA:129,17,0,0
BRDA:129,17,1,0
BRDA:129,18,0,0
BRDA:129,18,1,0
BRDA:143,19,0,0
BRDA:143,19,1,0
BRDA:143,20,0,0
BRDA:143,20,1,0
BRDA:172,21,0,0
BRDA:172,21,1,0
BRDA:183,22,0,0
BRDA:183,22,1,0
BRDA:183,23,0,0
BRDA:183,23,1,0
BRDA:189,24,0,0
BRDA:189,24,1,0
BRDA:202,25,0,0
BRDA:202,25,1,0
BRDA:204,26,0,0
BRDA:204,26,1,0
BRDA:208,27,0,0
BRDA:208,27,1,0
BRDA:215,28,0,0
BRDA:215,28,1,0
BRDA:219,29,0,0
BRDA:219,29,1,0
BRDA:239,30,0,0
BRDA:239,30,1,0
BRDA:253,31,0,0
BRDA:253,31,1,0
BRDA:257,32,0,0
BRDA:257,32,1,0
BRDA:263,33,0,0
BRDA:263,33,1,0
BRDA:270,34,0,0
BRDA:270,34,1,0
BRDA:277,35,0,0
BRDA:277,35,1,0
BRDA:286,36,0,0
BRDA:286,36,1,0
BRDA:286,36,2,0
BRDA:297,37,0,0
BRDA:297,37,1,0
BRDA:308,38,0,0
BRDA:308,38,1,0
BRDA:308,38,2,0
BRDA:310,39,0,0
BRDA:310,39,1,0
BRF:82
BRH:0
end_of_record
TN:
SF:src/app/group/[id].tsx
FN:8,GroupDetailScreen
FN:23,(anonymous_1)
FN:39,(anonymous_2)
FN:40,(anonymous_3)
FNF:4
FNH:0
FNDA:0,GroupDetailScreen
FNDA:0,(anonymous_1)
FNDA:0,(anonymous_2)
FNDA:0,(anonymous_3)
DA:9,0
DA:10,0
DA:11,0
DA:18,0
DA:21,0
DA:23,0
DA:25,0
DA:26,0
DA:29,0
DA:30,0
DA:37,0
DA:38,0
DA:39,0
DA:40,0
DA:42,0
DA:45,0
DA:47,0
DA:58,0
LF:18
LH:0
BRDA:29,0,0,0
BRDA:29,0,1,0
BRDA:37,1,0,0
BRDA:37,1,1,0
BRDA:37,2,0,0
BRDA:37,2,1,0
BRDA:45,3,0,0
BRDA:45,3,1,0
BRF:8
BRH:0
end_of_record
TN:
SF:src/components/ErrorBoundary.tsx
FN:22,(anonymous_0)
FN:30,(anonymous_1)
FN:34,(anonymous_2)
FN:50,(anonymous_3)
FN:61,(anonymous_4)
FN:72,(anonymous_5)
FNF:6
FNH:0
FNDA:0,(anonymous_0)
FNDA:0,(anonymous_1)
FNDA:0,(anonymous_2)
FNDA:0,(anonymous_3)
FNDA:0,(anonymous_4)
FNDA:0,(anonymous_5)
DA:20,0
DA:23,0
DA:24,0
DA:31,0
DA:35,0
DA:38,0
DA:45,0
DA:47,0
DA:50,0
DA:51,0
DA:52,0
DA:61,0
DA:64,0
DA:73,0
DA:74,0
DA:75,0
DA:78,0
DA:79,0
DA:81,0
DA:133,0
DA:137,0
LF:21
LH:0
BRDA:51,0,0,0
BRDA:51,0,1,0
BRDA:73,1,0,0
BRDA:73,1,1,0
BRDA:74,2,0,0
BRDA:74,2,1,0
BRDA:79,3,0,0
BRDA:79,3,1,0
BRDA:91,4,0,0
BRDA:91,4,1,0
BRDA:94,5,0,0
BRDA:94,5,1,0
BRDA:101,6,0,0
BRDA:101,6,1,0
BRDA:101,6,2,0
BRDA:113,7,0,0
BRDA:113,7,1,0
BRF:17
BRH:0
end_of_record
TN:
SF:src/components/index.ts
FNF:0
FNH:0
LF:0
LH:0
BRF:0
BRH:0
end_of_record
TN:
SF:src/components/events/EventCard.tsx
FN:20,(anonymous_0)
FN:26,(anonymous_1)
FN:58,(anonymous_2)
FN:83,(anonymous_3)
FN:92,(anonymous_4)
FN:108,(anonymous_5)
FN:110,(anonymous_6)
FNF:7
FNH:0
FNDA:0,(anonymous_0)
FNDA:0,(anonymous_1)
FNDA:0,(anonymous_2)
FNDA:0,(anonymous_3)
FNDA:0,(anonymous_4)
FNDA:0,(anonymous_5)
FNDA:0,(anonymous_6)
DA:20,0
DA:26,0
DA:27,0
DA:28,0
DA:29,0
DA:30,0
DA:32,0
DA:33,0
DA:40,0
DA:41,0
DA:48,0
DA:58,0
DA:59,0
DA:61,0
DA:62,0
DA:65,0
DA:66,0
DA:71,0
DA:76,0
DA:80,0
DA:83,0
DA:84,0
DA:85,0
DA:86,0
DA:87,0
DA:88,0
DA:89,0
DA:92,0
DA:93,0
DA:95,0
DA:96,0
DA:98,0
DA:99,0
DA:101,0
DA:102,0
DA:105,0
DA:108,0
DA:109,0
DA:110,0
DA:111,0
DA:116,0
DA:207,0
LF:42
LH:0
BRDA:23,0,0,0
BRDA:24,1,0,0
BRDA:32,2,0,0
BRDA:32,2,1,0
BRDA:40,3,0,0
BRDA:40,3,1,0
BRDA:59,4,0,0
BRDA:59,4,1,0
BRDA:65,5,0,0
BRDA:65,5,1,0
BRDA:84,6,0,0
BRDA:84,6,1,0
BRDA:85,7,0,0
BRDA:85,7,1,0
BRDA:86,8,0,0
BRDA:86,8,1,0
BRDA:87,9,0,0
BRDA:87,9,1,0
BRDA:88,10,0,0
BRDA:88,10,1,0
BRDA:93,11,0,0
BRDA:93,11,1,0
BRDA:95,12,0,0
BRDA:95,12,1,0
BRDA:96,13,0,0
BRDA:96,13,1,0
BRDA:98,14,0,0
BRDA:98,14,1,0
BRDA:101,15,0,0
BRDA:101,15,1,0
BRDA:109,16,0,0
BRDA:109,16,1,0
BRDA:119,17,0,0
BRDA:119,17,1,0
BRDA:129,18,0,0
BRDA:129,18,1,0
BRDA:133,19,0,0
BRDA:133,19,1,0
BRDA:141,20,0,0
BRDA:141,20,1,0
BRDA:141,20,2,0
BRDA:158,21,0,0
BRDA:158,21,1,0
BRDA:168,22,0,0
BRDA:168,22,1,0
BRDA:174,23,0,0
BRDA:174,23,1,0
BRDA:178,24,0,0
BRDA:178,24,1,0
BRDA:186,25,0,0
BRDA:186,25,1,0
BRDA:195,26,0,0
BRDA:195,26,1,0
BRDA:195,26,2,0
BRF:54
BRH:0
end_of_record
TN:
SF:src/components/events/index.ts
FNF:0
FNH:0
LF:0
LH:0
BRF:0
BRH:0
end_of_record
TN:
SF:src/components/friends/FriendCard.tsx
FN:14,FriendCard
FN:26,(anonymous_1)
FN:32,(anonymous_2)
FNF:3
FNH:0
FNDA:0,FriendCard
FNDA:0,(anonymous_1)
FNDA:0,(anonymous_2)
DA:20,0
DA:22,0
DA:23,0
DA:26,0
DA:27,0
DA:28,0
DA:32,0
DA:33,0
DA:34,0
DA:38,0
DA:68,0
LF:11
LH:0
BRDA:18,0,0,0
BRDA:22,1,0,0
BRDA:22,1,1,0
BRDA:27,2,0,0
BRDA:27,2,1,0
BRDA:33,3,0,0
BRDA:33,3,1,0
BRDA:48,4,0,0
BRDA:48,4,1,0
BRF:9
BRH:0
end_of_record
TN:
SF:src/components/friends/FriendManagementModal.tsx
FN:21,FriendManagementModal
FN:28,(anonymous_1)
FN:34,(anonymous_2)
FNF:3
FNH:0
FNDA:0,FriendManagementModal
FNDA:0,(anonymous_1)
FNDA:0,(anonymous_2)
DA:26,0
DA:28,0
DA:29,0
DA:31,0
DA:34,0
DA:45,0
DA:77,0
LF:7
LH:0
BRDA:33,0,0,0
BRDA:33,0,1,0
BRDA:37,1,0,0
BRDA:37,1,1,0
BRDA:66,2,0,0
BRDA:66,2,1,0
BRF:6
BRH:0
end_of_record
TN:
SF:src/components/friends/FriendRequestCard.tsx
FN:15,FriendRequestCard
FN:31,(anonymous_1)
FN:35,(anonymous_2)
FN:39,(anonymous_3)
FNF:4
FNH:0
FNDA:0,FriendRequestCard
FNDA:0,(anonymous_1)
FNDA:0,(anonymous_2)
FNDA:0,(anonymous_3)
DA:25,0
DA:27,0
DA:28,0
DA:31,0
DA:32,0
DA:35,0
DA:36,0
DA:39,0
DA:40,0
DA:43,0
DA:92,0
LF:11
LH:0
BRDA:21,0,0,0
BRDA:25,1,0,0
BRDA:25,1,1,0
BRDA:27,2,0,0
BRDA:27,2,1,0
BRDA:55,3,0,0
BRDA:55,3,1,0
BRDA:61,4,0,0
BRDA:61,4,1,0
BRF:9
BRH:0
end_of_record
TN:
SF:src/components/friends/FriendRequestNotifications.tsx
FN:12,FriendRequestNotifications
FN:38,(anonymous_1)
FNF:2
FNH:0
FNDA:0,FriendRequestNotifications
FNDA:0,(anonymous_1)
DA:17,0
DA:18,0
DA:20,0
DA:21,0
DA:24,0
DA:39,0
DA:40,0
DA:42,0
DA:69,0
LF:9
LH:0
BRDA:15,0,0,0
BRDA:20,1,0,0
BRDA:20,1,1,0
BRDA:39,2,0,0
BRDA:39,2,1,0
BRDA:40,3,0,0
BRDA:40,3,1,0
BRDA:57,4,0,0
BRDA:57,4,1,0
BRDA:59,5,0,0
BRDA:59,5,1,0
BRF:11
BRH:0
end_of_record
TN:
SF:src/components/friends/FriendSearch.tsx
FN:25,FriendSearch
FN:32,(anonymous_1)
FN:40,(anonymous_2)
FN:42,(anonymous_3)
FN:45,(anonymous_4)
FN:55,(anonymous_5)
FN:71,(anonymous_6)
FN:112,(anonymous_7)
FN:127,UserSearchItem
FN:138,(anonymous_9)
FN:144,(anonymous_10)
FNF:11
FNH:0
FNDA:0,FriendSearch
FNDA:0,(anonymous_1)
FNDA:0,(anonymous_2)
FNDA:0,(anonymous_3)
FNDA:0,(anonymous_4)
FNDA:0,(anonymous_5)
FNDA:0,(anonymous_6)
FNDA:0,(anonymous_7)
FNDA:0,UserSearchItem
FNDA:0,(anonymous_9)
FNDA:0,(anonymous_10)
DA:26,0
DA:27,0
DA:29,0
DA:30,0
DA:32,0
DA:33,0
DA:41,0
DA:43,0
DA:46,0
DA:55,0
DA:57,0
DA:58,0
DA:61,0
DA:71,0
DA:73,0
DA:112,0
DA:132,0
DA:133,0
DA:138,0
DA:139,0
DA:140,0
DA:144,0
DA:145,0
DA:147,0
DA:148,0
DA:155,0
DA:157,0
DA:163,0
DA:169,0
DA:175,0
DA:181,0
DA:189,0
DA:191,0
DA:212,0
LF:34
LH:0
BRDA:57,0,0,0
BRDA:57,0,1,0
BRDA:71,1,0,0
BRDA:71,1,1,0
BRDA:77,2,0,0
BRDA:77,2,1,0
BRDA:93,3,0,0
BRDA:93,3,1,0
BRDA:99,4,0,0
BRDA:99,4,1,0
BRDA:103,5,0,0
BRDA:103,5,1,0
BRDA:112,6,0,0
BRDA:112,6,1,0
BRDA:134,7,0,0
BRDA:134,7,1,0
BRDA:139,8,0,0
BRDA:139,8,1,0
BRDA:139,9,0,0
BRDA:139,9,1,0
BRDA:147,10,0,0
BRDA:147,10,1,0
BRDA:155,11,0,0
BRDA:155,11,1,0
BRDA:155,11,2,0
BRDA:155,11,3,0
BRDA:155,11,4,0
BRDA:204,12,0,0
BRDA:204,12,1,0
BRF:29
BRH:0
end_of_record
TN:
SF:src/components/friends/FriendsList.tsx
FN:29,FriendsList
FN:43,(anonymous_1)
FN:52,(anonymous_2)
FN:60,(anonymous_3)
FN:69,(anonymous_4)
FN:77,(anonymous_5)
FN:81,(anonymous_6)
FN:85,(anonymous_7)
FN:93,(anonymous_8)
FN:102,(anonymous_9)
FN:115,(anonymous_10)
FN:128,(anonymous_11)
FN:141,(anonymous_12)
FN:154,(anonymous_13)
FN:161,(anonymous_14)
FN:184,(anonymous_15)
FN:237,(anonymous_16)
FN:241,(anonymous_17)
FNF:18
FNH:0
FNDA:0,FriendsList
FNDA:0,(anonymous_1)
FNDA:0,(anonymous_2)
FNDA:0,(anonymous_3)
FNDA:0,(anonymous_4)
FNDA:0,(anonymous_5)
FNDA:0,(anonymous_6)
FNDA:0,(anonymous_7)
FNDA:0,(anonymous_8)
FNDA:0,(anonymous_9)
FNDA:0,(anonymous_10)
FNDA:0,(anonymous_11)
FNDA:0,(anonymous_12)
FNDA:0,(anonymous_13)
FNDA:0,(anonymous_14)
FNDA:0,(anonymous_15)
FNDA:0,(anonymous_16)
FNDA:0,(anonymous_17)
DA:30,0
DA:33,0
DA:34,0
DA:35,0
DA:38,0
DA:39,0
DA:40,0
DA:41,0
DA:43,0
DA:44,0
DA:53,0
DA:60,0
DA:61,0
DA:70,0
DA:77,0
DA:78,0
DA:81,0
DA:82,0
DA:85,0
DA:86,0
DA:95,0
DA:102,0
DA:103,0
DA:105,0
DA:107,0
DA:109,0
DA:111,0
DA:115,0
DA:116,0
DA:118,0
DA:120,0
DA:122,0
DA:124,0
DA:128,0
DA:129,0
DA:131,0
DA:133,0
DA:135,0
DA:137,0
DA:141,0
DA:142,0
DA:144,0
DA:146,0
DA:148,0
DA:150,0
DA:154,0
DA:155,0
DA:156,0
DA:158,0
DA:161,0
DA:184,0
DA:185,0
DA:186,0
DA:194,0
DA:211,0
DA:212,0
DA:213,0
DA:215,0
DA:216,0
DA:224,0
DA:237,0
DA:242,0
DA:243,0
DA:244,0
DA:267,0
LF:65
LH:0
BRDA:103,0,0,0
BRDA:103,0,1,0
BRDA:103,0,2,0
BRDA:103,0,3,0
BRDA:105,1,0,0
BRDA:105,1,1,0
BRDA:107,2,0,0
BRDA:107,2,1,0
BRDA:109,3,0,0
BRDA:109,3,1,0
BRDA:116,4,0,0
BRDA:116,4,1,0
BRDA:116,4,2,0
BRDA:116,4,3,0
BRDA:129,5,0,0
BRDA:129,5,1,0
BRDA:129,5,2,0
BRDA:129,5,3,0
BRDA:142,6,0,0
BRDA:142,6,1,0
BRDA:142,6,2,0
BRDA:142,6,3,0
BRDA:144,7,0,0
BRDA:144,7,1,0
BRDA:146,8,0,0
BRDA:146,8,1,0
BRDA:148,9,0,0
BRDA:148,9,1,0
BRDA:160,10,0,0
BRDA:160,10,1,0
BRDA:166,11,0,0
BRDA:166,11,1,0
BRDA:171,12,0,0
BRDA:171,12,1,0
BRDA:172,13,0,0
BRDA:172,13,1,0
BRDA:174,14,0,0
BRDA:174,14,1,0
BRDA:185,15,0,0
BRDA:185,15,1,0
BRDA:202,16,0,0
BRDA:202,16,1,0
BRDA:202,16,2,0
BRDA:215,17,0,0
BRDA:215,17,1,0
BRDA:249,18,0,0
BRDA:249,18,1,0
BRDA:250,19,0,0
BRDA:250,19,1,0
BRDA:251,20,0,0
BRDA:251,20,1,0
BRDA:254,21,0,0
BRDA:254,21,1,0
BRDA:256,22,0,0
BRDA:256,22,1,0
BRDA:258,23,0,0
BRDA:258,23,1,0
BRF:57
BRH:0
end_of_record
TN:
SF:src/components/friends/index.ts
FNF:0
FNH:0
LF:0
LH:0
BRF:0
BRH:0
end_of_record
TN:
SF:src/components/groups/GroupCard.tsx
FN:11,(anonymous_0)
FN:16,(anonymous_1)
FN:20,(anonymous_2)
FNF:3
FNH:0
FNDA:0,(anonymous_0)
FNDA:0,(anonymous_1)
FNDA:0,(anonymous_2)
DA:11,0
DA:16,0
DA:17,0
DA:20,0
DA:21,0
DA:22,0
DA:23,0
DA:24,0
DA:25,0
DA:28,0
DA:85,0
LF:11
LH:0
BRDA:21,0,0,0
BRDA:21,0,1,0
BRDA:22,1,0,0
BRDA:22,1,1,0
BRDA:23,2,0,0
BRDA:23,2,1,0
BRDA:24,3,0,0
BRDA:24,3,1,0
BRDA:31,4,0,0
BRDA:31,4,1,0
BRDA:40,5,0,0
BRDA:40,5,1,0
BRDA:47,6,0,0
BRDA:47,6,1,0
BRDA:49,7,0,0
BRDA:49,7,1,0
BRDA:68,8,0,0
BRDA:68,8,1,0
BRDA:71,9,0,0
BRDA:71,9,1,0
BRDA:76,10,0,0
BRDA:76,10,1,0
BRF:22
BRH:0
end_of_record
TN:
SF:src/components/groups/GroupDetail.tsx
FN:31,(anonymous_0)
FN:46,(anonymous_1)
FN:50,(anonymous_2)
FN:58,(anonymous_3)
FN:79,(anonymous_4)
FN:85,(anonymous_5)
FN:106,(anonymous_6)
FN:110,(anonymous_7)
FN:117,(anonymous_8)
FN:124,(anonymous_9)
FN:127,(anonymous_10)
FN:199,(anonymous_11)
FN:229,(anonymous_12)
FN:247,(anonymous_13)
FNF:14
FNH:0
FNDA:0,(anonymous_0)
FNDA:0,(anonymous_1)
FNDA:0,(anonymous_2)
FNDA:0,(anonymous_3)
FNDA:0,(anonymous_4)
FNDA:0,(anonymous_5)
FNDA:0,(anonymous_6)
FNDA:0,(anonymous_7)
FNDA:0,(anonymous_8)
FNDA:0,(anonymous_9)
FNDA:0,(anonymous_10)
FNDA:0,(anonymous_11)
FNDA:0,(anonymous_12)
FNDA:0,(anonymous_13)
DA:31,0
DA:36,0
DA:37,0
DA:38,0
DA:40,0
DA:41,0
DA:42,0
DA:46,0
DA:47,0
DA:50,0
DA:51,0
DA:52,0
DA:53,0
DA:54,0
DA:55,0
DA:58,0
DA:59,0
DA:60,0
DA:61,0
DA:64,0
DA:65,0
DA:69,0
DA:70,0
DA:72,0
DA:79,0
DA:80,0
DA:86,0
DA:88,0
DA:89,0
DA:93,0
DA:94,0
DA:96,0
DA:106,0
DA:107,0
DA:109,0
DA:111,0
DA:112,0
DA:114,0
DA:118,0
DA:123,0
DA:124,0
DA:127,0
DA:128,0
DA:132,0
DA:134,0
DA:200,0
DA:229,0
DA:248,0
DA:303,0
LF:49
LH:0
BRDA:51,0,0,0
BRDA:51,0,1,0
BRDA:52,1,0,0
BRDA:52,1,1,0
BRDA:53,2,0,0
BRDA:53,2,1,0
BRDA:54,3,0,0
BRDA:54,3,1,0
BRDA:59,4,0,0
BRDA:59,4,1,0
BRDA:74,5,0,0
BRDA:74,5,1,0
BRDA:86,6,0,0
BRDA:86,6,1,0
BRDA:98,7,0,0
BRDA:98,7,1,0
BRDA:107,8,0,0
BRDA:107,8,1,0
BRDA:111,9,0,0
BRDA:111,9,1,0
BRDA:123,10,0,0
BRDA:123,10,1,0
BRDA:124,11,0,0
BRDA:124,11,1,0
BRDA:127,12,0,0
BRDA:127,12,1,0
BRDA:128,13,0,0
BRDA:128,13,1,0
BRDA:132,14,0,0
BRDA:132,14,1,0
BRDA:136,15,0,0
BRDA:136,15,1,0
BRDA:143,16,0,0
BRDA:143,16,1,0
BRDA:150,17,0,0
BRDA:150,17,1,0
BRDA:152,18,0,0
BRDA:152,18,1,0
BRDA:176,19,0,0
BRDA:176,19,1,0
BRDA:180,20,0,0
BRDA:180,20,1,0
BRDA:184,21,0,0
BRDA:184,21,1,0
BRDA:193,22,0,0
BRDA:193,22,1,0
BRDA:196,23,0,0
BRDA:196,23,1,0
BRDA:204,24,0,0
BRDA:204,24,1,0
BRDA:208,25,0,0
BRDA:208,25,1,0
BRDA:211,26,0,0
BRDA:211,26,1,0
BRDA:221,27,0,0
BRDA:221,27,1,0
BRDA:227,28,0,0
BRDA:227,28,1,0
BRDA:233,29,0,0
BRDA:233,29,1,0
BRDA:239,30,0,0
BRDA:239,30,1,0
BRDA:252,31,0,0
BRDA:252,31,1,0
BRDA:256,32,0,0
BRDA:256,32,1,0
BRDA:271,33,0,0
BRDA:271,33,1,0
BRDA:273,34,0,0
BRDA:273,34,1,0
BRF:70
BRH:0
end_of_record
TN:
SF:src/components/groups/index.ts
FNF:0
FNH:0
LF:0
LH:0
BRF:0
BRH:0
end_of_record
TN:
SF:src/components/onboarding/ChurchStep.tsx
FN:14,ChurchStep
FN:27,(anonymous_1)
FN:31,(anonymous_2)
FN:54,(anonymous_3)
FN:58,(anonymous_4)
FN:64,(anonymous_5)
FN:68,(anonymous_6)
FN:74,(anonymous_7)
FN:148,(anonymous_8)
FNF:9
FNH:0
FNDA:0,ChurchStep
FNDA:0,(anonymous_1)
FNDA:0,(anonymous_2)
FNDA:0,(anonymous_3)
FNDA:0,(anonymous_4)
FNDA:0,(anonymous_5)
FNDA:0,(anonymous_6)
FNDA:0,(anonymous_7)
FNDA:0,(anonymous_8)
DA:20,0
DA:21,0
DA:24,0
DA:25,0
DA:27,0
DA:28,0
DA:31,0
DA:32,0
DA:33,0
DA:34,0
DA:37,0
DA:39,0
DA:40,0
DA:41,0
DA:44,0
DA:45,0
DA:48,0
DA:50,0
DA:54,0
DA:55,0
DA:58,0
DA:59,0
DA:60,0
DA:64,0
DA:65,0
DA:68,0
DA:69,0
DA:74,0
DA:107,0
DA:108,0
DA:116,0
DA:117,0
DA:131,0
DA:148,0
DA:175,0
LF:35
LH:0
BRDA:39,0,0,0
BRDA:39,0,1,0
BRDA:44,1,0,0
BRDA:44,1,1,0
BRDA:59,2,0,0
BRDA:59,2,1,0
BRDA:72,3,0,0
BRDA:72,3,1,0
BRDA:81,4,0,0
BRDA:81,4,1,0
BRDA:86,5,0,0
BRDA:86,5,1,0
BRDA:90,6,0,0
BRDA:90,6,1,0
BRDA:93,7,0,0
BRDA:93,7,1,0
BRDA:95,8,0,0
BRDA:95,8,1,0
BRDA:99,9,0,0
BRDA:99,9,1,0
BRDA:107,10,0,0
BRDA:107,10,1,0
BRDA:116,11,0,0
BRDA:116,11,1,0
BRDA:157,12,0,0
BRDA:157,12,1,0
BRDA:158,13,0,0
BRDA:158,13,1,0
BRDA:164,14,0,0
BRDA:164,14,1,0
BRDA:167,15,0,0
BRDA:167,15,1,0
BRF:32
BRH:0
end_of_record
TN:
SF:src/components/onboarding/InterestsStep.tsx
FN:12,InterestsStep
FN:22,(anonymous_1)
FN:26,(anonymous_2)
FN:27,(anonymous_3)
FN:29,(anonymous_4)
FN:36,(anonymous_5)
FN:40,(anonymous_6)
FN:47,(anonymous_7)
FNF:8
FNH:0
FNDA:0,InterestsStep
FNDA:0,(anonymous_1)
FNDA:0,(anonymous_2)
FNDA:0,(anonymous_3)
FNDA:0,(anonymous_4)
FNDA:0,(anonymous_5)
FNDA:0,(anonymous_6)
FNDA:0,(anonymous_7)
DA:18,0
DA:22,0
DA:23,0
DA:26,0
DA:27,0
DA:28,0
DA:29,0
DA:31,0
DA:36,0
DA:37,0
DA:40,0
DA:41,0
DA:43,0
DA:47,0
DA:67,0
DA:119,0
LF:16
LH:0
BRDA:19,0,0,0
BRDA:19,0,1,0
BRDA:23,1,0,0
BRDA:23,1,1,0
BRDA:28,2,0,0
BRDA:28,2,1,0
BRDA:46,3,0,0
BRDA:46,3,1,0
BRDA:53,4,0,0
BRDA:53,4,1,0
BRDA:58,5,0,0
BRDA:58,5,1,0
BRDA:94,6,0,0
BRDA:94,6,1,0
BRDA:96,7,0,0
BRDA:96,7,1,0
BRDA:105,8,0,0
BRDA:105,8,1,0
BRDA:108,9,0,0
BRDA:108,9,1,0
BRDA:111,10,0,0
BRDA:111,10,1,0
BRF:22
BRH:0
end_of_record
TN:
SF:src/components/onboarding/MeetingNightStep.tsx
FN:12,MeetingNightStep
FN:22,(anonymous_1)
FN:26,(anonymous_2)
FN:30,(anonymous_3)
FN:34,(anonymous_4)
FN:41,(anonymous_5)
FN:83,(anonymous_6)
FNF:7
FNH:0
FNDA:0,MeetingNightStep
FNDA:0,(anonymous_1)
FNDA:0,(anonymous_2)
FNDA:0,(anonymous_3)
FNDA:0,(anonymous_4)
FNDA:0,(anonymous_5)
FNDA:0,(anonymous_6)
DA:18,0
DA:22,0
DA:23,0
DA:26,0
DA:27,0
DA:30,0
DA:31,0
DA:34,0
DA:35,0
DA:37,0
DA:41,0
DA:58,0
DA:83,0
DA:104,0
LF:14
LH:0
BRDA:19,0,0,0
BRDA:19,0,1,0
BRDA:23,1,0,0
BRDA:23,1,1,0
BRDA:40,2,0,0
BRDA:40,2,1,0
BRDA:45,3,0,0
BRDA:45,3,1,0
BRDA:49,4,0,0
BRDA:49,4,1,0
BRDA:82,5,0,0
BRDA:82,5,1,0
BRDA:91,6,0,0
BRDA:91,6,1,0
BRDA:93,7,0,0
BRDA:93,7,1,0
BRDA:96,8,0,0
BRDA:96,8,1,0
BRF:18
BRH:0
end_of_record
TN:
SF:src/components/onboarding/NameStep.tsx
FN:11,NameStep
FN:19,(anonymous_1)
FN:23,(anonymous_2)
FN:36,(anonymous_3)
FN:47,(anonymous_4)
FNF:5
FNH:0
FNDA:0,NameStep
FNDA:0,(anonymous_1)
FNDA:0,(anonymous_2)
FNDA:0,(anonymous_3)
FNDA:0,(anonymous_4)
DA:16,0
DA:17,0
DA:19,0
DA:20,0
DA:23,0
DA:24,0
DA:25,0
DA:27,0
DA:28,0
DA:30,0
DA:31,0
DA:33,0
DA:36,0
DA:37,0
DA:38,0
DA:39,0
DA:40,0
DA:43,0
DA:44,0
DA:47,0
DA:48,0
DA:49,0
DA:50,0
DA:54,0
DA:94,0
LF:25
LH:0
BRDA:16,0,0,0
BRDA:16,0,1,0
BRDA:20,1,0,0
BRDA:20,1,1,0
BRDA:24,2,0,0
BRDA:24,2,1,0
BRDA:27,3,0,0
BRDA:27,3,1,0
BRDA:30,4,0,0
BRDA:30,4,1,0
BRDA:38,5,0,0
BRDA:38,5,1,0
BRDA:49,6,0,0
BRDA:49,6,1,0
BRDA:64,7,0,0
BRDA:64,7,1,0
BRDA:74,8,0,0
BRDA:74,8,1,0
BRDA:81,9,0,0
BRDA:81,9,1,0
BRDA:81,9,2,0
BRDA:84,10,0,0
BRDA:84,10,1,0
BRDA:87,11,0,0
BRDA:87,11,1,0
BRF:25
BRH:0
end_of_record
TN:
SF:src/components/onboarding/OnboardingFlow.tsx
FN:37,OnboardingFlow
FN:50,(anonymous_1)
FN:55,(anonymous_2)
FN:69,(anonymous_3)
FN:80,(anonymous_4)
FN:93,(anonymous_5)
FN:97,(anonymous_6)
FN:99,(anonymous_7)
FN:103,(anonymous_8)
FN:161,(anonymous_9)
FNF:10
FNH:0
FNDA:0,OnboardingFlow
FNDA:0,(anonymous_1)
FNDA:0,(anonymous_2)
FNDA:0,(anonymous_3)
FNDA:0,(anonymous_4)
FNDA:0,(anonymous_5)
FNDA:0,(anonymous_6)
FNDA:0,(anonymous_7)
FNDA:0,(anonymous_8)
FNDA:0,(anonymous_9)
DA:14,0
DA:38,0
DA:39,0
DA:45,0
DA:46,0
DA:48,0
DA:50,0
DA:52,0
DA:55,0
DA:56,0
DA:57,0
DA:60,0
DA:61,0
DA:62,0
DA:65,0
DA:69,0
DA:70,0
DA:71,0
DA:76,0
DA:80,0
DA:81,0
DA:82,0
DA:83,0
DA:86,0
DA:89,0
DA:90,0
DA:93,0
DA:97,0
DA:98,0
DA:99,0
DA:103,0
DA:104,0
DA:105,0
DA:106,0
DA:109,0
DA:110,0
DA:112,0
DA:114,0
DA:119,0
DA:120,0
DA:121,0
DA:122,0
DA:126,0
DA:129,0
DA:132,0
DA:134,0
DA:135,0
DA:137,0
DA:141,0
DA:142,0
DA:144,0
DA:162,0
DA:187,0
LF:53
LH:0
BRDA:60,0,0,0
BRDA:60,0,1,0
BRDA:89,1,0,0
BRDA:89,1,1,0
BRDA:98,2,0,0
BRDA:98,2,1,0
BRDA:104,3,0,0
BRDA:104,3,1,0
BRDA:119,4,0,0
BRDA:119,4,1,0
BRDA:166,5,0,0
BRDA:166,5,1,0
BRF:12
BRH:0
end_of_record
TN:
SF:src/components/onboarding/index.ts
FNF:0
FNH:0
LF:0
LH:0
BRF:0
BRH:0
end_of_record
TN:
SF:src/components/profile/EditProfileModal.tsx
FN:29,(anonymous_0)
FN:41,(anonymous_1)
FN:48,(anonymous_2)
FN:61,(anonymous_3)
FN:77,(anonymous_4)
FN:94,(anonymous_5)
FN:116,(anonymous_6)
FN:137,(anonymous_7)
FN:152,(anonymous_8)
FN:217,(anonymous_9)
FN:221,(anonymous_10)
FNF:11
FNH:0
FNDA:0,(anonymous_0)
FNDA:0,(anonymous_1)
FNDA:0,(anonymous_2)
FNDA:0,(anonymous_3)
FNDA:0,(anonymous_4)
FNDA:0,(anonymous_5)
FNDA:0,(anonymous_6)
FNDA:0,(anonymous_7)
FNDA:0,(anonymous_8)
FNDA:0,(anonymous_9)
FNDA:0,(anonymous_10)
DA:29,0
DA:34,0
DA:35,0
DA:37,0
DA:38,0
DA:39,0
DA:41,0
DA:42,0
DA:43,0
DA:44,0
DA:48,0
DA:49,0
DA:50,0
DA:51,0
DA:53,0
DA:54,0
DA:55,0
DA:57,0
DA:58,0
DA:61,0
DA:62,0
DA:63,0
DA:66,0
DA:67,0
DA:71,0
DA:73,0
DA:77,0
DA:78,0
DA:94,0
DA:95,0
DA:96,0
DA:97,0
DA:101,0
DA:104,0
DA:111,0
DA:112,0
DA:116,0
DA:117,0
DA:118,0
DA:119,0
DA:123,0
DA:126,0
DA:132,0
DA:133,0
DA:137,0
DA:138,0
DA:140,0
DA:141,0
DA:143,0
DA:148,0
DA:152,0
DA:153,0
DA:155,0
DA:156,0
DA:161,0
DA:166,0
DA:170,0
DA:218,0
DA:219,0
DA:221,0
DA:278,0
LF:61
LH:0
BRDA:34,0,0,0
BRDA:34,0,1,0
BRDA:42,1,0,0
BRDA:42,1,1,0
BRDA:43,2,0,0
BRDA:43,2,1,0
BRDA:49,3,0,0
BRDA:49,3,1,0
BRDA:53,4,0,0
BRDA:53,4,1,0
BRDA:62,5,0,0
BRDA:62,5,1,0
BRDA:82,6,0,0
BRDA:82,6,1,0
BRDA:96,7,0,0
BRDA:96,7,1,0
BRDA:111,8,0,0
BRDA:111,8,1,0
BRDA:111,9,0,0
BRDA:111,9,1,0
BRDA:118,10,0,0
BRDA:118,10,1,0
BRDA:132,11,0,0
BRDA:132,11,1,0
BRDA:132,12,0,0
BRDA:132,12,1,0
BRDA:153,13,0,0
BRDA:153,13,1,0
BRDA:166,14,0,0
BRDA:166,14,1,0
BRDA:166,14,2,0
BRDA:180,15,0,0
BRDA:180,15,1,0
BRDA:187,16,0,0
BRDA:187,16,1,0
BRDA:193,17,0,0
BRDA:193,17,1,0
BRDA:193,17,2,0
BRDA:219,18,0,0
BRDA:219,18,1,0
BRDA:236,19,0,0
BRDA:236,19,1,0
BRDA:243,20,0,0
BRDA:243,20,1,0
BRDA:253,21,0,0
BRDA:253,21,1,0
BRDA:260,22,0,0
BRDA:260,22,1,0
BRDA:264,23,0,0
BRDA:264,23,1,0
BRDA:266,24,0,0
BRDA:266,24,1,0
BRDA:291,25,0,0
BRDA:291,25,1,0
BRF:54
BRH:0
end_of_record
TN:
SF:src/components/profile/index.ts
FNF:0
FNH:0
LF:0
LH:0
BRF:0
BRH:0
end_of_record
TN:
SF:src/components/ui/Avatar.tsx
FN:12,(anonymous_0)
FN:21,(anonymous_1)
FNF:2
FNH:0
FNDA:0,(anonymous_0)
FNDA:0,(anonymous_1)
DA:12,0
DA:19,0
DA:21,0
DA:26,0
DA:32,0
DA:37,0
DA:55,0
DA:56,0
DA:63,0
DA:66,0
LF:10
LH:0
BRDA:13,0,0,0
BRDA:15,1,0,0
BRDA:17,2,0,0
BRDA:38,3,0,0
BRDA:38,3,1,0
BRDA:42,4,0,0
BRDA:42,4,1,0
BRDA:45,5,0,0
BRDA:45,5,1,0
BRDA:55,6,0,0
BRDA:55,6,1,0
BRF:11
BRH:0
end_of_record
TN:
SF:src/components/ui/Badge.tsx
FN:14,(anonymous_0)
FNF:1
FNH:0
FNDA:0,(anonymous_0)
DA:14,0
DA:22,0
DA:46,0
LF:3
LH:0
BRDA:16,0,0,0
BRDA:17,1,0,0
BRF:2
BRH:0
end_of_record
TN:
SF:src/components/ui/Button.tsx
FN:24,(anonymous_0)
FN:37,(anonymous_1)
FNF:2
FNH:0
FNDA:0,(anonymous_0)
FNDA:0,(anonymous_1)
DA:24,0
DA:35,0
DA:37,0
DA:38,0
DA:41,0
DA:44,0
DA:46,0
DA:48,0
DA:52,0
DA:87,0
LF:10
LH:0
BRDA:27,0,0,0
BRDA:28,1,0,0
BRDA:29,2,0,0
BRDA:30,3,0,0
BRDA:35,4,0,0
BRDA:35,4,1,0
BRDA:38,5,0,0
BRDA:38,5,1,0
BRDA:38,5,2,0
BRDA:38,5,3,0
BRDA:38,5,4,0
BRDA:38,5,5,0
BRDA:58,6,0,0
BRDA:58,6,1,0
BRDA:69,7,0,0
BRDA:69,7,1,0
BRF:16
BRH:0
end_of_record
TN:
SF:src/components/ui/Card.tsx
FN:21,(anonymous_0)
FNF:1
FNH:0
FNDA:0,(anonymous_0)
DA:21,0
DA:30,0
DA:37,0
DA:38,0
DA:52,0
DA:59,0
LF:6
LH:0
BRDA:23,0,0,0
BRDA:24,1,0,0
BRDA:37,2,0,0
BRDA:37,2,1,0
BRF:4
BRH:0
end_of_record
TN:
SF:src/components/ui/Checkbox.tsx
FN:23,(anonymous_0)
FNF:1
FNH:0
FNDA:0,(anonymous_0)
DA:23,0
DA:33,0
DA:70,0
LF:3
LH:0
BRDA:27,0,0,0
BRDA:28,1,0,0
BRDA:48,2,0,0
BRDA:48,2,1,0
BRDA:49,3,0,0
BRDA:49,3,1,0
BRDA:52,4,0,0
BRDA:52,4,1,0
BRDA:54,5,0,0
BRDA:54,5,1,0
BRDA:59,6,0,0
BRDA:59,6,1,0
BRF:12
BRH:0
end_of_record
TN:
SF:src/components/ui/Divider.tsx
FN:16,(anonymous_0)
FNF:1
FNH:0
FNDA:0,(anonymous_0)
DA:16,0
DA:26,0
DA:28,0
DA:41,0
DA:42,0
DA:51,0
DA:54,0
LF:7
LH:0
BRDA:17,0,0,0
BRDA:18,1,0,0
BRDA:19,2,0,0
BRDA:20,3,0,0
BRDA:30,4,0,0
BRDA:30,4,1,0
BRDA:32,5,0,0
BRDA:32,5,1,0
BRDA:33,6,0,0
BRDA:33,6,1,0
BRDA:34,7,0,0
BRDA:34,7,1,0
BRDA:35,8,0,0
BRDA:35,8,1,0
BRDA:35,9,0,0
BRDA:35,9,1,0
BRDA:36,10,0,0
BRDA:36,10,1,0
BRDA:41,11,0,0
BRDA:41,11,1,0
BRDA:41,12,0,0
BRDA:41,12,1,0
BRF:22
BRH:0
end_of_record
TN:
SF:src/components/ui/EmptyState.tsx
FN:13,EmptyState
FNF:1
FNH:0
FNDA:0,EmptyState
DA:14,0
DA:24,0
LF:2
LH:0
BRDA:16,0,0,0
BRDA:16,0,1,0
BRDA:19,1,0,0
BRDA:19,1,1,0
BRF:4
BRH:0
end_of_record
TN:
SF:src/components/ui/ErrorMessage.tsx
FN:12,ErrorMessage
FN:13,(anonymous_1)
FN:25,(anonymous_2)
FNF:3
FNH:0
FNDA:0,ErrorMessage
FNDA:0,(anonymous_1)
FNDA:0,(anonymous_2)
DA:13,0
DA:14,0
DA:15,0
DA:18,0
DA:19,0
DA:22,0
DA:25,0
DA:26,0
DA:27,0
DA:30,0
DA:31,0
DA:34,0
DA:37,0
DA:49,0
LF:14
LH:0
BRDA:12,0,0,0
BRDA:14,1,0,0
BRDA:14,1,1,0
BRDA:18,2,0,0
BRDA:18,2,1,0
BRDA:22,3,0,0
BRDA:22,3,1,0
BRDA:26,4,0,0
BRDA:26,4,1,0
BRDA:30,5,0,0
BRDA:30,5,1,0
BRDA:40,6,0,0
BRDA:40,6,1,0
BRDA:40,6,2,0
BRDA:40,6,3,0
BRF:15
BRH:0
end_of_record
TN:
SF:src/components/ui/Form.tsx
FN:46,(anonymous_0)
FN:62,(anonymous_1)
FN:70,(anonymous_2)
FN:72,(anonymous_3)
FN:82,(anonymous_4)
FN:121,(anonymous_5)
FN:122,(anonymous_6)
FN:127,(anonymous_7)
FN:131,(anonymous_8)
FN:132,(anonymous_9)
FN:135,(anonymous_10)
FN:136,(anonymous_11)
FN:141,(anonymous_12)
FN:145,(anonymous_13)
FN:149,(anonymous_14)
FN:161,(anonymous_15)
FN:169,(anonymous_16)
FN:171,(anonymous_17)
FN:180,(anonymous_18)
FN:234,(anonymous_19)
FN:237,(anonymous_20)
FN:241,(anonymous_21)
FNF:22
FNH:0
FNDA:0,(anonymous_0)
FNDA:0,(anonymous_1)
FNDA:0,(anonymous_2)
FNDA:0,(anonymous_3)
FNDA:0,(anonymous_4)
FNDA:0,(anonymous_5)
FNDA:0,(anonymous_6)
FNDA:0,(anonymous_7)
FNDA:0,(anonymous_8)
FNDA:0,(anonymous_9)
FNDA:0,(anonymous_10)
FNDA:0,(anonymous_11)
FNDA:0,(anonymous_12)
FNDA:0,(anonymous_13)
FNDA:0,(anonymous_14)
FNDA:0,(anonymous_15)
FNDA:0,(anonymous_16)
FNDA:0,(anonymous_17)
FNDA:0,(anonymous_18)
FNDA:0,(anonymous_19)
FNDA:0,(anonymous_20)
FNDA:0,(anonymous_21)
DA:44,0
DA:46,0
DA:47,0
DA:48,0
DA:49,0
DA:51,0
DA:62,0
DA:70,0
DA:71,0
DA:72,0
DA:73,0
DA:75,0
DA:78,0
DA:79,0
DA:80,0
DA:82,0
DA:83,0
DA:84,0
DA:86,0
DA:89,0
DA:90,0
DA:94,0
DA:95,0
DA:99,0
DA:100,0
DA:104,0
DA:105,0
DA:109,0
DA:110,0
DA:114,0
DA:115,0
DA:118,0
DA:121,0
DA:122,0
DA:125,0
DA:126,0
DA:127,0
DA:131,0
DA:132,0
DA:135,0
DA:136,0
DA:139,0
DA:140,0
DA:141,0
DA:145,0
DA:146,0
DA:147,0
DA:149,0
DA:150,0
DA:151,0
DA:152,0
DA:153,0
DA:157,0
DA:160,0
DA:161,0
DA:162,0
DA:164,0
DA:166,0
DA:169,0
DA:170,0
DA:171,0
DA:172,0
DA:174,0
DA:175,0
DA:176,0
DA:177,0
DA:180,0
DA:181,0
DA:183,0
DA:185,0
DA:186,0
DA:187,0
DA:190,0
DA:194,0
DA:207,0
DA:216,0
DA:234,0
DA:235,0
DA:237,0
DA:238,0
DA:241,0
DA:242,0
DA:245,0
LF:83
LH:0
BRDA:48,0,0,0
BRDA:48,0,1,0
BRDA:73,1,0,0
BRDA:73,1,1,0
BRDA:84,2,0,0
BRDA:84,2,1,0
BRDA:89,3,0,0
BRDA:89,3,1,0
BRDA:89,4,0,0
BRDA:89,4,1,0
BRDA:89,4,2,0
BRDA:89,4,3,0
BRDA:94,5,0,0
BRDA:94,5,1,0
BRDA:94,6,0,0
BRDA:94,6,1,0
BRDA:94,6,2,0
BRDA:99,7,0,0
BRDA:99,7,1,0
BRDA:99,8,0,0
BRDA:99,8,1,0
BRDA:99,8,2,0
BRDA:104,9,0,0
BRDA:104,9,1,0
BRDA:104,10,0,0
BRDA:104,10,1,0
BRDA:104,10,2,0
BRDA:109,11,0,0
BRDA:109,11,1,0
BRDA:109,12,0,0
BRDA:109,12,1,0
BRDA:109,12,2,0
BRDA:114,13,0,0
BRDA:114,13,1,0
BRDA:125,14,0,0
BRDA:125,14,1,0
BRDA:139,15,0,0
BRDA:139,15,1,0
BRDA:151,16,0,0
BRDA:151,16,1,0
BRDA:172,17,0,0
BRDA:172,17,1,0
BRDA:181,18,0,0
BRDA:181,18,1,0
BRDA:186,19,0,0
BRDA:186,19,1,0
BRDA:249,20,0,0
BRDA:249,20,1,0
BRDA:250,21,0,0
BRDA:250,21,1,0
BRF:50
BRH:0
end_of_record
TN:
SF:src/components/ui/Input.tsx
FN:23,(anonymous_0)
FN:57,(anonymous_1)
FN:58,(anonymous_2)
FNF:3
FNH:0
FNDA:0,(anonymous_0)
FNDA:0,(anonymous_1)
FNDA:0,(anonymous_2)
DA:23,0
DA:35,0
DA:37,0
DA:44,0
DA:57,0
DA:58,0
DA:82,0
LF:7
LH:0
BRDA:27,0,0,0
BRDA:31,1,0,0
BRDA:40,2,0,0
BRDA:40,2,1,0
BRDA:41,3,0,0
BRDA:41,3,1,0
BRDA:46,4,0,0
BRDA:46,4,1,0
BRDA:49,5,0,0
BRDA:49,5,1,0
BRDA:53,6,0,0
BRDA:53,6,1,0
BRDA:63,7,0,0
BRDA:63,7,1,0
BRDA:68,8,0,0
BRDA:68,8,1,0
BRDA:74,9,0,0
BRDA:74,9,1,0
BRDA:75,10,0,0
BRDA:75,10,1,0
BRDA:75,10,2,0
BRF:21
BRH:0
end_of_record
TN:
SF:src/components/ui/LoadingButton.tsx
FN:14,LoadingButton
FNF:1
FNH:0
FNDA:0,LoadingButton
DA:23,0
DA:25,0
DA:32,0
DA:39,0
DA:58,0
LF:5
LH:0
BRDA:17,0,0,0
BRDA:18,1,0,0
BRDA:19,2,0,0
BRDA:23,3,0,0
BRDA:23,3,1,0
BRDA:28,4,0,0
BRDA:28,4,1,0
BRDA:35,5,0,0
BRDA:35,5,1,0
BRDA:46,6,0,0
BRDA:46,6,1,0
BRDA:49,7,0,0
BRDA:49,7,1,0
BRF:13
BRH:0
end_of_record
TN:
SF:src/components/ui/LoadingSpinner.tsx
FN:13,LoadingSpinner
FNF:1
FNH:0
FNDA:0,LoadingSpinner
DA:20,0
DA:22,0
DA:30,0
LF:3
LH:0
BRDA:14,0,0,0
BRDA:15,1,0,0
BRDA:17,2,0,0
BRDA:20,3,0,0
BRDA:20,3,1,0
BRDA:25,4,0,0
BRDA:25,4,1,0
BRF:7
BRH:0
end_of_record
TN:
SF:src/components/ui/Modal.tsx
FN:28,(anonymous_0)
FN:41,(anonymous_1)
FN:47,(anonymous_2)
FN:101,(anonymous_3)
FNF:4
FNH:0
FNDA:0,(anonymous_0)
FNDA:0,(anonymous_1)
FNDA:0,(anonymous_2)
FNDA:0,(anonymous_3)
DA:28,0
DA:41,0
DA:42,0
DA:43,0
DA:47,0
DA:49,0
DA:71,0
DA:72,0
DA:83,0
DA:86,0
DA:110,0
LF:11
LH:0
BRDA:33,0,0,0
BRDA:34,1,0,0
BRDA:35,2,0,0
BRDA:36,3,0,0
BRDA:42,4,0,0
BRDA:42,4,1,0
BRDA:50,5,0,0
BRDA:50,5,1,0
BRDA:50,5,2,0
BRDA:52,6,0,0
BRDA:52,6,1,0
BRDA:53,7,0,0
BRDA:53,7,1,0
BRDA:71,8,0,0
BRDA:71,8,1,0
BRF:15
BRH:0
end_of_record
TN:
SF:src/components/ui/OfflineBanner.tsx
FN:5,OfflineBanner
FN:12,(anonymous_1)
FN:24,(anonymous_2)
FN:42,(anonymous_3)
FN:49,(anonymous_4)
FN:62,(anonymous_5)
FN:69,(anonymous_6)
FNF:7
FNH:0
FNDA:0,OfflineBanner
FNDA:0,(anonymous_1)
FNDA:0,(anonymous_2)
FNDA:0,(anonymous_3)
FNDA:0,(anonymous_4)
FNDA:0,(anonymous_5)
FNDA:0,(anonymous_6)
DA:6,0
DA:7,0
DA:8,0
DA:10,0
DA:12,0
DA:13,0
DA:15,0
DA:20,0
DA:22,0
DA:24,0
DA:25,0
DA:33,0
DA:42,0
DA:44,0
DA:45,0
DA:49,0
DA:50,0
DA:51,0
DA:53,0
DA:54,0
DA:56,0
DA:57,0
DA:59,0
DA:62,0
DA:63,0
DA:64,0
DA:66,0
DA:69,0
DA:71,0
DA:72,0
DA:73,0
DA:75,0
DA:79,0
DA:101,0
LF:34
LH:0
BRDA:10,0,0,0
BRDA:10,0,1,0
BRDA:13,1,0,0
BRDA:13,1,1,0
BRDA:22,2,0,0
BRDA:22,2,1,0
BRDA:44,3,0,0
BRDA:44,3,1,0
BRDA:44,4,0,0
BRDA:44,4,1,0
BRDA:50,5,0,0
BRDA:50,5,1,0
BRDA:53,6,0,0
BRDA:53,6,1,0
BRDA:56,7,0,0
BRDA:56,7,1,0
BRDA:63,8,0,0
BRDA:63,8,1,0
BRDA:91,9,0,0
BRDA:91,9,1,0
BRF:20
BRH:0
end_of_record
TN:
SF:src/components/ui/RoleBasedRender.tsx
FN:16,(anonymous_0)
FN:26,(anonymous_1)
FN:30,(anonymous_2)
FN:42,(anonymous_3)
FN:56,(anonymous_4)
FN:58,(anonymous_5)
FN:62,(anonymous_6)
FN:64,(anonymous_7)
FN:97,(anonymous_8)
FN:114,(anonymous_9)
FN:131,(anonymous_10)
FN:149,(anonymous_11)
FNF:12
FNH:0
FNDA:0,(anonymous_0)
FNDA:0,(anonymous_1)
FNDA:0,(anonymous_2)
FNDA:0,(anonymous_3)
FNDA:0,(anonymous_4)
FNDA:0,(anonymous_5)
FNDA:0,(anonymous_6)
FNDA:0,(anonymous_7)
FNDA:0,(anonymous_8)
FNDA:0,(anonymous_9)
FNDA:0,(anonymous_10)
FNDA:0,(anonymous_11)
DA:16,1
DA:23,0
DA:24,0
DA:26,0
DA:27,0
DA:30,0
DA:31,0
DA:33,0
DA:34,0
DA:35,0
DA:38,0
DA:39,0
DA:41,0
DA:42,0
DA:44,0
DA:47,0
DA:52,0
DA:53,0
DA:55,0
DA:56,0
DA:58,0
DA:61,0
DA:62,0
DA:64,0
DA:68,0
DA:70,0
DA:71,0
DA:73,0
DA:77,0
DA:79,0
DA:82,0
DA:83,0
DA:86,0
DA:97,1
DA:98,0
DA:114,1
DA:115,0
DA:131,1
DA:132,0
DA:149,1
DA:150,0
LF:41
LH:5
BRDA:18,0,0,0
BRDA:19,1,0,0
BRDA:20,2,0,0
BRDA:21,3,0,0
BRDA:38,4,0,0
BRDA:38,4,1,0
BRDA:39,5,0,0
BRDA:39,5,1,0
BRDA:52,6,0,0
BRDA:52,6,1,0
BRDA:53,7,0,0
BRDA:53,7,1,0
BRDA:68,8,0,0
BRDA:68,8,1,0
BRDA:77,9,0,0
BRDA:77,9,1,0
BRDA:82,10,0,0
BRDA:82,10,1,0
BRDA:83,11,0,0
BRDA:83,11,1,0
BRF:20
BRH:0
end_of_record
TN:
SF:src/components/ui/Select.tsx
FN:33,(anonymous_0)
FN:50,(anonymous_1)
FN:53,(anonymous_2)
FN:56,(anonymous_3)
FN:67,(anonymous_4)
FN:75,(anonymous_5)
FN:101,(anonymous_6)
FN:125,(anonymous_7)
FN:130,(anonymous_8)
FN:136,(anonymous_9)
FN:143,(anonymous_10)
FNF:11
FNH:0
FNDA:0,(anonymous_0)
FNDA:0,(anonymous_1)
FNDA:0,(anonymous_2)
FNDA:0,(anonymous_3)
FNDA:0,(anonymous_4)
FNDA:0,(anonymous_5)
FNDA:0,(anonymous_6)
FNDA:0,(anonymous_7)
FNDA:0,(anonymous_8)
FNDA:0,(anonymous_9)
FNDA:0,(anonymous_10)
DA:33,0
DA:45,0
DA:46,0
DA:50,0
DA:51,0
DA:53,0
DA:54,0
DA:55,0
DA:56,0
DA:59,0
DA:60,0
DA:62,0
DA:63,0
DA:67,0
DA:68,0
DA:75,0
DA:91,0
DA:101,0
DA:125,0
DA:130,0
DA:136,0
DA:143,0
DA:155,0
LF:23
LH:0
BRDA:37,0,0,0
BRDA:40,1,0,0
BRDA:41,2,0,0
BRDA:47,3,0,0
BRDA:47,3,1,0
BRDA:47,4,0,0
BRDA:47,4,1,0
BRDA:51,5,0,0
BRDA:51,5,1,0
BRDA:54,6,0,0
BRDA:54,6,1,0
BRDA:55,7,0,0
BRDA:55,7,1,0
BRDA:71,8,0,0
BRDA:71,8,1,0
BRDA:72,9,0,0
BRDA:72,9,1,0
BRDA:72,9,2,0
BRDA:73,10,0,0
BRDA:73,10,1,0
BRDA:73,10,2,0
BRDA:81,11,0,0
BRDA:81,11,1,0
BRDA:82,12,0,0
BRDA:82,12,1,0
BRDA:82,12,2,0
BRDA:83,13,0,0
BRDA:83,13,1,0
BRDA:83,13,2,0
BRDA:93,14,0,0
BRDA:93,14,1,0
BRDA:98,15,0,0
BRDA:98,15,1,0
BRDA:99,16,0,0
BRDA:99,16,1,0
BRDA:101,17,0,0
BRDA:101,17,1,0
BRDA:105,18,0,0
BRDA:105,18,1,0
BRDA:111,19,0,0
BRDA:111,19,1,0
BRDA:119,20,0,0
BRDA:119,20,1,0
BRDA:140,21,0,0
BRDA:140,21,1,0
BRF:45
BRH:0
end_of_record
TN:
SF:src/components/ui/index.ts
FNF:0
FNH:0
LF:0
LH:0
BRF:0
BRH:0
end_of_record
TN:
SF:src/components/ui/__examples__/ComponentShowcase.tsx
FN:23,(anonymous_0)
FN:48,(anonymous_1)
FN:60,(anonymous_2)
FN:61,(anonymous_3)
FN:62,(anonymous_4)
FN:65,(anonymous_5)
FN:66,(anonymous_6)
FN:67,(anonymous_7)
FN:70,(anonymous_8)
FN:71,(anonymous_9)
FN:72,(anonymous_10)
FN:125,(anonymous_11)
FN:137,(anonymous_12)
FN:145,(anonymous_13)
FN:198,(anonymous_14)
FN:210,(anonymous_15)
FN:215,(anonymous_16)
FN:224,(anonymous_17)
FN:235,(anonymous_18)
FN:249,(anonymous_19)
FN:265,(anonymous_20)
FNF:21
FNH:0
FNDA:0,(anonymous_0)
FNDA:0,(anonymous_1)
FNDA:0,(anonymous_2)
FNDA:0,(anonymous_3)
FNDA:0,(anonymous_4)
FNDA:0,(anonymous_5)
FNDA:0,(anonymous_6)
FNDA:0,(anonymous_7)
FNDA:0,(anonymous_8)
FNDA:0,(anonymous_9)
FNDA:0,(anonymous_10)
FNDA:0,(anonymous_11)
FNDA:0,(anonymous_12)
FNDA:0,(anonymous_13)
FNDA:0,(anonymous_14)
FNDA:0,(anonymous_15)
FNDA:0,(anonymous_16)
FNDA:0,(anonymous_17)
FNDA:0,(anonymous_18)
FNDA:0,(anonymous_19)
FNDA:0,(anonymous_20)
DA:23,0
DA:24,0
DA:25,0
DA:26,0
DA:28,0
DA:34,0
DA:48,0
DA:49,0
DA:52,0
DA:125,0
DA:137,0
DA:145,0
DA:210,0
DA:215,0
DA:224,0
DA:236,0
DA:250,0
DA:290,0
LF:18
LH:0
BRF:0
BRH:0
end_of_record
TN:
SF:src/hooks/index.ts
FNF:0
FNH:0
LF:0
LH:0
BRF:0
BRH:0
end_of_record
TN:
SF:src/hooks/useAsyncOperation.ts
FN:18,useAsyncOperation
FN:30,(anonymous_1)
FN:34,(anonymous_2)
FN:65,(anonymous_3)
FN:73,(anonymous_4)
FNF:5
FNH:5
FNDA:13,useAsyncOperation
FNDA:5,(anonymous_1)
FNDA:5,(anonymous_2)
FNDA:1,(anonymous_3)
FNDA:1,(anonymous_4)
DA:21,13
DA:22,13
DA:24,13
DA:30,13
DA:34,5
DA:36,5
DA:37,5
DA:39,4
DA:45,4
DA:46,4
DA:48,1
DA:50,1
DA:56,1
DA:57,1
DA:60,1
DA:61,1
DA:65,13
DA:66,1
DA:73,13
DA:77,1
DA:80,13
LF:21
LH:21
BRDA:19,0,0,9
BRDA:21,1,0,13
BRDA:56,2,0,1
BRDA:56,2,1,0
BRF:4
BRH:3
end_of_record
TN:
SF:src/hooks/useAuth.ts
FN:8,(anonymous_0)
FN:26,(anonymous_1)
FNF:2
FNH:0
FNDA:0,(anonymous_0)
FNDA:0,(anonymous_1)
DA:8,0
DA:23,0
DA:26,0
DA:27,0
DA:28,0
DA:33,0
DA:34,0
DA:35,0
DA:37,0
LF:9
LH:0
BRDA:27,0,0,0
BRDA:27,0,1,0
BRDA:35,1,0,0
BRDA:35,1,1,0
BRF:4
BRH:0
end_of_record
TN:
SF:src/hooks/useErrorHandler.ts
FN:15,useErrorHandler
FN:18,(anonymous_1)
FN:45,(anonymous_2)
FN:70,(anonymous_3)
FN:82,(anonymous_4)
FN:85,(anonymous_5)
FN:95,getErrorTitle
FNF:7
FNH:0
FNDA:0,useErrorHandler
FNDA:0,(anonymous_1)
FNDA:0,(anonymous_2)
FNDA:0,(anonymous_3)
FNDA:0,(anonymous_4)
FNDA:0,(anonymous_5)
FNDA:0,getErrorTitle
DA:16,0
DA:18,0
DA:27,0
DA:29,0
DA:32,0
DA:33,0
DA:37,0
DA:38,0
DA:39,0
DA:46,0
DA:47,0
DA:53,0
DA:54,0
DA:56,0
DA:60,0
DA:61,0
DA:62,0
DA:64,0
DA:70,0
DA:74,0
DA:75,0
DA:77,0
DA:78,0
DA:82,0
DA:85,0
DA:88,0
DA:96,0
DA:98,0
DA:100,0
DA:102,0
DA:104,0
DA:106,0
LF:32
LH:0
BRDA:20,0,0,0
BRDA:23,1,0,0
BRDA:24,2,0,0
BRDA:25,3,0,0
BRDA:29,4,0,0
BRDA:29,4,1,0
BRDA:32,5,0,0
BRDA:32,5,1,0
BRDA:37,6,0,0
BRDA:37,6,1,0
BRDA:37,7,0,0
BRDA:37,7,1,0
BRDA:38,8,0,0
BRDA:38,8,1,0
BRDA:60,9,0,0
BRDA:60,9,1,0
BRDA:72,10,0,0
BRDA:83,11,0,0
BRDA:96,12,0,0
BRDA:96,12,1,0
BRDA:96,12,2,0
BRDA:96,12,3,0
BRDA:96,12,4,0
BRF:23
BRH:0
end_of_record
TN:
SF:src/hooks/useEvents.ts
FN:12,(anonymous_0)
FN:13,(anonymous_1)
FN:15,(anonymous_2)
FN:16,(anonymous_3)
FN:17,(anonymous_4)
FN:18,(anonymous_5)
FN:19,(anonymous_6)
FN:26,useEventsByChurch
FN:29,(anonymous_8)
FN:44,useEvent
FN:47,(anonymous_10)
FN:62,useUserEvents
FN:65,(anonymous_12)
FN:80,useEventCategories
FN:83,(anonymous_14)
FN:97,useEventsByCategory
FN:100,(anonymous_16)
FN:118,useUserTicket
FN:121,(anonymous_18)
FN:136,useSearchEvents
FN:143,(anonymous_20)
FN:158,useCreateTicket
FN:162,(anonymous_22)
FN:178,(anonymous_23)
FN:198,useCancelTicket
FN:202,(anonymous_25)
FN:215,(anonymous_26)
FN:235,useUpcomingEvents
FN:238,(anonymous_28)
FNF:29
FNH:0
FNDA:0,(anonymous_0)
FNDA:0,(anonymous_1)
FNDA:0,(anonymous_2)
FNDA:0,(anonymous_3)
FNDA:0,(anonymous_4)
FNDA:0,(anonymous_5)
FNDA:0,(anonymous_6)
FNDA:0,useEventsByChurch
FNDA:0,(anonymous_8)
FNDA:0,useEvent
FNDA:0,(anonymous_10)
FNDA:0,useUserEvents
FNDA:0,(anonymous_12)
FNDA:0,useEventCategories
FNDA:0,(anonymous_14)
FNDA:0,useEventsByCategory
FNDA:0,(anonymous_16)
FNDA:0,useUserTicket
FNDA:0,(anonymous_18)
FNDA:0,useSearchEvents
FNDA:0,(anonymous_20)
FNDA:0,useCreateTicket
FNDA:0,(anonymous_22)
FNDA:0,(anonymous_23)
FNDA:0,useCancelTicket
FNDA:0,(anonymous_25)
FNDA:0,(anonymous_26)
FNDA:0,useUpcomingEvents
FNDA:0,(anonymous_28)
DA:10,0
DA:12,0
DA:14,0
DA:15,0
DA:16,0
DA:17,0
DA:18,0
DA:20,0
DA:27,0
DA:30,0
DA:31,0
DA:32,0
DA:34,0
DA:45,0
DA:48,0
DA:49,0
DA:50,0
DA:52,0
DA:63,0
DA:66,0
DA:67,0
DA:68,0
DA:70,0
DA:81,0
DA:84,0
DA:85,0
DA:86,0
DA:88,0
DA:98,0
DA:101,0
DA:105,0
DA:106,0
DA:108,0
DA:119,0
DA:122,0
DA:123,0
DA:124,0
DA:126,0
DA:141,0
DA:144,0
DA:145,0
DA:146,0
DA:148,0
DA:159,0
DA:161,0
DA:169,0
DA:173,0
DA:174,0
DA:176,0
DA:180,0
DA:184,0
DA:188,0
DA:199,0
DA:201,0
DA:209,0
DA:210,0
DA:211,0
DA:213,0
DA:217,0
DA:221,0
DA:225,0
DA:236,0
DA:239,0
DA:240,0
DA:241,0
DA:244,0
LF:66
LH:0
BRDA:31,0,0,0
BRDA:31,0,1,0
BRDA:49,1,0,0
BRDA:49,1,1,0
BRDA:67,2,0,0
BRDA:67,2,1,0
BRDA:85,3,0,0
BRDA:85,3,1,0
BRDA:105,4,0,0
BRDA:105,4,1,0
BRDA:123,5,0,0
BRDA:123,5,1,0
BRDA:128,6,0,0
BRDA:128,6,1,0
BRDA:139,7,0,0
BRDA:145,8,0,0
BRDA:145,8,1,0
BRDA:150,9,0,0
BRDA:150,9,1,0
BRDA:173,10,0,0
BRDA:173,10,1,0
BRDA:210,11,0,0
BRDA:210,11,1,0
BRDA:235,12,0,0
BRDA:240,13,0,0
BRDA:240,13,1,0
BRDA:244,14,0,0
BRDA:244,14,1,0
BRF:28
BRH:0
end_of_record
TN:
SF:src/hooks/useFriendships.ts
FN:12,(anonymous_0)
FN:14,(anonymous_1)
FN:16,(anonymous_2)
FN:18,(anonymous_3)
FN:20,(anonymous_4)
FN:27,useFriends
FN:33,(anonymous_6)
FN:46,useSentFriendRequests
FN:52,(anonymous_8)
FN:66,useReceivedFriendRequests
FN:72,(anonymous_10)
FN:86,useFriendshipStatus
FN:92,(anonymous_12)
FN:108,useFriendshipsByStatus
FN:117,(anonymous_14)
FN:133,useSendFriendRequest
FN:138,(anonymous_16)
FN:147,(anonymous_17)
FN:162,useAcceptFriendRequest
FN:167,(anonymous_19)
FN:176,(anonymous_20)
FN:194,useRejectFriendRequest
FN:199,(anonymous_22)
FN:208,(anonymous_23)
FN:223,useBlockUser
FN:228,(anonymous_25)
FN:234,(anonymous_26)
FN:246,useRemoveFriend
FN:251,(anonymous_28)
FN:257,(anonymous_29)
FN:272,useFriendshipData
FNF:31
FNH:0
FNDA:0,(anonymous_0)
FNDA:0,(anonymous_1)
FNDA:0,(anonymous_2)
FNDA:0,(anonymous_3)
FNDA:0,(anonymous_4)
FNDA:0,useFriends
FNDA:0,(anonymous_6)
FNDA:0,useSentFriendRequests
FNDA:0,(anonymous_8)
FNDA:0,useReceivedFriendRequests
FNDA:0,(anonymous_10)
FNDA:0,useFriendshipStatus
FNDA:0,(anonymous_12)
FNDA:0,useFriendshipsByStatus
FNDA:0,(anonymous_14)
FNDA:0,useSendFriendRequest
FNDA:0,(anonymous_16)
FNDA:0,(anonymous_17)
FNDA:0,useAcceptFriendRequest
FNDA:0,(anonymous_19)
FNDA:0,(anonymous_20)
FNDA:0,useRejectFriendRequest
FNDA:0,(anonymous_22)
FNDA:0,(anonymous_23)
FNDA:0,useBlockUser
FNDA:0,(anonymous_25)
FNDA:0,(anonymous_26)
FNDA:0,useRemoveFriend
FNDA:0,(anonymous_28)
FNDA:0,(anonymous_29)
FNDA:0,useFriendshipData
DA:10,0
DA:13,0
DA:15,0
DA:17,0
DA:19,0
DA:21,0
DA:28,0
DA:29,0
DA:31,0
DA:34,0
DA:35,0
DA:36,0
DA:37,0
DA:47,0
DA:48,0
DA:50,0
DA:53,0
DA:55,0
DA:56,0
DA:57,0
DA:67,0
DA:68,0
DA:70,0
DA:73,0
DA:75,0
DA:76,0
DA:77,0
DA:87,0
DA:88,0
DA:90,0
DA:93,0
DA:94,0
DA:98,0
DA:99,0
DA:112,0
DA:113,0
DA:115,0
DA:118,0
DA:119,0
DA:123,0
DA:124,0
DA:134,0
DA:135,0
DA:137,0
DA:139,0
DA:140,0
DA:144,0
DA:145,0
DA:148,0
DA:150,0
DA:153,0
DA:163,0
DA:164,0
DA:166,0
DA:168,0
DA:169,0
DA:173,0
DA:174,0
DA:177,0
DA:179,0
DA:182,0
DA:185,0
DA:195,0
DA:196,0
DA:198,0
DA:200,0
DA:201,0
DA:205,0
DA:206,0
DA:209,0
DA:211,0
DA:214,0
DA:224,0
DA:225,0
DA:227,0
DA:229,0
DA:230,0
DA:231,0
DA:232,0
DA:235,0
DA:237,0
DA:247,0
DA:248,0
DA:250,0
DA:252,0
DA:253,0
DA:254,0
DA:255,0
DA:258,0
DA:260,0
DA:263,0
DA:273,0
DA:274,0
DA:276,0
DA:277,0
DA:278,0
DA:280,0
LF:97
LH:0
BRDA:29,0,0,0
BRDA:29,0,1,0
BRDA:32,1,0,0
BRDA:32,1,1,0
BRDA:34,2,0,0
BRDA:34,2,1,0
BRDA:36,3,0,0
BRDA:36,3,1,0
BRDA:37,4,0,0
BRDA:37,4,1,0
BRDA:48,5,0,0
BRDA:48,5,1,0
BRDA:51,6,0,0
BRDA:51,6,1,0
BRDA:53,7,0,0
BRDA:53,7,1,0
BRDA:56,8,0,0
BRDA:56,8,1,0
BRDA:57,9,0,0
BRDA:57,9,1,0
BRDA:68,10,0,0
BRDA:68,10,1,0
BRDA:71,11,0,0
BRDA:71,11,1,0
BRDA:73,12,0,0
BRDA:73,12,1,0
BRDA:76,13,0,0
BRDA:76,13,1,0
BRDA:77,14,0,0
BRDA:77,14,1,0
BRDA:88,15,0,0
BRDA:88,15,1,0
BRDA:91,16,0,0
BRDA:91,16,1,0
BRDA:93,17,0,0
BRDA:93,17,1,0
BRDA:98,18,0,0
BRDA:98,18,1,0
BRDA:101,19,0,0
BRDA:101,19,1,0
BRDA:113,20,0,0
BRDA:113,20,1,0
BRDA:116,21,0,0
BRDA:116,21,1,0
BRDA:118,22,0,0
BRDA:118,22,1,0
BRDA:123,23,0,0
BRDA:123,23,1,0
BRDA:124,24,0,0
BRDA:124,24,1,0
BRDA:139,25,0,0
BRDA:139,25,1,0
BRDA:144,26,0,0
BRDA:144,26,1,0
BRDA:148,27,0,0
BRDA:148,27,1,0
BRDA:168,28,0,0
BRDA:168,28,1,0
BRDA:173,29,0,0
BRDA:173,29,1,0
BRDA:177,30,0,0
BRDA:177,30,1,0
BRDA:200,31,0,0
BRDA:200,31,1,0
BRDA:205,32,0,0
BRDA:205,32,1,0
BRDA:209,33,0,0
BRDA:209,33,1,0
BRDA:229,34,0,0
BRDA:229,34,1,0
BRDA:231,35,0,0
BRDA:231,35,1,0
BRDA:235,36,0,0
BRDA:235,36,1,0
BRDA:252,37,0,0
BRDA:252,37,1,0
BRDA:254,38,0,0
BRDA:254,38,1,0
BRDA:258,39,0,0
BRDA:258,39,1,0
BRDA:274,40,0,0
BRDA:274,40,1,0
BRDA:285,41,0,0
BRDA:285,41,1,0
BRDA:285,41,2,0
BRDA:286,42,0,0
BRDA:286,42,1,0
BRDA:286,42,2,0
BRF:88
BRH:0
end_of_record
TN:
SF:src/hooks/useGroups.ts
FN:9,(anonymous_0)
FN:11,(anonymous_1)
FN:12,(anonymous_2)
FN:14,(anonymous_3)
FN:15,(anonymous_4)
FN:17,(anonymous_5)
FN:24,(anonymous_6)
FN:27,(anonymous_7)
FN:42,(anonymous_8)
FN:45,(anonymous_9)
FN:60,(anonymous_10)
FN:63,(anonymous_11)
FN:77,(anonymous_12)
FN:80,(anonymous_13)
FN:94,(anonymous_14)
FN:100,(anonymous_15)
FN:115,(anonymous_16)
FN:122,(anonymous_17)
FN:135,(anonymous_18)
FN:139,(anonymous_19)
FN:156,(anonymous_20)
FN:171,(anonymous_21)
FN:180,(anonymous_22)
FN:184,(anonymous_23)
FN:195,(anonymous_24)
FN:210,(anonymous_25)
FN:219,(anonymous_26)
FN:221,(anonymous_27)
FN:227,(anonymous_28)
FN:231,(anonymous_29)
FNF:30
FNH:0
FNDA:0,(anonymous_0)
FNDA:0,(anonymous_1)
FNDA:0,(anonymous_2)
FNDA:0,(anonymous_3)
FNDA:0,(anonymous_4)
FNDA:0,(anonymous_5)
FNDA:0,(anonymous_6)
FNDA:0,(anonymous_7)
FNDA:0,(anonymous_8)
FNDA:0,(anonymous_9)
FNDA:0,(anonymous_10)
FNDA:0,(anonymous_11)
FNDA:0,(anonymous_12)
FNDA:0,(anonymous_13)
FNDA:0,(anonymous_14)
FNDA:0,(anonymous_15)
FNDA:0,(anonymous_16)
FNDA:0,(anonymous_17)
FNDA:0,(anonymous_18)
FNDA:0,(anonymous_19)
FNDA:0,(anonymous_20)
FNDA:0,(anonymous_21)
FNDA:0,(anonymous_22)
FNDA:0,(anonymous_23)
FNDA:0,(anonymous_24)
FNDA:0,(anonymous_25)
FNDA:0,(anonymous_26)
FNDA:0,(anonymous_27)
FNDA:0,(anonymous_28)
FNDA:0,(anonymous_29)
DA:7,0
DA:10,0
DA:11,0
DA:13,0
DA:14,0
DA:16,0
DA:18,0
DA:24,0
DA:25,0
DA:28,0
DA:29,0
DA:30,0
DA:31,0
DA:42,0
DA:43,0
DA:46,0
DA:47,0
DA:48,0
DA:49,0
DA:60,0
DA:61,0
DA:64,0
DA:65,0
DA:66,0
DA:67,0
DA:77,0
DA:78,0
DA:81,0
DA:82,0
DA:83,0
DA:84,0
DA:94,0
DA:98,0
DA:101,0
DA:102,0
DA:103,0
DA:104,0
DA:105,0
DA:115,0
DA:120,0
DA:123,0
DA:124,0
DA:125,0
DA:135,0
DA:136,0
DA:138,0
DA:148,0
DA:153,0
DA:154,0
DA:158,0
DA:159,0
DA:160,0
DA:161,0
DA:166,0
DA:172,0
DA:180,0
DA:181,0
DA:183,0
DA:191,0
DA:192,0
DA:193,0
DA:197,0
DA:198,0
DA:199,0
DA:200,0
DA:205,0
DA:211,0
DA:219,0
DA:220,0
DA:223,0
DA:224,0
DA:225,0
DA:229,0
DA:232,0
LF:74
LH:0
BRDA:26,0,0,0
BRDA:26,0,1,0
BRDA:28,1,0,0
BRDA:28,1,1,0
BRDA:30,2,0,0
BRDA:30,2,1,0
BRDA:44,3,0,0
BRDA:44,3,1,0
BRDA:46,4,0,0
BRDA:46,4,1,0
BRDA:48,5,0,0
BRDA:48,5,1,0
BRDA:62,6,0,0
BRDA:62,6,1,0
BRDA:64,7,0,0
BRDA:64,7,1,0
BRDA:66,8,0,0
BRDA:66,8,1,0
BRDA:79,9,0,0
BRDA:79,9,1,0
BRDA:81,10,0,0
BRDA:81,10,1,0
BRDA:83,11,0,0
BRDA:83,11,1,0
BRDA:99,12,0,0
BRDA:99,12,1,0
BRDA:99,13,0,0
BRDA:99,13,1,0
BRDA:101,14,0,0
BRDA:101,14,1,0
BRDA:101,15,0,0
BRDA:101,15,1,0
BRDA:104,16,0,0
BRDA:104,16,1,0
BRDA:107,17,0,0
BRDA:107,17,1,0
BRDA:118,18,0,0
BRDA:124,19,0,0
BRDA:124,19,1,0
BRDA:127,20,0,0
BRDA:127,20,1,0
BRDA:142,21,0,0
BRDA:153,22,0,0
BRDA:153,22,1,0
BRDA:192,23,0,0
BRDA:192,23,1,0
BRDA:224,24,0,0
BRDA:224,24,1,0
BRF:48
BRH:0
end_of_record
TN:
SF:src/hooks/useLoadingState.ts
FN:7,useLoadingState
FN:11,(anonymous_1)
FN:20,(anonymous_2)
FN:21,(anonymous_3)
FN:26,(anonymous_4)
FN:29,(anonymous_5)
FN:33,(anonymous_6)
FN:34,(anonymous_7)
FN:37,(anonymous_8)
FN:44,(anonymous_9)
FN:47,(anonymous_10)
FN:53,(anonymous_11)
FNF:12
FNH:11
FNDA:21,useLoadingState
FNDA:14,(anonymous_1)
FNDA:1,(anonymous_2)
FNDA:1,(anonymous_3)
FNDA:14,(anonymous_4)
FNDA:15,(anonymous_5)
FNDA:7,(anonymous_6)
FNDA:6,(anonymous_7)
FNDA:2,(anonymous_8)
FNDA:1,(anonymous_9)
FNDA:0,(anonymous_10)
FNDA:2,(anonymous_11)
DA:8,21
DA:9,21
DA:11,21
DA:13,14
DA:14,0
DA:15,0
DA:18,14
DA:20,1
DA:21,1
DA:22,1
DA:26,14
DA:29,21
DA:30,15
DA:33,21
DA:34,7
DA:37,21
DA:38,2
DA:40,1
DA:41,0
DA:42,0
DA:44,1
DA:47,1
DA:48,1
DA:49,1
DA:53,21
DA:58,2
DA:59,2
DA:60,2
DA:61,1
DA:62,1
DA:64,1
DA:65,1
DA:69,21
LF:33
LH:29
BRDA:7,0,0,20
BRDA:13,1,0,0
BRDA:13,1,1,14
BRDA:18,2,0,1
BRDA:18,2,1,13
BRDA:18,3,0,14
BRDA:18,3,1,10
BRDA:30,4,0,15
BRDA:30,4,1,8
BRDA:38,5,0,1
BRDA:38,5,1,1
BRDA:40,6,0,0
BRDA:40,6,1,1
BRF:13
BRH:11
end_of_record
TN:
SF:src/hooks/useNetworkStatus.ts
FN:10,useNetworkStatus
FN:17,(anonymous_1)
FN:19,(anonymous_2)
FN:28,(anonymous_3)
FNF:4
FNH:0
FNDA:0,useNetworkStatus
FNDA:0,(anonymous_1)
FNDA:0,(anonymous_2)
FNDA:0,(anonymous_3)
DA:11,0
DA:17,0
DA:19,0
DA:20,0
DA:28,0
DA:29,0
DA:36,0
DA:39,0
LF:8
LH:0
BRDA:21,0,0,0
BRDA:21,0,1,0
BRDA:22,1,0,0
BRDA:22,1,1,0
BRDA:30,2,0,0
BRDA:30,2,1,0
BRDA:31,3,0,0
BRDA:31,3,1,0
BRF:8
BRH:0
end_of_record
TN:
SF:src/hooks/usePermissions.ts
FN:20,(anonymous_0)
FN:24,(anonymous_1)
FN:30,(anonymous_2)
FN:45,(anonymous_3)
FN:60,(anonymous_4)
FN:75,(anonymous_5)
FN:90,(anonymous_6)
FN:109,(anonymous_7)
FN:127,(anonymous_8)
FN:142,(anonymous_9)
FN:169,(anonymous_10)
FN:174,(anonymous_11)
FN:178,(anonymous_12)
FN:207,(anonymous_13)
FN:213,(anonymous_14)
FN:217,(anonymous_15)
FNF:16
FNH:0
FNDA:0,(anonymous_0)
FNDA:0,(anonymous_1)
FNDA:0,(anonymous_2)
FNDA:0,(anonymous_3)
FNDA:0,(anonymous_4)
FNDA:0,(anonymous_5)
FNDA:0,(anonymous_6)
FNDA:0,(anonymous_7)
FNDA:0,(anonymous_8)
FNDA:0,(anonymous_9)
FNDA:0,(anonymous_10)
FNDA:0,(anonymous_11)
FNDA:0,(anonymous_12)
FNDA:0,(anonymous_13)
FNDA:0,(anonymous_14)
FNDA:0,(anonymous_15)
DA:20,1
DA:21,0
DA:22,0
DA:24,0
DA:25,0
DA:26,0
DA:27,0
DA:30,0
DA:31,0
DA:32,0
DA:34,0
DA:35,0
DA:36,0
DA:38,0
DA:39,0
DA:41,0
DA:45,0
DA:46,0
DA:47,0
DA:49,0
DA:50,0
DA:51,0
DA:53,0
DA:54,0
DA:56,0
DA:60,0
DA:61,0
DA:62,0
DA:64,0
DA:65,0
DA:66,0
DA:68,0
DA:69,0
DA:71,0
DA:75,0
DA:76,0
DA:77,0
DA:79,0
DA:80,0
DA:81,0
DA:83,0
DA:84,0
DA:86,0
DA:90,0
DA:95,0
DA:96,0
DA:98,0
DA:99,0
DA:100,0
DA:102,0
DA:103,0
DA:105,0
DA:109,0
DA:113,0
DA:114,0
DA:116,0
DA:117,0
DA:118,0
DA:120,0
DA:121,0
DA:123,0
DA:127,0
DA:128,0
DA:129,0
DA:131,0
DA:132,0
DA:133,0
DA:135,0
DA:136,0
DA:138,0
DA:142,0
DA:143,0
DA:146,0
DA:169,1
DA:170,0
DA:171,0
DA:172,0
DA:174,0
DA:175,0
DA:178,0
DA:179,0
DA:180,0
DA:182,0
DA:183,0
DA:184,0
DA:186,0
DA:187,0
DA:188,0
DA:190,0
DA:194,0
DA:207,1
DA:208,0
DA:209,0
DA:210,0
DA:211,0
DA:213,0
DA:214,0
DA:217,0
DA:218,0
DA:219,0
DA:221,0
DA:222,0
DA:223,0
DA:224,0
DA:226,0
DA:227,0
DA:228,0
DA:229,0
DA:231,0
DA:235,0
LF:110
LH:3
BRDA:25,0,0,0
BRDA:25,0,1,0
BRDA:186,1,0,0
BRDA:186,1,1,0
BRDA:226,2,0,0
BRDA:226,2,1,0
BRF:6
BRH:0
end_of_record
TN:
SF:src/hooks/useUsers.ts
FN:9,(anonymous_0)
FN:10,(anonymous_1)
FN:12,(anonymous_2)
FN:14,(anonymous_3)
FN:20,(anonymous_4)
FN:23,(anonymous_5)
FN:38,(anonymous_6)
FN:41,(anonymous_7)
FN:55,(anonymous_8)
FN:58,(anonymous_9)
FN:72,(anonymous_10)
FN:75,(anonymous_11)
FN:88,(anonymous_12)
FN:92,(anonymous_13)
FN:106,(anonymous_14)
FN:113,(anonymous_15)
FN:119,(anonymous_16)
FN:128,(anonymous_17)
FN:132,(anonymous_18)
FN:154,(anonymous_19)
FN:162,(anonymous_20)
FN:169,(anonymous_21)
FN:178,(anonymous_22)
FN:182,(anonymous_23)
FN:202,(anonymous_24)
FN:210,(anonymous_25)
FN:217,(anonymous_26)
FNF:27
FNH:0
FNDA:0,(anonymous_0)
FNDA:0,(anonymous_1)
FNDA:0,(anonymous_2)
FNDA:0,(anonymous_3)
FNDA:0,(anonymous_4)
FNDA:0,(anonymous_5)
FNDA:0,(anonymous_6)
FNDA:0,(anonymous_7)
FNDA:0,(anonymous_8)
FNDA:0,(anonymous_9)
FNDA:0,(anonymous_10)
FNDA:0,(anonymous_11)
FNDA:0,(anonymous_12)
FNDA:0,(anonymous_13)
FNDA:0,(anonymous_14)
FNDA:0,(anonymous_15)
FNDA:0,(anonymous_16)
FNDA:0,(anonymous_17)
FNDA:0,(anonymous_18)
FNDA:0,(anonymous_19)
FNDA:0,(anonymous_20)
FNDA:0,(anonymous_21)
FNDA:0,(anonymous_22)
FNDA:0,(anonymous_23)
FNDA:0,(anonymous_24)
FNDA:0,(anonymous_25)
FNDA:0,(anonymous_26)
DA:7,0
DA:9,0
DA:11,0
DA:13,0
DA:14,0
DA:20,0
DA:21,0
DA:24,0
DA:25,0
DA:26,0
DA:27,0
DA:38,0
DA:39,0
DA:42,0
DA:43,0
DA:44,0
DA:45,0
DA:55,0
DA:56,0
DA:59,0
DA:60,0
DA:61,0
DA:62,0
DA:72,0
DA:73,0
DA:76,0
DA:77,0
DA:78,0
DA:88,0
DA:89,0
DA:91,0
DA:99,0
DA:103,0
DA:104,0
DA:108,0
DA:111,0
DA:114,0
DA:115,0
DA:120,0
DA:128,0
DA:129,0
DA:131,0
DA:139,0
DA:143,0
DA:147,0
DA:150,0
DA:152,0
DA:156,0
DA:159,0
DA:160,0
DA:163,0
DA:164,0
DA:170,0
DA:178,0
DA:179,0
DA:181,0
DA:190,0
DA:191,0
DA:195,0
DA:198,0
DA:200,0
DA:204,0
DA:207,0
DA:208,0
DA:211,0
DA:212,0
DA:218,0
LF:67
LH:0
BRDA:22,0,0,0
BRDA:22,0,1,0
BRDA:24,1,0,0
BRDA:24,1,1,0
BRDA:26,2,0,0
BRDA:26,2,1,0
BRDA:40,3,0,0
BRDA:40,3,1,0
BRDA:42,4,0,0
BRDA:42,4,1,0
BRDA:44,5,0,0
BRDA:44,5,1,0
BRDA:57,6,0,0
BRDA:57,6,1,0
BRDA:59,7,0,0
BRDA:59,7,1,0
BRDA:61,8,0,0
BRDA:61,8,1,0
BRDA:72,9,0,0
BRDA:77,10,0,0
BRDA:77,10,1,0
BRDA:80,11,0,0
BRDA:80,11,1,0
BRDA:103,12,0,0
BRDA:103,12,1,0
BRDA:114,13,0,0
BRDA:114,13,1,0
BRDA:114,14,0,0
BRDA:114,14,1,0
BRDA:143,15,0,0
BRDA:143,15,1,0
BRDA:150,16,0,0
BRDA:150,16,1,0
BRDA:159,17,0,0
BRDA:159,17,1,0
BRDA:163,18,0,0
BRDA:163,18,1,0
BRDA:191,19,0,0
BRDA:191,19,1,0
BRDA:198,20,0,0
BRDA:198,20,1,0
BRDA:207,21,0,0
BRDA:207,21,1,0
BRDA:211,22,0,0
BRDA:211,22,1,0
BRF:45
BRH:0
end_of_record
TN:
SF:src/providers/QueryProvider.tsx
FN:12,(anonymous_0)
FN:13,(anonymous_1)
FN:25,(anonymous_2)
FN:42,(anonymous_3)
FN:46,(anonymous_4)
FN:63,(anonymous_5)
FN:69,(anonymous_6)
FN:70,(anonymous_7)
FN:76,(anonymous_8)
FN:77,(anonymous_9)
FN:81,(anonymous_10)
FN:88,QueryProviderInner
FN:91,(anonymous_12)
FN:108,QueryProvider
FNF:14
FNH:0
FNDA:0,(anonymous_0)
FNDA:0,(anonymous_1)
FNDA:0,(anonymous_2)
FNDA:0,(anonymous_3)
FNDA:0,(anonymous_4)
FNDA:0,(anonymous_5)
FNDA:0,(anonymous_6)
FNDA:0,(anonymous_7)
FNDA:0,(anonymous_8)
FNDA:0,(anonymous_9)
FNDA:0,(anonymous_10)
FNDA:0,QueryProviderInner
FNDA:0,(anonymous_12)
FNDA:0,QueryProvider
DA:11,0
DA:13,0
DA:19,0
DA:26,0
DA:29,0
DA:35,0
DA:36,0
DA:40,0
DA:42,0
DA:47,0
DA:50,0
DA:56,0
DA:57,0
DA:61,0
DA:63,0
DA:69,0
DA:70,0
DA:71,0
DA:76,0
DA:77,0
DA:78,0
DA:81,0
DA:89,0
DA:91,0
DA:93,0
DA:96,0
DA:109,0
LF:27
LH:0
BRDA:11,0,0,0
BRDA:11,0,1,0
BRDA:11,1,0,0
BRDA:11,1,1,0
BRDA:35,2,0,0
BRDA:35,2,1,0
BRDA:35,3,0,0
BRDA:35,3,1,0
BRDA:35,3,2,0
BRDA:56,4,0,0
BRDA:56,4,1,0
BRDA:56,5,0,0
BRDA:56,5,1,0
BRDA:56,5,2,0
BRDA:99,6,0,0
BRDA:99,6,1,0
BRF:16
BRH:0
end_of_record
TN:
SF:src/services/auth.ts
FN:28,(anonymous_0)
FN:30,(anonymous_1)
FN:62,(anonymous_2)
FN:64,(anonymous_3)
FN:92,(anonymous_4)
FN:117,(anonymous_5)
FN:138,(anonymous_6)
FN:164,(anonymous_7)
FN:194,(anonymous_8)
FN:231,(anonymous_9)
FN:288,(anonymous_10)
FN:289,(anonymous_11)
FNF:12
FNH:8
FNDA:3,(anonymous_0)
FNDA:9,(anonymous_1)
FNDA:2,(anonymous_2)
FNDA:4,(anonymous_3)
FNDA:2,(anonymous_4)
FNDA:22,(anonymous_5)
FNDA:2,(anonymous_6)
FNDA:0,(anonymous_7)
FNDA:2,(anonymous_8)
FNDA:0,(anonymous_9)
FNDA:0,(anonymous_10)
FNDA:0,(anonymous_11)
DA:29,3
DA:30,3
DA:31,9
DA:36,4
DA:37,3
DA:40,1
DA:44,1
DA:45,0
DA:52,1
DA:54,2
DA:55,2
DA:63,2
DA:64,2
DA:65,4
DA:75,4
DA:76,3
DA:79,1
DA:82,1
DA:84,0
DA:85,0
DA:93,2
DA:94,2
DA:96,2
DA:97,1
DA:101,1
DA:104,1
DA:106,1
DA:108,0
DA:118,22
DA:122,22
DA:124,0
DA:126,0
DA:129,0
DA:131,22
DA:139,2
DA:140,2
DA:141,2
DA:143,0
DA:149,0
DA:150,0
DA:151,0
DA:154,0
DA:156,0
DA:157,0
DA:167,0
DA:168,0
DA:169,0
DA:170,0
DA:173,0
DA:178,0
DA:179,0
DA:182,0
DA:184,0
DA:199,2
DA:200,2
DA:201,2
DA:202,2
DA:205,0
DA:215,0
DA:216,0
DA:219,0
DA:221,0
DA:232,0
DA:233,0
DA:235,0
DA:236,0
DA:239,0
DA:241,0
DA:242,0
DA:245,0
DA:247,0
DA:251,0
DA:252,0
DA:253,0
DA:255,0
DA:257,0
DA:259,0
DA:260,0
DA:261,0
DA:264,0
DA:266,0
DA:272,0
DA:276,0
DA:278,0
DA:289,0
DA:290,0
DA:292,0
DA:297,0
DA:299,0
DA:300,0
DA:301,0
DA:303,0
DA:310,0
DA:316,7
LF:94
LH:35
BRDA:36,0,0,3
BRDA:36,0,1,1
BRDA:44,1,0,0
BRDA:44,1,1,1
BRDA:70,2,0,4
BRDA:70,2,1,3
BRDA:75,3,0,3
BRDA:75,3,1,1
BRDA:96,4,0,1
BRDA:96,4,1,1
BRDA:109,5,0,0
BRDA:109,5,1,0
BRDA:124,6,0,0
BRDA:124,6,1,0
BRDA:129,7,0,0
BRDA:129,7,1,0
BRDA:141,8,0,2
BRDA:141,8,1,0
BRDA:149,9,0,0
BRDA:149,9,1,0
BRDA:169,10,0,0
BRDA:169,10,1,0
BRDA:178,11,0,0
BRDA:178,11,1,0
BRDA:186,12,0,0
BRDA:186,12,1,0
BRDA:201,13,0,2
BRDA:201,13,1,0
BRDA:207,14,0,0
BRDA:207,14,1,0
BRDA:215,15,0,0
BRDA:215,15,1,0
BRDA:223,16,0,0
BRDA:223,16,1,0
BRDA:235,17,0,0
BRDA:235,17,1,0
BRDA:239,18,0,0
BRDA:239,18,1,0
BRDA:242,19,0,0
BRDA:242,19,1,0
BRDA:255,20,0,0
BRDA:255,20,1,0
BRDA:255,21,0,0
BRDA:255,21,1,0
BRDA:259,22,0,0
BRDA:259,22,1,0
BRDA:264,23,0,0
BRDA:264,23,1,0
BRDA:280,24,0,0
BRDA:280,24,1,0
BRDA:290,25,0,0
BRDA:290,25,1,0
BRDA:290,26,0,0
BRDA:290,26,1,0
BRDA:297,27,0,0
BRDA:297,27,1,0
BRDA:301,28,0,0
BRDA:301,28,1,0
BRDA:301,29,0,0
BRDA:301,29,1,0
BRDA:310,30,0,0
BRDA:310,30,1,0
BRF:62
BRH:11
end_of_record
TN:
SF:src/services/churches.ts
FN:8,(anonymous_0)
FN:34,(anonymous_1)
FNF:2
FNH:0
FNDA:0,(anonymous_0)
FNDA:0,(anonymous_1)
DA:9,0
DA:10,0
DA:15,0
DA:16,0
DA:19,0
DA:21,0
DA:37,0
DA:38,0
DA:44,0
DA:45,0
DA:48,0
DA:50,0
DA:60,0
LF:13
LH:0
BRDA:15,0,0,0
BRDA:15,0,1,0
BRDA:24,1,0,0
BRDA:24,1,1,0
BRDA:44,2,0,0
BRDA:44,2,1,0
BRDA:53,3,0,0
BRDA:53,3,1,0
BRF:8
BRH:0
end_of_record
TN:
SF:src/services/events.ts
FN:24,(anonymous_0)
FN:89,(anonymous_1)
FN:157,(anonymous_2)
FN:198,(anonymous_3)
FN:215,(anonymous_4)
FN:241,(anonymous_5)
FN:301,(anonymous_6)
FN:374,(anonymous_7)
FN:405,(anonymous_8)
FN:444,(anonymous_9)
FNF:10
FNH:9
FNDA:2,(anonymous_0)
FNDA:2,(anonymous_1)
FNDA:1,(anonymous_2)
FNDA:1,(anonymous_3)
FNDA:1,(anonymous_4)
FNDA:0,(anonymous_5)
FNDA:3,(anonymous_6)
FNDA:1,(anonymous_7)
FNDA:2,(anonymous_8)
FNDA:2,(anonymous_9)
DA:27,2
DA:29,2
DA:30,2
DA:31,2
DA:35,0
DA:36,0
DA:37,0
DA:40,0
DA:72,0
DA:73,0
DA:76,0
DA:78,0
DA:92,2
DA:93,2
DA:123,2
DA:124,0
DA:128,2
DA:129,2
DA:130,1
DA:136,1
DA:139,2
DA:144,2
DA:146,0
DA:160,1
DA:161,1
DA:193,1
DA:194,0
DA:198,1
DA:200,1
DA:202,0
DA:216,1
DA:217,1
DA:222,1
DA:223,0
DA:226,1
DA:228,0
DA:245,0
DA:246,0
DA:276,0
DA:277,0
DA:280,0
DA:282,0
DA:283,0
DA:286,0
DA:288,0
DA:304,3
DA:306,3
DA:307,3
DA:308,3
DA:312,0
DA:319,0
DA:320,0
DA:321,0
DA:328,0
DA:338,0
DA:339,0
DA:342,0
DA:346,0
DA:357,0
DA:358,0
DA:361,0
DA:363,0
DA:378,1
DA:379,1
DA:388,0
DA:389,0
DA:392,0
DA:394,1
DA:409,2
DA:410,2
DA:418,1
DA:420,0
DA:423,1
DA:431,1
DA:449,2
DA:450,2
DA:480,1
DA:481,0
DA:484,1
DA:486,1
DA:487,0
DA:490,1
DA:492,1
DA:502,2
LF:84
LH:42
BRDA:30,0,0,2
BRDA:30,0,1,0
BRDA:31,1,0,2
BRDA:31,1,1,0
BRDA:36,2,0,0
BRDA:36,2,1,0
BRDA:37,3,0,0
BRDA:37,3,1,0
BRDA:72,4,0,0
BRDA:72,4,1,0
BRDA:76,5,0,0
BRDA:76,5,1,0
BRDA:81,6,0,0
BRDA:81,6,1,0
BRDA:123,7,0,0
BRDA:123,7,1,2
BRDA:129,8,0,1
BRDA:129,8,1,1
BRDA:136,9,0,1
BRDA:136,9,1,1
BRDA:149,10,0,0
BRDA:149,10,1,0
BRDA:193,11,0,0
BRDA:193,11,1,1
BRDA:198,12,0,1
BRDA:198,12,1,0
BRDA:205,13,0,0
BRDA:205,13,1,0
BRDA:222,14,0,0
BRDA:222,14,1,1
BRDA:226,15,0,1
BRDA:226,15,1,0
BRDA:231,16,0,0
BRDA:231,16,1,0
BRDA:276,17,0,0
BRDA:276,17,1,0
BRDA:282,18,0,0
BRDA:282,18,1,0
BRDA:286,19,0,0
BRDA:286,19,1,0
BRDA:291,20,0,0
BRDA:291,20,1,0
BRDA:307,21,0,3
BRDA:307,21,1,0
BRDA:308,22,0,3
BRDA:308,22,1,0
BRDA:319,23,0,0
BRDA:319,23,1,0
BRDA:320,24,0,0
BRDA:320,24,1,0
BRDA:338,25,0,0
BRDA:338,25,1,0
BRDA:357,26,0,0
BRDA:357,26,1,0
BRDA:366,27,0,0
BRDA:366,27,1,0
BRDA:388,28,0,0
BRDA:388,28,1,0
BRDA:397,29,0,1
BRDA:397,29,1,0
BRDA:418,30,0,0
BRDA:418,30,1,1
BRDA:418,31,0,1
BRDA:418,31,1,0
BRDA:426,32,0,1
BRDA:426,32,1,0
BRDA:434,33,0,1
BRDA:434,33,1,0
BRDA:447,34,0,2
BRDA:480,35,0,0
BRDA:480,35,1,1
BRDA:486,36,0,0
BRDA:486,36,1,1
BRDA:490,37,0,1
BRDA:490,37,1,0
BRDA:495,38,0,1
BRDA:495,38,1,0
BRF:77
BRH:23
end_of_record
TN:
SF:src/services/friendships.ts
FN:21,(anonymous_0)
FN:77,(anonymous_1)
FN:113,(anonymous_2)
FN:149,(anonymous_3)
FN:210,(anonymous_4)
FN:239,(anonymous_5)
FN:260,(anonymous_6)
FN:286,(anonymous_7)
FN:320,(anonymous_8)
FN:354,(anonymous_9)
FN:387,(anonymous_10)
FN:414,(anonymous_11)
FNF:12
FNH:8
FNDA:2,(anonymous_0)
FNDA:1,(anonymous_1)
FNDA:0,(anonymous_2)
FNDA:2,(anonymous_3)
FNDA:2,(anonymous_4)
FNDA:2,(anonymous_5)
FNDA:0,(anonymous_6)
FNDA:1,(anonymous_7)
FNDA:1,(anonymous_8)
FNDA:2,(anonymous_9)
FNDA:0,(anonymous_10)
FNDA:0,(anonymous_11)
DA:25,2
DA:27,2
DA:28,2
DA:29,2
DA:33,0
DA:41,0
DA:42,0
DA:48,0
DA:58,0
DA:59,0
DA:62,0
DA:64,0
DA:81,1
DA:82,1
DA:94,0
DA:95,0
DA:98,0
DA:100,1
DA:117,0
DA:118,0
DA:130,0
DA:131,0
DA:134,0
DA:136,0
DA:153,2
DA:155,2
DA:163,2
DA:165,1
DA:175,1
DA:176,0
DA:179,1
DA:182,1
DA:192,1
DA:193,0
DA:196,1
DA:199,0
DA:214,2
DA:215,2
DA:222,2
DA:223,1
DA:226,1
DA:228,0
DA:242,2
DA:243,2
DA:255,1
DA:256,0
DA:260,1
DA:261,0
DA:262,0
DA:265,0
DA:273,1
DA:275,1
DA:289,1
DA:290,1
DA:301,1
DA:302,0
DA:305,1
DA:307,0
DA:323,1
DA:324,1
DA:335,1
DA:336,0
DA:339,1
DA:341,0
DA:358,2
DA:359,2
DA:367,2
DA:369,0
DA:372,2
DA:374,0
DA:391,0
DA:392,0
DA:403,0
DA:404,0
DA:407,0
DA:409,0
DA:410,0
DA:414,0
DA:415,0
DA:416,0
DA:419,0
DA:427,0
DA:429,0
DA:441,2
LF:84
LH:40
BRDA:28,0,0,2
BRDA:28,0,1,0
BRDA:29,1,0,2
BRDA:29,1,1,0
BRDA:41,2,0,0
BRDA:41,2,1,0
BRDA:58,3,0,0
BRDA:58,3,1,0
BRDA:67,4,0,0
BRDA:67,4,1,0
BRDA:94,5,0,0
BRDA:94,5,1,0
BRDA:103,6,0,1
BRDA:103,6,1,0
BRDA:130,7,0,0
BRDA:130,7,1,0
BRDA:139,8,0,0
BRDA:139,8,1,0
BRDA:163,9,0,1
BRDA:163,9,1,1
BRDA:175,10,0,0
BRDA:175,10,1,1
BRDA:192,11,0,0
BRDA:192,11,1,1
BRDA:202,12,0,0
BRDA:202,12,1,0
BRDA:222,13,0,1
BRDA:222,13,1,1
BRDA:231,14,0,0
BRDA:231,14,1,0
BRDA:255,15,0,0
BRDA:255,15,1,1
BRDA:260,16,0,1
BRDA:260,16,1,0
BRDA:261,17,0,0
BRDA:261,17,1,0
BRDA:278,18,0,1
BRDA:278,18,1,0
BRDA:301,19,0,0
BRDA:301,19,1,1
BRDA:305,20,0,1
BRDA:305,20,1,0
BRDA:310,21,0,0
BRDA:310,21,1,0
BRDA:335,22,0,0
BRDA:335,22,1,1
BRDA:339,23,0,1
BRDA:339,23,1,0
BRDA:344,24,0,0
BRDA:344,24,1,0
BRDA:367,25,0,0
BRDA:367,25,1,2
BRDA:367,26,0,2
BRDA:367,26,1,1
BRDA:372,27,0,2
BRDA:372,27,1,1
BRDA:377,28,0,0
BRDA:377,28,1,0
BRDA:403,29,0,0
BRDA:403,29,1,0
BRDA:409,30,0,0
BRDA:409,30,1,0
BRDA:414,31,0,0
BRDA:414,31,1,0
BRDA:415,32,0,0
BRDA:415,32,1,0
BRDA:432,33,0,0
BRDA:432,33,1,0
BRF:68
BRH:21
end_of_record
TN:
SF:src/services/groups.ts
FN:32,(anonymous_0)
FN:75,(anonymous_1)
FN:78,(anonymous_2)
FN:95,(anonymous_3)
FN:127,(anonymous_4)
FN:144,(anonymous_5)
FN:169,(anonymous_6)
FN:186,(anonymous_7)
FN:268,(anonymous_8)
FN:302,(anonymous_9)
FN:343,(anonymous_10)
FN:378,(anonymous_11)
FN:435,(anonymous_12)
FN:472,(anonymous_13)
FN:475,(anonymous_14)
FNF:15
FNH:8
FNDA:2,(anonymous_0)
FNDA:0,(anonymous_1)
FNDA:0,(anonymous_2)
FNDA:1,(anonymous_3)
FNDA:2,(anonymous_4)
FNDA:0,(anonymous_5)
FNDA:0,(anonymous_6)
FNDA:3,(anonymous_7)
FNDA:1,(anonymous_8)
FNDA:2,(anonymous_9)
FNDA:0,(anonymous_10)
FNDA:1,(anonymous_11)
FNDA:2,(anonymous_12)
FNDA:0,(anonymous_13)
FNDA:0,(anonymous_14)
DA:35,2
DA:37,2
DA:38,2
DA:39,2
DA:43,0
DA:44,0
DA:45,0
DA:48,0
DA:69,0
DA:70,0
DA:75,0
DA:78,0
DA:82,0
DA:84,0
DA:98,1
DA:99,1
DA:119,1
DA:120,0
DA:124,1
DA:127,2
DA:131,1
DA:133,0
DA:147,0
DA:148,0
DA:163,0
DA:164,0
DA:169,0
DA:171,0
DA:173,0
DA:191,3
DA:193,3
DA:194,3
DA:195,3
DA:199,0
DA:200,0
DA:201,0
DA:205,0
DA:212,0
DA:213,0
DA:214,0
DA:221,0
DA:231,0
DA:232,0
DA:235,0
DA:239,0
DA:251,0
DA:252,0
DA:255,0
DA:257,0
DA:272,1
DA:274,1
DA:275,1
DA:276,1
DA:279,0
DA:285,0
DA:286,0
DA:289,0
DA:291,0
DA:308,2
DA:309,2
DA:317,1
DA:319,0
DA:322,1
DA:330,1
DA:346,0
DA:347,0
DA:359,0
DA:360,0
DA:363,0
DA:365,0
DA:381,1
DA:383,1
DA:386,1
DA:387,0
DA:394,1
DA:400,1
DA:401,0
DA:406,1
DA:420,1
DA:422,0
DA:440,2
DA:441,2
DA:460,1
DA:461,1
DA:464,1
DA:466,1
DA:467,0
DA:472,1
DA:475,0
DA:479,1
DA:481,1
DA:491,2
LF:92
LH:40
BRDA:38,0,0,2
BRDA:38,0,1,0
BRDA:39,1,0,2
BRDA:39,1,1,0
BRDA:44,2,0,0
BRDA:44,2,1,0
BRDA:45,3,0,0
BRDA:45,3,1,0
BRDA:69,4,0,0
BRDA:69,4,1,0
BRDA:75,5,0,0
BRDA:75,5,1,0
BRDA:78,6,0,0
BRDA:78,6,1,0
BRDA:87,7,0,0
BRDA:87,7,1,0
BRDA:119,8,0,0
BRDA:119,8,1,1
BRDA:127,9,0,1
BRDA:127,9,1,0
BRDA:136,10,0,0
BRDA:136,10,1,0
BRDA:163,11,0,0
BRDA:163,11,1,0
BRDA:169,12,0,0
BRDA:169,12,1,0
BRDA:176,13,0,0
BRDA:176,13,1,0
BRDA:189,14,0,3
BRDA:194,15,0,3
BRDA:194,15,1,0
BRDA:195,16,0,3
BRDA:195,16,1,0
BRDA:200,17,0,0
BRDA:200,17,1,0
BRDA:201,18,0,0
BRDA:201,18,1,0
BRDA:212,19,0,0
BRDA:212,19,1,0
BRDA:213,20,0,0
BRDA:213,20,1,0
BRDA:231,21,0,0
BRDA:231,21,1,0
BRDA:251,22,0,0
BRDA:251,22,1,0
BRDA:260,23,0,0
BRDA:260,23,1,0
BRDA:275,24,0,1
BRDA:275,24,1,0
BRDA:276,25,0,1
BRDA:276,25,1,0
BRDA:285,26,0,0
BRDA:285,26,1,0
BRDA:294,27,0,0
BRDA:294,27,1,0
BRDA:317,28,0,0
BRDA:317,28,1,1
BRDA:317,29,0,1
BRDA:317,29,1,0
BRDA:325,30,0,1
BRDA:325,30,1,1
BRDA:333,31,0,1
BRDA:333,31,1,0
BRDA:359,32,0,0
BRDA:359,32,1,0
BRDA:363,33,0,0
BRDA:363,33,1,0
BRDA:368,34,0,0
BRDA:368,34,1,0
BRDA:386,35,0,0
BRDA:386,35,1,1
BRDA:386,36,0,1
BRDA:386,36,1,1
BRDA:389,37,0,0
BRDA:389,37,1,0
BRDA:400,38,0,0
BRDA:400,38,1,1
BRDA:425,39,0,0
BRDA:425,39,1,0
BRDA:438,40,0,2
BRDA:460,41,0,1
BRDA:460,41,1,0
BRDA:466,42,0,0
BRDA:466,42,1,1
BRDA:472,43,0,1
BRDA:472,43,1,0
BRDA:475,44,0,0
BRDA:475,44,1,0
BRDA:484,45,0,1
BRDA:484,45,1,0
BRF:90
BRH:23
end_of_record
TN:
SF:src/services/index.ts
FNF:0
FNH:0
LF:0
LH:0
BRF:0
BRH:0
end_of_record
TN:
SF:src/services/permissions.ts
FN:28,(anonymous_0)
FN:62,(anonymous_1)
FN:75,(anonymous_2)
FN:85,(anonymous_3)
FN:89,(anonymous_4)
FN:95,(anonymous_5)
FN:141,(anonymous_6)
FN:164,(anonymous_7)
FN:227,(anonymous_8)
FN:271,(anonymous_9)
FN:295,(anonymous_10)
FNF:11
FNH:8
FNDA:29,(anonymous_0)
FNDA:14,(anonymous_1)
FNDA:7,(anonymous_2)
FNDA:0,(anonymous_3)
FNDA:0,(anonymous_4)
FNDA:3,(anonymous_5)
FNDA:6,(anonymous_6)
FNDA:2,(anonymous_7)
FNDA:4,(anonymous_8)
FNDA:0,(anonymous_9)
FNDA:7,(anonymous_10)
DA:21,8
DA:22,8
DA:23,8
DA:29,29
DA:30,29
DA:31,29
DA:33,13
DA:34,13
DA:35,13
DA:37,13
DA:38,1
DA:41,12
DA:47,12
DA:50,12
DA:51,12
DA:53,12
DA:55,0
DA:63,14
DA:64,0
DA:65,0
DA:67,14
DA:68,14
DA:76,7
DA:77,7
DA:79,6
DA:86,0
DA:87,0
DA:89,0
DA:96,3
DA:98,3
DA:99,0
DA:103,3
DA:104,1
DA:107,2
DA:111,1
DA:115,0
DA:116,0
DA:118,0
DA:124,1
DA:125,0
DA:127,1
DA:131,0
DA:134,0
DA:142,6
DA:144,6
DA:145,4
DA:149,2
DA:150,0
DA:154,2
DA:155,1
DA:158,1
DA:165,2
DA:167,2
DA:168,2
DA:172,0
DA:173,0
DA:177,0
DA:178,0
DA:182,0
DA:184,0
DA:185,0
DA:191,0
DA:192,0
DA:196,0
DA:197,0
DA:203,0
DA:204,0
DA:208,0
DA:209,0
DA:215,0
DA:216,0
DA:221,0
DA:228,4
DA:230,4
DA:231,4
DA:235,0
DA:236,0
DA:240,0
DA:248,0
DA:249,0
DA:253,0
DA:254,0
DA:260,0
DA:261,0
DA:265,0
DA:272,0
DA:273,0
DA:275,0
DA:277,0
DA:278,0
DA:281,0
DA:282,0
DA:285,0
DA:286,0
DA:289,0
DA:296,7
DA:298,7
DA:299,5
DA:303,2
DA:304,0
DA:307,2
DA:309,2
DA:311,2
DA:312,1
DA:315,1
DA:318,0
DA:320,0
DA:321,0
DA:324,0
DA:327,0
DA:329,0
DA:330,0
DA:333,0
DA:336,0
DA:338,0
DA:340,0
DA:342,0
DA:344,0
DA:347,0
DA:349,0
DA:351,0
DA:353,0
DA:355,0
DA:358,0
DA:360,0
DA:362,0
DA:365,1
DA:370,8
LF:128
LH:54
BRDA:31,0,0,16
BRDA:31,0,1,13
BRDA:37,1,0,1
BRDA:37,1,1,12
BRDA:37,2,0,13
BRDA:37,2,1,1
BRDA:37,2,2,1
BRDA:47,3,0,0
BRDA:47,3,1,12
BRDA:47,4,0,12
BRDA:47,4,1,12
BRDA:63,5,0,0
BRDA:63,5,1,14
BRDA:77,6,0,1
BRDA:77,6,1,6
BRDA:87,7,0,0
BRDA:87,7,1,0
BRDA:98,8,0,0
BRDA:98,8,1,3
BRDA:103,9,0,1
BRDA:103,9,1,2
BRDA:107,10,0,1
BRDA:107,10,1,1
BRDA:107,10,2,0
BRDA:107,10,3,1
BRDA:107,10,4,1
BRDA:107,10,5,1
BRDA:107,10,6,0
BRDA:107,10,7,0
BRDA:115,11,0,0
BRDA:115,11,1,0
BRDA:124,12,0,0
BRDA:124,12,1,1
BRDA:124,13,0,1
BRDA:124,13,1,0
BRDA:144,14,0,4
BRDA:144,14,1,2
BRDA:149,15,0,0
BRDA:149,15,1,2
BRDA:154,16,0,1
BRDA:154,16,1,1
BRDA:167,17,0,2
BRDA:167,17,1,0
BRDA:172,18,0,0
BRDA:172,18,1,0
BRDA:177,19,0,0
BRDA:177,19,1,0
BRDA:182,20,0,0
BRDA:182,20,1,0
BRDA:182,21,0,0
BRDA:182,21,1,0
BRDA:184,22,0,0
BRDA:184,22,1,0
BRDA:191,23,0,0
BRDA:191,23,1,0
BRDA:191,24,0,0
BRDA:191,24,1,0
BRDA:196,25,0,0
BRDA:196,25,1,0
BRDA:203,26,0,0
BRDA:203,26,1,0
BRDA:203,27,0,0
BRDA:203,27,1,0
BRDA:208,28,0,0
BRDA:208,28,1,0
BRDA:215,29,0,0
BRDA:215,29,1,0
BRDA:215,30,0,0
BRDA:215,30,1,0
BRDA:230,31,0,4
BRDA:230,31,1,0
BRDA:235,32,0,0
BRDA:235,32,1,0
BRDA:248,33,0,0
BRDA:248,33,1,0
BRDA:248,34,0,0
BRDA:248,34,1,0
BRDA:248,34,2,0
BRDA:253,35,0,0
BRDA:253,35,1,0
BRDA:253,36,0,0
BRDA:253,36,1,0
BRDA:260,37,0,0
BRDA:260,37,1,0
BRDA:260,38,0,0
BRDA:260,38,1,0
BRDA:273,39,0,0
BRDA:273,39,1,0
BRDA:277,40,0,0
BRDA:277,40,1,0
BRDA:281,41,0,0
BRDA:281,41,1,0
BRDA:285,42,0,0
BRDA:285,42,1,0
BRDA:295,43,0,0
BRDA:298,44,0,5
BRDA:298,44,1,2
BRDA:303,45,0,0
BRDA:303,45,1,2
BRDA:307,46,0,2
BRDA:307,46,1,0
BRDA:307,46,2,0
BRDA:307,46,3,0
BRDA:307,46,4,0
BRDA:307,46,5,0
BRDA:309,47,0,2
BRDA:309,47,1,0
BRDA:309,48,0,2
BRDA:309,48,1,0
BRDA:311,49,0,1
BRDA:311,49,1,1
BRDA:311,50,0,2
BRDA:311,50,1,1
BRDA:311,50,2,0
BRDA:318,51,0,0
BRDA:318,51,1,0
BRDA:320,52,0,0
BRDA:320,52,1,0
BRDA:320,53,0,0
BRDA:320,53,1,0
BRDA:327,54,0,0
BRDA:327,54,1,0
BRDA:329,55,0,0
BRDA:329,55,1,0
BRDA:329,56,0,0
BRDA:329,56,1,0
BRDA:329,56,2,0
BRDA:336,57,0,0
BRDA:336,57,1,0
BRDA:336,58,0,0
BRDA:336,58,1,0
BRDA:340,59,0,0
BRDA:340,59,1,0
BRDA:340,60,0,0
BRDA:340,60,1,0
BRDA:340,60,2,0
BRDA:347,61,0,0
BRDA:347,61,1,0
BRDA:347,62,0,0
BRDA:347,62,1,0
BRDA:351,63,0,0
BRDA:351,63,1,0
BRDA:351,64,0,0
BRDA:351,64,1,0
BRDA:351,64,2,0
BRDA:358,65,0,0
BRDA:358,65,1,0
BRF:147
BRH:40
end_of_record
TN:
SF:src/services/supabase.ts
FNF:0
FNH:0
DA:6,2
DA:7,2
DA:9,2
DA:10,0
DA:15,2
DA:17,2
LF:6
LH:5
BRDA:9,0,0,0
BRDA:9,0,1,2
BRDA:9,1,0,2
BRDA:9,1,1,2
BRDA:20,2,0,2
BRDA:20,2,1,0
BRF:6
BRH:4
end_of_record
TN:
SF:src/services/users.ts
FN:21,(anonymous_0)
FN:64,(anonymous_1)
FN:110,(anonymous_2)
FN:144,(anonymous_3)
FN:172,(anonymous_4)
FN:210,(anonymous_5)
FN:244,(anonymous_6)
FNF:7
FNH:7
FNDA:3,(anonymous_0)
FNDA:2,(anonymous_1)
FNDA:2,(anonymous_2)
FNDA:2,(anonymous_3)
FNDA:1,(anonymous_4)
FNDA:1,(anonymous_5)
FNDA:2,(anonymous_6)
DA:24,3
DA:25,3
DA:45,2
DA:46,1
DA:49,1
DA:51,1
DA:68,2
DA:70,2
DA:71,2
DA:72,2
DA:76,0
DA:77,0
DA:78,0
DA:81,0
DA:91,0
DA:92,0
DA:95,0
DA:97,0
DA:114,2
DA:115,2
DA:116,2
DA:117,2
DA:119,2
DA:123,2
DA:124,1
DA:129,1
DA:131,1
DA:133,0
DA:145,2
DA:147,2
DA:148,2
DA:149,2
DA:151,2
DA:155,2
DA:156,1
DA:159,1
DA:161,0
DA:175,1
DA:176,1
DA:191,1
DA:192,0
DA:195,1
DA:197,0
DA:213,1
DA:214,1
DA:225,1
DA:226,0
DA:229,1
DA:231,0
DA:248,2
DA:249,2
DA:255,2
DA:256,0
DA:259,2
DA:261,0
DA:271,2
LF:56
LH:40
BRDA:45,0,0,1
BRDA:45,0,1,1
BRDA:54,1,0,1
BRDA:54,1,1,0
BRDA:71,2,0,2
BRDA:71,2,1,0
BRDA:72,3,0,2
BRDA:72,3,1,0
BRDA:77,4,0,0
BRDA:77,4,1,0
BRDA:78,5,0,0
BRDA:78,5,1,0
BRDA:91,6,0,0
BRDA:91,6,1,0
BRDA:100,7,0,0
BRDA:100,7,1,0
BRDA:115,8,0,0
BRDA:115,8,1,2
BRDA:123,9,0,1
BRDA:123,9,1,1
BRDA:136,10,0,0
BRDA:136,10,1,0
BRDA:155,11,0,1
BRDA:155,11,1,1
BRDA:164,12,0,0
BRDA:164,12,1,0
BRDA:191,13,0,0
BRDA:191,13,1,1
BRDA:195,14,0,1
BRDA:195,14,1,0
BRDA:200,15,0,0
BRDA:200,15,1,0
BRDA:225,16,0,0
BRDA:225,16,1,1
BRDA:229,17,0,1
BRDA:229,17,1,0
BRDA:234,18,0,0
BRDA:234,18,1,0
BRDA:246,19,0,1
BRDA:255,20,0,0
BRDA:255,20,1,2
BRDA:259,21,0,2
BRDA:259,21,1,0
BRDA:264,22,0,0
BRDA:264,22,1,0
BRF:45
BRH:17
end_of_record
TN:
SF:src/stores/auth.ts
FN:29,(anonymous_0)
FN:38,(anonymous_1)
FN:66,(anonymous_2)
FN:100,(anonymous_3)
FN:124,(anonymous_4)
FN:140,(anonymous_5)
FN:164,(anonymous_6)
FN:190,(anonymous_7)
FN:194,(anonymous_8)
FN:210,(anonymous_9)
FNF:10
FNH:0
FNDA:0,(anonymous_0)
FNDA:0,(anonymous_1)
FNDA:0,(anonymous_2)
FNDA:0,(anonymous_3)
FNDA:0,(anonymous_4)
FNDA:0,(anonymous_5)
FNDA:0,(anonymous_6)
FNDA:0,(anonymous_7)
FNDA:0,(anonymous_8)
FNDA:0,(anonymous_9)
DA:29,0
DA:39,0
DA:41,0
DA:42,0
DA:44,0
DA:45,0
DA:46,0
DA:49,0
DA:50,0
DA:52,0
DA:53,0
DA:56,0
DA:57,0
DA:60,0
DA:61,0
DA:62,0
DA:71,0
DA:73,0
DA:74,0
DA:80,0
DA:81,0
DA:82,0
DA:85,0
DA:86,0
DA:87,0
DA:90,0
DA:91,0
DA:94,0
DA:95,0
DA:96,0
DA:101,0
DA:103,0
DA:104,0
DA:106,0
DA:107,0
DA:108,0
DA:111,0
DA:119,0
DA:120,0
DA:125,0
DA:126,0
DA:128,0
DA:130,0
DA:131,0
DA:132,0
DA:135,0
DA:136,0
DA:143,0
DA:145,0
DA:146,0
DA:148,0
DA:149,0
DA:150,0
DA:154,0
DA:155,0
DA:158,0
DA:159,0
DA:160,0
DA:169,0
DA:171,0
DA:172,0
DA:174,0
DA:175,0
DA:176,0
DA:180,0
DA:181,0
DA:184,0
DA:185,0
DA:186,0
DA:191,0
DA:195,0
DA:197,0
DA:199,0
DA:201,0
DA:203,0
DA:204,0
DA:206,0
DA:210,0
DA:211,0
DA:212,0
DA:213,0
DA:214,0
DA:215,0
DA:216,0
DA:220,0
DA:223,0
DA:224,0
LF:87
LH:0
BRDA:44,0,0,0
BRDA:44,0,1,0
BRDA:49,1,0,0
BRDA:49,1,1,0
BRDA:60,2,0,0
BRDA:60,2,1,0
BRDA:80,3,0,0
BRDA:80,3,1,0
BRDA:85,4,0,0
BRDA:85,4,1,0
BRDA:94,5,0,0
BRDA:94,5,1,0
BRDA:106,6,0,0
BRDA:106,6,1,0
BRDA:119,7,0,0
BRDA:119,7,1,0
BRDA:126,8,0,0
BRDA:126,8,1,0
BRDA:135,9,0,0
BRDA:135,9,1,0
BRDA:148,10,0,0
BRDA:148,10,1,0
BRDA:158,11,0,0
BRDA:158,11,1,0
BRDA:174,12,0,0
BRDA:174,12,1,0
BRDA:184,13,0,0
BRDA:184,13,1,0
BRDA:195,14,0,0
BRDA:195,14,1,0
BRDA:203,15,0,0
BRDA:203,15,1,0
BRDA:212,16,0,0
BRDA:212,16,1,0
BRDA:212,17,0,0
BRDA:212,17,1,0
BRDA:215,18,0,0
BRDA:215,18,1,0
BRDA:215,19,0,0
BRDA:215,19,1,0
BRDA:223,20,0,0
BRDA:223,20,1,0
BRF:42
BRH:0
end_of_record
TN:
SF:src/stores/index.ts
FNF:0
FNH:0
LF:0
LH:0
BRF:0
BRH:0
end_of_record
TN:
SF:src/types/app.ts
FNF:0
FNH:0
LF:0
LH:0
BRF:0
BRH:0
end_of_record
TN:
SF:src/types/database.ts
FNF:0
FNH:0
LF:0
LH:0
BRF:0
BRH:0
end_of_record
TN:
SF:src/types/index.ts
FNF:0
FNH:0
LF:0
LH:0
BRF:0
BRH:0
end_of_record
TN:
SF:src/utils/constants.ts
FNF:0
FNH:0
DA:3,1
DA:9,1
DA:19,1
DA:29,1
DA:37,1
DA:44,1
DA:51,1
DA:57,1
DA:63,1
DA:78,1
DA:89,1
DA:99,1
LF:12
LH:12
BRF:0
BRH:0
end_of_record
TN:
SF:src/utils/errorHandling.ts
FN:14,(anonymous_0)
FN:24,(anonymous_1)
FN:34,(anonymous_2)
FN:44,(anonymous_3)
FN:50,handleSupabaseError
FN:91,getErrorMessage
FN:106,retryWithBackoff
FN:129,(anonymous_7)
FNF:8
FNH:8
FNDA:9,(anonymous_0)
FNDA:4,(anonymous_1)
FNDA:2,(anonymous_2)
FNDA:2,(anonymous_3)
FNDA:96,handleSupabaseError
FNDA:4,getErrorMessage
FNDA:9,retryWithBackoff
FNDA:12,(anonymous_7)
DA:11,9
DA:12,9
DA:15,9
DA:16,9
DA:21,4
DA:22,4
DA:25,4
DA:26,4
DA:31,2
DA:32,2
DA:35,2
DA:36,2
DA:41,2
DA:42,2
DA:45,2
DA:46,2
DA:51,96
DA:53,2
DA:55,1
DA:57,1
DA:59,0
DA:61,0
DA:63,0
DA:65,0
DA:66,0
DA:68,0
DA:73,94
DA:74,5
DA:78,89
DA:79,2
DA:83,87
DA:92,4
DA:94,1
DA:96,1
DA:98,1
DA:100,1
DA:102,0
DA:113,9
DA:114,20
DA:115,20
DA:117,16
DA:120,16
DA:123,16
DA:124,4
DA:128,12
DA:129,12
DA:133,0
LF:47
LH:39
BRDA:51,0,0,2
BRDA:51,0,1,94
BRDA:51,1,0,96
BRDA:51,1,1,2
BRDA:53,2,0,1
BRDA:53,2,1,1
BRDA:53,2,2,0
BRDA:53,2,3,0
BRDA:53,2,4,0
BRDA:53,2,5,0
BRDA:65,3,0,0
BRDA:65,3,1,0
BRDA:68,4,0,0
BRDA:68,4,1,0
BRDA:73,5,0,5
BRDA:73,5,1,89
BRDA:73,6,0,94
BRDA:73,6,1,93
BRDA:78,7,0,2
BRDA:78,7,1,87
BRDA:78,8,0,89
BRDA:78,8,1,89
BRDA:78,8,2,89
BRDA:85,9,0,87
BRDA:85,9,1,0
BRDA:92,10,0,1
BRDA:92,10,1,1
BRDA:92,10,2,1
BRDA:92,10,3,1
BRDA:92,10,4,0
BRDA:108,11,0,6
BRDA:109,12,0,6
BRDA:123,13,0,4
BRDA:123,13,1,12
BRDA:123,14,0,16
BRDA:123,14,1,15
BRF:36
BRH:26
end_of_record
TN:
SF:src/utils/globalErrorHandler.ts
FN:14,(anonymous_0)
FN:48,(anonymous_1)
FN:64,(anonymous_2)
FN:68,(anonymous_3)
FN:77,(anonymous_4)
FN:84,(anonymous_5)
FNF:6
FNH:4
FNDA:75,(anonymous_0)
FNDA:75,(anonymous_1)
FNDA:7,(anonymous_2)
FNDA:7,(anonymous_3)
FNDA:0,(anonymous_4)
FNDA:0,(anonymous_5)
DA:11,1
DA:12,1
DA:15,75
DA:17,75
DA:25,75
DA:28,75
DA:29,10
DA:33,75
DA:34,75
DA:45,75
DA:65,7
DA:69,7
DA:73,1
DA:76,1
DA:77,1
DA:78,0
DA:84,1
DA:85,0
LF:18
LH:16
BRDA:15,0,0,3
BRDA:15,0,1,72
BRDA:28,1,0,10
BRDA:28,1,1,65
BRDA:33,2,0,75
BRDA:33,2,1,0
BRDA:64,3,0,2
BRDA:76,4,0,1
BRDA:76,4,1,0
BRDA:79,5,0,0
BRDA:79,5,1,0
BRDA:86,6,0,0
BRDA:86,6,1,0
BRF:13
BRH:7
end_of_record
TN:
SF:src/utils/helpers.ts
FN:8,(anonymous_0)
FN:20,(anonymous_1)
FN:32,(anonymous_2)
FN:47,(anonymous_3)
FN:54,(anonymous_4)
FN:63,(anonymous_5)
FN:76,(anonymous_6)
FN:90,(anonymous_7)
FN:122,(anonymous_8)
FN:125,(anonymous_9)
FN:133,(anonymous_10)
FN:141,(anonymous_11)
FN:150,(anonymous_12)
FN:158,(anonymous_13)
FN:165,(anonymous_14)
FN:172,(anonymous_15)
FN:177,(anonymous_16)
FN:179,(anonymous_17)
FN:186,(anonymous_18)
FN:193,(anonymous_19)
FNF:20
FNH:0
FNDA:0,(anonymous_0)
FNDA:0,(anonymous_1)
FNDA:0,(anonymous_2)
FNDA:0,(anonymous_3)
FNDA:0,(anonymous_4)
FNDA:0,(anonymous_5)
FNDA:0,(anonymous_6)
FNDA:0,(anonymous_7)
FNDA:0,(anonymous_8)
FNDA:0,(anonymous_9)
FNDA:0,(anonymous_10)
FNDA:0,(anonymous_11)
FNDA:0,(anonymous_12)
FNDA:0,(anonymous_13)
FNDA:0,(anonymous_14)
FNDA:0,(anonymous_15)
FNDA:0,(anonymous_16)
FNDA:0,(anonymous_17)
FNDA:0,(anonymous_18)
FNDA:0,(anonymous_19)
DA:8,0
DA:9,0
DA:10,0
DA:20,0
DA:21,0
DA:22,0
DA:32,0
DA:33,0
DA:34,0
DA:47,0
DA:48,0
DA:54,0
DA:55,0
DA:56,0
DA:57,0
DA:63,0
DA:64,0
DA:65,0
DA:66,0
DA:76,0
DA:77,0
DA:78,0
DA:79,0
DA:80,0
DA:90,0
DA:91,0
DA:93,0
DA:94,0
DA:101,0
DA:102,0
DA:109,0
DA:122,0
DA:123,0
DA:125,0
DA:133,0
DA:134,0
DA:135,0
DA:141,0
DA:143,0
DA:144,0
DA:150,0
DA:151,0
DA:152,0
DA:158,0
DA:159,0
DA:165,0
DA:166,0
DA:172,0
DA:177,0
DA:178,0
DA:179,0
DA:186,0
DA:187,0
DA:193,0
DA:194,0
DA:195,0
DA:196,0
LF:57
LH:0
BRDA:48,0,0,0
BRDA:48,0,1,0
BRDA:67,1,0,0
BRDA:67,1,1,0
BRDA:67,1,2,0
BRDA:81,2,0,0
BRDA:81,2,1,0
BRDA:81,2,2,0
BRDA:93,3,0,0
BRDA:93,3,1,0
BRDA:101,4,0,0
BRDA:101,4,1,0
BRDA:151,5,0,0
BRDA:151,5,1,0
BRDA:194,6,0,0
BRDA:194,6,1,0
BRDA:195,7,0,0
BRDA:195,7,1,0
BRDA:195,8,0,0
BRDA:195,8,1,0
BRF:20
BRH:0
end_of_record
TN:
SF:src/utils/index.ts
FNF:0
FNH:0
LF:0
LH:0
BRF:0
BRH:0
end_of_record
TN:
SF:src/utils/secureStorage.ts
FN:26,(anonymous_0)
FN:51,(anonymous_1)
FN:76,(anonymous_2)
FN:92,(anonymous_3)
FN:104,(anonymous_4)
FN:107,(anonymous_5)
FN:117,(anonymous_6)
FN:129,(anonymous_7)
FN:142,(anonymous_8)
FN:151,(anonymous_9)
FN:162,(anonymous_10)
FN:175,(anonymous_11)
FN:182,(anonymous_12)
FN:190,(anonymous_13)
FN:215,(anonymous_14)
FN:244,(anonymous_15)
FNF:16
FNH:2
FNDA:0,(anonymous_0)
FNDA:0,(anonymous_1)
FNDA:3,(anonymous_2)
FNDA:0,(anonymous_3)
FNDA:0,(anonymous_4)
FNDA:0,(anonymous_5)
FNDA:0,(anonymous_6)
FNDA:0,(anonymous_7)
FNDA:0,(anonymous_8)
FNDA:0,(anonymous_9)
FNDA:0,(anonymous_10)
FNDA:0,(anonymous_11)
FNDA:0,(anonymous_12)
FNDA:0,(anonymous_13)
FNDA:0,(anonymous_14)
FNDA:1,(anonymous_15)
DA:5,8
DA:21,8
DA:31,0
DA:32,0
DA:34,0
DA:37,0
DA:43,0
DA:44,0
DA:55,0
DA:56,0
DA:58,0
DA:59,0
DA:62,0
DA:68,0
DA:69,0
DA:77,3
DA:78,3
DA:79,3
DA:81,0
DA:84,0
DA:85,0
DA:93,0
DA:94,0
DA:95,0
DA:97,0
DA:105,0
DA:106,0
DA:107,0
DA:109,0
DA:110,0
DA:118,0
DA:119,0
DA:121,0
DA:122,0
DA:130,0
DA:131,0
DA:133,0
DA:134,0
DA:145,0
DA:152,0
DA:153,0
DA:155,0
DA:163,0
DA:165,0
DA:166,0
DA:168,0
DA:176,0
DA:183,0
DA:184,0
DA:195,0
DA:196,0
DA:203,0
DA:220,0
DA:221,0
DA:228,0
DA:234,0
DA:245,1
DA:254,8
LF:58
LH:7
BRDA:29,0,0,0
BRDA:32,1,0,0
BRDA:32,1,1,0
BRDA:38,2,0,0
BRDA:38,2,1,0
BRDA:39,3,0,0
BRDA:39,3,1,0
BRDA:44,4,0,0
BRDA:44,4,1,0
BRDA:53,5,0,0
BRDA:56,6,0,0
BRDA:56,6,1,0
BRDA:59,7,0,0
BRDA:59,7,1,0
BRDA:63,8,0,0
BRDA:63,8,1,0
BRDA:64,9,0,0
BRDA:64,9,1,0
BRDA:78,10,0,3
BRDA:78,10,1,0
BRDA:85,11,0,0
BRDA:85,11,1,0
BRDA:110,12,0,0
BRDA:110,12,1,0
BRDA:122,13,0,0
BRDA:122,13,1,0
BRDA:163,14,0,0
BRDA:163,14,1,0
BRDA:196,15,0,0
BRDA:196,15,1,0
BRDA:205,16,0,0
BRDA:205,16,1,0
BRDA:221,17,0,0
BRDA:221,17,1,0
BRDA:237,18,0,0
BRDA:237,18,1,0
BRF:36
BRH:1
end_of_record
TN:
SF:src/utils/theme.ts
FNF:0
FNH:0
DA:3,1
DA:73,1
DA:117,1
DA:132,1
DA:144,1
DA:189,1
DA:228,1
LF:7
LH:7
BRF:0
BRH:0
end_of_record
